2021-02-15 15:48:35,636 main.py:27  INFO Creating a new UserCollection
2021-02-15 15:48:35,710 users.py:33  INFO New UserCollection instance created
2021-02-15 15:48:35,710 main.py:36  INFO Createing a new UserStatusCollection
2021-02-15 15:48:35,777 user_status.py:33  INFO New UserStatusCollection instance created
2021-02-15 15:48:35,777 main.py:62  INFO Loading users from accounts.csv
2021-02-15 15:48:35,779 main.py:82  INFO Saving collection in database
2021-02-15 15:59:13,067 main.py:27  INFO Creating a new UserCollection
2021-02-15 15:59:13,172 users.py:33  INFO New UserCollection instance created
2021-02-15 15:59:54,902 main.py:62  INFO Loading users from accounts.csv
2021-02-15 15:59:54,904 main.py:82  INFO Saving collection in database
2021-02-15 16:00:55,780 main.py:62  INFO Loading users from accounts.csv
2021-02-15 16:00:55,782 main.py:82  INFO Saving collection in database
2021-02-15 16:01:39,518 main.py:27  INFO Creating a new UserCollection
2021-02-15 16:01:39,581 users.py:33  INFO New UserCollection instance created
2021-02-15 16:01:39,581 main.py:36  INFO Createing a new UserStatusCollection
2021-02-15 16:01:39,649 user_status.py:33  INFO New UserStatusCollection instance created
2021-02-15 16:03:12,648 main.py:27  INFO Creating a new UserCollection
2021-02-15 16:03:12,711 users.py:33  INFO New UserCollection instance created
2021-02-15 16:03:12,711 main.py:36  INFO Createing a new UserStatusCollection
2021-02-15 16:03:12,778 user_status.py:33  INFO New UserStatusCollection instance created
2021-02-15 16:03:24,166 main.py:62  INFO Loading users from accounts.csv
2021-02-15 16:03:24,168 main.py:82  INFO Saving collection in database
2021-02-15 16:03:46,737 main.py:187 INFO Searching for an User
2021-02-15 16:06:32,545 main.py:27  INFO Creating a new UserCollection
2021-02-15 16:06:33,172 users.py:33  INFO New UserCollection instance created
2021-02-15 16:06:33,172 main.py:36  INFO Createing a new UserStatusCollection
2021-02-15 16:06:33,239 user_status.py:33  INFO New UserStatusCollection instance created
2021-02-15 16:06:33,239 main.py:62  INFO Loading users from accounts.csv
2021-02-15 16:06:33,241 main.py:82  INFO Saving collection in database
2021-02-15 16:06:33,241 main.py:148 INFO Adding a new User
2021-02-15 16:06:33,272 users.py:51  INFO User dave03 sucessfully added
2021-02-15 16:06:33,273 main.py:148 INFO Adding a new User
2021-02-15 16:06:33,273 users.py:49  ERROR User dave03 already exists
2021-02-15 16:06:33,273 main.py:160 INFO Updating an User
2021-02-15 16:06:33,306 users.py:68  INFO User dave03 sucessfully modified
2021-02-15 16:06:33,306 main.py:160 INFO Updating an User
2021-02-15 16:26:46,985 main.py:27  INFO Creating a new UserCollection
2021-02-15 16:26:47,634 users.py:33  INFO New UserCollection instance created
2021-02-15 16:26:47,634 main.py:36  INFO Createing a new UserStatusCollection
2021-02-15 16:26:47,700 user_status.py:33  INFO New UserStatusCollection instance created
2021-02-15 16:28:23,785 main.py:62  INFO Loading users from accounts.csv
2021-02-15 16:30:49,595 main.py:82  INFO Saving collection in database
2021-02-15 16:46:53,229 main.py:28  INFO Creating a new UserCollection
2021-02-15 16:46:53,291 users.py:33  INFO New UserCollection instance created
2021-02-15 16:46:53,291 main.py:37  INFO Createing a new UserStatusCollection
2021-02-15 16:46:53,358 user_status.py:33  INFO New UserStatusCollection instance created
2021-02-15 16:47:00,450 main.py:63  INFO Loading users from accounts.csv
2021-02-15 16:49:15,260 main.py:82  INFO Saving collection in database
2021-02-15 16:50:27,844 main.py:28  INFO Creating a new UserCollection
2021-02-15 16:50:28,259 users.py:33  INFO New UserCollection instance created
2021-02-15 16:50:28,259 main.py:37  INFO Createing a new UserStatusCollection
2021-02-15 16:50:28,327 user_status.py:33  INFO New UserStatusCollection instance created
2021-02-15 16:50:34,933 main.py:63  INFO Loading users from accounts.csv
2021-02-15 16:51:12,397 main.py:82  INFO Saving collection in database
2021-02-15 16:52:42,805 main.py:28  INFO Creating a new UserCollection
2021-02-15 16:52:42,870 users.py:33  INFO New UserCollection instance created
2021-02-15 16:52:42,871 main.py:37  INFO Createing a new UserStatusCollection
2021-02-15 16:52:42,938 user_status.py:33  INFO New UserStatusCollection instance created
2021-02-15 16:52:42,938 main.py:63  INFO Loading users from accounts.csv
2021-02-15 16:52:42,940 main.py:82  INFO Saving collection in database
2021-02-15 16:52:43,006 main.py:150 INFO Adding a new User
2021-02-15 16:52:43,039 users.py:51  INFO User dave03 sucessfully added
2021-02-15 16:52:43,039 main.py:150 INFO Adding a new User
2021-02-15 16:52:43,039 users.py:49  ERROR User dave03 already exists
2021-02-15 16:52:43,039 main.py:162 INFO Updating an User
2021-02-15 16:52:43,073 users.py:68  INFO User dave03 sucessfully modified
2021-02-15 16:52:43,073 main.py:162 INFO Updating an User
2021-02-15 16:55:01,472 main.py:28  INFO Creating a new UserCollection
2021-02-15 16:55:01,538 users.py:33  INFO New UserCollection instance created
2021-02-15 16:55:01,538 main.py:37  INFO Createing a new UserStatusCollection
2021-02-15 16:55:01,605 user_status.py:33  INFO New UserStatusCollection instance created
2021-02-15 16:55:01,605 main.py:63  INFO Loading users from accounts.csv
2021-02-15 16:55:01,607 main.py:82  INFO Saving collection in database
2021-02-15 16:55:01,662 main.py:150 INFO Adding a new User
2021-02-15 16:55:01,695 users.py:51  INFO User dave03 sucessfully added
2021-02-15 16:55:01,696 main.py:150 INFO Adding a new User
2021-02-15 16:55:01,696 users.py:49  ERROR User dave03 already exists
2021-02-15 16:55:01,696 main.py:162 INFO Updating an User
2021-02-15 16:55:01,729 users.py:68  INFO User dave03 sucessfully modified
2021-02-15 16:55:01,729 main.py:162 INFO Updating an User
2021-02-15 16:55:01,730 users.py:61  ERROR User dave02 not found in database
2021-02-15 16:55:01,730 main.py:189 INFO Searching for an User
2021-02-15 16:55:01,730 users.py:93  INFO User dave03 sucessfully found
2021-02-15 16:55:01,731 users.py:21  INFO User dave03 created
2021-02-15 16:55:01,731 main.py:189 INFO Searching for an User
2021-02-15 16:55:53,244 main.py:28  INFO Creating a new UserCollection
2021-02-15 16:55:53,307 users.py:33  INFO New UserCollection instance created
2021-02-15 16:55:53,308 main.py:37  INFO Createing a new UserStatusCollection
2021-02-15 16:55:53,374 user_status.py:33  INFO New UserStatusCollection instance created
2021-02-15 16:55:53,375 main.py:63  INFO Loading users from accounts.csv
2021-02-15 16:55:53,377 main.py:82  INFO Saving collection in database
2021-02-15 16:55:53,431 main.py:150 INFO Adding a new User
2021-02-15 16:55:53,464 users.py:51  INFO User dave03 sucessfully added
2021-02-15 16:55:53,465 main.py:150 INFO Adding a new User
2021-02-15 16:55:53,465 users.py:49  ERROR User dave03 already exists
2021-02-15 16:55:53,465 main.py:162 INFO Updating an User
2021-02-15 16:55:53,498 users.py:68  INFO User dave03 sucessfully modified
2021-02-15 16:55:53,498 main.py:162 INFO Updating an User
2021-02-15 16:55:53,499 users.py:61  ERROR User dave02 not found in database
2021-02-15 16:55:53,499 main.py:189 INFO Searching for an User
2021-02-15 16:55:53,499 users.py:93  INFO User dave03 sucessfully found
2021-02-15 16:55:53,499 users.py:21  INFO User dave03 created
2021-02-15 16:55:53,500 main.py:189 INFO Searching for an User
2021-02-15 16:55:53,500 users.py:91  ERROR User dave02 not found in database
2021-02-15 16:55:53,500 users.py:21  INFO User None created
2021-02-15 16:55:53,500 main.py:175 INFO Deleting an User
2021-02-15 16:55:53,532 users.py:81  INFO User dave03 sucessfully deleted
2021-02-15 16:55:53,532 main.py:175 INFO Deleting an User
2021-02-15 16:55:53,533 users.py:78  ERROR User dave03 not found in database
2021-02-15 16:55:53,533 main.py:113 INFO Saving statuses to accounts.csv
2021-02-15 16:55:53,533 main.py:119 ERROR UserStatus needs three parameters
2021-02-15 16:55:53,533 main.py:207 INFO Adding an UserStatus
2021-02-15 16:55:53,534 user_status.py:48  ERROR Status dave03 already in database
2021-02-15 17:01:41,911 main.py:28  INFO Creating a new UserCollection
2021-02-15 17:01:41,963 users.py:33  INFO New UserCollection instance created
2021-02-15 17:01:41,963 main.py:37  INFO Createing a new UserStatusCollection
2021-02-15 17:01:42,030 user_status.py:33  INFO New UserStatusCollection instance created
2021-02-15 17:01:42,030 main.py:63  INFO Loading users from accounts.csv
2021-02-15 17:01:42,032 main.py:82  INFO Saving collection in database
2021-02-15 17:01:42,087 main.py:150 INFO Adding a new User
2021-02-15 17:01:42,121 users.py:51  INFO User dave03 sucessfully added
2021-02-15 17:01:42,121 main.py:150 INFO Adding a new User
2021-02-15 17:01:42,122 users.py:49  ERROR User dave03 already exists
2021-02-15 17:01:42,122 main.py:162 INFO Updating an User
2021-02-15 17:01:42,154 users.py:68  INFO User dave03 sucessfully modified
2021-02-15 17:01:42,154 main.py:162 INFO Updating an User
2021-02-15 17:01:42,155 users.py:61  ERROR User dave02 not found in database
2021-02-15 17:01:42,155 main.py:189 INFO Searching for an User
2021-02-15 17:01:42,155 users.py:93  INFO User dave03 sucessfully found
2021-02-15 17:01:42,155 users.py:21  INFO User dave03 created
2021-02-15 17:01:42,155 main.py:189 INFO Searching for an User
2021-02-15 17:01:42,156 users.py:91  ERROR User dave02 not found in database
2021-02-15 17:01:42,156 users.py:21  INFO User None created
2021-02-15 17:01:42,156 main.py:175 INFO Deleting an User
2021-02-15 17:01:42,188 users.py:81  INFO User dave03 sucessfully deleted
2021-02-15 17:01:42,188 main.py:175 INFO Deleting an User
2021-02-15 17:01:42,189 users.py:78  ERROR User dave03 not found in database
2021-02-15 17:01:42,189 main.py:113 INFO Saving statuses to accounts.csv
2021-02-15 17:01:42,189 main.py:119 ERROR UserStatus needs three parameters
2021-02-15 17:01:42,189 main.py:207 INFO Adding an UserStatus
2021-02-15 17:01:42,189 user_status.py:48  ERROR Status dave03 already in database
2021-02-15 17:08:45,973 main.py:28  INFO Creating a new UserCollection
2021-02-15 17:08:46,397 users.py:33  INFO New UserCollection instance created
2021-02-15 17:08:46,398 main.py:37  INFO Createing a new UserStatusCollection
2021-02-15 17:08:46,465 user_status.py:33  INFO New UserStatusCollection instance created
2021-02-15 17:08:58,566 main.py:63  INFO Loading users from accounts.csv
2021-02-15 17:08:58,593 main.py:82  INFO Saving collection in database
2021-02-15 17:09:16,262 main.py:113 INFO Saving statuses to status_updates.csv
2021-02-15 17:09:18,544 main.py:133 INFO Saving collection in database
2021-02-15 17:11:55,856 main.py:28  INFO Creating a new UserCollection
2021-02-15 17:11:55,926 users.py:33  INFO New UserCollection instance created
2021-02-15 17:11:55,926 main.py:37  INFO Createing a new UserStatusCollection
2021-02-15 17:11:55,993 user_status.py:33  INFO New UserStatusCollection instance created
2021-02-15 17:11:55,993 main.py:63  INFO Loading users from accounts.csv
2021-02-15 17:11:55,995 main.py:82  INFO Saving collection in database
2021-02-15 17:11:56,050 main.py:151 INFO Adding a new User
2021-02-15 17:11:56,083 users.py:51  INFO User dave03 sucessfully added
2021-02-15 17:11:56,083 main.py:151 INFO Adding a new User
2021-02-15 17:11:56,084 users.py:49  ERROR User dave03 already exists
2021-02-15 17:11:56,084 main.py:163 INFO Updating an User
2021-02-15 17:11:56,117 users.py:68  INFO User dave03 sucessfully modified
2021-02-15 17:11:56,117 main.py:163 INFO Updating an User
2021-02-15 17:11:56,118 users.py:61  ERROR User dave02 not found in database
2021-02-15 17:11:56,118 main.py:190 INFO Searching for an User
2021-02-15 17:11:56,118 users.py:93  INFO User dave03 sucessfully found
2021-02-15 17:11:56,118 users.py:21  INFO User dave03 created
2021-02-15 17:11:56,118 main.py:190 INFO Searching for an User
2021-02-15 17:11:56,119 users.py:91  ERROR User dave02 not found in database
2021-02-15 17:11:56,119 users.py:21  INFO User None created
2021-02-15 17:11:56,119 main.py:176 INFO Deleting an User
2021-02-15 17:11:56,151 users.py:81  INFO User dave03 sucessfully deleted
2021-02-15 17:11:56,151 main.py:176 INFO Deleting an User
2021-02-15 17:11:56,151 users.py:78  ERROR User dave03 not found in database
2021-02-15 17:11:56,152 main.py:113 INFO Saving statuses to accounts.csv
2021-02-15 17:11:56,152 main.py:119 ERROR UserStatus needs three parameters
2021-02-15 17:11:56,152 main.py:208 INFO Adding an UserStatus
2021-02-15 17:11:56,152 user_status.py:48  ERROR Status dave03 already in database
2021-02-15 17:12:55,636 main.py:28  INFO Creating a new UserCollection
2021-02-15 17:12:56,170 users.py:33  INFO New UserCollection instance created
2021-02-15 17:12:56,170 main.py:37  INFO Createing a new UserStatusCollection
2021-02-15 17:12:56,237 user_status.py:33  INFO New UserStatusCollection instance created
2021-02-15 17:13:04,142 main.py:63  INFO Loading users from accounts.csv
2021-02-15 17:13:04,171 main.py:82  INFO Saving collection in database
2021-02-15 17:13:15,486 main.py:113 INFO Saving statuses to status_updates.csv
2021-02-15 17:13:17,817 main.py:132 INFO Saving collection in database
2021-02-15 17:14:58,887 main.py:28  INFO Creating a new UserCollection
2021-02-15 17:14:59,391 users.py:33  INFO New UserCollection instance created
2021-02-15 17:14:59,391 main.py:37  INFO Createing a new UserStatusCollection
2021-02-15 17:14:59,458 user_status.py:33  INFO New UserStatusCollection instance created
2021-02-15 17:15:08,928 main.py:63  INFO Loading users from accounts.csv
2021-02-15 17:15:08,954 main.py:82  INFO Saving collection in database
2021-02-15 17:15:20,742 main.py:113 INFO Saving statuses to status_updates.csv
2021-02-15 17:15:23,064 main.py:132 INFO Saving collection in database
2021-02-15 17:16:33,563 main.py:208 INFO Adding an UserStatus
2021-02-15 17:16:53,960 user_status.py:50  INFO Status asdf added to database
2021-02-15 17:23:32,132 main.py:28  INFO Creating a new UserCollection
2021-02-15 17:23:32,185 users.py:33  INFO New UserCollection instance created
2021-02-15 17:23:32,185 main.py:37  INFO Createing a new UserStatusCollection
2021-02-15 17:23:32,252 user_status.py:33  INFO New UserStatusCollection instance created
2021-02-15 17:23:32,252 main.py:63  INFO Loading users from accounts.csv
2021-02-15 17:23:32,254 main.py:82  INFO Saving collection in database
2021-02-15 17:23:32,309 main.py:151 INFO Adding a new User
2021-02-15 17:23:32,342 users.py:51  INFO User dave03 sucessfully added
2021-02-15 17:23:32,343 main.py:151 INFO Adding a new User
2021-02-15 17:23:32,343 users.py:49  ERROR User dave03 already exists
2021-02-15 17:23:32,343 main.py:163 INFO Updating an User
2021-02-15 17:23:32,376 users.py:68  INFO User dave03 sucessfully modified
2021-02-15 17:23:32,376 main.py:163 INFO Updating an User
2021-02-15 17:23:32,376 users.py:61  ERROR User dave02 not found in database
2021-02-15 17:23:32,376 main.py:190 INFO Searching for an User
2021-02-15 17:23:32,377 users.py:93  INFO User dave03 sucessfully found
2021-02-15 17:23:32,377 users.py:21  INFO User dave03 created
2021-02-15 17:23:32,377 main.py:190 INFO Searching for an User
2021-02-15 17:23:32,377 users.py:91  ERROR User dave02 not found in database
2021-02-15 17:23:32,377 users.py:21  INFO User None created
2021-02-15 17:23:32,378 main.py:176 INFO Deleting an User
2021-02-15 17:23:32,410 users.py:81  INFO User dave03 sucessfully deleted
2021-02-15 17:23:32,410 main.py:176 INFO Deleting an User
2021-02-15 17:23:32,410 users.py:78  ERROR User dave03 not found in database
2021-02-15 17:23:32,410 main.py:151 INFO Adding a new User
2021-02-15 17:23:32,443 users.py:51  INFO User dave03 sucessfully added
2021-02-15 17:23:32,443 main.py:113 INFO Saving statuses to status_updates.csv
2021-02-15 17:23:32,616 main.py:132 INFO Saving collection in database
2021-02-15 17:23:36,116 main.py:208 INFO Adding an UserStatus
2021-02-15 17:23:36,147 user_status.py:50  INFO Status dave03_01 added to database
2021-02-15 17:23:36,147 main.py:208 INFO Adding an UserStatus
2021-02-15 17:23:36,148 user_status.py:48  ERROR Status dave03_01 already in database
2021-02-15 17:23:36,148 main.py:220 INFO Updating an UserStatus
2021-02-15 17:23:36,181 user_status.py:67  INFO Status dave03_01 sucessfully modified
2021-02-15 17:23:36,181 main.py:220 INFO Updating an UserStatus
2021-02-15 17:24:47,108 main.py:28  INFO Creating a new UserCollection
2021-02-15 17:24:47,177 users.py:33  INFO New UserCollection instance created
2021-02-15 17:24:47,177 main.py:37  INFO Createing a new UserStatusCollection
2021-02-15 17:24:47,244 user_status.py:33  INFO New UserStatusCollection instance created
2021-02-15 17:24:47,245 main.py:63  INFO Loading users from accounts.csv
2021-02-15 17:24:47,246 main.py:82  INFO Saving collection in database
2021-02-15 17:24:47,301 main.py:151 INFO Adding a new User
2021-02-15 17:24:47,334 users.py:51  INFO User dave03 sucessfully added
2021-02-15 17:24:47,335 main.py:151 INFO Adding a new User
2021-02-15 17:24:47,335 users.py:49  ERROR User dave03 already exists
2021-02-15 17:24:47,335 main.py:163 INFO Updating an User
2021-02-15 17:24:47,368 users.py:68  INFO User dave03 sucessfully modified
2021-02-15 17:24:47,368 main.py:163 INFO Updating an User
2021-02-15 17:24:47,369 users.py:61  ERROR User dave02 not found in database
2021-02-15 17:24:47,369 main.py:190 INFO Searching for an User
2021-02-15 17:24:47,369 users.py:93  INFO User dave03 sucessfully found
2021-02-15 17:24:47,370 users.py:21  INFO User dave03 created
2021-02-15 17:24:47,370 main.py:190 INFO Searching for an User
2021-02-15 17:24:47,370 users.py:91  ERROR User dave02 not found in database
2021-02-15 17:24:47,370 users.py:21  INFO User None created
2021-02-15 17:24:47,370 main.py:176 INFO Deleting an User
2021-02-15 17:24:47,402 users.py:81  INFO User dave03 sucessfully deleted
2021-02-15 17:24:47,402 main.py:176 INFO Deleting an User
2021-02-15 17:24:47,403 users.py:78  ERROR User dave03 not found in database
2021-02-15 17:24:47,403 main.py:151 INFO Adding a new User
2021-02-15 17:24:47,435 users.py:51  INFO User dave03 sucessfully added
2021-02-15 17:24:47,436 main.py:113 INFO Saving statuses to status_updates.csv
2021-02-15 17:24:47,611 main.py:132 INFO Saving collection in database
2021-02-15 17:24:51,075 main.py:208 INFO Adding an UserStatus
2021-02-15 17:24:51,106 user_status.py:50  INFO Status dave03_01 added to database
2021-02-15 17:24:51,106 main.py:208 INFO Adding an UserStatus
2021-02-15 17:24:51,107 user_status.py:48  ERROR Status dave03_01 already in database
2021-02-15 17:24:51,107 main.py:220 INFO Updating an UserStatus
2021-02-15 17:24:51,140 user_status.py:67  INFO Status dave03_01 sucessfully modified
2021-02-15 17:24:51,140 main.py:220 INFO Updating an UserStatus
2021-02-15 17:24:51,141 user_status.py:61  ERROR Status dave03_02 not found database
2021-02-15 17:24:51,141 main.py:245 INFO Searching for an UserStatus
2021-02-15 17:24:51,141 user_status.py:94  INFO Status dave03_01 sucessfully found
2021-02-15 17:24:51,142 user_status.py:20  INFO Status dave03_01 created
2021-02-15 17:24:51,142 main.py:245 INFO Searching for an UserStatus
2021-02-15 17:24:51,142 user_status.py:92  ERROR Status dave03 not found database
2021-02-15 17:24:51,142 user_status.py:20  INFO Status None created
2021-02-15 17:24:51,142 main.py:232 INFO Deleting an UserStatus
2021-02-15 17:24:51,174 user_status.py:81  INFO Status dave03_01 sucessfully deleted
2021-02-15 17:24:51,174 main.py:232 INFO Deleting an UserStatus
2021-02-15 17:24:51,175 user_status.py:78  ERROR Status dave03_01 not found database
2021-02-15 17:26:31,335 main.py:28  INFO Creating a new UserCollection
2021-02-15 17:26:31,337 main.py:37  INFO Createing a new UserStatusCollection
2021-02-15 17:26:31,338 main.py:63  INFO Loading users from accounts.csv
2021-02-15 17:26:31,338 main.py:82  INFO Saving collection in database
2021-02-15 17:26:31,387 main.py:60  ERROR User files must be in csv format
2021-02-15 17:26:31,388 main.py:63  INFO Loading users from accounts.csv
2021-02-15 17:26:31,388 main.py:69  ERROR Users need four parameters
2021-02-15 17:26:31,389 main.py:63  INFO Loading users from accounts.csv
2021-02-15 17:26:31,389 main.py:69  ERROR Users need four parameters
2021-02-15 17:26:31,389 main.py:63  INFO Loading users from accounts.csv
2021-02-15 17:26:31,389 main.py:69  ERROR Users need four parameters
2021-02-15 17:26:31,389 main.py:63  INFO Loading users from accounts.csv
2021-02-15 17:26:31,389 main.py:69  ERROR Users need four parameters
2021-02-15 17:26:31,389 main.py:63  INFO Loading users from accounts.csv
2021-02-15 17:26:31,390 main.py:69  ERROR Users need four parameters
2021-02-15 17:26:31,391 main.py:63  INFO Loading users from accounts.csv
2021-02-15 17:26:31,391 main.py:74  ERROR Users can not have empty fields
2021-02-15 17:26:31,391 main.py:63  INFO Loading users from accounts.csv
2021-02-15 17:26:31,391 main.py:74  ERROR Users can not have empty fields
2021-02-15 17:26:31,391 main.py:63  INFO Loading users from accounts.csv
2021-02-15 17:26:31,392 main.py:74  ERROR Users can not have empty fields
2021-02-15 17:26:31,392 main.py:63  INFO Loading users from accounts.csv
2021-02-15 17:26:31,392 main.py:74  ERROR Users can not have empty fields
2021-02-15 17:26:31,393 main.py:113 INFO Saving statuses to status_updates.csv
2021-02-15 17:26:31,393 main.py:132 INFO Saving collection in database
2021-02-15 17:26:31,420 main.py:110 ERROR UserStatus files must be in csv format
2021-02-15 17:26:31,421 main.py:113 INFO Saving statuses to status_updates.csv
2021-02-15 17:26:31,421 main.py:119 ERROR UserStatus needs three parameters
2021-02-15 17:26:31,421 main.py:113 INFO Saving statuses to status_updates.csv
2021-02-15 17:26:31,421 main.py:119 ERROR UserStatus needs three parameters
2021-02-15 17:26:31,422 main.py:113 INFO Saving statuses to status_updates.csv
2021-02-15 17:26:31,422 main.py:119 ERROR UserStatus needs three parameters
2021-02-15 17:26:31,422 main.py:113 INFO Saving statuses to status_updates.csv
2021-02-15 17:26:31,422 main.py:119 ERROR UserStatus needs three parameters
2021-02-15 17:26:31,422 main.py:113 INFO Saving statuses to status_updates.csv
2021-02-15 17:26:31,422 main.py:119 ERROR UserStatus needs three parameters
2021-02-15 17:26:31,424 main.py:113 INFO Saving statuses to status_updates.csv
2021-02-15 17:26:31,424 main.py:124 ERROR UserStatus can not have empty fields
2021-02-15 17:26:31,424 main.py:113 INFO Saving statuses to status_updates.csv
2021-02-15 17:26:31,424 main.py:124 ERROR UserStatus can not have empty fields
2021-02-15 17:26:31,424 main.py:113 INFO Saving statuses to status_updates.csv
2021-02-15 17:26:31,424 main.py:124 ERROR UserStatus can not have empty fields
2021-02-15 17:26:31,425 main.py:151 INFO Adding a new User
2021-02-15 17:26:31,427 main.py:163 INFO Updating an User
2021-02-15 17:26:31,428 main.py:176 INFO Deleting an User
2021-02-15 17:26:31,429 main.py:190 INFO Searching for an User
2021-02-15 17:26:31,430 main.py:190 INFO Searching for an User
2021-02-15 17:26:31,431 main.py:208 INFO Adding an UserStatus
2021-02-15 17:26:31,433 main.py:220 INFO Updating an UserStatus
2021-02-15 17:26:31,434 main.py:232 INFO Deleting an UserStatus
2021-02-15 17:26:31,435 main.py:245 INFO Searching for an UserStatus
2021-02-15 17:26:31,436 main.py:245 INFO Searching for an UserStatus
2021-02-15 17:26:31,437 main.py:28  INFO Creating a new UserCollection
2021-02-15 17:26:31,925 users.py:33  INFO New UserCollection instance created
2021-02-15 17:26:31,925 main.py:37  INFO Createing a new UserStatusCollection
2021-02-15 17:26:31,992 user_status.py:33  INFO New UserStatusCollection instance created
2021-02-15 17:26:31,993 main.py:63  INFO Loading users from accounts.csv
2021-02-15 17:26:32,003 user_status.py:20  INFO Status rando_001 created
2021-02-15 17:26:32,005 user_status.py:33  INFO New UserStatusCollection instance created
2021-02-15 17:26:32,006 user_status.py:33  INFO New UserStatusCollection instance created
2021-02-15 17:26:32,007 user_status.py:50  INFO Status rando_001 added to database
2021-02-15 17:26:32,009 user_status.py:33  INFO New UserStatusCollection instance created
2021-02-15 17:26:32,010 user_status.py:48  ERROR Status rando_001 already in database
2021-02-15 17:26:32,012 user_status.py:33  INFO New UserStatusCollection instance created
2021-02-15 17:26:32,013 user_status.py:67  INFO Status rando_001 sucessfully modified
2021-02-15 17:26:32,014 user_status.py:33  INFO New UserStatusCollection instance created
2021-02-15 17:26:32,014 user_status.py:61  ERROR Status rando_001 not found database
2021-02-15 17:26:32,016 user_status.py:33  INFO New UserStatusCollection instance created
2021-02-15 17:26:32,016 user_status.py:81  INFO Status rando_001 sucessfully deleted
2021-02-15 17:26:32,017 user_status.py:33  INFO New UserStatusCollection instance created
2021-02-15 17:26:32,018 user_status.py:78  ERROR Status rando_001 not found database
2021-02-15 17:26:32,019 user_status.py:33  INFO New UserStatusCollection instance created
2021-02-15 17:26:32,019 user_status.py:94  INFO Status rando_001 sucessfully found
2021-02-15 17:26:32,019 user_status.py:20  INFO Status rando_001 created
2021-02-15 17:26:32,021 user_status.py:33  INFO New UserStatusCollection instance created
2021-02-15 17:26:32,022 user_status.py:92  ERROR Status rando_001 not found database
2021-02-15 17:26:32,022 user_status.py:20  INFO Status None created
2021-02-15 17:26:32,023 users.py:21  INFO User rando created
2021-02-15 17:26:32,024 users.py:33  INFO New UserCollection instance created
2021-02-15 17:26:32,025 users.py:33  INFO New UserCollection instance created
2021-02-15 17:26:32,026 users.py:51  INFO User rando sucessfully added
2021-02-15 17:26:32,027 users.py:33  INFO New UserCollection instance created
2021-02-15 17:26:32,028 users.py:49  ERROR User rando already exists
2021-02-15 17:26:32,029 users.py:33  INFO New UserCollection instance created
2021-02-15 17:26:32,030 users.py:68  INFO User rando sucessfully modified
2021-02-15 17:26:32,031 users.py:33  INFO New UserCollection instance created
2021-02-15 17:26:32,032 users.py:61  ERROR User rando not found in database
2021-02-15 17:26:32,033 users.py:33  INFO New UserCollection instance created
2021-02-15 17:26:32,034 users.py:81  INFO User rando sucessfully deleted
2021-02-15 17:26:32,035 users.py:33  INFO New UserCollection instance created
2021-02-15 17:26:32,035 users.py:78  ERROR User rando not found in database
2021-02-15 17:26:32,036 users.py:33  INFO New UserCollection instance created
2021-02-15 17:26:32,037 users.py:93  INFO User rando sucessfully found
2021-02-15 17:26:32,037 users.py:21  INFO User rando created
2021-02-15 17:26:32,038 users.py:33  INFO New UserCollection instance created
2021-02-15 17:26:32,038 users.py:91  ERROR User rando not found in database
2021-02-15 17:26:32,038 users.py:21  INFO User None created
2021-02-15 17:29:25,319 main.py:28  INFO Creating a new UserCollection
2021-02-15 17:29:25,320 main.py:37  INFO Createing a new UserStatusCollection
2021-02-15 17:29:25,322 main.py:63  INFO Loading users from accounts.csv
2021-02-15 17:29:25,322 main.py:82  INFO Saving collection in database
2021-02-15 17:29:25,371 main.py:60  ERROR User files must be in csv format
2021-02-15 17:29:25,372 main.py:63  INFO Loading users from accounts.csv
2021-02-15 17:29:25,372 main.py:69  ERROR Users need four parameters
2021-02-15 17:29:25,372 main.py:63  INFO Loading users from accounts.csv
2021-02-15 17:29:25,372 main.py:69  ERROR Users need four parameters
2021-02-15 17:29:25,373 main.py:63  INFO Loading users from accounts.csv
2021-02-15 17:29:25,373 main.py:69  ERROR Users need four parameters
2021-02-15 17:29:25,373 main.py:63  INFO Loading users from accounts.csv
2021-02-15 17:29:25,373 main.py:69  ERROR Users need four parameters
2021-02-15 17:29:25,373 main.py:63  INFO Loading users from accounts.csv
2021-02-15 17:29:25,373 main.py:69  ERROR Users need four parameters
2021-02-15 17:29:25,374 main.py:63  INFO Loading users from accounts.csv
2021-02-15 17:29:25,375 main.py:74  ERROR Users can not have empty fields
2021-02-15 17:29:25,375 main.py:63  INFO Loading users from accounts.csv
2021-02-15 17:29:25,375 main.py:74  ERROR Users can not have empty fields
2021-02-15 17:29:25,375 main.py:63  INFO Loading users from accounts.csv
2021-02-15 17:29:25,375 main.py:74  ERROR Users can not have empty fields
2021-02-15 17:29:25,375 main.py:63  INFO Loading users from accounts.csv
2021-02-15 17:29:25,375 main.py:74  ERROR Users can not have empty fields
2021-02-15 17:29:25,377 main.py:113 INFO Saving statuses to status_updates.csv
2021-02-15 17:29:25,377 main.py:132 INFO Saving collection in database
2021-02-15 17:29:25,405 main.py:110 ERROR UserStatus files must be in csv format
2021-02-15 17:29:25,406 main.py:113 INFO Saving statuses to status_updates.csv
2021-02-15 17:29:25,407 main.py:119 ERROR UserStatus needs three parameters
2021-02-15 17:29:25,407 main.py:113 INFO Saving statuses to status_updates.csv
2021-02-15 17:29:25,407 main.py:119 ERROR UserStatus needs three parameters
2021-02-15 17:29:25,407 main.py:113 INFO Saving statuses to status_updates.csv
2021-02-15 17:29:25,407 main.py:119 ERROR UserStatus needs three parameters
2021-02-15 17:29:25,407 main.py:113 INFO Saving statuses to status_updates.csv
2021-02-15 17:29:25,407 main.py:119 ERROR UserStatus needs three parameters
2021-02-15 17:29:25,407 main.py:113 INFO Saving statuses to status_updates.csv
2021-02-15 17:29:25,408 main.py:119 ERROR UserStatus needs three parameters
2021-02-15 17:29:25,409 main.py:113 INFO Saving statuses to status_updates.csv
2021-02-15 17:29:25,409 main.py:124 ERROR UserStatus can not have empty fields
2021-02-15 17:29:25,409 main.py:113 INFO Saving statuses to status_updates.csv
2021-02-15 17:29:25,409 main.py:124 ERROR UserStatus can not have empty fields
2021-02-15 17:29:25,410 main.py:113 INFO Saving statuses to status_updates.csv
2021-02-15 17:29:25,410 main.py:124 ERROR UserStatus can not have empty fields
2021-02-15 17:29:25,411 main.py:151 INFO Adding a new User
2021-02-15 17:29:25,412 main.py:163 INFO Updating an User
2021-02-15 17:29:25,413 main.py:176 INFO Deleting an User
2021-02-15 17:29:25,415 main.py:190 INFO Searching for an User
2021-02-15 17:29:25,416 main.py:190 INFO Searching for an User
2021-02-15 17:29:25,417 main.py:208 INFO Adding an UserStatus
2021-02-15 17:29:25,418 main.py:220 INFO Updating an UserStatus
2021-02-15 17:29:25,419 main.py:232 INFO Deleting an UserStatus
2021-02-15 17:29:25,421 main.py:245 INFO Searching for an UserStatus
2021-02-15 17:29:25,422 main.py:245 INFO Searching for an UserStatus
2021-02-15 17:29:25,423 main.py:28  INFO Creating a new UserCollection
2021-02-15 17:29:25,478 users.py:33  INFO New UserCollection instance created
2021-02-15 17:29:25,478 main.py:37  INFO Createing a new UserStatusCollection
2021-02-15 17:29:25,545 user_status.py:33  INFO New UserStatusCollection instance created
2021-02-15 17:29:25,546 main.py:63  INFO Loading users from accounts.csv
2021-02-15 17:29:25,555 user_status.py:20  INFO Status rando_001 created
2021-02-15 17:29:25,557 user_status.py:33  INFO New UserStatusCollection instance created
2021-02-15 17:29:25,558 user_status.py:33  INFO New UserStatusCollection instance created
2021-02-15 17:29:25,559 user_status.py:50  INFO Status rando_001 added to database
2021-02-15 17:29:25,560 user_status.py:33  INFO New UserStatusCollection instance created
2021-02-15 17:29:25,561 user_status.py:48  ERROR Status rando_001 already in database
2021-02-15 17:29:25,563 user_status.py:33  INFO New UserStatusCollection instance created
2021-02-15 17:29:25,564 user_status.py:67  INFO Status rando_001 sucessfully modified
2021-02-15 17:29:25,565 user_status.py:33  INFO New UserStatusCollection instance created
2021-02-15 17:29:25,565 user_status.py:61  ERROR Status rando_001 not found database
2021-02-15 17:29:25,567 user_status.py:33  INFO New UserStatusCollection instance created
2021-02-15 17:29:25,567 user_status.py:81  INFO Status rando_001 sucessfully deleted
2021-02-15 17:29:25,568 user_status.py:33  INFO New UserStatusCollection instance created
2021-02-15 17:29:25,569 user_status.py:78  ERROR Status rando_001 not found database
2021-02-15 17:29:25,570 user_status.py:33  INFO New UserStatusCollection instance created
2021-02-15 17:29:25,570 user_status.py:94  INFO Status rando_001 sucessfully found
2021-02-15 17:29:25,571 user_status.py:20  INFO Status rando_001 created
2021-02-15 17:29:25,572 user_status.py:33  INFO New UserStatusCollection instance created
2021-02-15 17:29:25,573 user_status.py:92  ERROR Status rando_001 not found database
2021-02-15 17:29:25,573 user_status.py:20  INFO Status None created
2021-02-15 17:29:25,574 users.py:21  INFO User rando created
2021-02-15 17:29:25,575 users.py:33  INFO New UserCollection instance created
2021-02-15 17:29:25,576 users.py:33  INFO New UserCollection instance created
2021-02-15 17:29:25,577 users.py:51  INFO User rando sucessfully added
2021-02-15 17:29:25,578 users.py:33  INFO New UserCollection instance created
2021-02-15 17:29:25,579 users.py:49  ERROR User rando already exists
2021-02-15 17:29:25,580 users.py:33  INFO New UserCollection instance created
2021-02-15 17:29:25,581 users.py:68  INFO User rando sucessfully modified
2021-02-15 17:29:25,582 users.py:33  INFO New UserCollection instance created
2021-02-15 17:29:25,583 users.py:61  ERROR User rando not found in database
2021-02-15 17:29:25,584 users.py:33  INFO New UserCollection instance created
2021-02-15 17:29:25,585 users.py:81  INFO User rando sucessfully deleted
2021-02-15 17:29:25,586 users.py:33  INFO New UserCollection instance created
2021-02-15 17:29:25,586 users.py:78  ERROR User rando not found in database
2021-02-15 17:29:25,588 users.py:33  INFO New UserCollection instance created
2021-02-15 17:29:25,588 users.py:93  INFO User rando sucessfully found
2021-02-15 17:29:25,588 users.py:21  INFO User rando created
2021-02-15 17:29:25,589 users.py:33  INFO New UserCollection instance created
2021-02-15 17:29:25,590 users.py:91  ERROR User rando not found in database
2021-02-15 17:29:25,590 users.py:21  INFO User None created
2021-02-15 17:31:10,159 main.py:28  INFO Creating a new UserCollection
2021-02-15 17:31:10,160 main.py:37  INFO Createing a new UserStatusCollection
2021-02-15 17:31:10,162 main.py:63  INFO Loading users from accounts.csv
2021-02-15 17:31:10,162 main.py:82  INFO Saving collection in database
2021-02-15 17:31:10,164 main.py:60  ERROR User files must be in csv format
2021-02-15 17:31:10,165 main.py:63  INFO Loading users from accounts.csv
2021-02-15 17:31:10,166 main.py:69  ERROR Users need four parameters
2021-02-15 17:31:10,166 main.py:63  INFO Loading users from accounts.csv
2021-02-15 17:31:10,166 main.py:69  ERROR Users need four parameters
2021-02-15 17:31:10,166 main.py:63  INFO Loading users from accounts.csv
2021-02-15 17:31:10,166 main.py:69  ERROR Users need four parameters
2021-02-15 17:31:10,166 main.py:63  INFO Loading users from accounts.csv
2021-02-15 17:31:10,166 main.py:69  ERROR Users need four parameters
2021-02-15 17:31:10,166 main.py:63  INFO Loading users from accounts.csv
2021-02-15 17:31:10,167 main.py:69  ERROR Users need four parameters
2021-02-15 17:31:10,168 main.py:63  INFO Loading users from accounts.csv
2021-02-15 17:31:10,168 main.py:74  ERROR Users can not have empty fields
2021-02-15 17:31:10,168 main.py:63  INFO Loading users from accounts.csv
2021-02-15 17:31:10,168 main.py:74  ERROR Users can not have empty fields
2021-02-15 17:31:10,168 main.py:63  INFO Loading users from accounts.csv
2021-02-15 17:31:10,168 main.py:74  ERROR Users can not have empty fields
2021-02-15 17:31:10,169 main.py:63  INFO Loading users from accounts.csv
2021-02-15 17:31:10,169 main.py:74  ERROR Users can not have empty fields
2021-02-15 17:31:10,170 main.py:113 INFO Saving statuses to status_updates.csv
2021-02-15 17:31:10,170 main.py:132 INFO Saving collection in database
2021-02-15 17:31:10,172 main.py:110 ERROR UserStatus files must be in csv format
2021-02-15 17:31:10,174 main.py:113 INFO Saving statuses to status_updates.csv
2021-02-15 17:31:10,174 main.py:119 ERROR UserStatus needs three parameters
2021-02-15 17:31:10,174 main.py:113 INFO Saving statuses to status_updates.csv
2021-02-15 17:31:10,174 main.py:119 ERROR UserStatus needs three parameters
2021-02-15 17:31:10,174 main.py:113 INFO Saving statuses to status_updates.csv
2021-02-15 17:31:10,174 main.py:119 ERROR UserStatus needs three parameters
2021-02-15 17:31:10,175 main.py:113 INFO Saving statuses to status_updates.csv
2021-02-15 17:31:10,175 main.py:119 ERROR UserStatus needs three parameters
2021-02-15 17:31:10,175 main.py:113 INFO Saving statuses to status_updates.csv
2021-02-15 17:31:10,175 main.py:119 ERROR UserStatus needs three parameters
2021-02-15 17:31:10,176 main.py:113 INFO Saving statuses to status_updates.csv
2021-02-15 17:31:10,176 main.py:124 ERROR UserStatus can not have empty fields
2021-02-15 17:31:10,177 main.py:113 INFO Saving statuses to status_updates.csv
2021-02-15 17:31:10,177 main.py:124 ERROR UserStatus can not have empty fields
2021-02-15 17:31:10,177 main.py:113 INFO Saving statuses to status_updates.csv
2021-02-15 17:31:10,177 main.py:124 ERROR UserStatus can not have empty fields
2021-02-15 17:31:10,178 main.py:151 INFO Adding a new User
2021-02-15 17:31:10,180 main.py:163 INFO Updating an User
2021-02-15 17:31:10,181 main.py:176 INFO Deleting an User
2021-02-15 17:31:10,182 main.py:190 INFO Searching for an User
2021-02-15 17:31:10,183 main.py:190 INFO Searching for an User
2021-02-15 17:31:10,184 main.py:208 INFO Adding an UserStatus
2021-02-15 17:31:10,186 main.py:220 INFO Updating an UserStatus
2021-02-15 17:31:10,187 main.py:232 INFO Deleting an UserStatus
2021-02-15 17:31:10,188 main.py:245 INFO Searching for an UserStatus
2021-02-15 17:31:10,189 main.py:245 INFO Searching for an UserStatus
2021-02-15 17:31:10,190 main.py:28  INFO Creating a new UserCollection
2021-02-15 17:31:10,243 users.py:33  INFO New UserCollection instance created
2021-02-15 17:31:10,243 main.py:37  INFO Createing a new UserStatusCollection
2021-02-15 17:31:10,310 user_status.py:33  INFO New UserStatusCollection instance created
2021-02-15 17:31:10,311 main.py:63  INFO Loading users from accounts.csv
2021-02-15 17:31:10,339 user_status.py:20  INFO Status rando_001 created
2021-02-15 17:31:10,340 user_status.py:33  INFO New UserStatusCollection instance created
2021-02-15 17:31:10,341 user_status.py:33  INFO New UserStatusCollection instance created
2021-02-15 17:31:10,342 user_status.py:50  INFO Status rando_001 added to database
2021-02-15 17:31:10,344 user_status.py:33  INFO New UserStatusCollection instance created
2021-02-15 17:31:10,345 user_status.py:48  ERROR Status rando_001 already in database
2021-02-15 17:31:10,346 user_status.py:33  INFO New UserStatusCollection instance created
2021-02-15 17:31:10,347 user_status.py:67  INFO Status rando_001 sucessfully modified
2021-02-15 17:31:10,348 user_status.py:33  INFO New UserStatusCollection instance created
2021-02-15 17:31:10,348 user_status.py:61  ERROR Status rando_001 not found database
2021-02-15 17:31:10,350 user_status.py:33  INFO New UserStatusCollection instance created
2021-02-15 17:31:10,350 user_status.py:81  INFO Status rando_001 sucessfully deleted
2021-02-15 17:31:10,351 user_status.py:33  INFO New UserStatusCollection instance created
2021-02-15 17:31:10,352 user_status.py:78  ERROR Status rando_001 not found database
2021-02-15 17:31:10,353 user_status.py:33  INFO New UserStatusCollection instance created
2021-02-15 17:31:10,354 user_status.py:94  INFO Status rando_001 sucessfully found
2021-02-15 17:31:10,354 user_status.py:20  INFO Status rando_001 created
2021-02-15 17:31:10,355 user_status.py:33  INFO New UserStatusCollection instance created
2021-02-15 17:31:10,356 user_status.py:92  ERROR Status rando_001 not found database
2021-02-15 17:31:10,356 user_status.py:20  INFO Status None created
2021-02-15 17:31:10,357 users.py:21  INFO User rando created
2021-02-15 17:31:10,358 users.py:33  INFO New UserCollection instance created
2021-02-15 17:31:10,359 users.py:33  INFO New UserCollection instance created
2021-02-15 17:31:10,360 users.py:51  INFO User rando sucessfully added
2021-02-15 17:31:10,361 users.py:33  INFO New UserCollection instance created
2021-02-15 17:31:10,362 users.py:49  ERROR User rando already exists
2021-02-15 17:31:10,363 users.py:33  INFO New UserCollection instance created
2021-02-15 17:31:10,365 users.py:68  INFO User rando sucessfully modified
2021-02-15 17:31:10,366 users.py:33  INFO New UserCollection instance created
2021-02-15 17:31:10,366 users.py:61  ERROR User rando not found in database
2021-02-15 17:31:10,367 users.py:33  INFO New UserCollection instance created
2021-02-15 17:31:10,368 users.py:81  INFO User rando sucessfully deleted
2021-02-15 17:31:10,369 users.py:33  INFO New UserCollection instance created
2021-02-15 17:31:10,369 users.py:78  ERROR User rando not found in database
2021-02-15 17:31:10,371 users.py:33  INFO New UserCollection instance created
2021-02-15 17:31:10,371 users.py:93  INFO User rando sucessfully found
2021-02-15 17:31:10,371 users.py:21  INFO User rando created
2021-02-15 17:31:10,372 users.py:33  INFO New UserCollection instance created
2021-02-15 17:31:10,373 users.py:91  ERROR User rando not found in database
2021-02-15 17:31:10,373 users.py:21  INFO User None created
2021-02-15 17:32:13,050 main.py:28  INFO Creating a new UserCollection
2021-02-15 17:32:13,052 main.py:37  INFO Createing a new UserStatusCollection
2021-02-15 17:32:13,053 main.py:63  INFO Loading users from accounts.csv
2021-02-15 17:32:13,053 main.py:82  INFO Saving collection in database
2021-02-15 17:32:13,055 main.py:60  ERROR User files must be in csv format
2021-02-15 17:32:13,057 main.py:63  INFO Loading users from accounts.csv
2021-02-15 17:32:13,057 main.py:69  ERROR Users need four parameters
2021-02-15 17:32:13,057 main.py:63  INFO Loading users from accounts.csv
2021-02-15 17:32:13,057 main.py:69  ERROR Users need four parameters
2021-02-15 17:32:13,057 main.py:63  INFO Loading users from accounts.csv
2021-02-15 17:32:13,057 main.py:69  ERROR Users need four parameters
2021-02-15 17:32:13,058 main.py:63  INFO Loading users from accounts.csv
2021-02-15 17:32:13,058 main.py:69  ERROR Users need four parameters
2021-02-15 17:32:13,058 main.py:63  INFO Loading users from accounts.csv
2021-02-15 17:32:13,058 main.py:69  ERROR Users need four parameters
2021-02-15 17:32:13,059 main.py:63  INFO Loading users from accounts.csv
2021-02-15 17:32:13,059 main.py:74  ERROR Users can not have empty fields
2021-02-15 17:32:13,060 main.py:63  INFO Loading users from accounts.csv
2021-02-15 17:32:13,060 main.py:74  ERROR Users can not have empty fields
2021-02-15 17:32:13,060 main.py:63  INFO Loading users from accounts.csv
2021-02-15 17:32:13,060 main.py:74  ERROR Users can not have empty fields
2021-02-15 17:32:13,060 main.py:63  INFO Loading users from accounts.csv
2021-02-15 17:32:13,060 main.py:74  ERROR Users can not have empty fields
2021-02-15 17:32:13,061 main.py:113 INFO Saving statuses to status_updates.csv
2021-02-15 17:32:13,062 main.py:132 INFO Saving collection in database
2021-02-15 17:32:13,064 main.py:110 ERROR UserStatus files must be in csv format
2021-02-15 17:32:13,065 main.py:113 INFO Saving statuses to status_updates.csv
2021-02-15 17:32:13,065 main.py:119 ERROR UserStatus needs three parameters
2021-02-15 17:32:13,065 main.py:113 INFO Saving statuses to status_updates.csv
2021-02-15 17:32:13,065 main.py:119 ERROR UserStatus needs three parameters
2021-02-15 17:32:13,066 main.py:113 INFO Saving statuses to status_updates.csv
2021-02-15 17:32:13,066 main.py:119 ERROR UserStatus needs three parameters
2021-02-15 17:32:13,066 main.py:113 INFO Saving statuses to status_updates.csv
2021-02-15 17:32:13,066 main.py:119 ERROR UserStatus needs three parameters
2021-02-15 17:32:13,066 main.py:113 INFO Saving statuses to status_updates.csv
2021-02-15 17:32:13,066 main.py:119 ERROR UserStatus needs three parameters
2021-02-15 17:32:13,067 main.py:113 INFO Saving statuses to status_updates.csv
2021-02-15 17:32:13,068 main.py:124 ERROR UserStatus can not have empty fields
2021-02-15 17:32:13,068 main.py:113 INFO Saving statuses to status_updates.csv
2021-02-15 17:32:13,068 main.py:124 ERROR UserStatus can not have empty fields
2021-02-15 17:32:13,068 main.py:113 INFO Saving statuses to status_updates.csv
2021-02-15 17:32:13,068 main.py:124 ERROR UserStatus can not have empty fields
2021-02-15 17:32:13,069 main.py:151 INFO Adding a new User
2021-02-15 17:32:13,070 main.py:163 INFO Updating an User
2021-02-15 17:32:13,072 main.py:176 INFO Deleting an User
2021-02-15 17:32:13,073 main.py:190 INFO Searching for an User
2021-02-15 17:32:13,074 main.py:190 INFO Searching for an User
2021-02-15 17:32:13,075 main.py:208 INFO Adding an UserStatus
2021-02-15 17:32:13,076 main.py:220 INFO Updating an UserStatus
2021-02-15 17:32:13,078 main.py:232 INFO Deleting an UserStatus
2021-02-15 17:32:13,079 main.py:245 INFO Searching for an UserStatus
2021-02-15 17:32:13,080 main.py:245 INFO Searching for an UserStatus
2021-02-15 17:32:13,082 main.py:28  INFO Creating a new UserCollection
2021-02-15 17:32:13,587 users.py:33  INFO New UserCollection instance created
2021-02-15 17:32:13,587 main.py:37  INFO Createing a new UserStatusCollection
2021-02-15 17:32:13,654 user_status.py:33  INFO New UserStatusCollection instance created
2021-02-15 17:32:13,654 main.py:63  INFO Loading users from accounts.csv
2021-02-15 17:32:13,676 user_status.py:20  INFO Status rando_001 created
2021-02-15 17:32:13,678 user_status.py:33  INFO New UserStatusCollection instance created
2021-02-15 17:32:13,679 user_status.py:33  INFO New UserStatusCollection instance created
2021-02-15 17:32:13,680 user_status.py:50  INFO Status rando_001 added to database
2021-02-15 17:32:13,685 user_status.py:33  INFO New UserStatusCollection instance created
2021-02-15 17:32:13,686 user_status.py:48  ERROR Status rando_001 already in database
2021-02-15 17:32:13,688 user_status.py:33  INFO New UserStatusCollection instance created
2021-02-15 17:32:13,689 user_status.py:67  INFO Status rando_001 sucessfully modified
2021-02-15 17:32:13,690 user_status.py:33  INFO New UserStatusCollection instance created
2021-02-15 17:32:13,690 user_status.py:61  ERROR Status rando_001 not found database
2021-02-15 17:32:13,692 user_status.py:33  INFO New UserStatusCollection instance created
2021-02-15 17:32:13,692 user_status.py:81  INFO Status rando_001 sucessfully deleted
2021-02-15 17:32:13,694 user_status.py:33  INFO New UserStatusCollection instance created
2021-02-15 17:32:13,694 user_status.py:78  ERROR Status rando_001 not found database
2021-02-15 17:32:13,695 user_status.py:33  INFO New UserStatusCollection instance created
2021-02-15 17:32:13,696 user_status.py:94  INFO Status rando_001 sucessfully found
2021-02-15 17:32:13,696 user_status.py:20  INFO Status rando_001 created
2021-02-15 17:32:13,697 user_status.py:33  INFO New UserStatusCollection instance created
2021-02-15 17:32:13,698 user_status.py:92  ERROR Status rando_001 not found database
2021-02-15 17:32:13,698 user_status.py:20  INFO Status None created
2021-02-15 17:32:13,699 users.py:21  INFO User rando created
2021-02-15 17:32:13,700 users.py:33  INFO New UserCollection instance created
2021-02-15 17:32:13,701 users.py:33  INFO New UserCollection instance created
2021-02-15 17:32:13,702 users.py:51  INFO User rando sucessfully added
2021-02-15 17:32:13,703 users.py:33  INFO New UserCollection instance created
2021-02-15 17:32:13,704 users.py:49  ERROR User rando already exists
2021-02-15 17:32:13,705 users.py:33  INFO New UserCollection instance created
2021-02-15 17:32:13,706 users.py:68  INFO User rando sucessfully modified
2021-02-15 17:32:13,707 users.py:33  INFO New UserCollection instance created
2021-02-15 17:32:13,708 users.py:61  ERROR User rando not found in database
2021-02-15 17:32:13,709 users.py:33  INFO New UserCollection instance created
2021-02-15 17:32:13,710 users.py:81  INFO User rando sucessfully deleted
2021-02-15 17:32:13,711 users.py:33  INFO New UserCollection instance created
2021-02-15 17:32:13,711 users.py:78  ERROR User rando not found in database
2021-02-15 17:32:13,712 users.py:33  INFO New UserCollection instance created
2021-02-15 17:32:13,713 users.py:93  INFO User rando sucessfully found
2021-02-15 17:32:13,713 users.py:21  INFO User rando created
2021-02-15 17:32:13,714 users.py:33  INFO New UserCollection instance created
2021-02-15 17:32:13,715 users.py:91  ERROR User rando not found in database
2021-02-15 17:32:13,715 users.py:21  INFO User None created
2021-02-15 17:32:30,342 main.py:28  INFO Creating a new UserCollection
2021-02-15 17:32:30,411 users.py:33  INFO New UserCollection instance created
2021-02-15 17:32:30,411 main.py:37  INFO Createing a new UserStatusCollection
2021-02-15 17:32:30,478 user_status.py:33  INFO New UserStatusCollection instance created
2021-02-15 17:32:30,478 main.py:63  INFO Loading users from accounts.csv
2021-02-15 17:32:30,480 main.py:82  INFO Saving collection in database
2021-02-15 17:32:30,534 main.py:151 INFO Adding a new User
2021-02-15 17:32:30,568 users.py:51  INFO User dave03 sucessfully added
2021-02-15 17:32:30,568 main.py:151 INFO Adding a new User
2021-02-15 17:32:30,568 users.py:49  ERROR User dave03 already exists
2021-02-15 17:32:30,568 main.py:163 INFO Updating an User
2021-02-15 17:32:30,601 users.py:68  INFO User dave03 sucessfully modified
2021-02-15 17:32:30,602 main.py:163 INFO Updating an User
2021-02-15 17:32:30,602 users.py:61  ERROR User dave02 not found in database
2021-02-15 17:32:30,602 main.py:190 INFO Searching for an User
2021-02-15 17:32:30,603 users.py:93  INFO User dave03 sucessfully found
2021-02-15 17:32:30,603 users.py:21  INFO User dave03 created
2021-02-15 17:32:30,603 main.py:190 INFO Searching for an User
2021-02-15 17:32:30,603 users.py:91  ERROR User dave02 not found in database
2021-02-15 17:32:30,603 users.py:21  INFO User None created
2021-02-15 17:32:30,604 main.py:176 INFO Deleting an User
2021-02-15 17:32:30,635 users.py:81  INFO User dave03 sucessfully deleted
2021-02-15 17:32:30,635 main.py:176 INFO Deleting an User
2021-02-15 17:32:30,636 users.py:78  ERROR User dave03 not found in database
2021-02-15 17:32:30,636 main.py:151 INFO Adding a new User
2021-02-15 17:32:30,669 users.py:51  INFO User dave03 sucessfully added
2021-02-15 17:32:30,669 main.py:113 INFO Saving statuses to status_updates.csv
2021-02-15 17:32:30,845 main.py:132 INFO Saving collection in database
2021-02-15 17:32:34,391 main.py:208 INFO Adding an UserStatus
2021-02-15 17:32:34,422 user_status.py:50  INFO Status dave03_01 added to database
2021-02-15 17:32:34,422 main.py:208 INFO Adding an UserStatus
2021-02-15 17:32:34,423 user_status.py:48  ERROR Status dave03_01 already in database
2021-02-15 17:32:34,423 main.py:220 INFO Updating an UserStatus
2021-02-15 17:32:34,455 user_status.py:67  INFO Status dave03_01 sucessfully modified
2021-02-15 17:32:34,456 main.py:220 INFO Updating an UserStatus
2021-02-15 17:32:34,456 user_status.py:61  ERROR Status dave03_02 not found database
2021-02-15 17:32:34,456 main.py:245 INFO Searching for an UserStatus
2021-02-15 17:32:34,457 user_status.py:94  INFO Status dave03_01 sucessfully found
2021-02-15 17:32:34,457 user_status.py:20  INFO Status dave03_01 created
2021-02-15 17:32:34,457 main.py:245 INFO Searching for an UserStatus
2021-02-15 17:32:34,457 user_status.py:92  ERROR Status dave03 not found database
2021-02-15 17:32:34,457 user_status.py:20  INFO Status None created
2021-02-15 17:32:34,458 main.py:232 INFO Deleting an UserStatus
2021-02-15 17:32:34,489 user_status.py:81  INFO Status dave03_01 sucessfully deleted
2021-02-15 17:32:34,489 main.py:232 INFO Deleting an UserStatus
2021-02-15 17:32:34,490 user_status.py:78  ERROR Status dave03_01 not found database
2021-02-15 17:32:39,697 main.py:28  INFO Creating a new UserCollection
2021-02-15 17:32:39,698 main.py:37  INFO Createing a new UserStatusCollection
2021-02-15 17:32:39,700 main.py:63  INFO Loading users from accounts.csv
2021-02-15 17:32:39,700 main.py:82  INFO Saving collection in database
2021-02-15 17:32:39,702 main.py:60  ERROR User files must be in csv format
2021-02-15 17:32:39,703 main.py:63  INFO Loading users from accounts.csv
2021-02-15 17:32:39,704 main.py:69  ERROR Users need four parameters
2021-02-15 17:32:39,704 main.py:63  INFO Loading users from accounts.csv
2021-02-15 17:32:39,704 main.py:69  ERROR Users need four parameters
2021-02-15 17:32:39,704 main.py:63  INFO Loading users from accounts.csv
2021-02-15 17:32:39,704 main.py:69  ERROR Users need four parameters
2021-02-15 17:32:39,704 main.py:63  INFO Loading users from accounts.csv
2021-02-15 17:32:39,704 main.py:69  ERROR Users need four parameters
2021-02-15 17:32:39,704 main.py:63  INFO Loading users from accounts.csv
2021-02-15 17:32:39,705 main.py:69  ERROR Users need four parameters
2021-02-15 17:32:39,706 main.py:63  INFO Loading users from accounts.csv
2021-02-15 17:32:39,706 main.py:74  ERROR Users can not have empty fields
2021-02-15 17:32:39,706 main.py:63  INFO Loading users from accounts.csv
2021-02-15 17:32:39,706 main.py:74  ERROR Users can not have empty fields
2021-02-15 17:32:39,706 main.py:63  INFO Loading users from accounts.csv
2021-02-15 17:32:39,707 main.py:74  ERROR Users can not have empty fields
2021-02-15 17:32:39,707 main.py:63  INFO Loading users from accounts.csv
2021-02-15 17:32:39,707 main.py:74  ERROR Users can not have empty fields
2021-02-15 17:32:39,708 main.py:113 INFO Saving statuses to status_updates.csv
2021-02-15 17:32:39,708 main.py:132 INFO Saving collection in database
2021-02-15 17:32:39,710 main.py:110 ERROR UserStatus files must be in csv format
2021-02-15 17:32:39,712 main.py:113 INFO Saving statuses to status_updates.csv
2021-02-15 17:32:39,712 main.py:119 ERROR UserStatus needs three parameters
2021-02-15 17:32:39,712 main.py:113 INFO Saving statuses to status_updates.csv
2021-02-15 17:32:39,712 main.py:119 ERROR UserStatus needs three parameters
2021-02-15 17:32:39,712 main.py:113 INFO Saving statuses to status_updates.csv
2021-02-15 17:32:39,712 main.py:119 ERROR UserStatus needs three parameters
2021-02-15 17:32:39,712 main.py:113 INFO Saving statuses to status_updates.csv
2021-02-15 17:32:39,713 main.py:119 ERROR UserStatus needs three parameters
2021-02-15 17:32:39,713 main.py:113 INFO Saving statuses to status_updates.csv
2021-02-15 17:32:39,713 main.py:119 ERROR UserStatus needs three parameters
2021-02-15 17:32:39,714 main.py:113 INFO Saving statuses to status_updates.csv
2021-02-15 17:32:39,714 main.py:124 ERROR UserStatus can not have empty fields
2021-02-15 17:32:39,714 main.py:113 INFO Saving statuses to status_updates.csv
2021-02-15 17:32:39,714 main.py:124 ERROR UserStatus can not have empty fields
2021-02-15 17:32:39,715 main.py:113 INFO Saving statuses to status_updates.csv
2021-02-15 17:32:39,715 main.py:124 ERROR UserStatus can not have empty fields
2021-02-15 17:32:39,716 main.py:151 INFO Adding a new User
2021-02-15 17:32:39,717 main.py:163 INFO Updating an User
2021-02-15 17:32:39,718 main.py:176 INFO Deleting an User
2021-02-15 17:32:39,719 main.py:190 INFO Searching for an User
2021-02-15 17:32:39,721 main.py:190 INFO Searching for an User
2021-02-15 17:32:39,722 main.py:208 INFO Adding an UserStatus
2021-02-15 17:32:39,723 main.py:220 INFO Updating an UserStatus
2021-02-15 17:32:39,724 main.py:232 INFO Deleting an UserStatus
2021-02-15 17:32:39,725 main.py:245 INFO Searching for an UserStatus
2021-02-15 17:32:39,727 main.py:245 INFO Searching for an UserStatus
2021-02-15 17:32:39,728 main.py:28  INFO Creating a new UserCollection
2021-02-15 17:32:39,801 users.py:33  INFO New UserCollection instance created
2021-02-15 17:32:39,801 main.py:37  INFO Createing a new UserStatusCollection
2021-02-15 17:32:39,868 user_status.py:33  INFO New UserStatusCollection instance created
2021-02-15 17:32:39,868 main.py:63  INFO Loading users from accounts.csv
2021-02-15 17:32:39,890 user_status.py:20  INFO Status rando_001 created
2021-02-15 17:32:39,892 user_status.py:33  INFO New UserStatusCollection instance created
2021-02-15 17:32:39,893 user_status.py:33  INFO New UserStatusCollection instance created
2021-02-15 17:32:39,894 user_status.py:50  INFO Status rando_001 added to database
2021-02-15 17:32:39,900 user_status.py:33  INFO New UserStatusCollection instance created
2021-02-15 17:32:39,901 user_status.py:48  ERROR Status rando_001 already in database
2021-02-15 17:32:39,902 user_status.py:33  INFO New UserStatusCollection instance created
2021-02-15 17:32:39,903 user_status.py:67  INFO Status rando_001 sucessfully modified
2021-02-15 17:32:39,904 user_status.py:33  INFO New UserStatusCollection instance created
2021-02-15 17:32:39,905 user_status.py:61  ERROR Status rando_001 not found database
2021-02-15 17:32:39,906 user_status.py:33  INFO New UserStatusCollection instance created
2021-02-15 17:32:39,907 user_status.py:81  INFO Status rando_001 sucessfully deleted
2021-02-15 17:32:39,908 user_status.py:33  INFO New UserStatusCollection instance created
2021-02-15 17:32:39,909 user_status.py:78  ERROR Status rando_001 not found database
2021-02-15 17:32:39,910 user_status.py:33  INFO New UserStatusCollection instance created
2021-02-15 17:32:39,910 user_status.py:94  INFO Status rando_001 sucessfully found
2021-02-15 17:32:39,911 user_status.py:20  INFO Status rando_001 created
2021-02-15 17:32:39,912 user_status.py:33  INFO New UserStatusCollection instance created
2021-02-15 17:32:39,912 user_status.py:92  ERROR Status rando_001 not found database
2021-02-15 17:32:39,912 user_status.py:20  INFO Status None created
2021-02-15 17:32:39,913 users.py:21  INFO User rando created
2021-02-15 17:32:39,915 users.py:33  INFO New UserCollection instance created
2021-02-15 17:32:39,916 users.py:33  INFO New UserCollection instance created
2021-02-15 17:32:39,916 users.py:51  INFO User rando sucessfully added
2021-02-15 17:32:39,918 users.py:33  INFO New UserCollection instance created
2021-02-15 17:32:39,919 users.py:49  ERROR User rando already exists
2021-02-15 17:32:39,920 users.py:33  INFO New UserCollection instance created
2021-02-15 17:32:39,921 users.py:68  INFO User rando sucessfully modified
2021-02-15 17:32:39,922 users.py:33  INFO New UserCollection instance created
2021-02-15 17:32:39,922 users.py:61  ERROR User rando not found in database
2021-02-15 17:32:39,924 users.py:33  INFO New UserCollection instance created
2021-02-15 17:32:39,924 users.py:81  INFO User rando sucessfully deleted
2021-02-15 17:32:39,925 users.py:33  INFO New UserCollection instance created
2021-02-15 17:32:39,926 users.py:78  ERROR User rando not found in database
2021-02-15 17:32:39,927 users.py:33  INFO New UserCollection instance created
2021-02-15 17:32:39,927 users.py:93  INFO User rando sucessfully found
2021-02-15 17:32:39,927 users.py:21  INFO User rando created
2021-02-15 17:32:39,928 users.py:33  INFO New UserCollection instance created
2021-02-15 17:32:39,929 users.py:91  ERROR User rando not found in database
2021-02-15 17:32:39,929 users.py:21  INFO User None created
2021-02-15 17:36:53,366 main.py:28  INFO Creating a new UserCollection
2021-02-15 17:36:53,367 main.py:37  INFO Createing a new UserStatusCollection
2021-02-15 17:36:53,368 main.py:63  INFO Loading users from accounts.csv
2021-02-15 17:36:53,369 main.py:82  INFO Saving collection in database
2021-02-15 17:36:53,371 main.py:60  ERROR User files must be in csv format
2021-02-15 17:36:53,372 main.py:63  INFO Loading users from accounts.csv
2021-02-15 17:36:53,372 main.py:69  ERROR Users need four parameters
2021-02-15 17:36:53,372 main.py:63  INFO Loading users from accounts.csv
2021-02-15 17:36:53,372 main.py:69  ERROR Users need four parameters
2021-02-15 17:36:53,372 main.py:63  INFO Loading users from accounts.csv
2021-02-15 17:36:53,372 main.py:69  ERROR Users need four parameters
2021-02-15 17:36:53,373 main.py:63  INFO Loading users from accounts.csv
2021-02-15 17:36:53,373 main.py:69  ERROR Users need four parameters
2021-02-15 17:36:53,373 main.py:63  INFO Loading users from accounts.csv
2021-02-15 17:36:53,373 main.py:69  ERROR Users need four parameters
2021-02-15 17:36:53,374 main.py:63  INFO Loading users from accounts.csv
2021-02-15 17:36:53,374 main.py:74  ERROR Users can not have empty fields
2021-02-15 17:36:53,374 main.py:63  INFO Loading users from accounts.csv
2021-02-15 17:36:53,375 main.py:74  ERROR Users can not have empty fields
2021-02-15 17:36:53,375 main.py:63  INFO Loading users from accounts.csv
2021-02-15 17:36:53,375 main.py:74  ERROR Users can not have empty fields
2021-02-15 17:36:53,375 main.py:63  INFO Loading users from accounts.csv
2021-02-15 17:36:53,375 main.py:74  ERROR Users can not have empty fields
2021-02-15 17:36:53,376 main.py:113 INFO Saving statuses to status_updates.csv
2021-02-15 17:36:53,376 main.py:132 INFO Saving collection in database
2021-02-15 17:36:53,379 main.py:110 ERROR UserStatus files must be in csv format
2021-02-15 17:36:53,380 main.py:113 INFO Saving statuses to status_updates.csv
2021-02-15 17:36:53,380 main.py:119 ERROR UserStatus needs three parameters
2021-02-15 17:36:53,380 main.py:113 INFO Saving statuses to status_updates.csv
2021-02-15 17:36:53,380 main.py:119 ERROR UserStatus needs three parameters
2021-02-15 17:36:53,380 main.py:113 INFO Saving statuses to status_updates.csv
2021-02-15 17:36:53,380 main.py:119 ERROR UserStatus needs three parameters
2021-02-15 17:36:53,381 main.py:113 INFO Saving statuses to status_updates.csv
2021-02-15 17:36:53,381 main.py:119 ERROR UserStatus needs three parameters
2021-02-15 17:36:53,381 main.py:113 INFO Saving statuses to status_updates.csv
2021-02-15 17:36:53,381 main.py:119 ERROR UserStatus needs three parameters
2021-02-15 17:36:53,382 main.py:113 INFO Saving statuses to status_updates.csv
2021-02-15 17:36:53,382 main.py:124 ERROR UserStatus can not have empty fields
2021-02-15 17:36:53,382 main.py:113 INFO Saving statuses to status_updates.csv
2021-02-15 17:36:53,383 main.py:124 ERROR UserStatus can not have empty fields
2021-02-15 17:36:53,383 main.py:113 INFO Saving statuses to status_updates.csv
2021-02-15 17:36:53,383 main.py:124 ERROR UserStatus can not have empty fields
2021-02-15 17:36:53,384 main.py:151 INFO Adding a new User
2021-02-15 17:36:53,385 main.py:163 INFO Updating an User
2021-02-15 17:36:53,386 main.py:176 INFO Deleting an User
2021-02-15 17:36:53,388 main.py:190 INFO Searching for an User
2021-02-15 17:36:53,389 main.py:190 INFO Searching for an User
2021-02-15 17:36:53,390 main.py:208 INFO Adding an UserStatus
2021-02-15 17:36:53,391 main.py:220 INFO Updating an UserStatus
2021-02-15 17:36:53,392 main.py:232 INFO Deleting an UserStatus
2021-02-15 17:36:53,394 main.py:245 INFO Searching for an UserStatus
2021-02-15 17:36:53,395 main.py:245 INFO Searching for an UserStatus
2021-02-15 17:36:53,396 main.py:28  INFO Creating a new UserCollection
2021-02-15 17:36:53,455 users.py:33  INFO New UserCollection instance created
2021-02-15 17:36:53,455 main.py:37  INFO Createing a new UserStatusCollection
2021-02-15 17:36:53,523 user_status.py:33  INFO New UserStatusCollection instance created
2021-02-15 17:36:53,523 main.py:63  INFO Loading users from accounts.csv
2021-02-15 17:36:53,545 user_status.py:20  INFO Status rando_001 created
2021-02-15 17:36:53,546 user_status.py:33  INFO New UserStatusCollection instance created
2021-02-15 17:36:53,547 user_status.py:33  INFO New UserStatusCollection instance created
2021-02-15 17:36:53,548 user_status.py:50  INFO Status rando_001 added to database
2021-02-15 17:36:53,554 user_status.py:33  INFO New UserStatusCollection instance created
2021-02-15 17:36:53,555 user_status.py:48  ERROR Status rando_001 already in database
2021-02-15 17:36:53,557 user_status.py:33  INFO New UserStatusCollection instance created
2021-02-15 17:36:53,557 user_status.py:67  INFO Status rando_001 sucessfully modified
2021-02-15 17:36:53,559 user_status.py:33  INFO New UserStatusCollection instance created
2021-02-15 17:36:53,559 user_status.py:61  ERROR Status rando_001 not found database
2021-02-15 17:36:53,560 user_status.py:33  INFO New UserStatusCollection instance created
2021-02-15 17:36:53,561 user_status.py:81  INFO Status rando_001 sucessfully deleted
2021-02-15 17:36:53,563 user_status.py:33  INFO New UserStatusCollection instance created
2021-02-15 17:36:53,563 user_status.py:78  ERROR Status rando_001 not found database
2021-02-15 17:36:53,564 user_status.py:33  INFO New UserStatusCollection instance created
2021-02-15 17:36:53,565 user_status.py:94  INFO Status rando_001 sucessfully found
2021-02-15 17:36:53,565 user_status.py:20  INFO Status rando_001 created
2021-02-15 17:36:53,566 user_status.py:33  INFO New UserStatusCollection instance created
2021-02-15 17:36:53,566 user_status.py:92  ERROR Status rando_001 not found database
2021-02-15 17:36:53,566 user_status.py:20  INFO Status None created
2021-02-15 17:36:53,567 users.py:21  INFO User rando created
2021-02-15 17:36:53,569 users.py:33  INFO New UserCollection instance created
2021-02-15 17:36:53,570 users.py:33  INFO New UserCollection instance created
2021-02-15 17:36:53,571 users.py:51  INFO User rando sucessfully added
2021-02-15 17:36:53,572 users.py:33  INFO New UserCollection instance created
2021-02-15 17:36:53,573 users.py:49  ERROR User rando already exists
2021-02-15 17:36:53,574 users.py:33  INFO New UserCollection instance created
2021-02-15 17:36:53,575 users.py:68  INFO User rando sucessfully modified
2021-02-15 17:36:53,576 users.py:33  INFO New UserCollection instance created
2021-02-15 17:36:53,577 users.py:61  ERROR User rando not found in database
2021-02-15 17:36:53,578 users.py:33  INFO New UserCollection instance created
2021-02-15 17:36:53,578 users.py:81  INFO User rando sucessfully deleted
2021-02-15 17:36:53,579 users.py:33  INFO New UserCollection instance created
2021-02-15 17:36:53,580 users.py:78  ERROR User rando not found in database
2021-02-15 17:36:53,581 users.py:33  INFO New UserCollection instance created
2021-02-15 17:36:53,581 users.py:93  INFO User rando sucessfully found
2021-02-15 17:36:53,581 users.py:21  INFO User rando created
2021-02-15 17:36:53,582 users.py:33  INFO New UserCollection instance created
2021-02-15 17:36:53,583 users.py:91  ERROR User rando not found in database
2021-02-15 17:36:53,583 users.py:21  INFO User None created
2021-02-15 17:45:50,597 main.py:28  INFO Creating a new UserCollection
2021-02-15 17:45:50,599 main.py:37  INFO Createing a new UserStatusCollection
2021-02-15 17:45:50,600 main.py:63  INFO Loading users from accounts.csv
2021-02-15 17:45:50,600 main.py:86  INFO Saving collection in database
2021-02-15 17:45:50,602 main.py:60  ERROR User files must be in csv format
2021-02-15 17:45:50,604 main.py:63  INFO Loading users from accounts.csv
2021-02-15 17:45:50,604 main.py:73  ERROR Users need four parameters
2021-02-15 17:45:50,604 main.py:63  INFO Loading users from accounts.csv
2021-02-15 17:45:50,604 main.py:73  ERROR Users need four parameters
2021-02-15 17:45:50,604 main.py:63  INFO Loading users from accounts.csv
2021-02-15 17:45:50,604 main.py:73  ERROR Users need four parameters
2021-02-15 17:45:50,605 main.py:63  INFO Loading users from accounts.csv
2021-02-15 17:45:50,605 main.py:73  ERROR Users need four parameters
2021-02-15 17:45:50,605 main.py:63  INFO Loading users from accounts.csv
2021-02-15 17:45:50,605 main.py:73  ERROR Users need four parameters
2021-02-15 17:45:50,606 main.py:63  INFO Loading users from accounts.csv
2021-02-15 17:45:50,606 main.py:78  ERROR Users can not have empty fields
2021-02-15 17:45:50,606 main.py:63  INFO Loading users from accounts.csv
2021-02-15 17:45:50,607 main.py:78  ERROR Users can not have empty fields
2021-02-15 17:45:50,607 main.py:63  INFO Loading users from accounts.csv
2021-02-15 17:45:50,607 main.py:78  ERROR Users can not have empty fields
2021-02-15 17:45:50,607 main.py:63  INFO Loading users from accounts.csv
2021-02-15 17:45:50,607 main.py:78  ERROR Users can not have empty fields
2021-02-15 17:45:50,608 main.py:117 INFO Saving statuses to status_updates.csv
2021-02-15 17:45:50,608 main.py:140 INFO Saving collection in database
2021-02-15 17:45:50,611 main.py:114 ERROR UserStatus files must be in csv format
2021-02-15 17:45:50,612 main.py:117 INFO Saving statuses to status_updates.csv
2021-02-15 17:45:50,612 main.py:127 ERROR UserStatus needs three parameters
2021-02-15 17:45:50,612 main.py:117 INFO Saving statuses to status_updates.csv
2021-02-15 17:45:50,612 main.py:127 ERROR UserStatus needs three parameters
2021-02-15 17:45:50,613 main.py:117 INFO Saving statuses to status_updates.csv
2021-02-15 17:45:50,613 main.py:127 ERROR UserStatus needs three parameters
2021-02-15 17:45:50,613 main.py:117 INFO Saving statuses to status_updates.csv
2021-02-15 17:45:50,613 main.py:127 ERROR UserStatus needs three parameters
2021-02-15 17:45:50,613 main.py:117 INFO Saving statuses to status_updates.csv
2021-02-15 17:45:50,613 main.py:127 ERROR UserStatus needs three parameters
2021-02-15 17:45:50,614 main.py:117 INFO Saving statuses to status_updates.csv
2021-02-15 17:45:50,614 main.py:132 ERROR UserStatus can not have empty fields
2021-02-15 17:45:50,615 main.py:117 INFO Saving statuses to status_updates.csv
2021-02-15 17:45:50,615 main.py:132 ERROR UserStatus can not have empty fields
2021-02-15 17:45:50,615 main.py:117 INFO Saving statuses to status_updates.csv
2021-02-15 17:45:50,615 main.py:132 ERROR UserStatus can not have empty fields
2021-02-15 17:45:50,616 main.py:159 INFO Adding a new User
2021-02-15 17:45:50,617 main.py:171 INFO Updating an User
2021-02-15 17:45:50,618 main.py:184 INFO Deleting an User
2021-02-15 17:45:50,620 main.py:198 INFO Searching for an User
2021-02-15 17:45:50,621 main.py:198 INFO Searching for an User
2021-02-15 17:45:50,622 main.py:216 INFO Adding an UserStatus
2021-02-15 17:45:50,623 main.py:228 INFO Updating an UserStatus
2021-02-15 17:45:50,624 main.py:240 INFO Deleting an UserStatus
2021-02-15 17:45:50,626 main.py:253 INFO Searching for an UserStatus
2021-02-15 17:45:50,627 main.py:253 INFO Searching for an UserStatus
2021-02-15 17:45:50,628 main.py:28  INFO Creating a new UserCollection
2021-02-15 17:45:50,696 users.py:33  INFO New UserCollection instance created
2021-02-15 17:45:50,696 main.py:37  INFO Createing a new UserStatusCollection
2021-02-15 17:45:50,763 user_status.py:33  INFO New UserStatusCollection instance created
2021-02-15 17:45:50,763 main.py:63  INFO Loading users from accounts.csv
2021-02-15 17:45:50,763 main.py:68  ERROR accounts.csv does not contain data
2021-02-15 17:45:50,764 main.py:159 INFO Adding a new User
2021-02-15 17:45:50,797 users.py:51  INFO User dave03 sucessfully added
2021-02-15 17:45:50,797 main.py:159 INFO Adding a new User
2021-02-15 17:45:50,797 users.py:49  ERROR User dave03 already exists
2021-02-15 17:45:50,797 main.py:171 INFO Updating an User
2021-02-15 17:45:50,830 users.py:68  INFO User dave03 sucessfully modified
2021-02-15 17:45:50,830 main.py:171 INFO Updating an User
2021-02-15 17:45:50,831 users.py:61  ERROR User dave02 not found in database
2021-02-15 17:45:50,831 main.py:198 INFO Searching for an User
2021-02-15 17:45:50,831 users.py:93  INFO User dave03 sucessfully found
2021-02-15 17:45:50,831 users.py:21  INFO User dave03 created
2021-02-15 17:45:50,832 main.py:198 INFO Searching for an User
2021-02-15 17:45:50,832 users.py:91  ERROR User dave02 not found in database
2021-02-15 17:45:50,832 users.py:21  INFO User None created
2021-02-15 17:45:50,832 main.py:184 INFO Deleting an User
2021-02-15 17:45:50,864 users.py:81  INFO User dave03 sucessfully deleted
2021-02-15 17:45:50,864 main.py:184 INFO Deleting an User
2021-02-15 17:45:50,864 users.py:78  ERROR User dave03 not found in database
2021-02-15 17:45:50,865 main.py:159 INFO Adding a new User
2021-02-15 17:45:50,897 users.py:51  INFO User dave03 sucessfully added
2021-02-15 17:45:50,897 main.py:117 INFO Saving statuses to status_updates.csv
2021-02-15 17:45:50,898 main.py:122 ERROR status_updates.csv does not contain data
2021-02-15 17:45:50,898 main.py:216 INFO Adding an UserStatus
2021-02-15 17:45:50,931 user_status.py:50  INFO Status dave03_01 added to database
2021-02-15 17:45:50,931 main.py:216 INFO Adding an UserStatus
2021-02-15 17:45:50,932 user_status.py:48  ERROR Status dave03_01 already in database
2021-02-15 17:45:50,932 main.py:228 INFO Updating an UserStatus
2021-02-15 17:45:50,965 user_status.py:67  INFO Status dave03_01 sucessfully modified
2021-02-15 17:45:50,965 main.py:228 INFO Updating an UserStatus
2021-02-15 17:45:50,966 user_status.py:61  ERROR Status dave03_02 not found database
2021-02-15 17:45:50,966 main.py:253 INFO Searching for an UserStatus
2021-02-15 17:45:50,966 user_status.py:94  INFO Status dave03_01 sucessfully found
2021-02-15 17:45:50,966 user_status.py:20  INFO Status dave03_01 created
2021-02-15 17:45:50,967 main.py:253 INFO Searching for an UserStatus
2021-02-15 17:45:50,967 user_status.py:92  ERROR Status dave03 not found database
2021-02-15 17:45:50,967 user_status.py:20  INFO Status None created
2021-02-15 17:45:50,967 main.py:240 INFO Deleting an UserStatus
2021-02-15 17:45:50,999 user_status.py:81  INFO Status dave03_01 sucessfully deleted
2021-02-15 17:45:50,999 main.py:240 INFO Deleting an UserStatus
2021-02-15 17:45:51,000 user_status.py:78  ERROR Status dave03_01 not found database
2021-02-15 17:45:51,001 user_status.py:20  INFO Status rando_001 created
2021-02-15 17:45:51,003 user_status.py:33  INFO New UserStatusCollection instance created
2021-02-15 17:45:51,004 user_status.py:33  INFO New UserStatusCollection instance created
2021-02-15 17:45:51,005 user_status.py:50  INFO Status rando_001 added to database
2021-02-15 17:45:51,007 user_status.py:33  INFO New UserStatusCollection instance created
2021-02-15 17:45:51,007 user_status.py:48  ERROR Status rando_001 already in database
2021-02-15 17:45:51,009 user_status.py:33  INFO New UserStatusCollection instance created
2021-02-15 17:45:51,015 user_status.py:67  INFO Status rando_001 sucessfully modified
2021-02-15 17:45:51,016 user_status.py:33  INFO New UserStatusCollection instance created
2021-02-15 17:45:51,016 user_status.py:61  ERROR Status rando_001 not found database
2021-02-15 17:45:51,018 user_status.py:33  INFO New UserStatusCollection instance created
2021-02-15 17:45:51,018 user_status.py:81  INFO Status rando_001 sucessfully deleted
2021-02-15 17:45:51,020 user_status.py:33  INFO New UserStatusCollection instance created
2021-02-15 17:45:51,020 user_status.py:78  ERROR Status rando_001 not found database
2021-02-15 17:45:51,021 user_status.py:33  INFO New UserStatusCollection instance created
2021-02-15 17:45:51,022 user_status.py:94  INFO Status rando_001 sucessfully found
2021-02-15 17:45:51,022 user_status.py:20  INFO Status rando_001 created
2021-02-15 17:45:51,023 user_status.py:33  INFO New UserStatusCollection instance created
2021-02-15 17:45:51,024 user_status.py:92  ERROR Status rando_001 not found database
2021-02-15 17:45:51,024 user_status.py:20  INFO Status None created
2021-02-15 17:45:51,025 users.py:21  INFO User rando created
2021-02-15 17:45:51,027 users.py:33  INFO New UserCollection instance created
2021-02-15 17:45:51,028 users.py:33  INFO New UserCollection instance created
2021-02-15 17:45:51,029 users.py:51  INFO User rando sucessfully added
2021-02-15 17:45:51,030 users.py:33  INFO New UserCollection instance created
2021-02-15 17:45:51,031 users.py:49  ERROR User rando already exists
2021-02-15 17:45:51,032 users.py:33  INFO New UserCollection instance created
2021-02-15 17:45:51,033 users.py:68  INFO User rando sucessfully modified
2021-02-15 17:45:51,034 users.py:33  INFO New UserCollection instance created
2021-02-15 17:45:51,034 users.py:61  ERROR User rando not found in database
2021-02-15 17:45:51,036 users.py:33  INFO New UserCollection instance created
2021-02-15 17:45:51,036 users.py:81  INFO User rando sucessfully deleted
2021-02-15 17:45:51,038 users.py:33  INFO New UserCollection instance created
2021-02-15 17:45:51,038 users.py:78  ERROR User rando not found in database
2021-02-15 17:45:51,039 users.py:33  INFO New UserCollection instance created
2021-02-15 17:45:51,040 users.py:93  INFO User rando sucessfully found
2021-02-15 17:45:51,040 users.py:21  INFO User rando created
2021-02-15 17:45:51,041 users.py:33  INFO New UserCollection instance created
2021-02-15 17:45:51,041 users.py:91  ERROR User rando not found in database
2021-02-15 17:45:51,041 users.py:21  INFO User None created
2021-02-15 17:46:09,496 main.py:28  INFO Creating a new UserCollection
2021-02-15 17:46:09,498 main.py:37  INFO Createing a new UserStatusCollection
2021-02-15 17:46:09,500 main.py:63  INFO Loading users from accounts.csv
2021-02-15 17:46:09,500 main.py:86  INFO Saving collection in database
2021-02-15 17:46:09,503 main.py:60  ERROR User files must be in csv format
2021-02-15 17:46:09,504 main.py:63  INFO Loading users from accounts.csv
2021-02-15 17:46:09,505 main.py:73  ERROR Users need four parameters
2021-02-15 17:46:09,505 main.py:63  INFO Loading users from accounts.csv
2021-02-15 17:46:09,505 main.py:73  ERROR Users need four parameters
2021-02-15 17:46:09,505 main.py:63  INFO Loading users from accounts.csv
2021-02-15 17:46:09,505 main.py:73  ERROR Users need four parameters
2021-02-15 17:46:09,505 main.py:63  INFO Loading users from accounts.csv
2021-02-15 17:46:09,506 main.py:73  ERROR Users need four parameters
2021-02-15 17:46:09,506 main.py:63  INFO Loading users from accounts.csv
2021-02-15 17:46:09,506 main.py:73  ERROR Users need four parameters
2021-02-15 17:46:09,508 main.py:63  INFO Loading users from accounts.csv
2021-02-15 17:46:09,508 main.py:78  ERROR Users can not have empty fields
2021-02-15 17:46:09,508 main.py:63  INFO Loading users from accounts.csv
2021-02-15 17:46:09,508 main.py:78  ERROR Users can not have empty fields
2021-02-15 17:46:09,508 main.py:63  INFO Loading users from accounts.csv
2021-02-15 17:46:09,508 main.py:78  ERROR Users can not have empty fields
2021-02-15 17:46:09,509 main.py:63  INFO Loading users from accounts.csv
2021-02-15 17:46:09,509 main.py:78  ERROR Users can not have empty fields
2021-02-15 17:46:09,510 main.py:117 INFO Saving statuses to status_updates.csv
2021-02-15 17:46:09,511 main.py:140 INFO Saving collection in database
2021-02-15 17:46:09,514 main.py:114 ERROR UserStatus files must be in csv format
2021-02-15 17:46:09,515 main.py:117 INFO Saving statuses to status_updates.csv
2021-02-15 17:46:09,516 main.py:127 ERROR UserStatus needs three parameters
2021-02-15 17:46:09,516 main.py:117 INFO Saving statuses to status_updates.csv
2021-02-15 17:46:09,516 main.py:127 ERROR UserStatus needs three parameters
2021-02-15 17:46:09,516 main.py:117 INFO Saving statuses to status_updates.csv
2021-02-15 17:46:09,516 main.py:127 ERROR UserStatus needs three parameters
2021-02-15 17:46:09,516 main.py:117 INFO Saving statuses to status_updates.csv
2021-02-15 17:46:09,517 main.py:127 ERROR UserStatus needs three parameters
2021-02-15 17:46:09,517 main.py:117 INFO Saving statuses to status_updates.csv
2021-02-15 17:46:09,517 main.py:127 ERROR UserStatus needs three parameters
2021-02-15 17:46:09,519 main.py:117 INFO Saving statuses to status_updates.csv
2021-02-15 17:46:09,519 main.py:132 ERROR UserStatus can not have empty fields
2021-02-15 17:46:09,519 main.py:117 INFO Saving statuses to status_updates.csv
2021-02-15 17:46:09,519 main.py:132 ERROR UserStatus can not have empty fields
2021-02-15 17:46:09,519 main.py:117 INFO Saving statuses to status_updates.csv
2021-02-15 17:46:09,519 main.py:132 ERROR UserStatus can not have empty fields
2021-02-15 17:46:09,521 main.py:159 INFO Adding a new User
2021-02-15 17:46:09,523 main.py:171 INFO Updating an User
2021-02-15 17:46:09,524 main.py:184 INFO Deleting an User
2021-02-15 17:46:09,526 main.py:198 INFO Searching for an User
2021-02-15 17:46:09,528 main.py:198 INFO Searching for an User
2021-02-15 17:46:09,529 main.py:216 INFO Adding an UserStatus
2021-02-15 17:46:09,531 main.py:228 INFO Updating an UserStatus
2021-02-15 17:46:09,532 main.py:240 INFO Deleting an UserStatus
2021-02-15 17:46:09,534 main.py:253 INFO Searching for an UserStatus
2021-02-15 17:46:09,536 main.py:253 INFO Searching for an UserStatus
2021-02-15 17:46:09,538 main.py:28  INFO Creating a new UserCollection
2021-02-15 17:46:09,600 users.py:33  INFO New UserCollection instance created
2021-02-15 17:46:09,600 main.py:37  INFO Createing a new UserStatusCollection
2021-02-15 17:46:09,667 user_status.py:33  INFO New UserStatusCollection instance created
2021-02-15 17:46:09,667 main.py:63  INFO Loading users from accounts.csv
2021-02-15 17:46:09,668 main.py:68  ERROR accounts.csv does not contain data
2021-02-15 17:46:09,668 main.py:159 INFO Adding a new User
2021-02-15 17:46:09,712 users.py:51  INFO User dave03 sucessfully added
2021-02-15 17:46:09,712 main.py:159 INFO Adding a new User
2021-02-15 17:46:09,713 users.py:49  ERROR User dave03 already exists
2021-02-15 17:46:09,713 main.py:171 INFO Updating an User
2021-02-15 17:46:09,745 users.py:68  INFO User dave03 sucessfully modified
2021-02-15 17:46:09,746 main.py:171 INFO Updating an User
2021-02-15 17:46:09,746 users.py:61  ERROR User dave02 not found in database
2021-02-15 17:46:09,747 main.py:198 INFO Searching for an User
2021-02-15 17:46:09,747 users.py:93  INFO User dave03 sucessfully found
2021-02-15 17:46:09,747 users.py:21  INFO User dave03 created
2021-02-15 17:46:09,747 main.py:198 INFO Searching for an User
2021-02-15 17:46:09,748 users.py:91  ERROR User dave02 not found in database
2021-02-15 17:46:09,748 users.py:21  INFO User None created
2021-02-15 17:46:09,748 main.py:184 INFO Deleting an User
2021-02-15 17:46:09,779 users.py:81  INFO User dave03 sucessfully deleted
2021-02-15 17:46:09,779 main.py:184 INFO Deleting an User
2021-02-15 17:46:09,780 users.py:78  ERROR User dave03 not found in database
2021-02-15 17:46:09,780 main.py:159 INFO Adding a new User
2021-02-15 17:46:09,813 users.py:51  INFO User dave03 sucessfully added
2021-02-15 17:46:09,813 main.py:117 INFO Saving statuses to status_updates.csv
2021-02-15 17:46:09,813 main.py:122 ERROR status_updates.csv does not contain data
2021-02-15 17:46:09,813 main.py:216 INFO Adding an UserStatus
2021-02-15 17:46:09,847 user_status.py:50  INFO Status dave03_01 added to database
2021-02-15 17:46:09,847 main.py:216 INFO Adding an UserStatus
2021-02-15 17:46:09,847 user_status.py:48  ERROR Status dave03_01 already in database
2021-02-15 17:46:09,848 main.py:228 INFO Updating an UserStatus
2021-02-15 17:46:09,880 user_status.py:67  INFO Status dave03_01 sucessfully modified
2021-02-15 17:46:09,880 main.py:228 INFO Updating an UserStatus
2021-02-15 17:46:09,881 user_status.py:61  ERROR Status dave03_02 not found database
2021-02-15 17:46:09,881 main.py:253 INFO Searching for an UserStatus
2021-02-15 17:46:09,882 user_status.py:94  INFO Status dave03_01 sucessfully found
2021-02-15 17:46:09,882 user_status.py:20  INFO Status dave03_01 created
2021-02-15 17:46:09,883 main.py:253 INFO Searching for an UserStatus
2021-02-15 17:46:09,883 user_status.py:92  ERROR Status dave03 not found database
2021-02-15 17:46:09,883 user_status.py:20  INFO Status None created
2021-02-15 17:46:09,884 main.py:240 INFO Deleting an UserStatus
2021-02-15 17:46:09,914 user_status.py:81  INFO Status dave03_01 sucessfully deleted
2021-02-15 17:46:09,914 main.py:240 INFO Deleting an UserStatus
2021-02-15 17:46:09,915 user_status.py:78  ERROR Status dave03_01 not found database
2021-02-15 17:46:09,917 user_status.py:20  INFO Status rando_001 created
2021-02-15 17:46:09,919 user_status.py:33  INFO New UserStatusCollection instance created
2021-02-15 17:46:09,921 user_status.py:33  INFO New UserStatusCollection instance created
2021-02-15 17:46:09,923 user_status.py:50  INFO Status rando_001 added to database
2021-02-15 17:46:09,924 user_status.py:33  INFO New UserStatusCollection instance created
2021-02-15 17:46:09,926 user_status.py:48  ERROR Status rando_001 already in database
2021-02-15 17:46:09,927 user_status.py:33  INFO New UserStatusCollection instance created
2021-02-15 17:46:09,929 user_status.py:67  INFO Status rando_001 sucessfully modified
2021-02-15 17:46:09,931 user_status.py:33  INFO New UserStatusCollection instance created
2021-02-15 17:46:09,931 user_status.py:61  ERROR Status rando_001 not found database
2021-02-15 17:46:09,933 user_status.py:33  INFO New UserStatusCollection instance created
2021-02-15 17:46:09,934 user_status.py:81  INFO Status rando_001 sucessfully deleted
2021-02-15 17:46:09,936 user_status.py:33  INFO New UserStatusCollection instance created
2021-02-15 17:46:09,936 user_status.py:78  ERROR Status rando_001 not found database
2021-02-15 17:46:09,938 user_status.py:33  INFO New UserStatusCollection instance created
2021-02-15 17:46:09,939 user_status.py:94  INFO Status rando_001 sucessfully found
2021-02-15 17:46:09,939 user_status.py:20  INFO Status rando_001 created
2021-02-15 17:46:09,941 user_status.py:33  INFO New UserStatusCollection instance created
2021-02-15 17:46:09,941 user_status.py:92  ERROR Status rando_001 not found database
2021-02-15 17:46:09,941 user_status.py:20  INFO Status None created
2021-02-15 17:46:09,943 users.py:21  INFO User rando created
2021-02-15 17:46:09,945 users.py:33  INFO New UserCollection instance created
2021-02-15 17:46:09,946 users.py:33  INFO New UserCollection instance created
2021-02-15 17:46:09,948 users.py:51  INFO User rando sucessfully added
2021-02-15 17:46:09,949 users.py:33  INFO New UserCollection instance created
2021-02-15 17:46:09,951 users.py:49  ERROR User rando already exists
2021-02-15 17:46:09,952 users.py:33  INFO New UserCollection instance created
2021-02-15 17:46:09,953 users.py:68  INFO User rando sucessfully modified
2021-02-15 17:46:09,955 users.py:33  INFO New UserCollection instance created
2021-02-15 17:46:09,956 users.py:61  ERROR User rando not found in database
2021-02-15 17:46:09,958 users.py:33  INFO New UserCollection instance created
2021-02-15 17:46:09,958 users.py:81  INFO User rando sucessfully deleted
2021-02-15 17:46:09,960 users.py:33  INFO New UserCollection instance created
2021-02-15 17:46:09,961 users.py:78  ERROR User rando not found in database
2021-02-15 17:46:09,962 users.py:33  INFO New UserCollection instance created
2021-02-15 17:46:09,963 users.py:93  INFO User rando sucessfully found
2021-02-15 17:46:09,963 users.py:21  INFO User rando created
2021-02-15 17:46:09,964 users.py:33  INFO New UserCollection instance created
2021-02-15 17:46:09,965 users.py:91  ERROR User rando not found in database
2021-02-15 17:46:09,965 users.py:21  INFO User None created
