2021-03-23 17:04:09,475 main.py:28  INFO Creating a new UserCollection
2021-03-23 17:04:09,615 users.py:27  INFO New UserCollection instance created
2021-03-23 17:04:09,615 main.py:37  INFO Createing a new UserStatusCollection
2021-03-23 17:04:09,777 user_status.py:23  INFO New UserStatusCollection instance created
2021-03-23 17:04:10,222 main.py:63  INFO Loading users from accounts.csv
2021-03-23 17:04:10,227 main.py:87  INFO Saving collection in database
2021-03-23 17:04:10,302 main.py:120 INFO Saving statuses to status_updates.csv
2021-03-23 17:04:10,721 main.py:144 INFO Saving collection in database
2021-03-23 17:04:12,807 main.py:165 INFO Adding a new User
2021-03-23 17:04:12,809 users.py:45  INFO User dave03 sucessfully added
2021-03-23 17:04:12,810 main.py:222 INFO Adding an UserStatus
2021-03-23 17:04:12,822 user_status.py:45  INFO Status dave03_01 added to database
2021-03-23 17:04:12,822 main.py:177 INFO Updating an User
2021-03-23 17:04:12,832 users.py:65  INFO User dave03 sucessfully modified
2021-03-23 17:04:12,833 main.py:234 INFO Updating an UserStatus
2021-03-23 17:04:12,928 user_status.py:57  ERROR Status dave03 not found database
2021-03-23 17:04:12,928 main.py:204 INFO Searching for an User
2021-03-23 17:04:12,931 users.py:96  INFO User dave03 sucessfully found
2021-03-23 17:04:12,931 main.py:259 INFO Searching for an UserStatus
2021-03-23 17:04:13,026 user_status.py:90  INFO Status dave03_01 sucessfully found
2021-03-23 17:04:13,026 main.py:246 INFO Deleting an UserStatus
2021-03-23 17:04:13,119 user_status.py:76  INFO Status dave03_01 sucessfully deleted
2021-03-23 17:04:13,119 main.py:190 INFO Deleting an User
2021-03-23 17:04:13,218 users.py:83  INFO User dave03 sucessfully deleted
2021-03-23 17:04:13,263 main.py:28  INFO Creating a new UserCollection
2021-03-23 17:04:13,352 users.py:27  INFO New UserCollection instance created
2021-03-23 17:04:13,353 main.py:37  INFO Createing a new UserStatusCollection
2021-03-23 17:04:13,465 user_status.py:23  INFO New UserStatusCollection instance created
2021-03-23 17:04:13,466 main.py:63  INFO Loading users from accounts.csv
2021-03-23 17:04:13,472 main.py:87  INFO Saving collection in database
2021-03-23 17:04:13,987 main.py:28  INFO Creating a new UserCollection
2021-03-23 17:04:14,079 users.py:27  INFO New UserCollection instance created
2021-03-23 17:04:14,079 main.py:37  INFO Createing a new UserStatusCollection
2021-03-23 17:04:14,190 user_status.py:23  INFO New UserStatusCollection instance created
2021-03-23 17:04:14,190 main.py:63  INFO Loading users from accounts.csv
2021-03-23 17:04:14,225 main.py:87  INFO Saving collection in database
2021-03-23 17:04:14,548 main.py:120 INFO Saving statuses to status_updates.csv
2021-03-23 17:04:17,674 main.py:144 INFO Saving collection in database
2021-03-23 17:04:29,182 main.py:165 INFO Adding a new User
2021-03-23 17:04:29,188 users.py:45  INFO User dave03 sucessfully added
2021-03-23 17:04:29,188 main.py:222 INFO Adding an UserStatus
2021-03-23 17:04:29,201 user_status.py:45  INFO Status dave03_01 added to database
2021-03-23 17:04:29,201 main.py:177 INFO Updating an User
2021-03-23 17:04:29,207 users.py:65  INFO User dave03 sucessfully modified
2021-03-23 17:04:29,208 main.py:234 INFO Updating an UserStatus
2021-03-23 17:04:29,212 user_status.py:57  ERROR Status dave03 not found database
2021-03-23 17:04:29,213 main.py:204 INFO Searching for an User
2021-03-23 17:04:29,218 users.py:96  INFO User dave03 sucessfully found
2021-03-23 17:04:29,218 main.py:259 INFO Searching for an UserStatus
2021-03-23 17:04:29,223 user_status.py:90  INFO Status dave03_01 sucessfully found
2021-03-23 17:04:29,223 main.py:246 INFO Deleting an UserStatus
2021-03-23 17:04:29,228 user_status.py:76  INFO Status dave03_01 sucessfully deleted
2021-03-23 17:04:29,229 main.py:190 INFO Deleting an User
2021-03-23 17:04:29,331 users.py:83  INFO User dave03 sucessfully deleted
