2021-03-22 17:04:52,018 main.py:28  INFO Creating a new UserCollection
2021-03-22 17:04:52,139 users.py:27  INFO New UserCollection instance created
2021-03-22 17:04:52,139 main.py:37  INFO Createing a new UserStatusCollection
2021-03-22 17:04:52,245 user_status.py:23  INFO New UserStatusCollection instance created
2021-03-22 17:04:52,735 main.py:63  INFO Loading users from accounts.csv
2021-03-22 17:04:52,740 main.py:87  INFO Saving collection in database
2021-03-22 17:04:52,837 main.py:120 INFO Saving statuses to status_updates.csv
2021-03-22 17:04:53,278 main.py:144 INFO Saving collection in database
2021-03-22 17:04:55,552 main.py:165 INFO Adding a new User
2021-03-22 17:04:55,554 users.py:45  INFO User dave03 sucessfully added
2021-03-22 17:04:55,562 main.py:222 INFO Adding an UserStatus
2021-03-22 17:04:55,574 user_status.py:45  INFO Status dave03_01 added to database
2021-03-22 17:04:55,574 main.py:177 INFO Updating an User
2021-03-22 17:04:55,584 users.py:65  INFO User dave03 sucessfully modified
2021-03-22 17:04:55,585 main.py:234 INFO Updating an UserStatus
2021-03-22 17:04:55,679 user_status.py:57  ERROR Status dave03 not found database
2021-03-22 17:04:55,680 main.py:204 INFO Searching for an User
2021-03-22 17:04:55,683 users.py:96  INFO User dave03 sucessfully found
2021-03-22 17:04:55,683 main.py:259 INFO Searching for an UserStatus
2021-03-22 17:04:55,777 user_status.py:90  INFO Status dave03_01 sucessfully found
2021-03-22 17:04:55,777 main.py:246 INFO Deleting an UserStatus
2021-03-22 17:04:55,873 user_status.py:76  INFO Status dave03_01 sucessfully deleted
2021-03-22 17:04:55,874 main.py:190 INFO Deleting an User
2021-03-22 17:04:55,974 users.py:83  INFO User dave03 sucessfully deleted
2021-03-22 17:04:56,018 main.py:28  INFO Creating a new UserCollection
2021-03-22 17:04:56,086 users.py:27  INFO New UserCollection instance created
2021-03-22 17:04:56,086 main.py:37  INFO Createing a new UserStatusCollection
2021-03-22 17:04:56,175 user_status.py:23  INFO New UserStatusCollection instance created
2021-03-22 17:04:56,176 main.py:63  INFO Loading users from accounts.csv
2021-03-22 17:04:56,181 main.py:87  INFO Saving collection in database
2021-03-22 17:04:56,709 main.py:28  INFO Creating a new UserCollection
2021-03-22 17:04:56,778 users.py:27  INFO New UserCollection instance created
2021-03-22 17:04:56,779 main.py:37  INFO Createing a new UserStatusCollection
2021-03-22 17:04:56,879 user_status.py:23  INFO New UserStatusCollection instance created
2021-03-22 17:04:56,879 main.py:63  INFO Loading users from accounts.csv
2021-03-22 17:04:56,914 main.py:87  INFO Saving collection in database
2021-03-22 17:04:57,264 main.py:120 INFO Saving statuses to status_updates.csv
2021-03-22 17:05:00,417 main.py:144 INFO Saving collection in database
2021-03-22 17:05:08,783 main.py:28  INFO Creating a new UserCollection
2021-03-22 17:05:08,788 users.py:27  INFO New UserCollection instance created
2021-03-22 17:05:08,788 main.py:37  INFO Createing a new UserStatusCollection
2021-03-22 17:05:08,791 user_status.py:23  INFO New UserStatusCollection instance created
2021-03-22 17:05:09,383 main.py:63  INFO Loading users from accounts.csv
2021-03-22 17:05:09,388 main.py:87  INFO Saving collection in database
2021-03-22 17:05:09,458 main.py:120 INFO Saving statuses to status_updates.csv
2021-03-22 17:05:09,875 main.py:144 INFO Saving collection in database
2021-03-22 17:05:11,937 main.py:165 INFO Adding a new User
2021-03-22 17:05:11,939 users.py:45  INFO User dave03 sucessfully added
2021-03-22 17:05:11,939 main.py:222 INFO Adding an UserStatus
2021-03-22 17:05:11,944 user_status.py:45  INFO Status dave03_01 added to database
2021-03-22 17:05:11,945 main.py:177 INFO Updating an User
2021-03-22 17:05:11,949 users.py:65  INFO User dave03 sucessfully modified
2021-03-22 17:05:11,949 main.py:234 INFO Updating an UserStatus
2021-03-22 17:05:12,043 user_status.py:57  ERROR Status dave03 not found database
2021-03-22 17:05:12,043 main.py:204 INFO Searching for an User
2021-03-22 17:05:12,046 users.py:96  INFO User dave03 sucessfully found
2021-03-22 17:05:12,047 main.py:259 INFO Searching for an UserStatus
2021-03-22 17:05:12,140 user_status.py:90  INFO Status dave03_01 sucessfully found
2021-03-22 17:05:12,141 main.py:246 INFO Deleting an UserStatus
2021-03-22 17:05:12,235 user_status.py:76  INFO Status dave03_01 sucessfully deleted
2021-03-22 17:05:12,235 main.py:190 INFO Deleting an User
2021-03-22 17:05:12,338 users.py:83  INFO User dave03 sucessfully deleted
2021-03-22 17:05:12,379 main.py:28  INFO Creating a new UserCollection
2021-03-22 17:05:12,446 users.py:27  INFO New UserCollection instance created
2021-03-22 17:05:12,447 main.py:37  INFO Createing a new UserStatusCollection
2021-03-22 17:05:12,536 user_status.py:23  INFO New UserStatusCollection instance created
2021-03-22 17:05:12,537 main.py:63  INFO Loading users from accounts.csv
2021-03-22 17:05:12,543 main.py:87  INFO Saving collection in database
2021-03-22 17:05:13,081 main.py:28  INFO Creating a new UserCollection
2021-03-22 17:05:13,161 users.py:27  INFO New UserCollection instance created
2021-03-22 17:05:13,161 main.py:37  INFO Createing a new UserStatusCollection
2021-03-22 17:05:13,273 user_status.py:23  INFO New UserStatusCollection instance created
2021-03-22 17:05:13,274 main.py:63  INFO Loading users from accounts.csv
2021-03-22 17:05:13,308 main.py:87  INFO Saving collection in database
2021-03-22 17:05:13,631 main.py:120 INFO Saving statuses to status_updates.csv
2021-03-22 17:05:16,743 main.py:144 INFO Saving collection in database
2021-03-22 17:05:28,361 main.py:165 INFO Adding a new User
2021-03-22 17:05:28,367 users.py:45  INFO User dave03 sucessfully added
2021-03-22 17:05:28,367 main.py:222 INFO Adding an UserStatus
2021-03-22 17:05:28,380 user_status.py:45  INFO Status dave03_01 added to database
2021-03-22 17:05:28,380 main.py:177 INFO Updating an User
2021-03-22 17:05:28,386 users.py:65  INFO User dave03 sucessfully modified
2021-03-22 17:05:28,387 main.py:234 INFO Updating an UserStatus
2021-03-22 17:05:28,392 user_status.py:57  ERROR Status dave03 not found database
2021-03-22 17:05:28,392 main.py:204 INFO Searching for an User
2021-03-22 17:05:28,397 users.py:96  INFO User dave03 sucessfully found
2021-03-22 17:05:28,398 main.py:259 INFO Searching for an UserStatus
2021-03-22 17:05:28,403 user_status.py:90  INFO Status dave03_01 sucessfully found
2021-03-22 17:05:28,403 main.py:246 INFO Deleting an UserStatus
2021-03-22 17:05:28,408 user_status.py:76  INFO Status dave03_01 sucessfully deleted
2021-03-22 17:05:28,409 main.py:190 INFO Deleting an User
2021-03-22 17:05:28,515 users.py:83  INFO User dave03 sucessfully deleted
2021-03-22 17:09:46,291 main.py:28  INFO Creating a new UserCollection
2021-03-22 17:09:46,379 users.py:27  INFO New UserCollection instance created
2021-03-22 17:09:46,379 main.py:37  INFO Createing a new UserStatusCollection
2021-03-22 17:09:46,548 user_status.py:23  INFO New UserStatusCollection instance created
2021-03-22 17:09:46,961 main.py:63  INFO Loading users from accounts.csv
2021-03-22 17:09:46,965 main.py:87  INFO Saving collection in database
2021-03-22 17:09:47,036 main.py:120 INFO Saving statuses to status_updates.csv
2021-03-22 17:09:47,459 main.py:144 INFO Saving collection in database
2021-03-22 17:09:49,658 main.py:165 INFO Adding a new User
2021-03-22 17:09:49,660 users.py:45  INFO User dave03 sucessfully added
2021-03-22 17:09:49,661 main.py:222 INFO Adding an UserStatus
2021-03-22 17:09:49,665 user_status.py:45  INFO Status dave03_01 added to database
2021-03-22 17:09:49,666 main.py:177 INFO Updating an User
2021-03-22 17:09:49,670 users.py:65  INFO User dave03 sucessfully modified
2021-03-22 17:09:49,670 main.py:234 INFO Updating an UserStatus
2021-03-22 17:09:49,765 user_status.py:57  ERROR Status dave03 not found database
2021-03-22 17:09:49,765 main.py:204 INFO Searching for an User
2021-03-22 17:09:49,768 users.py:96  INFO User dave03 sucessfully found
2021-03-22 17:09:49,769 main.py:259 INFO Searching for an UserStatus
2021-03-22 17:09:49,867 user_status.py:90  INFO Status dave03_01 sucessfully found
2021-03-22 17:09:49,867 main.py:246 INFO Deleting an UserStatus
2021-03-22 17:09:49,964 user_status.py:76  INFO Status dave03_01 sucessfully deleted
2021-03-22 17:09:49,965 main.py:190 INFO Deleting an User
2021-03-22 17:09:50,066 users.py:83  INFO User dave03 sucessfully deleted
2021-03-22 17:09:50,113 main.py:28  INFO Creating a new UserCollection
2021-03-22 17:09:50,192 users.py:27  INFO New UserCollection instance created
2021-03-22 17:09:50,192 main.py:37  INFO Createing a new UserStatusCollection
2021-03-22 17:09:50,282 user_status.py:23  INFO New UserStatusCollection instance created
2021-03-22 17:09:50,282 main.py:63  INFO Loading users from accounts.csv
2021-03-22 17:09:50,287 main.py:87  INFO Saving collection in database
2021-03-22 17:09:50,816 main.py:28  INFO Creating a new UserCollection
2021-03-22 17:09:50,907 users.py:27  INFO New UserCollection instance created
2021-03-22 17:09:50,907 main.py:37  INFO Createing a new UserStatusCollection
2021-03-22 17:09:51,019 user_status.py:23  INFO New UserStatusCollection instance created
2021-03-22 17:09:51,019 main.py:63  INFO Loading users from accounts.csv
2021-03-22 17:09:51,058 main.py:87  INFO Saving collection in database
2021-03-22 17:09:51,369 main.py:120 INFO Saving statuses to status_updates.csv
2021-03-22 17:09:54,630 main.py:144 INFO Saving collection in database
2021-03-22 17:10:06,701 main.py:165 INFO Adding a new User
2021-03-22 17:10:06,707 users.py:45  INFO User dave03 sucessfully added
2021-03-22 17:10:06,707 main.py:222 INFO Adding an UserStatus
2021-03-22 17:10:06,716 user_status.py:45  INFO Status dave03_01 added to database
2021-03-22 17:10:06,717 main.py:177 INFO Updating an User
2021-03-22 17:10:06,723 users.py:65  INFO User dave03 sucessfully modified
2021-03-22 17:10:06,723 main.py:234 INFO Updating an UserStatus
2021-03-22 17:10:06,728 user_status.py:57  ERROR Status dave03 not found database
2021-03-22 17:10:06,729 main.py:204 INFO Searching for an User
2021-03-22 17:10:06,734 users.py:96  INFO User dave03 sucessfully found
2021-03-22 17:10:06,735 main.py:259 INFO Searching for an UserStatus
2021-03-22 17:10:06,740 user_status.py:90  INFO Status dave03_01 sucessfully found
2021-03-22 17:10:06,740 main.py:246 INFO Deleting an UserStatus
2021-03-22 17:10:06,745 user_status.py:76  INFO Status dave03_01 sucessfully deleted
2021-03-22 17:10:06,746 main.py:190 INFO Deleting an User
2021-03-22 17:10:06,850 users.py:83  INFO User dave03 sucessfully deleted
