2021-03-02 15:12:41,279 main.py:27  INFO Creating a new UserCollection
2021-03-02 15:12:41,282 main.py:36  INFO Createing a new UserStatusCollection
2021-03-02 15:12:41,283 main.py:62  INFO Loading users from accounts.csv
2021-03-02 15:12:41,284 main.py:86  INFO Saving collection in database
2021-03-02 15:12:41,285 main.py:59  ERROR User files must be in csv format
2021-03-02 15:12:41,287 main.py:62  INFO Loading users from accounts.csv
2021-03-02 15:12:41,287 main.py:72  ERROR Users need four parameters
2021-03-02 15:12:41,287 main.py:62  INFO Loading users from accounts.csv
2021-03-02 15:12:41,287 main.py:72  ERROR Users need four parameters
2021-03-02 15:12:41,288 main.py:62  INFO Loading users from accounts.csv
2021-03-02 15:12:41,288 main.py:72  ERROR Users need four parameters
2021-03-02 15:12:41,288 main.py:62  INFO Loading users from accounts.csv
2021-03-02 15:12:41,288 main.py:72  ERROR Users need four parameters
2021-03-02 15:12:41,288 main.py:62  INFO Loading users from accounts.csv
2021-03-02 15:12:41,288 main.py:72  ERROR Users need four parameters
2021-03-02 15:12:41,290 main.py:62  INFO Loading users from accounts.csv
2021-03-02 15:12:41,290 main.py:77  ERROR Users can not have empty fields
2021-03-02 15:12:41,290 main.py:62  INFO Loading users from accounts.csv
2021-03-02 15:12:41,290 main.py:77  ERROR Users can not have empty fields
2021-03-02 15:12:41,291 main.py:62  INFO Loading users from accounts.csv
2021-03-02 15:12:41,291 main.py:77  ERROR Users can not have empty fields
2021-03-02 15:12:41,291 main.py:62  INFO Loading users from accounts.csv
2021-03-02 15:12:41,291 main.py:77  ERROR Users can not have empty fields
2021-03-02 15:12:41,292 main.py:62  INFO Loading users from accounts.csv
2021-03-02 15:12:41,292 main.py:67  ERROR accounts.csv does not contain data
2021-03-02 15:12:41,294 main.py:116 INFO Saving statuses to status_updates.csv
2021-03-02 15:12:41,294 main.py:140 INFO Saving collection in database
2021-03-02 15:12:41,296 main.py:113 ERROR UserStatus files must be in csv format
2021-03-02 15:12:41,297 main.py:116 INFO Saving statuses to status_updates.csv
2021-03-02 15:12:41,297 main.py:126 ERROR UserStatus needs three parameters
2021-03-02 15:12:41,297 main.py:116 INFO Saving statuses to status_updates.csv
2021-03-02 15:12:41,297 main.py:126 ERROR UserStatus needs three parameters
2021-03-02 15:12:41,298 main.py:116 INFO Saving statuses to status_updates.csv
2021-03-02 15:12:41,298 main.py:126 ERROR UserStatus needs three parameters
2021-03-02 15:12:41,298 main.py:116 INFO Saving statuses to status_updates.csv
2021-03-02 15:12:41,298 main.py:126 ERROR UserStatus needs three parameters
2021-03-02 15:12:41,298 main.py:116 INFO Saving statuses to status_updates.csv
2021-03-02 15:12:41,298 main.py:126 ERROR UserStatus needs three parameters
2021-03-02 15:12:41,300 main.py:116 INFO Saving statuses to status_updates.csv
2021-03-02 15:12:41,300 main.py:131 ERROR UserStatus can not have empty fields
2021-03-02 15:12:41,300 main.py:116 INFO Saving statuses to status_updates.csv
2021-03-02 15:12:41,300 main.py:131 ERROR UserStatus can not have empty fields
2021-03-02 15:12:41,301 main.py:116 INFO Saving statuses to status_updates.csv
2021-03-02 15:12:41,301 main.py:131 ERROR UserStatus can not have empty fields
2021-03-02 15:12:41,302 main.py:116 INFO Saving statuses to status_updates.csv
2021-03-02 15:12:41,302 main.py:121 ERROR status_updates.csv does not contain data
2021-03-02 15:12:41,303 main.py:158 INFO Adding a new User
2021-03-02 15:12:41,305 main.py:170 INFO Updating an User
2021-03-02 15:12:41,306 main.py:183 INFO Deleting an User
2021-03-02 15:12:41,307 main.py:197 INFO Searching for an User
2021-03-02 15:12:41,308 main.py:197 INFO Searching for an User
2021-03-02 15:12:41,309 main.py:215 INFO Adding an UserStatus
2021-03-02 15:12:41,310 main.py:227 INFO Updating an UserStatus
2021-03-02 15:12:41,312 main.py:239 INFO Deleting an UserStatus
2021-03-02 15:12:41,313 main.py:252 INFO Searching for an UserStatus
2021-03-02 15:12:41,314 main.py:252 INFO Searching for an UserStatus
2021-03-02 15:12:41,315 main.py:263 INFO Searching for matching UserStatuses
2021-03-02 15:12:41,317 main.py:272 INFO Searching for UserStatuses matching string
2021-03-02 15:12:41,324 main.py:27  INFO Creating a new UserCollection
2021-03-02 15:12:41,333 users.py:21  INFO New UserCollection instance created
2021-03-02 15:12:41,333 main.py:36  INFO Createing a new UserStatusCollection
2021-03-02 15:12:41,336 user_status.py:21  INFO New UserStatusCollection instance created
2021-03-02 15:12:41,336 main.py:62  INFO Loading users from accounts.csv
2021-03-02 15:12:41,337 main.py:67  ERROR accounts.csv does not contain data
2021-03-02 15:12:41,337 main.py:158 INFO Adding a new User
2021-03-02 15:12:41,847 users.py:35  ERROR User dave03 breaks database rule: E11000 duplicate key error collection: social.UserTable index: user_id_1 dup key: { user_id: "dave03" }, full error: {'index': 0, 'code': 11000, 'keyPattern': {'user_id': 1}, 'keyValue': {'user_id': 'dave03'}, 'errmsg': 'E11000 duplicate key error collection: social.UserTable index: user_id_1 dup key: { user_id: "dave03" }'}
2021-03-02 15:12:41,889 user_status.py:21  INFO New UserStatusCollection instance created
2021-03-02 15:12:41,891 user_status.py:21  INFO New UserStatusCollection instance created
2021-03-02 15:12:41,892 user_status.py:45  INFO Status rando_001 added to database
2021-03-02 15:12:41,894 user_status.py:21  INFO New UserStatusCollection instance created
2021-03-02 15:12:41,894 user_status.py:43  ERROR Status rando_001 already exists in database
2021-03-02 15:12:41,896 user_status.py:21  INFO New UserStatusCollection instance created
2021-03-02 15:12:41,896 user_status.py:39  ERROR User rando does not exist
2021-03-02 15:12:41,898 user_status.py:21  INFO New UserStatusCollection instance created
2021-03-02 15:12:41,899 user_status.py:62  INFO Status rando_001 sucessfully modified
2021-03-02 15:12:41,900 user_status.py:21  INFO New UserStatusCollection instance created
2021-03-02 15:12:41,901 user_status.py:57  ERROR Status rando_001 not found database
2021-03-02 15:12:41,902 user_status.py:21  INFO New UserStatusCollection instance created
2021-03-02 15:12:41,903 user_status.py:76  INFO Status rando_001 sucessfully deleted
2021-03-02 15:12:41,905 user_status.py:21  INFO New UserStatusCollection instance created
2021-03-02 15:12:41,906 user_status.py:74  ERROR Status rando_001 not found database
2021-03-02 15:12:41,907 user_status.py:21  INFO New UserStatusCollection instance created
2021-03-02 15:12:41,908 user_status.py:90  INFO Status rando_001 sucessfully found
2021-03-02 15:12:41,909 user_status.py:21  INFO New UserStatusCollection instance created
2021-03-02 15:12:41,910 user_status.py:88  ERROR Status rando_001 not found database
2021-03-02 15:12:41,911 user_status.py:21  INFO New UserStatusCollection instance created
2021-03-02 15:12:41,912 user_status.py:98  INFO Found statuses posted by rando
2021-03-02 15:12:41,914 user_status.py:21  INFO New UserStatusCollection instance created
2021-03-02 15:12:41,914 user_status.py:106 INFO Found statuses matching best
2021-03-02 15:12:41,916 users.py:21  INFO New UserCollection instance created
2021-03-02 15:12:41,918 users.py:21  INFO New UserCollection instance created
2021-03-02 15:12:41,918 users.py:37  INFO User rando sucessfully added
2021-03-02 15:12:41,920 users.py:21  INFO New UserCollection instance created
2021-03-02 15:12:41,921 users.py:35  ERROR User rando breaks database rule: ERR_MSG
2021-03-02 15:12:41,922 users.py:21  INFO New UserCollection instance created
2021-03-02 15:12:41,923 users.py:54  INFO User rando sucessfully modified
2021-03-02 15:12:41,924 users.py:21  INFO New UserCollection instance created
2021-03-02 15:12:41,925 users.py:50  ERROR User rando not found in database
2021-03-02 15:12:41,926 users.py:21  INFO New UserCollection instance created
2021-03-02 15:12:41,927 users.py:68  INFO User rando sucessfully deleted
2021-03-02 15:12:41,929 users.py:21  INFO New UserCollection instance created
2021-03-02 15:12:41,930 users.py:66  ERROR User rando not found in database
2021-03-02 15:12:41,931 users.py:21  INFO New UserCollection instance created
2021-03-02 15:12:41,932 users.py:81  INFO User rando sucessfully found
2021-03-02 15:12:41,933 users.py:21  INFO New UserCollection instance created
2021-03-02 15:12:41,934 users.py:79  ERROR User rando not found in database
2021-03-02 15:27:27,685 main.py:27  INFO Creating a new UserCollection
2021-03-02 15:27:27,686 main.py:36  INFO Createing a new UserStatusCollection
2021-03-02 15:27:27,688 main.py:62  INFO Loading users from accounts.csv
2021-03-02 15:27:27,688 main.py:86  INFO Saving collection in database
2021-03-02 15:27:27,689 main.py:59  ERROR User files must be in csv format
2021-03-02 15:27:27,691 main.py:62  INFO Loading users from accounts.csv
2021-03-02 15:27:27,691 main.py:72  ERROR Users need four parameters
2021-03-02 15:27:27,691 main.py:62  INFO Loading users from accounts.csv
2021-03-02 15:27:27,691 main.py:72  ERROR Users need four parameters
2021-03-02 15:27:27,691 main.py:62  INFO Loading users from accounts.csv
2021-03-02 15:27:27,691 main.py:72  ERROR Users need four parameters
2021-03-02 15:27:27,691 main.py:62  INFO Loading users from accounts.csv
2021-03-02 15:27:27,692 main.py:72  ERROR Users need four parameters
2021-03-02 15:27:27,692 main.py:62  INFO Loading users from accounts.csv
2021-03-02 15:27:27,692 main.py:72  ERROR Users need four parameters
2021-03-02 15:27:27,693 main.py:62  INFO Loading users from accounts.csv
2021-03-02 15:27:27,693 main.py:77  ERROR Users can not have empty fields
2021-03-02 15:27:27,693 main.py:62  INFO Loading users from accounts.csv
2021-03-02 15:27:27,693 main.py:77  ERROR Users can not have empty fields
2021-03-02 15:27:27,694 main.py:62  INFO Loading users from accounts.csv
2021-03-02 15:27:27,694 main.py:77  ERROR Users can not have empty fields
2021-03-02 15:27:27,694 main.py:62  INFO Loading users from accounts.csv
2021-03-02 15:27:27,694 main.py:77  ERROR Users can not have empty fields
2021-03-02 15:27:27,695 main.py:62  INFO Loading users from accounts.csv
2021-03-02 15:27:27,695 main.py:67  ERROR accounts.csv does not contain data
2021-03-02 15:27:27,697 main.py:116 INFO Saving statuses to status_updates.csv
2021-03-02 15:27:27,697 main.py:140 INFO Saving collection in database
2021-03-02 15:27:27,698 main.py:113 ERROR UserStatus files must be in csv format
2021-03-02 15:27:27,700 main.py:116 INFO Saving statuses to status_updates.csv
2021-03-02 15:27:27,700 main.py:126 ERROR UserStatus needs three parameters
2021-03-02 15:27:27,700 main.py:116 INFO Saving statuses to status_updates.csv
2021-03-02 15:27:27,700 main.py:126 ERROR UserStatus needs three parameters
2021-03-02 15:27:27,700 main.py:116 INFO Saving statuses to status_updates.csv
2021-03-02 15:27:27,700 main.py:126 ERROR UserStatus needs three parameters
2021-03-02 15:27:27,700 main.py:116 INFO Saving statuses to status_updates.csv
2021-03-02 15:27:27,700 main.py:126 ERROR UserStatus needs three parameters
2021-03-02 15:27:27,701 main.py:116 INFO Saving statuses to status_updates.csv
2021-03-02 15:27:27,701 main.py:126 ERROR UserStatus needs three parameters
2021-03-02 15:27:27,702 main.py:116 INFO Saving statuses to status_updates.csv
2021-03-02 15:27:27,703 main.py:131 ERROR UserStatus can not have empty fields
2021-03-02 15:27:27,703 main.py:116 INFO Saving statuses to status_updates.csv
2021-03-02 15:27:27,703 main.py:131 ERROR UserStatus can not have empty fields
2021-03-02 15:27:27,703 main.py:116 INFO Saving statuses to status_updates.csv
2021-03-02 15:27:27,703 main.py:131 ERROR UserStatus can not have empty fields
2021-03-02 15:27:27,704 main.py:116 INFO Saving statuses to status_updates.csv
2021-03-02 15:27:27,704 main.py:121 ERROR status_updates.csv does not contain data
2021-03-02 15:27:27,706 main.py:158 INFO Adding a new User
2021-03-02 15:27:27,707 main.py:170 INFO Updating an User
2021-03-02 15:27:27,708 main.py:183 INFO Deleting an User
2021-03-02 15:27:27,709 main.py:197 INFO Searching for an User
2021-03-02 15:27:27,710 main.py:197 INFO Searching for an User
2021-03-02 15:27:27,711 main.py:215 INFO Adding an UserStatus
2021-03-02 15:27:27,713 main.py:227 INFO Updating an UserStatus
2021-03-02 15:27:27,714 main.py:239 INFO Deleting an UserStatus
2021-03-02 15:27:27,715 main.py:252 INFO Searching for an UserStatus
2021-03-02 15:27:27,716 main.py:252 INFO Searching for an UserStatus
2021-03-02 15:27:27,717 main.py:263 INFO Searching for matching UserStatuses
2021-03-02 15:27:27,719 main.py:272 INFO Searching for UserStatuses matching string
2021-03-02 15:27:27,725 main.py:27  INFO Creating a new UserCollection
2021-03-02 15:27:27,733 users.py:21  INFO New UserCollection instance created
2021-03-02 15:27:27,733 main.py:36  INFO Createing a new UserStatusCollection
2021-03-02 15:27:27,737 user_status.py:21  INFO New UserStatusCollection instance created
2021-03-02 15:27:28,530 main.py:62  INFO Loading users from accounts.csv
2021-03-02 15:27:28,530 main.py:67  ERROR accounts.csv does not contain data
2021-03-02 15:27:28,530 main.py:158 INFO Adding a new User
2021-03-02 15:27:28,575 users.py:37  INFO User dave03 sucessfully added
2021-03-02 15:27:28,576 main.py:158 INFO Adding a new User
2021-03-02 15:27:28,578 users.py:37  INFO User dave03 sucessfully added
2021-03-02 15:27:28,623 user_status.py:21  INFO New UserStatusCollection instance created
2021-03-02 15:27:28,625 user_status.py:21  INFO New UserStatusCollection instance created
2021-03-02 15:27:28,626 user_status.py:45  INFO Status rando_001 added to database
2021-03-02 15:27:28,627 user_status.py:21  INFO New UserStatusCollection instance created
2021-03-02 15:27:28,628 user_status.py:43  ERROR Status rando_001 already exists in database
2021-03-02 15:27:28,630 user_status.py:21  INFO New UserStatusCollection instance created
2021-03-02 15:27:28,630 user_status.py:39  ERROR User rando does not exist
2021-03-02 15:27:28,632 user_status.py:21  INFO New UserStatusCollection instance created
2021-03-02 15:27:28,633 user_status.py:62  INFO Status rando_001 sucessfully modified
2021-03-02 15:27:28,634 user_status.py:21  INFO New UserStatusCollection instance created
2021-03-02 15:27:28,635 user_status.py:57  ERROR Status rando_001 not found database
2021-03-02 15:27:28,636 user_status.py:21  INFO New UserStatusCollection instance created
2021-03-02 15:27:28,637 user_status.py:76  INFO Status rando_001 sucessfully deleted
2021-03-02 15:27:28,639 user_status.py:21  INFO New UserStatusCollection instance created
2021-03-02 15:27:28,639 user_status.py:74  ERROR Status rando_001 not found database
2021-03-02 15:27:28,641 user_status.py:21  INFO New UserStatusCollection instance created
2021-03-02 15:27:28,642 user_status.py:90  INFO Status rando_001 sucessfully found
2021-03-02 15:27:28,643 user_status.py:21  INFO New UserStatusCollection instance created
2021-03-02 15:27:28,644 user_status.py:88  ERROR Status rando_001 not found database
2021-03-02 15:27:28,645 user_status.py:21  INFO New UserStatusCollection instance created
2021-03-02 15:27:28,646 user_status.py:98  INFO Found statuses posted by rando
2021-03-02 15:27:28,648 user_status.py:21  INFO New UserStatusCollection instance created
2021-03-02 15:27:28,648 user_status.py:106 INFO Found statuses matching best
2021-03-02 15:27:28,650 users.py:21  INFO New UserCollection instance created
2021-03-02 15:27:28,652 users.py:21  INFO New UserCollection instance created
2021-03-02 15:27:28,652 users.py:37  INFO User rando sucessfully added
2021-03-02 15:27:28,654 users.py:21  INFO New UserCollection instance created
2021-03-02 15:27:28,655 users.py:35  ERROR User rando breaks database rule: ERR_MSG
2021-03-02 15:27:28,656 users.py:21  INFO New UserCollection instance created
2021-03-02 15:27:28,657 users.py:54  INFO User rando sucessfully modified
2021-03-02 15:27:28,658 users.py:21  INFO New UserCollection instance created
2021-03-02 15:27:28,659 users.py:50  ERROR User rando not found in database
2021-03-02 15:27:28,660 users.py:21  INFO New UserCollection instance created
2021-03-02 15:27:28,662 users.py:69  INFO User rando sucessfully deleted
2021-03-02 15:27:28,663 users.py:21  INFO New UserCollection instance created
2021-03-02 15:27:28,664 users.py:66  ERROR User rando not found in database
2021-03-02 15:27:28,665 users.py:21  INFO New UserCollection instance created
2021-03-02 15:27:28,666 users.py:82  INFO User rando sucessfully found
2021-03-02 15:27:28,667 users.py:21  INFO New UserCollection instance created
2021-03-02 15:27:28,668 users.py:80  ERROR User rando not found in database
2021-03-02 15:31:31,699 main.py:27  INFO Creating a new UserCollection
2021-03-02 15:31:59,847 main.py:27  INFO Creating a new UserCollection
2021-03-02 15:34:12,127 main.py:27  INFO Creating a new UserCollection
2021-03-02 15:34:12,247 users.py:21  INFO New UserCollection instance created
2021-03-02 15:34:23,169 main.py:27  INFO Creating a new UserCollection
2021-03-02 15:34:23,170 main.py:36  INFO Createing a new UserStatusCollection
2021-03-02 15:34:23,172 main.py:62  INFO Loading users from accounts.csv
2021-03-02 15:34:23,172 main.py:86  INFO Saving collection in database
2021-03-02 15:34:23,174 main.py:59  ERROR User files must be in csv format
2021-03-02 15:34:23,175 main.py:62  INFO Loading users from accounts.csv
2021-03-02 15:34:23,175 main.py:72  ERROR Users need four parameters
2021-03-02 15:34:23,175 main.py:62  INFO Loading users from accounts.csv
2021-03-02 15:34:23,175 main.py:72  ERROR Users need four parameters
2021-03-02 15:34:23,175 main.py:62  INFO Loading users from accounts.csv
2021-03-02 15:34:23,175 main.py:72  ERROR Users need four parameters
2021-03-02 15:34:23,176 main.py:62  INFO Loading users from accounts.csv
2021-03-02 15:34:23,176 main.py:72  ERROR Users need four parameters
2021-03-02 15:34:23,176 main.py:62  INFO Loading users from accounts.csv
2021-03-02 15:34:23,176 main.py:72  ERROR Users need four parameters
2021-03-02 15:34:23,177 main.py:62  INFO Loading users from accounts.csv
2021-03-02 15:34:23,177 main.py:77  ERROR Users can not have empty fields
2021-03-02 15:34:23,178 main.py:62  INFO Loading users from accounts.csv
2021-03-02 15:34:23,178 main.py:77  ERROR Users can not have empty fields
2021-03-02 15:34:23,178 main.py:62  INFO Loading users from accounts.csv
2021-03-02 15:34:23,178 main.py:77  ERROR Users can not have empty fields
2021-03-02 15:34:23,178 main.py:62  INFO Loading users from accounts.csv
2021-03-02 15:34:23,178 main.py:77  ERROR Users can not have empty fields
2021-03-02 15:34:23,180 main.py:62  INFO Loading users from accounts.csv
2021-03-02 15:34:23,180 main.py:67  ERROR accounts.csv does not contain data
2021-03-02 15:34:23,181 main.py:116 INFO Saving statuses to status_updates.csv
2021-03-02 15:34:23,181 main.py:140 INFO Saving collection in database
2021-03-02 15:34:23,183 main.py:113 ERROR UserStatus files must be in csv format
2021-03-02 15:34:23,184 main.py:116 INFO Saving statuses to status_updates.csv
2021-03-02 15:34:23,184 main.py:126 ERROR UserStatus needs three parameters
2021-03-02 15:34:23,184 main.py:116 INFO Saving statuses to status_updates.csv
2021-03-02 15:34:23,184 main.py:126 ERROR UserStatus needs three parameters
2021-03-02 15:34:23,184 main.py:116 INFO Saving statuses to status_updates.csv
2021-03-02 15:34:23,185 main.py:126 ERROR UserStatus needs three parameters
2021-03-02 15:34:23,185 main.py:116 INFO Saving statuses to status_updates.csv
2021-03-02 15:34:23,185 main.py:126 ERROR UserStatus needs three parameters
2021-03-02 15:34:23,185 main.py:116 INFO Saving statuses to status_updates.csv
2021-03-02 15:34:23,185 main.py:126 ERROR UserStatus needs three parameters
2021-03-02 15:34:23,186 main.py:116 INFO Saving statuses to status_updates.csv
2021-03-02 15:34:23,186 main.py:131 ERROR UserStatus can not have empty fields
2021-03-02 15:34:23,187 main.py:116 INFO Saving statuses to status_updates.csv
2021-03-02 15:34:23,187 main.py:131 ERROR UserStatus can not have empty fields
2021-03-02 15:34:23,187 main.py:116 INFO Saving statuses to status_updates.csv
2021-03-02 15:34:23,187 main.py:131 ERROR UserStatus can not have empty fields
2021-03-02 15:34:23,189 main.py:116 INFO Saving statuses to status_updates.csv
2021-03-02 15:34:23,189 main.py:121 ERROR status_updates.csv does not contain data
2021-03-02 15:34:23,190 main.py:158 INFO Adding a new User
2021-03-02 15:34:23,191 main.py:170 INFO Updating an User
2021-03-02 15:34:23,192 main.py:183 INFO Deleting an User
2021-03-02 15:34:23,194 main.py:197 INFO Searching for an User
2021-03-02 15:34:23,195 main.py:197 INFO Searching for an User
2021-03-02 15:34:23,196 main.py:215 INFO Adding an UserStatus
2021-03-02 15:34:23,197 main.py:227 INFO Updating an UserStatus
2021-03-02 15:34:23,198 main.py:239 INFO Deleting an UserStatus
2021-03-02 15:34:23,200 main.py:252 INFO Searching for an UserStatus
2021-03-02 15:34:23,201 main.py:252 INFO Searching for an UserStatus
2021-03-02 15:34:23,202 main.py:263 INFO Searching for matching UserStatuses
2021-03-02 15:34:23,204 main.py:272 INFO Searching for UserStatuses matching string
2021-03-02 15:34:23,205 main.py:27  INFO Creating a new UserCollection
2021-03-02 15:34:23,218 users.py:21  INFO New UserCollection instance created
2021-03-02 15:34:23,218 main.py:36  INFO Createing a new UserStatusCollection
2021-03-02 15:34:23,292 user_status.py:21  INFO New UserStatusCollection instance created
2021-03-02 15:34:23,803 main.py:62  INFO Loading users from accounts.csv
2021-03-02 15:34:23,803 main.py:67  ERROR accounts.csv does not contain data
2021-03-02 15:34:23,803 main.py:158 INFO Adding a new User
2021-03-02 15:34:23,848 users.py:37  INFO User dave03 sucessfully added
2021-03-02 15:34:23,848 main.py:158 INFO Adding a new User
2021-03-02 15:34:23,851 users.py:37  INFO User dave03 sucessfully added
2021-03-02 15:34:23,893 user_status.py:21  INFO New UserStatusCollection instance created
2021-03-02 15:34:23,895 user_status.py:21  INFO New UserStatusCollection instance created
2021-03-02 15:34:23,896 user_status.py:45  INFO Status rando_001 added to database
2021-03-02 15:34:23,898 user_status.py:21  INFO New UserStatusCollection instance created
2021-03-02 15:34:23,899 user_status.py:43  ERROR Status rando_001 already exists in database
2021-03-02 15:34:23,900 user_status.py:21  INFO New UserStatusCollection instance created
2021-03-02 15:34:23,901 user_status.py:39  ERROR User rando does not exist
2021-03-02 15:34:23,903 user_status.py:21  INFO New UserStatusCollection instance created
2021-03-02 15:34:23,903 user_status.py:62  INFO Status rando_001 sucessfully modified
2021-03-02 15:34:23,905 user_status.py:21  INFO New UserStatusCollection instance created
2021-03-02 15:34:23,905 user_status.py:57  ERROR Status rando_001 not found database
2021-03-02 15:34:23,907 user_status.py:21  INFO New UserStatusCollection instance created
2021-03-02 15:34:23,908 user_status.py:76  INFO Status rando_001 sucessfully deleted
2021-03-02 15:34:23,909 user_status.py:21  INFO New UserStatusCollection instance created
2021-03-02 15:34:23,910 user_status.py:74  ERROR Status rando_001 not found database
2021-03-02 15:34:23,911 user_status.py:21  INFO New UserStatusCollection instance created
2021-03-02 15:34:23,912 user_status.py:90  INFO Status rando_001 sucessfully found
2021-03-02 15:34:23,914 user_status.py:21  INFO New UserStatusCollection instance created
2021-03-02 15:34:23,914 user_status.py:88  ERROR Status rando_001 not found database
2021-03-02 15:34:23,916 user_status.py:21  INFO New UserStatusCollection instance created
2021-03-02 15:34:23,916 user_status.py:98  INFO Found statuses posted by rando
2021-03-02 15:34:23,918 user_status.py:21  INFO New UserStatusCollection instance created
2021-03-02 15:34:23,919 user_status.py:106 INFO Found statuses matching best
2021-03-02 15:34:23,920 users.py:21  INFO New UserCollection instance created
2021-03-02 15:34:23,922 users.py:21  INFO New UserCollection instance created
2021-03-02 15:34:23,923 users.py:37  INFO User rando sucessfully added
2021-03-02 15:34:23,924 users.py:21  INFO New UserCollection instance created
2021-03-02 15:34:23,925 users.py:35  ERROR User rando breaks database rule: ERR_MSG
2021-03-02 15:34:23,927 users.py:21  INFO New UserCollection instance created
2021-03-02 15:34:23,927 users.py:54  INFO User rando sucessfully modified
2021-03-02 15:34:23,929 users.py:21  INFO New UserCollection instance created
2021-03-02 15:34:23,929 users.py:50  ERROR User rando not found in database
2021-03-02 15:34:23,931 users.py:21  INFO New UserCollection instance created
2021-03-02 15:34:23,932 users.py:69  INFO User rando sucessfully deleted
2021-03-02 15:34:23,934 users.py:21  INFO New UserCollection instance created
2021-03-02 15:34:23,934 users.py:66  ERROR User rando not found in database
2021-03-02 15:34:23,936 users.py:21  INFO New UserCollection instance created
2021-03-02 15:34:23,936 users.py:82  INFO User rando sucessfully found
2021-03-02 15:34:23,938 users.py:21  INFO New UserCollection instance created
2021-03-02 15:34:23,938 users.py:80  ERROR User rando not found in database
2021-03-02 15:37:43,177 main.py:27  INFO Creating a new UserCollection
2021-03-02 15:37:43,179 main.py:36  INFO Createing a new UserStatusCollection
2021-03-02 15:37:43,180 main.py:62  INFO Loading users from accounts.csv
2021-03-02 15:37:43,180 main.py:86  INFO Saving collection in database
2021-03-02 15:37:43,182 main.py:59  ERROR User files must be in csv format
2021-03-02 15:37:43,183 main.py:62  INFO Loading users from accounts.csv
2021-03-02 15:37:43,183 main.py:72  ERROR Users need four parameters
2021-03-02 15:37:43,183 main.py:62  INFO Loading users from accounts.csv
2021-03-02 15:37:43,183 main.py:72  ERROR Users need four parameters
2021-03-02 15:37:43,184 main.py:62  INFO Loading users from accounts.csv
2021-03-02 15:37:43,184 main.py:72  ERROR Users need four parameters
2021-03-02 15:37:43,184 main.py:62  INFO Loading users from accounts.csv
2021-03-02 15:37:43,184 main.py:72  ERROR Users need four parameters
2021-03-02 15:37:43,184 main.py:62  INFO Loading users from accounts.csv
2021-03-02 15:37:43,184 main.py:72  ERROR Users need four parameters
2021-03-02 15:37:43,186 main.py:62  INFO Loading users from accounts.csv
2021-03-02 15:37:43,186 main.py:77  ERROR Users can not have empty fields
2021-03-02 15:37:43,186 main.py:62  INFO Loading users from accounts.csv
2021-03-02 15:37:43,186 main.py:77  ERROR Users can not have empty fields
2021-03-02 15:37:43,186 main.py:62  INFO Loading users from accounts.csv
2021-03-02 15:37:43,186 main.py:77  ERROR Users can not have empty fields
2021-03-02 15:37:43,186 main.py:62  INFO Loading users from accounts.csv
2021-03-02 15:37:43,186 main.py:77  ERROR Users can not have empty fields
2021-03-02 15:37:43,188 main.py:62  INFO Loading users from accounts.csv
2021-03-02 15:37:43,188 main.py:67  ERROR accounts.csv does not contain data
2021-03-02 15:37:43,189 main.py:116 INFO Saving statuses to status_updates.csv
2021-03-02 15:37:43,189 main.py:140 INFO Saving collection in database
2021-03-02 15:37:43,191 main.py:113 ERROR UserStatus files must be in csv format
2021-03-02 15:37:43,192 main.py:116 INFO Saving statuses to status_updates.csv
2021-03-02 15:37:43,192 main.py:126 ERROR UserStatus needs three parameters
2021-03-02 15:37:43,192 main.py:116 INFO Saving statuses to status_updates.csv
2021-03-02 15:37:43,192 main.py:126 ERROR UserStatus needs three parameters
2021-03-02 15:37:43,193 main.py:116 INFO Saving statuses to status_updates.csv
2021-03-02 15:37:43,193 main.py:126 ERROR UserStatus needs three parameters
2021-03-02 15:37:43,193 main.py:116 INFO Saving statuses to status_updates.csv
2021-03-02 15:37:43,193 main.py:126 ERROR UserStatus needs three parameters
2021-03-02 15:37:43,193 main.py:116 INFO Saving statuses to status_updates.csv
2021-03-02 15:37:43,193 main.py:126 ERROR UserStatus needs three parameters
2021-03-02 15:37:43,195 main.py:116 INFO Saving statuses to status_updates.csv
2021-03-02 15:37:43,195 main.py:131 ERROR UserStatus can not have empty fields
2021-03-02 15:37:43,195 main.py:116 INFO Saving statuses to status_updates.csv
2021-03-02 15:37:43,195 main.py:131 ERROR UserStatus can not have empty fields
2021-03-02 15:37:43,195 main.py:116 INFO Saving statuses to status_updates.csv
2021-03-02 15:37:43,196 main.py:131 ERROR UserStatus can not have empty fields
2021-03-02 15:37:43,197 main.py:116 INFO Saving statuses to status_updates.csv
2021-03-02 15:37:43,197 main.py:121 ERROR status_updates.csv does not contain data
2021-03-02 15:37:43,198 main.py:158 INFO Adding a new User
2021-03-02 15:37:43,199 main.py:170 INFO Updating an User
2021-03-02 15:37:43,201 main.py:183 INFO Deleting an User
2021-03-02 15:37:43,202 main.py:197 INFO Searching for an User
2021-03-02 15:37:43,203 main.py:197 INFO Searching for an User
2021-03-02 15:37:43,204 main.py:215 INFO Adding an UserStatus
2021-03-02 15:37:43,205 main.py:227 INFO Updating an UserStatus
2021-03-02 15:37:43,206 main.py:239 INFO Deleting an UserStatus
2021-03-02 15:37:43,208 main.py:252 INFO Searching for an UserStatus
2021-03-02 15:37:43,209 main.py:252 INFO Searching for an UserStatus
2021-03-02 15:37:43,210 main.py:263 INFO Searching for matching UserStatuses
2021-03-02 15:37:43,212 main.py:272 INFO Searching for UserStatuses matching string
2021-03-02 15:37:43,218 main.py:27  INFO Creating a new UserCollection
2021-03-02 15:37:43,302 users.py:21  INFO New UserCollection instance created
2021-03-02 15:37:43,302 main.py:36  INFO Createing a new UserStatusCollection
2021-03-02 15:37:43,369 user_status.py:21  INFO New UserStatusCollection instance created
2021-03-02 15:37:43,369 main.py:62  INFO Loading users from accounts.csv
2021-03-02 15:37:43,369 main.py:67  ERROR accounts.csv does not contain data
2021-03-02 15:37:43,369 main.py:158 INFO Adding a new User
2021-03-02 15:37:43,742 users.py:37  INFO User dave03 sucessfully added
2021-03-02 15:37:43,742 main.py:158 INFO Adding a new User
2021-03-02 15:37:43,744 users.py:35  ERROR User dave03 breaks database rule: E11000 duplicate key error collection: social.UserTable index: user_id_1 dup key: { user_id: "dave03" }, full error: {'index': 0, 'code': 11000, 'keyPattern': {'user_id': 1}, 'keyValue': {'user_id': 'dave03'}, 'errmsg': 'E11000 duplicate key error collection: social.UserTable index: user_id_1 dup key: { user_id: "dave03" }'}
2021-03-02 15:37:43,745 main.py:170 INFO Updating an User
2021-03-02 15:37:43,748 users.py:54  INFO User dave03 sucessfully modified
2021-03-02 15:37:43,748 main.py:170 INFO Updating an User
2021-03-02 15:37:43,750 users.py:50  ERROR User dave02 not found in database
2021-03-02 15:37:43,750 main.py:197 INFO Searching for an User
2021-03-02 15:37:43,793 user_status.py:21  INFO New UserStatusCollection instance created
2021-03-02 15:37:43,795 user_status.py:21  INFO New UserStatusCollection instance created
2021-03-02 15:37:43,796 user_status.py:45  INFO Status rando_001 added to database
2021-03-02 15:37:43,798 user_status.py:21  INFO New UserStatusCollection instance created
2021-03-02 15:37:43,798 user_status.py:43  ERROR Status rando_001 already exists in database
2021-03-02 15:37:43,800 user_status.py:21  INFO New UserStatusCollection instance created
2021-03-02 15:37:43,801 user_status.py:39  ERROR User rando does not exist
2021-03-02 15:37:43,802 user_status.py:21  INFO New UserStatusCollection instance created
2021-03-02 15:37:43,803 user_status.py:62  INFO Status rando_001 sucessfully modified
2021-03-02 15:37:43,804 user_status.py:21  INFO New UserStatusCollection instance created
2021-03-02 15:37:43,805 user_status.py:57  ERROR Status rando_001 not found database
2021-03-02 15:37:43,806 user_status.py:21  INFO New UserStatusCollection instance created
2021-03-02 15:37:43,807 user_status.py:76  INFO Status rando_001 sucessfully deleted
2021-03-02 15:37:43,809 user_status.py:21  INFO New UserStatusCollection instance created
2021-03-02 15:37:43,810 user_status.py:74  ERROR Status rando_001 not found database
2021-03-02 15:37:43,811 user_status.py:21  INFO New UserStatusCollection instance created
2021-03-02 15:37:43,812 user_status.py:90  INFO Status rando_001 sucessfully found
2021-03-02 15:37:43,813 user_status.py:21  INFO New UserStatusCollection instance created
2021-03-02 15:37:43,814 user_status.py:88  ERROR Status rando_001 not found database
2021-03-02 15:37:43,816 user_status.py:21  INFO New UserStatusCollection instance created
2021-03-02 15:37:43,816 user_status.py:98  INFO Found statuses posted by rando
2021-03-02 15:37:43,818 user_status.py:21  INFO New UserStatusCollection instance created
2021-03-02 15:37:43,819 user_status.py:106 INFO Found statuses matching best
2021-03-02 15:37:43,821 users.py:21  INFO New UserCollection instance created
2021-03-02 15:37:43,823 users.py:21  INFO New UserCollection instance created
2021-03-02 15:37:43,823 users.py:37  INFO User rando sucessfully added
2021-03-02 15:37:43,825 users.py:21  INFO New UserCollection instance created
2021-03-02 15:37:43,825 users.py:35  ERROR User rando breaks database rule: ERR_MSG
2021-03-02 15:37:43,827 users.py:21  INFO New UserCollection instance created
2021-03-02 15:37:43,828 users.py:54  INFO User rando sucessfully modified
2021-03-02 15:37:43,829 users.py:21  INFO New UserCollection instance created
2021-03-02 15:37:43,830 users.py:50  ERROR User rando not found in database
2021-03-02 15:37:43,832 users.py:21  INFO New UserCollection instance created
2021-03-02 15:37:43,832 users.py:69  INFO User rando sucessfully deleted
2021-03-02 15:37:43,834 users.py:21  INFO New UserCollection instance created
2021-03-02 15:37:43,834 users.py:66  ERROR User rando not found in database
2021-03-02 15:37:43,836 users.py:21  INFO New UserCollection instance created
2021-03-02 15:37:43,836 users.py:82  INFO User rando sucessfully found
2021-03-02 15:37:43,838 users.py:21  INFO New UserCollection instance created
2021-03-02 15:37:43,838 users.py:80  ERROR User rando not found in database
2021-03-02 15:49:10,355 main.py:27  INFO Creating a new UserCollection
2021-03-02 15:49:10,356 main.py:36  INFO Createing a new UserStatusCollection
2021-03-02 15:49:10,358 main.py:62  INFO Loading users from accounts.csv
2021-03-02 15:49:10,358 main.py:86  INFO Saving collection in database
2021-03-02 15:49:10,361 main.py:59  ERROR User files must be in csv format
2021-03-02 15:49:10,361 main.py:62  INFO Loading users from accounts.csv
2021-03-02 15:49:10,361 main.py:72  ERROR Users need four parameters
2021-03-02 15:49:10,361 main.py:62  INFO Loading users from accounts.csv
2021-03-02 15:49:10,361 main.py:72  ERROR Users need four parameters
2021-03-02 15:49:10,361 main.py:62  INFO Loading users from accounts.csv
2021-03-02 15:49:10,361 main.py:72  ERROR Users need four parameters
2021-03-02 15:49:10,363 main.py:62  INFO Loading users from accounts.csv
2021-03-02 15:49:10,363 main.py:72  ERROR Users need four parameters
2021-03-02 15:49:10,363 main.py:62  INFO Loading users from accounts.csv
2021-03-02 15:49:10,363 main.py:72  ERROR Users need four parameters
2021-03-02 15:49:10,364 main.py:62  INFO Loading users from accounts.csv
2021-03-02 15:49:10,364 main.py:77  ERROR Users can not have empty fields
2021-03-02 15:49:10,365 main.py:62  INFO Loading users from accounts.csv
2021-03-02 15:49:10,365 main.py:77  ERROR Users can not have empty fields
2021-03-02 15:49:10,365 main.py:62  INFO Loading users from accounts.csv
2021-03-02 15:49:10,365 main.py:77  ERROR Users can not have empty fields
2021-03-02 15:49:10,365 main.py:62  INFO Loading users from accounts.csv
2021-03-02 15:49:10,365 main.py:77  ERROR Users can not have empty fields
2021-03-02 15:49:10,366 main.py:62  INFO Loading users from accounts.csv
2021-03-02 15:49:10,367 main.py:67  ERROR accounts.csv does not contain data
2021-03-02 15:49:10,368 main.py:116 INFO Saving statuses to status_updates.csv
2021-03-02 15:49:10,368 main.py:140 INFO Saving collection in database
2021-03-02 15:49:10,370 main.py:113 ERROR UserStatus files must be in csv format
2021-03-02 15:49:10,371 main.py:116 INFO Saving statuses to status_updates.csv
2021-03-02 15:49:10,371 main.py:126 ERROR UserStatus needs three parameters
2021-03-02 15:49:10,371 main.py:116 INFO Saving statuses to status_updates.csv
2021-03-02 15:49:10,371 main.py:126 ERROR UserStatus needs three parameters
2021-03-02 15:49:10,371 main.py:116 INFO Saving statuses to status_updates.csv
2021-03-02 15:49:10,372 main.py:126 ERROR UserStatus needs three parameters
2021-03-02 15:49:10,372 main.py:116 INFO Saving statuses to status_updates.csv
2021-03-02 15:49:10,372 main.py:126 ERROR UserStatus needs three parameters
2021-03-02 15:49:10,372 main.py:116 INFO Saving statuses to status_updates.csv
2021-03-02 15:49:10,372 main.py:126 ERROR UserStatus needs three parameters
2021-03-02 15:49:10,374 main.py:116 INFO Saving statuses to status_updates.csv
2021-03-02 15:49:10,374 main.py:131 ERROR UserStatus can not have empty fields
2021-03-02 15:49:10,374 main.py:116 INFO Saving statuses to status_updates.csv
2021-03-02 15:49:10,374 main.py:131 ERROR UserStatus can not have empty fields
2021-03-02 15:49:10,374 main.py:116 INFO Saving statuses to status_updates.csv
2021-03-02 15:49:10,374 main.py:131 ERROR UserStatus can not have empty fields
2021-03-02 15:49:10,376 main.py:116 INFO Saving statuses to status_updates.csv
2021-03-02 15:49:10,376 main.py:121 ERROR status_updates.csv does not contain data
2021-03-02 15:49:10,377 main.py:158 INFO Adding a new User
2021-03-02 15:49:10,378 main.py:170 INFO Updating an User
2021-03-02 15:49:10,379 main.py:183 INFO Deleting an User
2021-03-02 15:49:10,381 main.py:197 INFO Searching for an User
2021-03-02 15:49:10,382 main.py:197 INFO Searching for an User
2021-03-02 15:49:10,383 main.py:215 INFO Adding an UserStatus
2021-03-02 15:49:10,384 main.py:227 INFO Updating an UserStatus
2021-03-02 15:49:10,385 main.py:239 INFO Deleting an UserStatus
2021-03-02 15:49:10,386 main.py:252 INFO Searching for an UserStatus
2021-03-02 15:49:10,388 main.py:252 INFO Searching for an UserStatus
2021-03-02 15:49:10,389 main.py:263 INFO Searching for matching UserStatuses
2021-03-02 15:49:10,391 main.py:272 INFO Searching for UserStatuses matching string
2021-03-02 15:49:10,404 main.py:27  INFO Creating a new UserCollection
2021-03-02 15:49:10,478 users.py:21  INFO New UserCollection instance created
2021-03-02 15:49:10,478 main.py:36  INFO Createing a new UserStatusCollection
2021-03-02 15:49:10,556 user_status.py:21  INFO New UserStatusCollection instance created
2021-03-02 15:49:10,557 main.py:62  INFO Loading users from accounts.csv
2021-03-02 15:49:10,557 main.py:67  ERROR accounts.csv does not contain data
2021-03-02 15:49:10,557 main.py:158 INFO Adding a new User
2021-03-02 15:49:10,923 users.py:37  INFO User dave03 sucessfully added
2021-03-02 15:49:10,923 main.py:158 INFO Adding a new User
2021-03-02 15:49:10,925 users.py:35  ERROR User dave03 breaks database rule: E11000 duplicate key error collection: social.UserTable index: user_id_1 dup key: { user_id: "dave03" }, full error: {'index': 0, 'code': 11000, 'keyPattern': {'user_id': 1}, 'keyValue': {'user_id': 'dave03'}, 'errmsg': 'E11000 duplicate key error collection: social.UserTable index: user_id_1 dup key: { user_id: "dave03" }'}
2021-03-02 15:49:10,926 main.py:170 INFO Updating an User
2021-03-02 15:49:10,929 users.py:54  INFO User dave03 sucessfully modified
2021-03-02 15:49:10,929 main.py:170 INFO Updating an User
2021-03-02 15:49:10,931 users.py:50  ERROR User dave02 not found in database
2021-03-02 15:49:10,931 main.py:197 INFO Searching for an User
2021-03-02 15:49:10,933 users.py:82  INFO User dave03 sucessfully found
2021-03-02 15:49:10,958 user_status.py:21  INFO New UserStatusCollection instance created
2021-03-02 15:49:10,960 user_status.py:21  INFO New UserStatusCollection instance created
2021-03-02 15:49:10,962 user_status.py:45  INFO Status rando_001 added to database
2021-03-02 15:49:10,963 user_status.py:21  INFO New UserStatusCollection instance created
2021-03-02 15:49:10,964 user_status.py:43  ERROR Status rando_001 already exists in database
2021-03-02 15:49:10,966 user_status.py:21  INFO New UserStatusCollection instance created
2021-03-02 15:49:10,966 user_status.py:39  ERROR User rando does not exist
2021-03-02 15:49:10,968 user_status.py:21  INFO New UserStatusCollection instance created
2021-03-02 15:49:10,968 user_status.py:62  INFO Status rando_001 sucessfully modified
2021-03-02 15:49:10,970 user_status.py:21  INFO New UserStatusCollection instance created
2021-03-02 15:49:10,970 user_status.py:57  ERROR Status rando_001 not found database
2021-03-02 15:49:10,972 user_status.py:21  INFO New UserStatusCollection instance created
2021-03-02 15:49:10,973 user_status.py:76  INFO Status rando_001 sucessfully deleted
2021-03-02 15:49:10,975 user_status.py:21  INFO New UserStatusCollection instance created
2021-03-02 15:49:10,975 user_status.py:74  ERROR Status rando_001 not found database
2021-03-02 15:49:10,977 user_status.py:21  INFO New UserStatusCollection instance created
2021-03-02 15:49:10,977 user_status.py:90  INFO Status rando_001 sucessfully found
2021-03-02 15:49:10,979 user_status.py:21  INFO New UserStatusCollection instance created
2021-03-02 15:49:10,979 user_status.py:88  ERROR Status rando_001 not found database
2021-03-02 15:49:10,981 user_status.py:21  INFO New UserStatusCollection instance created
2021-03-02 15:49:10,982 user_status.py:98  INFO Found statuses posted by rando
2021-03-02 15:49:10,983 user_status.py:21  INFO New UserStatusCollection instance created
2021-03-02 15:49:10,984 user_status.py:106 INFO Found statuses matching best
2021-03-02 15:49:10,986 users.py:21  INFO New UserCollection instance created
2021-03-02 15:49:10,988 users.py:21  INFO New UserCollection instance created
2021-03-02 15:49:10,989 users.py:37  INFO User rando sucessfully added
2021-03-02 15:49:10,990 users.py:21  INFO New UserCollection instance created
2021-03-02 15:49:10,991 users.py:35  ERROR User rando breaks database rule: ERR_MSG
2021-03-02 15:49:10,992 users.py:21  INFO New UserCollection instance created
2021-03-02 15:49:10,993 users.py:54  INFO User rando sucessfully modified
2021-03-02 15:49:10,995 users.py:21  INFO New UserCollection instance created
2021-03-02 15:49:10,995 users.py:50  ERROR User rando not found in database
2021-03-02 15:49:10,997 users.py:21  INFO New UserCollection instance created
2021-03-02 15:49:10,998 users.py:69  INFO User rando sucessfully deleted
2021-03-02 15:49:11,000 users.py:21  INFO New UserCollection instance created
2021-03-02 15:49:11,000 users.py:66  ERROR User rando not found in database
2021-03-02 15:49:11,002 users.py:21  INFO New UserCollection instance created
2021-03-02 15:49:11,002 users.py:82  INFO User rando sucessfully found
2021-03-02 15:49:11,004 users.py:21  INFO New UserCollection instance created
2021-03-02 15:49:11,004 users.py:80  ERROR User rando not found in database
2021-03-02 15:51:31,169 main.py:27  INFO Creating a new UserCollection
2021-03-02 15:51:31,171 main.py:36  INFO Createing a new UserStatusCollection
2021-03-02 15:51:31,173 main.py:62  INFO Loading users from accounts.csv
2021-03-02 15:51:31,173 main.py:86  INFO Saving collection in database
2021-03-02 15:51:31,175 main.py:59  ERROR User files must be in csv format
2021-03-02 15:51:31,176 main.py:62  INFO Loading users from accounts.csv
2021-03-02 15:51:31,176 main.py:72  ERROR Users need four parameters
2021-03-02 15:51:31,176 main.py:62  INFO Loading users from accounts.csv
2021-03-02 15:51:31,177 main.py:72  ERROR Users need four parameters
2021-03-02 15:51:31,177 main.py:62  INFO Loading users from accounts.csv
2021-03-02 15:51:31,177 main.py:72  ERROR Users need four parameters
2021-03-02 15:51:31,177 main.py:62  INFO Loading users from accounts.csv
2021-03-02 15:51:31,177 main.py:72  ERROR Users need four parameters
2021-03-02 15:51:31,177 main.py:62  INFO Loading users from accounts.csv
2021-03-02 15:51:31,177 main.py:72  ERROR Users need four parameters
2021-03-02 15:51:31,179 main.py:62  INFO Loading users from accounts.csv
2021-03-02 15:51:31,179 main.py:77  ERROR Users can not have empty fields
2021-03-02 15:51:31,179 main.py:62  INFO Loading users from accounts.csv
2021-03-02 15:51:31,179 main.py:77  ERROR Users can not have empty fields
2021-03-02 15:51:31,179 main.py:62  INFO Loading users from accounts.csv
2021-03-02 15:51:31,180 main.py:77  ERROR Users can not have empty fields
2021-03-02 15:51:31,180 main.py:62  INFO Loading users from accounts.csv
2021-03-02 15:51:31,180 main.py:77  ERROR Users can not have empty fields
2021-03-02 15:51:31,181 main.py:62  INFO Loading users from accounts.csv
2021-03-02 15:51:31,181 main.py:67  ERROR accounts.csv does not contain data
2021-03-02 15:51:31,184 main.py:116 INFO Saving statuses to status_updates.csv
2021-03-02 15:51:31,184 main.py:140 INFO Saving collection in database
2021-03-02 15:51:31,186 main.py:113 ERROR UserStatus files must be in csv format
2021-03-02 15:51:31,187 main.py:116 INFO Saving statuses to status_updates.csv
2021-03-02 15:51:31,187 main.py:126 ERROR UserStatus needs three parameters
2021-03-02 15:51:31,187 main.py:116 INFO Saving statuses to status_updates.csv
2021-03-02 15:51:31,187 main.py:126 ERROR UserStatus needs three parameters
2021-03-02 15:51:31,188 main.py:116 INFO Saving statuses to status_updates.csv
2021-03-02 15:51:31,188 main.py:126 ERROR UserStatus needs three parameters
2021-03-02 15:51:31,188 main.py:116 INFO Saving statuses to status_updates.csv
2021-03-02 15:51:31,188 main.py:126 ERROR UserStatus needs three parameters
2021-03-02 15:51:31,188 main.py:116 INFO Saving statuses to status_updates.csv
2021-03-02 15:51:31,188 main.py:126 ERROR UserStatus needs three parameters
2021-03-02 15:51:31,189 main.py:116 INFO Saving statuses to status_updates.csv
2021-03-02 15:51:31,189 main.py:131 ERROR UserStatus can not have empty fields
2021-03-02 15:51:31,190 main.py:116 INFO Saving statuses to status_updates.csv
2021-03-02 15:51:31,190 main.py:131 ERROR UserStatus can not have empty fields
2021-03-02 15:51:31,190 main.py:116 INFO Saving statuses to status_updates.csv
2021-03-02 15:51:31,190 main.py:131 ERROR UserStatus can not have empty fields
2021-03-02 15:51:31,192 main.py:116 INFO Saving statuses to status_updates.csv
2021-03-02 15:51:31,192 main.py:121 ERROR status_updates.csv does not contain data
2021-03-02 15:51:31,193 main.py:158 INFO Adding a new User
2021-03-02 15:51:31,194 main.py:170 INFO Updating an User
2021-03-02 15:51:31,195 main.py:183 INFO Deleting an User
2021-03-02 15:51:31,197 main.py:197 INFO Searching for an User
2021-03-02 15:51:31,221 main.py:197 INFO Searching for an User
2021-03-02 15:51:31,234 main.py:215 INFO Adding an UserStatus
2021-03-02 15:51:31,235 main.py:227 INFO Updating an UserStatus
2021-03-02 15:51:31,236 main.py:239 INFO Deleting an UserStatus
2021-03-02 15:51:31,237 main.py:252 INFO Searching for an UserStatus
2021-03-02 15:51:31,239 main.py:252 INFO Searching for an UserStatus
2021-03-02 15:51:31,240 main.py:263 INFO Searching for matching UserStatuses
2021-03-02 15:51:31,241 main.py:272 INFO Searching for UserStatuses matching string
2021-03-02 15:51:31,340 main.py:27  INFO Creating a new UserCollection
2021-03-02 15:51:31,419 users.py:21  INFO New UserCollection instance created
2021-03-02 15:51:31,419 main.py:36  INFO Createing a new UserStatusCollection
2021-03-02 15:51:31,485 user_status.py:21  INFO New UserStatusCollection instance created
2021-03-02 15:51:31,486 main.py:62  INFO Loading users from accounts.csv
2021-03-02 15:51:31,486 main.py:67  ERROR accounts.csv does not contain data
2021-03-02 15:51:31,486 main.py:158 INFO Adding a new User
2021-03-02 15:51:31,857 users.py:37  INFO User dave03 sucessfully added
2021-03-02 15:51:31,857 main.py:158 INFO Adding a new User
2021-03-02 15:51:31,859 users.py:35  ERROR User dave03 breaks database rule: E11000 duplicate key error collection: social.UserTable index: user_id_1 dup key: { user_id: "dave03" }, full error: {'index': 0, 'code': 11000, 'keyPattern': {'user_id': 1}, 'keyValue': {'user_id': 'dave03'}, 'errmsg': 'E11000 duplicate key error collection: social.UserTable index: user_id_1 dup key: { user_id: "dave03" }'}
2021-03-02 15:51:31,859 main.py:170 INFO Updating an User
2021-03-02 15:51:31,861 users.py:54  INFO User dave03 sucessfully modified
2021-03-02 15:51:31,861 main.py:170 INFO Updating an User
2021-03-02 15:51:31,863 users.py:50  ERROR User dave02 not found in database
2021-03-02 15:51:31,863 main.py:197 INFO Searching for an User
2021-03-02 15:51:31,865 users.py:82  INFO User dave03 sucessfully found
2021-03-02 15:51:31,889 user_status.py:21  INFO New UserStatusCollection instance created
2021-03-02 15:51:31,891 user_status.py:21  INFO New UserStatusCollection instance created
2021-03-02 15:51:31,892 user_status.py:45  INFO Status rando_001 added to database
2021-03-02 15:51:31,893 user_status.py:21  INFO New UserStatusCollection instance created
2021-03-02 15:51:31,894 user_status.py:43  ERROR Status rando_001 already exists in database
2021-03-02 15:51:31,896 user_status.py:21  INFO New UserStatusCollection instance created
2021-03-02 15:51:31,897 user_status.py:39  ERROR User rando does not exist
2021-03-02 15:51:31,898 user_status.py:21  INFO New UserStatusCollection instance created
2021-03-02 15:51:31,899 user_status.py:62  INFO Status rando_001 sucessfully modified
2021-03-02 15:51:31,900 user_status.py:21  INFO New UserStatusCollection instance created
2021-03-02 15:51:31,901 user_status.py:57  ERROR Status rando_001 not found database
2021-03-02 15:51:31,902 user_status.py:21  INFO New UserStatusCollection instance created
2021-03-02 15:51:31,903 user_status.py:76  INFO Status rando_001 sucessfully deleted
2021-03-02 15:51:31,905 user_status.py:21  INFO New UserStatusCollection instance created
2021-03-02 15:51:31,906 user_status.py:74  ERROR Status rando_001 not found database
2021-03-02 15:51:31,907 user_status.py:21  INFO New UserStatusCollection instance created
2021-03-02 15:51:31,908 user_status.py:90  INFO Status rando_001 sucessfully found
2021-03-02 15:51:31,909 user_status.py:21  INFO New UserStatusCollection instance created
2021-03-02 15:51:31,910 user_status.py:88  ERROR Status rando_001 not found database
2021-03-02 15:51:31,912 user_status.py:21  INFO New UserStatusCollection instance created
2021-03-02 15:51:31,912 user_status.py:98  INFO Found statuses posted by rando
2021-03-02 15:51:31,914 user_status.py:21  INFO New UserStatusCollection instance created
2021-03-02 15:51:31,914 user_status.py:106 INFO Found statuses matching best
2021-03-02 15:51:31,916 users.py:21  INFO New UserCollection instance created
2021-03-02 15:51:31,918 users.py:21  INFO New UserCollection instance created
2021-03-02 15:51:31,918 users.py:37  INFO User rando sucessfully added
2021-03-02 15:51:31,920 users.py:21  INFO New UserCollection instance created
2021-03-02 15:51:31,921 users.py:35  ERROR User rando breaks database rule: ERR_MSG
2021-03-02 15:51:31,922 users.py:21  INFO New UserCollection instance created
2021-03-02 15:51:31,923 users.py:54  INFO User rando sucessfully modified
2021-03-02 15:51:31,924 users.py:21  INFO New UserCollection instance created
2021-03-02 15:51:31,925 users.py:50  ERROR User rando not found in database
2021-03-02 15:51:31,926 users.py:21  INFO New UserCollection instance created
2021-03-02 15:51:31,928 users.py:69  INFO User rando sucessfully deleted
2021-03-02 15:51:31,929 users.py:21  INFO New UserCollection instance created
2021-03-02 15:51:31,930 users.py:66  ERROR User rando not found in database
2021-03-02 15:51:31,931 users.py:21  INFO New UserCollection instance created
2021-03-02 15:51:31,932 users.py:82  INFO User rando sucessfully found
2021-03-02 15:51:31,933 users.py:21  INFO New UserCollection instance created
2021-03-02 15:51:31,934 users.py:80  ERROR User rando not found in database
2021-03-02 16:10:14,698 main.py:27  INFO Creating a new UserCollection
2021-03-02 16:10:14,765 users.py:22  INFO New UserCollection instance created
2021-03-02 16:10:14,765 main.py:36  INFO Createing a new UserStatusCollection
2021-03-02 16:10:14,832 user_status.py:22  INFO New UserStatusCollection instance created
2021-03-02 16:10:14,833 main.py:62  INFO Loading users from accounts.csv
2021-03-02 16:10:14,835 main.py:86  INFO Saving collection in database
2021-03-02 16:10:15,226 main.py:158 INFO Adding a new User
2021-03-02 16:10:15,228 users.py:37  INFO User dave03 sucessfully added
2021-03-02 16:10:15,228 main.py:158 INFO Adding a new User
2021-03-02 16:10:15,230 users.py:35  ERROR User dave03 breaks database rule: E11000 duplicate key error collection: social.UserTable index: user_id_1 dup key: { user_id: "dave03" }, full error: {'index': 0, 'code': 11000, 'keyPattern': {'user_id': 1}, 'keyValue': {'user_id': 'dave03'}, 'errmsg': 'E11000 duplicate key error collection: social.UserTable index: user_id_1 dup key: { user_id: "dave03" }'}
2021-03-02 16:10:15,230 main.py:170 INFO Updating an User
2021-03-02 16:10:15,233 users.py:54  INFO User dave03 sucessfully modified
2021-03-02 16:10:15,233 main.py:170 INFO Updating an User
2021-03-02 16:10:15,235 users.py:50  ERROR User dave02 not found in database
2021-03-02 16:10:15,235 main.py:197 INFO Searching for an User
2021-03-02 16:10:15,236 users.py:82  INFO User dave03 sucessfully found
2021-03-02 16:10:30,260 main.py:27  INFO Creating a new UserCollection
2021-03-02 16:10:30,261 main.py:36  INFO Createing a new UserStatusCollection
2021-03-02 16:10:30,262 main.py:62  INFO Loading users from accounts.csv
2021-03-02 16:10:30,263 main.py:86  INFO Saving collection in database
2021-03-02 16:10:30,264 main.py:59  ERROR User files must be in csv format
2021-03-02 16:10:30,266 main.py:62  INFO Loading users from accounts.csv
2021-03-02 16:10:30,266 main.py:72  ERROR Users need four parameters
2021-03-02 16:10:30,266 main.py:62  INFO Loading users from accounts.csv
2021-03-02 16:10:30,266 main.py:72  ERROR Users need four parameters
2021-03-02 16:10:30,266 main.py:62  INFO Loading users from accounts.csv
2021-03-02 16:10:30,266 main.py:72  ERROR Users need four parameters
2021-03-02 16:10:30,267 main.py:62  INFO Loading users from accounts.csv
2021-03-02 16:10:30,267 main.py:72  ERROR Users need four parameters
2021-03-02 16:10:30,267 main.py:62  INFO Loading users from accounts.csv
2021-03-02 16:10:30,267 main.py:72  ERROR Users need four parameters
2021-03-02 16:10:30,268 main.py:62  INFO Loading users from accounts.csv
2021-03-02 16:10:30,268 main.py:77  ERROR Users can not have empty fields
2021-03-02 16:10:30,268 main.py:62  INFO Loading users from accounts.csv
2021-03-02 16:10:30,269 main.py:77  ERROR Users can not have empty fields
2021-03-02 16:10:30,269 main.py:62  INFO Loading users from accounts.csv
2021-03-02 16:10:30,269 main.py:77  ERROR Users can not have empty fields
2021-03-02 16:10:30,269 main.py:62  INFO Loading users from accounts.csv
2021-03-02 16:10:30,269 main.py:77  ERROR Users can not have empty fields
2021-03-02 16:10:30,270 main.py:62  INFO Loading users from accounts.csv
2021-03-02 16:10:30,270 main.py:67  ERROR accounts.csv does not contain data
2021-03-02 16:10:30,272 main.py:116 INFO Saving statuses to status_updates.csv
2021-03-02 16:10:30,272 main.py:140 INFO Saving collection in database
2021-03-02 16:10:30,273 main.py:113 ERROR UserStatus files must be in csv format
2021-03-02 16:10:30,275 main.py:116 INFO Saving statuses to status_updates.csv
2021-03-02 16:10:30,275 main.py:126 ERROR UserStatus needs three parameters
2021-03-02 16:10:30,275 main.py:116 INFO Saving statuses to status_updates.csv
2021-03-02 16:10:30,275 main.py:126 ERROR UserStatus needs three parameters
2021-03-02 16:10:30,275 main.py:116 INFO Saving statuses to status_updates.csv
2021-03-02 16:10:30,275 main.py:126 ERROR UserStatus needs three parameters
2021-03-02 16:10:30,276 main.py:116 INFO Saving statuses to status_updates.csv
2021-03-02 16:10:30,276 main.py:126 ERROR UserStatus needs three parameters
2021-03-02 16:10:30,276 main.py:116 INFO Saving statuses to status_updates.csv
2021-03-02 16:10:30,276 main.py:126 ERROR UserStatus needs three parameters
2021-03-02 16:10:30,277 main.py:116 INFO Saving statuses to status_updates.csv
2021-03-02 16:10:30,277 main.py:131 ERROR UserStatus can not have empty fields
2021-03-02 16:10:30,277 main.py:116 INFO Saving statuses to status_updates.csv
2021-03-02 16:10:30,278 main.py:131 ERROR UserStatus can not have empty fields
2021-03-02 16:10:30,278 main.py:116 INFO Saving statuses to status_updates.csv
2021-03-02 16:10:30,278 main.py:131 ERROR UserStatus can not have empty fields
2021-03-02 16:10:30,279 main.py:116 INFO Saving statuses to status_updates.csv
2021-03-02 16:10:30,279 main.py:121 ERROR status_updates.csv does not contain data
2021-03-02 16:10:30,280 main.py:158 INFO Adding a new User
2021-03-02 16:10:30,282 main.py:170 INFO Updating an User
2021-03-02 16:10:30,288 main.py:183 INFO Deleting an User
2021-03-02 16:10:30,289 main.py:197 INFO Searching for an User
2021-03-02 16:10:30,290 main.py:197 INFO Searching for an User
2021-03-02 16:10:30,313 main.py:215 INFO Adding an UserStatus
2021-03-02 16:10:30,314 main.py:227 INFO Updating an UserStatus
2021-03-02 16:10:30,315 main.py:239 INFO Deleting an UserStatus
2021-03-02 16:10:30,317 main.py:252 INFO Searching for an UserStatus
2021-03-02 16:10:30,318 main.py:252 INFO Searching for an UserStatus
2021-03-02 16:10:30,319 main.py:263 INFO Searching for matching UserStatuses
2021-03-02 16:10:30,320 main.py:272 INFO Searching for UserStatuses matching string
2021-03-02 16:16:04,884 main.py:27  INFO Creating a new UserCollection
2021-03-02 16:16:04,885 main.py:36  INFO Createing a new UserStatusCollection
2021-03-02 16:16:04,887 main.py:62  INFO Loading users from accounts.csv
2021-03-02 16:16:04,887 main.py:86  INFO Saving collection in database
2021-03-02 16:16:04,889 main.py:59  ERROR User files must be in csv format
2021-03-02 16:16:04,890 main.py:62  INFO Loading users from accounts.csv
2021-03-02 16:16:04,890 main.py:72  ERROR Users need four parameters
2021-03-02 16:16:04,890 main.py:62  INFO Loading users from accounts.csv
2021-03-02 16:16:04,890 main.py:72  ERROR Users need four parameters
2021-03-02 16:16:04,891 main.py:62  INFO Loading users from accounts.csv
2021-03-02 16:16:04,891 main.py:72  ERROR Users need four parameters
2021-03-02 16:16:04,891 main.py:62  INFO Loading users from accounts.csv
2021-03-02 16:16:04,891 main.py:72  ERROR Users need four parameters
2021-03-02 16:16:04,891 main.py:62  INFO Loading users from accounts.csv
2021-03-02 16:16:04,891 main.py:72  ERROR Users need four parameters
2021-03-02 16:16:04,892 main.py:62  INFO Loading users from accounts.csv
2021-03-02 16:16:04,893 main.py:77  ERROR Users can not have empty fields
2021-03-02 16:16:04,893 main.py:62  INFO Loading users from accounts.csv
2021-03-02 16:16:04,893 main.py:77  ERROR Users can not have empty fields
2021-03-02 16:16:04,893 main.py:62  INFO Loading users from accounts.csv
2021-03-02 16:16:04,893 main.py:77  ERROR Users can not have empty fields
2021-03-02 16:16:04,893 main.py:62  INFO Loading users from accounts.csv
2021-03-02 16:16:04,893 main.py:77  ERROR Users can not have empty fields
2021-03-02 16:16:04,895 main.py:62  INFO Loading users from accounts.csv
2021-03-02 16:16:04,895 main.py:67  ERROR accounts.csv does not contain data
2021-03-02 16:16:04,896 main.py:116 INFO Saving statuses to status_updates.csv
2021-03-02 16:16:04,896 main.py:140 INFO Saving collection in database
2021-03-02 16:16:04,898 main.py:113 ERROR UserStatus files must be in csv format
2021-03-02 16:16:04,899 main.py:116 INFO Saving statuses to status_updates.csv
2021-03-02 16:16:04,899 main.py:126 ERROR UserStatus needs three parameters
2021-03-02 16:16:04,899 main.py:116 INFO Saving statuses to status_updates.csv
2021-03-02 16:16:04,899 main.py:126 ERROR UserStatus needs three parameters
2021-03-02 16:16:04,900 main.py:116 INFO Saving statuses to status_updates.csv
2021-03-02 16:16:04,900 main.py:126 ERROR UserStatus needs three parameters
2021-03-02 16:16:04,900 main.py:116 INFO Saving statuses to status_updates.csv
2021-03-02 16:16:04,900 main.py:126 ERROR UserStatus needs three parameters
2021-03-02 16:16:04,900 main.py:116 INFO Saving statuses to status_updates.csv
2021-03-02 16:16:04,900 main.py:126 ERROR UserStatus needs three parameters
2021-03-02 16:16:04,901 main.py:116 INFO Saving statuses to status_updates.csv
2021-03-02 16:16:04,902 main.py:131 ERROR UserStatus can not have empty fields
2021-03-02 16:16:04,902 main.py:116 INFO Saving statuses to status_updates.csv
2021-03-02 16:16:04,902 main.py:131 ERROR UserStatus can not have empty fields
2021-03-02 16:16:04,902 main.py:116 INFO Saving statuses to status_updates.csv
2021-03-02 16:16:04,902 main.py:131 ERROR UserStatus can not have empty fields
2021-03-02 16:16:04,903 main.py:116 INFO Saving statuses to status_updates.csv
2021-03-02 16:16:04,903 main.py:121 ERROR status_updates.csv does not contain data
2021-03-02 16:16:04,905 main.py:158 INFO Adding a new User
2021-03-02 16:16:04,906 main.py:170 INFO Updating an User
2021-03-02 16:16:04,912 main.py:183 INFO Deleting an User
2021-03-02 16:16:04,913 main.py:197 INFO Searching for an User
2021-03-02 16:16:04,915 main.py:197 INFO Searching for an User
2021-03-02 16:16:04,916 main.py:215 INFO Adding an UserStatus
2021-03-02 16:16:04,917 main.py:227 INFO Updating an UserStatus
2021-03-02 16:16:04,918 main.py:239 INFO Deleting an UserStatus
2021-03-02 16:16:04,919 main.py:252 INFO Searching for an UserStatus
2021-03-02 16:16:04,941 main.py:263 INFO Searching for matching UserStatuses
2021-03-02 16:16:04,942 main.py:272 INFO Searching for UserStatuses matching string
2021-03-02 16:25:19,767 main.py:27  INFO Creating a new UserCollection
2021-03-02 16:25:19,768 main.py:36  INFO Createing a new UserStatusCollection
2021-03-02 16:25:19,770 main.py:62  INFO Loading users from accounts.csv
2021-03-02 16:25:19,770 main.py:86  INFO Saving collection in database
2021-03-02 16:25:19,772 main.py:59  ERROR User files must be in csv format
2021-03-02 16:25:19,773 main.py:62  INFO Loading users from accounts.csv
2021-03-02 16:25:19,773 main.py:72  ERROR Users need four parameters
2021-03-02 16:25:19,773 main.py:62  INFO Loading users from accounts.csv
2021-03-02 16:25:19,773 main.py:72  ERROR Users need four parameters
2021-03-02 16:25:19,773 main.py:62  INFO Loading users from accounts.csv
2021-03-02 16:25:19,774 main.py:72  ERROR Users need four parameters
2021-03-02 16:25:19,774 main.py:62  INFO Loading users from accounts.csv
2021-03-02 16:25:19,774 main.py:72  ERROR Users need four parameters
2021-03-02 16:25:19,774 main.py:62  INFO Loading users from accounts.csv
2021-03-02 16:25:19,774 main.py:72  ERROR Users need four parameters
2021-03-02 16:25:19,775 main.py:62  INFO Loading users from accounts.csv
2021-03-02 16:25:19,775 main.py:77  ERROR Users can not have empty fields
2021-03-02 16:25:19,776 main.py:62  INFO Loading users from accounts.csv
2021-03-02 16:25:19,776 main.py:77  ERROR Users can not have empty fields
2021-03-02 16:25:19,776 main.py:62  INFO Loading users from accounts.csv
2021-03-02 16:25:19,776 main.py:77  ERROR Users can not have empty fields
2021-03-02 16:25:19,776 main.py:62  INFO Loading users from accounts.csv
2021-03-02 16:25:19,776 main.py:77  ERROR Users can not have empty fields
2021-03-02 16:25:19,778 main.py:62  INFO Loading users from accounts.csv
2021-03-02 16:25:19,778 main.py:67  ERROR accounts.csv does not contain data
2021-03-02 16:25:19,779 main.py:116 INFO Saving statuses to status_updates.csv
2021-03-02 16:25:19,779 main.py:140 INFO Saving collection in database
2021-03-02 16:25:19,781 main.py:113 ERROR UserStatus files must be in csv format
2021-03-02 16:25:19,782 main.py:116 INFO Saving statuses to status_updates.csv
2021-03-02 16:25:19,782 main.py:126 ERROR UserStatus needs three parameters
2021-03-02 16:25:19,782 main.py:116 INFO Saving statuses to status_updates.csv
2021-03-02 16:25:19,782 main.py:126 ERROR UserStatus needs three parameters
2021-03-02 16:25:19,783 main.py:116 INFO Saving statuses to status_updates.csv
2021-03-02 16:25:19,783 main.py:126 ERROR UserStatus needs three parameters
2021-03-02 16:25:19,783 main.py:116 INFO Saving statuses to status_updates.csv
2021-03-02 16:25:19,783 main.py:126 ERROR UserStatus needs three parameters
2021-03-02 16:25:19,783 main.py:116 INFO Saving statuses to status_updates.csv
2021-03-02 16:25:19,783 main.py:126 ERROR UserStatus needs three parameters
2021-03-02 16:25:19,785 main.py:116 INFO Saving statuses to status_updates.csv
2021-03-02 16:25:19,785 main.py:131 ERROR UserStatus can not have empty fields
2021-03-02 16:25:19,785 main.py:116 INFO Saving statuses to status_updates.csv
2021-03-02 16:25:19,785 main.py:131 ERROR UserStatus can not have empty fields
2021-03-02 16:25:19,785 main.py:116 INFO Saving statuses to status_updates.csv
2021-03-02 16:25:19,785 main.py:131 ERROR UserStatus can not have empty fields
2021-03-02 16:25:19,786 main.py:116 INFO Saving statuses to status_updates.csv
2021-03-02 16:25:19,787 main.py:121 ERROR status_updates.csv does not contain data
2021-03-02 16:25:19,788 main.py:158 INFO Adding a new User
2021-03-02 16:25:19,789 main.py:170 INFO Updating an User
2021-03-02 16:25:19,795 main.py:183 INFO Deleting an User
2021-03-02 16:25:19,797 main.py:197 INFO Searching for an User
2021-03-02 16:25:19,798 main.py:197 INFO Searching for an User
2021-03-02 16:25:19,799 main.py:215 INFO Adding an UserStatus
2021-03-02 16:25:19,800 main.py:227 INFO Updating an UserStatus
2021-03-02 16:25:19,801 main.py:239 INFO Deleting an UserStatus
2021-03-02 16:25:19,802 main.py:252 INFO Searching for an UserStatus
2021-03-02 16:25:19,804 main.py:252 INFO Searching for an UserStatus
2021-03-02 16:25:19,805 main.py:263 INFO Searching for matching UserStatuses
2021-03-02 16:25:19,806 main.py:272 INFO Searching for UserStatuses matching string
2021-03-02 16:25:37,107 main.py:27  INFO Creating a new UserCollection
2021-03-02 16:25:37,108 main.py:36  INFO Createing a new UserStatusCollection
2021-03-02 16:25:37,110 main.py:62  INFO Loading users from accounts.csv
2021-03-02 16:25:37,110 main.py:86  INFO Saving collection in database
2021-03-02 16:25:37,112 main.py:59  ERROR User files must be in csv format
2021-03-02 16:25:37,114 main.py:62  INFO Loading users from accounts.csv
2021-03-02 16:25:37,114 main.py:72  ERROR Users need four parameters
2021-03-02 16:25:37,114 main.py:62  INFO Loading users from accounts.csv
2021-03-02 16:25:37,114 main.py:72  ERROR Users need four parameters
2021-03-02 16:25:37,114 main.py:62  INFO Loading users from accounts.csv
2021-03-02 16:25:37,114 main.py:72  ERROR Users need four parameters
2021-03-02 16:25:37,114 main.py:62  INFO Loading users from accounts.csv
2021-03-02 16:25:37,114 main.py:72  ERROR Users need four parameters
2021-03-02 16:25:37,115 main.py:62  INFO Loading users from accounts.csv
2021-03-02 16:25:37,115 main.py:72  ERROR Users need four parameters
2021-03-02 16:25:37,116 main.py:62  INFO Loading users from accounts.csv
2021-03-02 16:25:37,116 main.py:77  ERROR Users can not have empty fields
2021-03-02 16:25:37,117 main.py:62  INFO Loading users from accounts.csv
2021-03-02 16:25:37,117 main.py:77  ERROR Users can not have empty fields
2021-03-02 16:25:37,117 main.py:62  INFO Loading users from accounts.csv
2021-03-02 16:25:37,117 main.py:77  ERROR Users can not have empty fields
2021-03-02 16:25:37,117 main.py:62  INFO Loading users from accounts.csv
2021-03-02 16:25:37,117 main.py:77  ERROR Users can not have empty fields
2021-03-02 16:25:37,119 main.py:62  INFO Loading users from accounts.csv
2021-03-02 16:25:37,119 main.py:67  ERROR accounts.csv does not contain data
2021-03-02 16:25:37,120 main.py:116 INFO Saving statuses to status_updates.csv
2021-03-02 16:25:37,120 main.py:140 INFO Saving collection in database
2021-03-02 16:25:37,122 main.py:113 ERROR UserStatus files must be in csv format
2021-03-02 16:25:37,123 main.py:116 INFO Saving statuses to status_updates.csv
2021-03-02 16:25:37,123 main.py:126 ERROR UserStatus needs three parameters
2021-03-02 16:25:37,123 main.py:116 INFO Saving statuses to status_updates.csv
2021-03-02 16:25:37,123 main.py:126 ERROR UserStatus needs three parameters
2021-03-02 16:25:37,124 main.py:116 INFO Saving statuses to status_updates.csv
2021-03-02 16:25:37,124 main.py:126 ERROR UserStatus needs three parameters
2021-03-02 16:25:37,124 main.py:116 INFO Saving statuses to status_updates.csv
2021-03-02 16:25:37,124 main.py:126 ERROR UserStatus needs three parameters
2021-03-02 16:25:37,124 main.py:116 INFO Saving statuses to status_updates.csv
2021-03-02 16:25:37,124 main.py:126 ERROR UserStatus needs three parameters
2021-03-02 16:25:37,126 main.py:116 INFO Saving statuses to status_updates.csv
2021-03-02 16:25:37,126 main.py:131 ERROR UserStatus can not have empty fields
2021-03-02 16:25:37,126 main.py:116 INFO Saving statuses to status_updates.csv
2021-03-02 16:25:37,126 main.py:131 ERROR UserStatus can not have empty fields
2021-03-02 16:25:37,126 main.py:116 INFO Saving statuses to status_updates.csv
2021-03-02 16:25:37,126 main.py:131 ERROR UserStatus can not have empty fields
2021-03-02 16:25:37,127 main.py:116 INFO Saving statuses to status_updates.csv
2021-03-02 16:25:37,127 main.py:121 ERROR status_updates.csv does not contain data
2021-03-02 16:25:37,129 main.py:158 INFO Adding a new User
2021-03-02 16:25:37,130 main.py:170 INFO Updating an User
2021-03-02 16:25:37,131 main.py:183 INFO Deleting an User
2021-03-02 16:25:37,132 main.py:197 INFO Searching for an User
2021-03-02 16:25:37,134 main.py:197 INFO Searching for an User
2021-03-02 16:25:37,135 main.py:215 INFO Adding an UserStatus
2021-03-02 16:25:37,136 main.py:227 INFO Updating an UserStatus
2021-03-02 16:25:37,142 main.py:239 INFO Deleting an UserStatus
2021-03-02 16:25:37,144 main.py:252 INFO Searching for an UserStatus
2021-03-02 16:25:37,145 main.py:252 INFO Searching for an UserStatus
2021-03-02 16:25:37,146 main.py:263 INFO Searching for matching UserStatuses
2021-03-02 16:25:37,147 main.py:272 INFO Searching for UserStatuses matching string
2021-03-02 16:25:37,220 main.py:27  INFO Creating a new UserCollection
2021-03-02 16:25:37,288 users.py:22  INFO New UserCollection instance created
2021-03-02 16:25:37,288 main.py:36  INFO Createing a new UserStatusCollection
2021-03-02 16:25:37,354 user_status.py:22  INFO New UserStatusCollection instance created
2021-03-02 16:25:37,355 main.py:62  INFO Loading users from accounts.csv
2021-03-02 16:25:37,355 main.py:67  ERROR accounts.csv does not contain data
2021-03-02 16:25:37,355 main.py:158 INFO Adding a new User
2021-03-02 16:25:37,736 users.py:37  INFO User dave03 sucessfully added
2021-03-02 16:25:37,736 main.py:158 INFO Adding a new User
2021-03-02 16:25:37,738 users.py:35  ERROR User dave03 breaks database rule: E11000 duplicate key error collection: social.UserTable index: user_id_1 dup key: { user_id: "dave03" }, full error: {'index': 0, 'code': 11000, 'keyPattern': {'user_id': 1}, 'keyValue': {'user_id': 'dave03'}, 'errmsg': 'E11000 duplicate key error collection: social.UserTable index: user_id_1 dup key: { user_id: "dave03" }'}
2021-03-02 16:25:37,739 main.py:170 INFO Updating an User
2021-03-02 16:25:37,742 users.py:54  INFO User dave03 sucessfully modified
2021-03-02 16:25:37,742 main.py:170 INFO Updating an User
2021-03-02 16:25:37,745 users.py:50  ERROR User dave02 not found in database
2021-03-02 16:25:37,745 main.py:197 INFO Searching for an User
2021-03-02 16:25:37,746 users.py:82  INFO User dave03 sucessfully found
2021-03-02 16:25:37,782 user_status.py:22  INFO New UserStatusCollection instance created
2021-03-02 16:25:37,785 user_status.py:22  INFO New UserStatusCollection instance created
2021-03-02 16:25:37,786 user_status.py:44  INFO Status rando_001 added to database
2021-03-02 16:25:37,788 user_status.py:22  INFO New UserStatusCollection instance created
2021-03-02 16:25:37,788 user_status.py:42  ERROR Status rando_001 already exists in database
2021-03-02 16:25:37,790 user_status.py:22  INFO New UserStatusCollection instance created
2021-03-02 16:25:37,790 user_status.py:38  ERROR User rando does not exist
2021-03-02 16:25:37,792 user_status.py:22  INFO New UserStatusCollection instance created
2021-03-02 16:25:37,793 user_status.py:61  INFO Status rando_001 sucessfully modified
2021-03-02 16:25:37,795 user_status.py:22  INFO New UserStatusCollection instance created
2021-03-02 16:25:37,795 user_status.py:56  ERROR Status rando_001 not found database
2021-03-02 16:25:37,797 user_status.py:22  INFO New UserStatusCollection instance created
2021-03-02 16:25:37,797 user_status.py:75  INFO Status rando_001 sucessfully deleted
2021-03-02 16:25:37,799 user_status.py:22  INFO New UserStatusCollection instance created
2021-03-02 16:25:37,799 user_status.py:73  ERROR Status rando_001 not found database
2021-03-02 16:25:37,801 user_status.py:22  INFO New UserStatusCollection instance created
2021-03-02 16:25:37,802 user_status.py:89  INFO Status rando_001 sucessfully found
2021-03-02 16:25:37,804 user_status.py:22  INFO New UserStatusCollection instance created
2021-03-02 16:25:37,804 user_status.py:87  ERROR Status rando_001 not found database
2021-03-02 16:25:37,806 user_status.py:22  INFO New UserStatusCollection instance created
2021-03-02 16:25:37,806 user_status.py:97  INFO Found statuses posted by rando
2021-03-02 16:25:37,808 user_status.py:22  INFO New UserStatusCollection instance created
2021-03-02 16:25:37,808 user_status.py:105 INFO Found statuses matching best
2021-03-02 16:25:37,810 users.py:22  INFO New UserCollection instance created
2021-03-02 16:25:37,812 users.py:22  INFO New UserCollection instance created
2021-03-02 16:25:37,813 users.py:37  INFO User rando sucessfully added
2021-03-02 16:25:37,815 users.py:22  INFO New UserCollection instance created
2021-03-02 16:25:37,815 users.py:35  ERROR User rando breaks database rule: ERR_MSG
2021-03-02 16:25:37,817 users.py:22  INFO New UserCollection instance created
2021-03-02 16:25:37,817 users.py:54  INFO User rando sucessfully modified
2021-03-02 16:25:37,820 users.py:22  INFO New UserCollection instance created
2021-03-02 16:25:37,820 users.py:50  ERROR User rando not found in database
2021-03-02 16:25:37,822 users.py:22  INFO New UserCollection instance created
2021-03-02 16:25:37,823 users.py:69  INFO User rando sucessfully deleted
2021-03-02 16:25:37,824 users.py:22  INFO New UserCollection instance created
2021-03-02 16:25:37,825 users.py:66  ERROR User rando not found in database
2021-03-02 16:25:37,826 users.py:22  INFO New UserCollection instance created
2021-03-02 16:25:37,827 users.py:82  INFO User rando sucessfully found
2021-03-02 16:25:37,829 users.py:22  INFO New UserCollection instance created
2021-03-02 16:25:37,829 users.py:80  ERROR User rando not found in database
