2021-02-22 05:22:45,369 main.py:28  INFO Creating a new UserCollection
2021-02-22 05:22:45,371 main.py:37  INFO Createing a new UserStatusCollection
2021-02-22 05:22:45,373 main.py:63  INFO Loading users from accounts.csv
2021-02-22 05:22:45,373 main.py:86  INFO Saving collection in database
2021-02-22 05:22:45,375 main.py:60  ERROR User files must be in csv format
2021-02-22 05:22:45,376 main.py:63  INFO Loading users from accounts.csv
2021-02-22 05:22:45,376 main.py:73  ERROR Users need four parameters
2021-02-22 05:22:45,376 main.py:63  INFO Loading users from accounts.csv
2021-02-22 05:22:45,377 main.py:73  ERROR Users need four parameters
2021-02-22 05:22:45,377 main.py:63  INFO Loading users from accounts.csv
2021-02-22 05:22:45,377 main.py:73  ERROR Users need four parameters
2021-02-22 05:22:45,378 main.py:63  INFO Loading users from accounts.csv
2021-02-22 05:22:45,378 main.py:73  ERROR Users need four parameters
2021-02-22 05:22:45,378 main.py:63  INFO Loading users from accounts.csv
2021-02-22 05:22:45,378 main.py:73  ERROR Users need four parameters
2021-02-22 05:22:45,379 main.py:63  INFO Loading users from accounts.csv
2021-02-22 05:22:45,379 main.py:78  ERROR Users can not have empty fields
2021-02-22 05:22:45,380 main.py:63  INFO Loading users from accounts.csv
2021-02-22 05:22:45,380 main.py:78  ERROR Users can not have empty fields
2021-02-22 05:22:45,380 main.py:63  INFO Loading users from accounts.csv
2021-02-22 05:22:45,380 main.py:78  ERROR Users can not have empty fields
2021-02-22 05:22:45,380 main.py:63  INFO Loading users from accounts.csv
2021-02-22 05:22:45,380 main.py:78  ERROR Users can not have empty fields
2021-02-22 05:22:45,382 main.py:117 INFO Saving statuses to status_updates.csv
2021-02-22 05:22:45,382 main.py:140 INFO Saving collection in database
2021-02-22 05:22:45,384 main.py:114 ERROR UserStatus files must be in csv format
2021-02-22 05:22:45,386 main.py:117 INFO Saving statuses to status_updates.csv
2021-02-22 05:22:45,386 main.py:127 ERROR UserStatus needs three parameters
2021-02-22 05:22:45,386 main.py:117 INFO Saving statuses to status_updates.csv
2021-02-22 05:22:45,386 main.py:127 ERROR UserStatus needs three parameters
2021-02-22 05:22:45,386 main.py:117 INFO Saving statuses to status_updates.csv
2021-02-22 05:22:45,386 main.py:127 ERROR UserStatus needs three parameters
2021-02-22 05:22:45,387 main.py:117 INFO Saving statuses to status_updates.csv
2021-02-22 05:22:45,387 main.py:127 ERROR UserStatus needs three parameters
2021-02-22 05:22:45,387 main.py:117 INFO Saving statuses to status_updates.csv
2021-02-22 05:22:45,387 main.py:127 ERROR UserStatus needs three parameters
2021-02-22 05:22:45,388 main.py:117 INFO Saving statuses to status_updates.csv
2021-02-22 05:22:45,388 main.py:132 ERROR UserStatus can not have empty fields
2021-02-22 05:22:45,389 main.py:117 INFO Saving statuses to status_updates.csv
2021-02-22 05:22:45,389 main.py:132 ERROR UserStatus can not have empty fields
2021-02-22 05:22:45,389 main.py:117 INFO Saving statuses to status_updates.csv
2021-02-22 05:22:45,389 main.py:132 ERROR UserStatus can not have empty fields
2021-02-22 05:22:45,390 main.py:159 INFO Adding a new User
2021-02-22 05:22:45,391 main.py:171 INFO Updating an User
2021-02-22 05:22:45,393 main.py:184 INFO Deleting an User
2021-02-22 05:22:45,394 main.py:198 INFO Searching for an User
2021-02-22 05:22:45,395 main.py:198 INFO Searching for an User
2021-02-22 05:22:45,396 main.py:216 INFO Adding an UserStatus
2021-02-22 05:22:45,397 main.py:228 INFO Updating an UserStatus
2021-02-22 05:22:45,399 main.py:240 INFO Deleting an UserStatus
2021-02-22 05:22:45,400 main.py:253 INFO Searching for an UserStatus
2021-02-22 05:22:45,402 main.py:253 INFO Searching for an UserStatus
2021-02-22 05:22:45,403 main.py:264 INFO Searching for matching UserStatuses
2021-02-22 05:22:45,404 main.py:273 INFO Searching for UserStatuses matching string
2021-02-22 05:22:45,405 main.py:28  INFO Creating a new UserCollection
2021-02-22 05:22:45,459 users.py:20  INFO New UserCollection instance created
2021-02-22 05:22:45,459 main.py:37  INFO Createing a new UserStatusCollection
2021-02-22 05:22:45,526 user_status.py:21  INFO New UserStatusCollection instance created
2021-02-22 05:22:45,527 main.py:63  INFO Loading users from accounts.csv
2021-02-22 05:22:45,527 main.py:68  ERROR accounts.csv does not contain data
2021-02-22 05:22:45,527 main.py:159 INFO Adding a new User
2021-02-22 05:22:45,561 users.py:38  INFO User dave03 sucessfully added
2021-02-22 05:22:45,561 main.py:159 INFO Adding a new User
2021-02-22 05:22:45,561 users.py:36  ERROR User dave03 breaks database rule: UNIQUE constraint failed: usertable.user_id
2021-02-22 05:22:45,561 main.py:171 INFO Updating an User
2021-02-22 05:22:45,594 users.py:55  INFO User dave03 sucessfully modified
2021-02-22 05:22:45,594 main.py:171 INFO Updating an User
2021-02-22 05:22:45,595 users.py:48  ERROR User dave02 not found in database
2021-02-22 05:22:45,595 main.py:198 INFO Searching for an User
2021-02-22 05:22:45,595 users.py:80  INFO User dave03 sucessfully found
2021-02-22 05:22:45,595 main.py:198 INFO Searching for an User
2021-02-22 05:22:45,596 users.py:78  ERROR User dave02 not found in database
2021-02-22 05:22:45,596 main.py:184 INFO Deleting an User
2021-02-22 05:22:45,628 users.py:68  INFO User dave03 sucessfully deleted
2021-02-22 05:22:45,628 main.py:184 INFO Deleting an User
2021-02-22 05:22:45,628 users.py:65  ERROR User dave03 not found in database
2021-02-22 05:22:45,628 main.py:159 INFO Adding a new User
2021-02-22 05:22:45,661 users.py:38  INFO User dave03 sucessfully added
2021-02-22 05:22:45,661 main.py:117 INFO Saving statuses to status_updates.csv
2021-02-22 05:22:45,662 main.py:122 ERROR status_updates.csv does not contain data
2021-02-22 05:22:45,662 main.py:216 INFO Adding an UserStatus
2021-02-22 05:22:45,695 user_status.py:38  INFO Status dave03_01 added to database
2021-02-22 05:22:45,695 main.py:216 INFO Adding an UserStatus
2021-02-22 05:22:45,695 user_status.py:36  ERROR Status dave03_01 breaks database rule: UNIQUE constraint failed: statustable.status_id
2021-02-22 05:22:45,695 main.py:228 INFO Updating an UserStatus
2021-02-22 05:22:45,728 user_status.py:55  INFO Status dave03_01 sucessfully modified
2021-02-22 05:22:45,729 main.py:228 INFO Updating an UserStatus
2021-02-22 05:22:45,729 user_status.py:49  ERROR Status dave03_02 not found database
2021-02-22 05:22:45,729 main.py:253 INFO Searching for an UserStatus
2021-02-22 05:22:45,730 user_status.py:82  INFO Status dave03_01 sucessfully found
2021-02-22 05:22:45,730 main.py:253 INFO Searching for an UserStatus
2021-02-22 05:22:45,731 user_status.py:80  ERROR Status dave03 not found database
2021-02-22 05:22:45,731 main.py:240 INFO Deleting an UserStatus
2021-02-22 05:22:45,762 user_status.py:69  INFO Status dave03_01 sucessfully deleted
2021-02-22 05:22:45,762 main.py:240 INFO Deleting an UserStatus
2021-02-22 05:22:45,762 user_status.py:66  ERROR Status dave03_01 not found database
2021-02-22 05:22:45,763 main.py:216 INFO Adding an UserStatus
2021-02-22 05:22:45,796 user_status.py:38  INFO Status dave03_01 added to database
2021-02-22 05:22:45,796 main.py:184 INFO Deleting an User
2021-02-22 05:22:45,830 users.py:68  INFO User dave03 sucessfully deleted
2021-02-22 05:22:45,830 main.py:253 INFO Searching for an UserStatus
2021-02-22 05:22:45,831 user_status.py:80  ERROR Status dave03_01 not found database
2021-02-22 05:22:45,831 main.py:159 INFO Adding a new User
2021-02-22 05:22:45,831 users.py:36  ERROR User ############################## breaks database rule: CHECK constraint failed: usertable
2021-02-22 05:22:45,831 main.py:159 INFO Adding a new User
2021-02-22 05:22:45,831 users.py:36  ERROR User name breaks database rule: CHECK constraint failed: usertable
2021-02-22 05:22:45,832 main.py:159 INFO Adding a new User
2021-02-22 05:22:45,832 users.py:36  ERROR User last_name breaks database rule: CHECK constraint failed: usertable
2021-02-22 05:22:45,834 user_status.py:21  INFO New UserStatusCollection instance created
2021-02-22 05:22:45,835 user_status.py:21  INFO New UserStatusCollection instance created
2021-02-22 05:22:45,836 user_status.py:38  INFO Status rando_001 added to database
2021-02-22 05:22:45,839 user_status.py:21  INFO New UserStatusCollection instance created
2021-02-22 05:22:45,844 user_status.py:36  ERROR Status rando_001 breaks database rule: 
2021-02-22 05:22:45,846 user_status.py:21  INFO New UserStatusCollection instance created
2021-02-22 05:22:45,847 user_status.py:55  INFO Status rando_001 sucessfully modified
2021-02-22 05:22:45,848 user_status.py:21  INFO New UserStatusCollection instance created
2021-02-22 05:22:45,848 user_status.py:49  ERROR Status rando_001 not found database
2021-02-22 05:22:45,850 user_status.py:21  INFO New UserStatusCollection instance created
2021-02-22 05:22:45,850 user_status.py:69  INFO Status rando_001 sucessfully deleted
2021-02-22 05:22:45,851 user_status.py:21  INFO New UserStatusCollection instance created
2021-02-22 05:22:45,852 user_status.py:66  ERROR Status rando_001 not found database
2021-02-22 05:22:45,854 user_status.py:21  INFO New UserStatusCollection instance created
2021-02-22 05:22:45,854 user_status.py:82  INFO Status rando_001 sucessfully found
2021-02-22 05:22:45,855 user_status.py:21  INFO New UserStatusCollection instance created
2021-02-22 05:22:45,856 user_status.py:80  ERROR Status rando_001 not found database
2021-02-22 05:22:45,857 user_status.py:21  INFO New UserStatusCollection instance created
2021-02-22 05:22:45,858 user_status.py:92  INFO Found statuses posted by rando
2021-02-22 05:22:45,859 user_status.py:21  INFO New UserStatusCollection instance created
2021-02-22 05:22:45,860 user_status.py:102 INFO Found statuses matching best
2021-02-22 05:22:45,862 users.py:20  INFO New UserCollection instance created
2021-02-22 05:22:45,863 users.py:20  INFO New UserCollection instance created
2021-02-22 05:22:45,864 users.py:38  INFO User rando sucessfully added
2021-02-22 05:22:45,865 users.py:20  INFO New UserCollection instance created
2021-02-22 05:22:45,866 users.py:36  ERROR User rando breaks database rule: 
2021-02-22 05:22:45,867 users.py:20  INFO New UserCollection instance created
2021-02-22 05:22:45,868 users.py:55  INFO User rando sucessfully modified
2021-02-22 05:22:45,869 users.py:20  INFO New UserCollection instance created
2021-02-22 05:22:45,870 users.py:48  ERROR User rando not found in database
2021-02-22 05:22:45,871 users.py:20  INFO New UserCollection instance created
2021-02-22 05:22:45,872 users.py:68  INFO User rando sucessfully deleted
2021-02-22 05:22:45,873 users.py:20  INFO New UserCollection instance created
2021-02-22 05:22:45,873 users.py:65  ERROR User rando not found in database
2021-02-22 05:22:45,875 users.py:20  INFO New UserCollection instance created
2021-02-22 05:22:45,875 users.py:80  INFO User <Mock name='sql.UserTable.get().user_id' id='1256382400136'> sucessfully found
2021-02-22 05:22:45,876 users.py:20  INFO New UserCollection instance created
2021-02-22 05:22:45,877 users.py:78  ERROR User rando not found in database
2021-02-22 06:44:46,650 main.py:28  INFO Creating a new UserCollection
2021-02-22 06:44:46,652 main.py:37  INFO Createing a new UserStatusCollection
2021-02-22 06:44:46,654 main.py:63  INFO Loading users from accounts.csv
2021-02-22 06:44:46,654 main.py:86  INFO Saving collection in database
2021-02-22 06:44:46,656 main.py:60  ERROR User files must be in csv format
2021-02-22 06:44:46,658 main.py:63  INFO Loading users from accounts.csv
2021-02-22 06:44:46,658 main.py:73  ERROR Users need four parameters
2021-02-22 06:44:46,658 main.py:63  INFO Loading users from accounts.csv
2021-02-22 06:44:46,658 main.py:73  ERROR Users need four parameters
2021-02-22 06:44:46,658 main.py:63  INFO Loading users from accounts.csv
2021-02-22 06:44:46,658 main.py:73  ERROR Users need four parameters
2021-02-22 06:44:46,658 main.py:63  INFO Loading users from accounts.csv
2021-02-22 06:44:46,658 main.py:73  ERROR Users need four parameters
2021-02-22 06:44:46,659 main.py:63  INFO Loading users from accounts.csv
2021-02-22 06:44:46,659 main.py:73  ERROR Users need four parameters
2021-02-22 06:44:46,660 main.py:63  INFO Loading users from accounts.csv
2021-02-22 06:44:46,660 main.py:78  ERROR Users can not have empty fields
2021-02-22 06:44:46,660 main.py:63  INFO Loading users from accounts.csv
2021-02-22 06:44:46,660 main.py:78  ERROR Users can not have empty fields
2021-02-22 06:44:46,661 main.py:63  INFO Loading users from accounts.csv
2021-02-22 06:44:46,661 main.py:78  ERROR Users can not have empty fields
2021-02-22 06:44:46,661 main.py:63  INFO Loading users from accounts.csv
2021-02-22 06:44:46,661 main.py:78  ERROR Users can not have empty fields
2021-02-22 06:44:46,662 main.py:117 INFO Saving statuses to status_updates.csv
2021-02-22 06:44:46,662 main.py:140 INFO Saving collection in database
2021-02-22 06:44:46,664 main.py:114 ERROR UserStatus files must be in csv format
2021-02-22 06:44:46,666 main.py:117 INFO Saving statuses to status_updates.csv
2021-02-22 06:44:46,666 main.py:127 ERROR UserStatus needs three parameters
2021-02-22 06:44:46,666 main.py:117 INFO Saving statuses to status_updates.csv
2021-02-22 06:44:46,666 main.py:127 ERROR UserStatus needs three parameters
2021-02-22 06:44:46,666 main.py:117 INFO Saving statuses to status_updates.csv
2021-02-22 06:44:46,666 main.py:127 ERROR UserStatus needs three parameters
2021-02-22 06:44:46,666 main.py:117 INFO Saving statuses to status_updates.csv
2021-02-22 06:44:46,666 main.py:127 ERROR UserStatus needs three parameters
2021-02-22 06:44:46,667 main.py:117 INFO Saving statuses to status_updates.csv
2021-02-22 06:44:46,667 main.py:127 ERROR UserStatus needs three parameters
2021-02-22 06:44:46,668 main.py:117 INFO Saving statuses to status_updates.csv
2021-02-22 06:44:46,668 main.py:132 ERROR UserStatus can not have empty fields
2021-02-22 06:44:46,669 main.py:117 INFO Saving statuses to status_updates.csv
2021-02-22 06:44:46,669 main.py:132 ERROR UserStatus can not have empty fields
2021-02-22 06:44:46,669 main.py:117 INFO Saving statuses to status_updates.csv
2021-02-22 06:44:46,669 main.py:132 ERROR UserStatus can not have empty fields
2021-02-22 06:44:46,670 main.py:159 INFO Adding a new User
2021-02-22 06:44:46,671 main.py:171 INFO Updating an User
2021-02-22 06:44:46,673 main.py:184 INFO Deleting an User
2021-02-22 06:44:46,674 main.py:198 INFO Searching for an User
2021-02-22 06:44:46,675 main.py:198 INFO Searching for an User
2021-02-22 06:44:46,676 main.py:216 INFO Adding an UserStatus
2021-02-22 06:44:46,678 main.py:228 INFO Updating an UserStatus
2021-02-22 06:44:46,679 main.py:240 INFO Deleting an UserStatus
2021-02-22 06:44:46,680 main.py:253 INFO Searching for an UserStatus
2021-02-22 06:44:46,681 main.py:253 INFO Searching for an UserStatus
2021-02-22 06:44:46,682 main.py:264 INFO Searching for matching UserStatuses
2021-02-22 06:44:46,684 main.py:273 INFO Searching for UserStatuses matching string
2021-02-22 06:44:46,685 main.py:28  INFO Creating a new UserCollection
2021-02-22 06:44:46,744 users.py:20  INFO New UserCollection instance created
2021-02-22 06:44:46,744 main.py:37  INFO Createing a new UserStatusCollection
2021-02-22 06:44:46,811 user_status.py:21  INFO New UserStatusCollection instance created
2021-02-22 06:44:46,812 main.py:63  INFO Loading users from accounts.csv
2021-02-22 06:44:46,812 main.py:68  ERROR accounts.csv does not contain data
2021-02-22 06:44:46,812 main.py:159 INFO Adding a new User
2021-02-22 06:44:46,845 users.py:38  INFO User dave03 sucessfully added
2021-02-22 06:44:46,846 main.py:159 INFO Adding a new User
2021-02-22 06:44:46,846 users.py:36  ERROR User dave03 breaks database rule: UNIQUE constraint failed: usertable.user_id
2021-02-22 06:44:46,846 main.py:171 INFO Updating an User
2021-02-22 06:44:46,879 users.py:55  INFO User dave03 sucessfully modified
2021-02-22 06:44:46,879 main.py:171 INFO Updating an User
2021-02-22 06:44:46,880 users.py:48  ERROR User dave02 not found in database
2021-02-22 06:44:46,880 main.py:198 INFO Searching for an User
2021-02-22 06:44:46,880 users.py:80  INFO User dave03 sucessfully found
2021-02-22 06:44:46,880 main.py:198 INFO Searching for an User
2021-02-22 06:44:46,881 users.py:78  ERROR User dave02 not found in database
2021-02-22 06:44:46,881 main.py:184 INFO Deleting an User
2021-02-22 06:44:46,912 users.py:68  INFO User dave03 sucessfully deleted
2021-02-22 06:44:46,912 main.py:184 INFO Deleting an User
2021-02-22 06:44:46,913 users.py:65  ERROR User dave03 not found in database
2021-02-22 06:44:46,913 main.py:159 INFO Adding a new User
2021-02-22 06:44:46,946 users.py:38  INFO User dave03 sucessfully added
2021-02-22 06:44:46,946 main.py:117 INFO Saving statuses to status_updates.csv
2021-02-22 06:44:46,946 main.py:122 ERROR status_updates.csv does not contain data
2021-02-22 06:44:46,947 main.py:216 INFO Adding an UserStatus
2021-02-22 06:44:46,980 user_status.py:38  INFO Status dave03_01 added to database
2021-02-22 06:44:46,980 main.py:216 INFO Adding an UserStatus
2021-02-22 06:44:46,980 user_status.py:36  ERROR Status dave03_01 breaks database rule: UNIQUE constraint failed: statustable.status_id
2021-02-22 06:44:46,980 main.py:228 INFO Updating an UserStatus
2021-02-22 06:44:47,013 user_status.py:55  INFO Status dave03_01 sucessfully modified
2021-02-22 06:44:47,014 main.py:228 INFO Updating an UserStatus
2021-02-22 06:44:47,014 user_status.py:49  ERROR Status dave03_02 not found database
2021-02-22 06:44:47,014 main.py:253 INFO Searching for an UserStatus
2021-02-22 06:44:47,015 user_status.py:82  INFO Status dave03_01 sucessfully found
2021-02-22 06:44:47,015 main.py:253 INFO Searching for an UserStatus
2021-02-22 06:44:47,015 user_status.py:80  ERROR Status dave03 not found database
2021-02-22 06:44:47,015 main.py:240 INFO Deleting an UserStatus
2021-02-22 06:44:47,047 user_status.py:69  INFO Status dave03_01 sucessfully deleted
2021-02-22 06:44:47,047 main.py:240 INFO Deleting an UserStatus
2021-02-22 06:44:47,048 user_status.py:66  ERROR Status dave03_01 not found database
2021-02-22 06:44:47,048 main.py:216 INFO Adding an UserStatus
2021-02-22 06:44:47,081 user_status.py:38  INFO Status dave03_01 added to database
2021-02-22 06:44:47,081 main.py:184 INFO Deleting an User
2021-02-22 06:44:47,115 users.py:68  INFO User dave03 sucessfully deleted
2021-02-22 06:44:47,115 main.py:253 INFO Searching for an UserStatus
2021-02-22 06:44:47,115 user_status.py:80  ERROR Status dave03_01 not found database
2021-02-22 06:44:47,116 main.py:159 INFO Adding a new User
2021-02-22 06:44:47,116 users.py:36  ERROR User ############################## breaks database rule: CHECK constraint failed: usertable
2021-02-22 06:44:47,116 main.py:159 INFO Adding a new User
2021-02-22 06:44:47,116 users.py:36  ERROR User name breaks database rule: CHECK constraint failed: usertable
2021-02-22 06:44:47,116 main.py:159 INFO Adding a new User
2021-02-22 06:44:47,117 users.py:36  ERROR User last_name breaks database rule: CHECK constraint failed: usertable
2021-02-22 06:44:47,119 user_status.py:21  INFO New UserStatusCollection instance created
2021-02-22 06:44:47,126 user_status.py:21  INFO New UserStatusCollection instance created
2021-02-22 06:44:47,127 user_status.py:38  INFO Status rando_001 added to database
2021-02-22 06:44:47,128 user_status.py:21  INFO New UserStatusCollection instance created
2021-02-22 06:44:47,129 user_status.py:36  ERROR Status rando_001 breaks database rule: 
2021-02-22 06:44:47,130 user_status.py:21  INFO New UserStatusCollection instance created
2021-02-22 06:44:47,131 user_status.py:55  INFO Status rando_001 sucessfully modified
2021-02-22 06:44:47,132 user_status.py:21  INFO New UserStatusCollection instance created
2021-02-22 06:44:47,133 user_status.py:49  ERROR Status rando_001 not found database
2021-02-22 06:44:47,134 user_status.py:21  INFO New UserStatusCollection instance created
2021-02-22 06:44:47,135 user_status.py:69  INFO Status rando_001 sucessfully deleted
2021-02-22 06:44:47,136 user_status.py:21  INFO New UserStatusCollection instance created
2021-02-22 06:44:47,137 user_status.py:66  ERROR Status rando_001 not found database
2021-02-22 06:44:47,138 user_status.py:21  INFO New UserStatusCollection instance created
2021-02-22 06:44:47,138 user_status.py:82  INFO Status rando_001 sucessfully found
2021-02-22 06:44:47,140 user_status.py:21  INFO New UserStatusCollection instance created
2021-02-22 06:44:47,140 user_status.py:80  ERROR Status rando_001 not found database
2021-02-22 06:44:47,141 user_status.py:21  INFO New UserStatusCollection instance created
2021-02-22 06:44:47,143 user_status.py:90  INFO Found statuses posted by rando
2021-02-22 06:44:47,144 user_status.py:21  INFO New UserStatusCollection instance created
2021-02-22 06:44:47,145 user_status.py:100 INFO Found statuses matching best
2021-02-22 06:44:47,146 users.py:20  INFO New UserCollection instance created
2021-02-22 06:44:47,147 users.py:20  INFO New UserCollection instance created
2021-02-22 06:44:47,148 users.py:38  INFO User rando sucessfully added
2021-02-22 06:44:47,149 users.py:20  INFO New UserCollection instance created
2021-02-22 06:44:47,150 users.py:36  ERROR User rando breaks database rule: 
2021-02-22 06:44:47,152 users.py:20  INFO New UserCollection instance created
2021-02-22 06:44:47,153 users.py:55  INFO User rando sucessfully modified
2021-02-22 06:44:47,154 users.py:20  INFO New UserCollection instance created
2021-02-22 06:44:47,154 users.py:48  ERROR User rando not found in database
2021-02-22 06:44:47,155 users.py:20  INFO New UserCollection instance created
2021-02-22 06:44:47,156 users.py:68  INFO User rando sucessfully deleted
2021-02-22 06:44:47,157 users.py:20  INFO New UserCollection instance created
2021-02-22 06:44:47,157 users.py:65  ERROR User rando not found in database
2021-02-22 06:44:47,158 users.py:20  INFO New UserCollection instance created
2021-02-22 06:44:47,159 users.py:80  INFO User <Mock name='sql.UserTable.get().user_id' id='2474071605512'> sucessfully found
2021-02-22 06:44:47,160 users.py:20  INFO New UserCollection instance created
2021-02-22 06:44:47,160 users.py:78  ERROR User rando not found in database
2021-02-22 06:46:19,149 main.py:28  INFO Creating a new UserCollection
2021-02-22 06:46:19,151 main.py:37  INFO Createing a new UserStatusCollection
2021-02-22 06:46:19,152 main.py:63  INFO Loading users from accounts.csv
2021-02-22 06:46:19,152 main.py:86  INFO Saving collection in database
2021-02-22 06:46:19,154 main.py:60  ERROR User files must be in csv format
2021-02-22 06:46:19,156 main.py:63  INFO Loading users from accounts.csv
2021-02-22 06:46:19,156 main.py:73  ERROR Users need four parameters
2021-02-22 06:46:19,156 main.py:63  INFO Loading users from accounts.csv
2021-02-22 06:46:19,156 main.py:73  ERROR Users need four parameters
2021-02-22 06:46:19,156 main.py:63  INFO Loading users from accounts.csv
2021-02-22 06:46:19,156 main.py:73  ERROR Users need four parameters
2021-02-22 06:46:19,156 main.py:63  INFO Loading users from accounts.csv
2021-02-22 06:46:19,156 main.py:73  ERROR Users need four parameters
2021-02-22 06:46:19,157 main.py:63  INFO Loading users from accounts.csv
2021-02-22 06:46:19,157 main.py:73  ERROR Users need four parameters
2021-02-22 06:46:19,158 main.py:63  INFO Loading users from accounts.csv
2021-02-22 06:46:19,158 main.py:78  ERROR Users can not have empty fields
2021-02-22 06:46:19,158 main.py:63  INFO Loading users from accounts.csv
2021-02-22 06:46:19,158 main.py:78  ERROR Users can not have empty fields
2021-02-22 06:46:19,158 main.py:63  INFO Loading users from accounts.csv
2021-02-22 06:46:19,159 main.py:78  ERROR Users can not have empty fields
2021-02-22 06:46:19,159 main.py:63  INFO Loading users from accounts.csv
2021-02-22 06:46:19,159 main.py:78  ERROR Users can not have empty fields
2021-02-22 06:46:19,160 main.py:117 INFO Saving statuses to status_updates.csv
2021-02-22 06:46:19,160 main.py:140 INFO Saving collection in database
2021-02-22 06:46:19,162 main.py:114 ERROR UserStatus files must be in csv format
2021-02-22 06:46:19,163 main.py:117 INFO Saving statuses to status_updates.csv
2021-02-22 06:46:19,164 main.py:127 ERROR UserStatus needs three parameters
2021-02-22 06:46:19,164 main.py:117 INFO Saving statuses to status_updates.csv
2021-02-22 06:46:19,164 main.py:127 ERROR UserStatus needs three parameters
2021-02-22 06:46:19,164 main.py:117 INFO Saving statuses to status_updates.csv
2021-02-22 06:46:19,164 main.py:127 ERROR UserStatus needs three parameters
2021-02-22 06:46:19,164 main.py:117 INFO Saving statuses to status_updates.csv
2021-02-22 06:46:19,164 main.py:127 ERROR UserStatus needs three parameters
2021-02-22 06:46:19,164 main.py:117 INFO Saving statuses to status_updates.csv
2021-02-22 06:46:19,165 main.py:127 ERROR UserStatus needs three parameters
2021-02-22 06:46:19,166 main.py:117 INFO Saving statuses to status_updates.csv
2021-02-22 06:46:19,166 main.py:132 ERROR UserStatus can not have empty fields
2021-02-22 06:46:19,166 main.py:117 INFO Saving statuses to status_updates.csv
2021-02-22 06:46:19,166 main.py:132 ERROR UserStatus can not have empty fields
2021-02-22 06:46:19,166 main.py:117 INFO Saving statuses to status_updates.csv
2021-02-22 06:46:19,166 main.py:132 ERROR UserStatus can not have empty fields
2021-02-22 06:46:19,168 main.py:159 INFO Adding a new User
2021-02-22 06:46:19,169 main.py:171 INFO Updating an User
2021-02-22 06:46:19,170 main.py:184 INFO Deleting an User
2021-02-22 06:46:19,172 main.py:198 INFO Searching for an User
2021-02-22 06:46:19,173 main.py:198 INFO Searching for an User
2021-02-22 06:46:19,174 main.py:216 INFO Adding an UserStatus
2021-02-22 06:46:19,175 main.py:228 INFO Updating an UserStatus
2021-02-22 06:46:19,176 main.py:240 INFO Deleting an UserStatus
2021-02-22 06:46:19,177 main.py:253 INFO Searching for an UserStatus
2021-02-22 06:46:19,179 main.py:253 INFO Searching for an UserStatus
2021-02-22 06:46:19,180 main.py:264 INFO Searching for matching UserStatuses
2021-02-22 06:46:19,181 main.py:273 INFO Searching for UserStatuses matching string
2021-02-22 06:46:19,182 main.py:28  INFO Creating a new UserCollection
2021-02-22 06:46:19,241 users.py:20  INFO New UserCollection instance created
2021-02-22 06:46:19,242 main.py:37  INFO Createing a new UserStatusCollection
2021-02-22 06:46:19,309 user_status.py:21  INFO New UserStatusCollection instance created
2021-02-22 06:46:19,309 main.py:63  INFO Loading users from accounts.csv
2021-02-22 06:46:19,309 main.py:68  ERROR accounts.csv does not contain data
2021-02-22 06:46:19,309 main.py:159 INFO Adding a new User
2021-02-22 06:46:19,342 users.py:38  INFO User dave03 sucessfully added
2021-02-22 06:46:19,342 main.py:159 INFO Adding a new User
2021-02-22 06:46:19,343 users.py:36  ERROR User dave03 breaks database rule: UNIQUE constraint failed: usertable.user_id
2021-02-22 06:46:19,343 main.py:171 INFO Updating an User
2021-02-22 06:46:19,376 users.py:55  INFO User dave03 sucessfully modified
2021-02-22 06:46:19,376 main.py:171 INFO Updating an User
2021-02-22 06:46:19,376 users.py:48  ERROR User dave02 not found in database
2021-02-22 06:46:19,377 main.py:198 INFO Searching for an User
2021-02-22 06:46:19,377 users.py:80  INFO User dave03 sucessfully found
2021-02-22 06:46:19,377 main.py:198 INFO Searching for an User
2021-02-22 06:46:19,378 users.py:78  ERROR User dave02 not found in database
2021-02-22 06:46:19,378 main.py:184 INFO Deleting an User
2021-02-22 06:46:19,409 users.py:68  INFO User dave03 sucessfully deleted
2021-02-22 06:46:19,409 main.py:184 INFO Deleting an User
2021-02-22 06:46:19,410 users.py:65  ERROR User dave03 not found in database
2021-02-22 06:46:19,410 main.py:159 INFO Adding a new User
2021-02-22 06:46:19,443 users.py:38  INFO User dave03 sucessfully added
2021-02-22 06:46:19,443 main.py:117 INFO Saving statuses to status_updates.csv
2021-02-22 06:46:19,443 main.py:122 ERROR status_updates.csv does not contain data
2021-02-22 06:46:19,443 main.py:216 INFO Adding an UserStatus
2021-02-22 06:46:19,477 user_status.py:38  INFO Status dave03_01 added to database
2021-02-22 06:46:19,477 main.py:216 INFO Adding an UserStatus
2021-02-22 06:46:19,477 user_status.py:36  ERROR Status dave03_01 breaks database rule: UNIQUE constraint failed: statustable.status_id
2021-02-22 06:46:19,477 main.py:228 INFO Updating an UserStatus
2021-02-22 06:46:19,511 user_status.py:55  INFO Status dave03_01 sucessfully modified
2021-02-22 06:46:19,511 main.py:228 INFO Updating an UserStatus
2021-02-22 06:46:19,511 user_status.py:49  ERROR Status dave03_02 not found database
2021-02-22 06:46:19,511 main.py:253 INFO Searching for an UserStatus
2021-02-22 06:46:19,512 user_status.py:82  INFO Status dave03_01 sucessfully found
2021-02-22 06:46:19,512 main.py:253 INFO Searching for an UserStatus
2021-02-22 06:46:19,512 user_status.py:80  ERROR Status dave03 not found database
2021-02-22 06:46:19,512 main.py:240 INFO Deleting an UserStatus
2021-02-22 06:46:19,544 user_status.py:69  INFO Status dave03_01 sucessfully deleted
2021-02-22 06:46:19,544 main.py:240 INFO Deleting an UserStatus
2021-02-22 06:46:19,545 user_status.py:66  ERROR Status dave03_01 not found database
2021-02-22 06:46:19,545 main.py:216 INFO Adding an UserStatus
2021-02-22 06:46:19,578 user_status.py:38  INFO Status dave03_01 added to database
2021-02-22 06:46:19,578 main.py:184 INFO Deleting an User
2021-02-22 06:46:19,612 users.py:68  INFO User dave03 sucessfully deleted
2021-02-22 06:46:19,612 main.py:253 INFO Searching for an UserStatus
2021-02-22 06:46:19,612 user_status.py:80  ERROR Status dave03_01 not found database
2021-02-22 06:46:19,612 main.py:159 INFO Adding a new User
2021-02-22 06:46:19,613 users.py:36  ERROR User ############################## breaks database rule: CHECK constraint failed: usertable
2021-02-22 06:46:19,613 main.py:159 INFO Adding a new User
2021-02-22 06:46:19,613 users.py:36  ERROR User name breaks database rule: CHECK constraint failed: usertable
2021-02-22 06:46:19,613 main.py:159 INFO Adding a new User
2021-02-22 06:46:19,614 users.py:36  ERROR User last_name breaks database rule: CHECK constraint failed: usertable
2021-02-22 06:46:19,617 user_status.py:21  INFO New UserStatusCollection instance created
2021-02-22 06:46:19,624 user_status.py:21  INFO New UserStatusCollection instance created
2021-02-22 06:46:19,625 user_status.py:38  INFO Status rando_001 added to database
2021-02-22 06:46:19,627 user_status.py:21  INFO New UserStatusCollection instance created
2021-02-22 06:46:19,628 user_status.py:36  ERROR Status rando_001 breaks database rule: 
2021-02-22 06:46:19,629 user_status.py:21  INFO New UserStatusCollection instance created
2021-02-22 06:46:19,630 user_status.py:55  INFO Status rando_001 sucessfully modified
2021-02-22 06:46:19,631 user_status.py:21  INFO New UserStatusCollection instance created
2021-02-22 06:46:19,631 user_status.py:49  ERROR Status rando_001 not found database
2021-02-22 06:46:19,633 user_status.py:21  INFO New UserStatusCollection instance created
2021-02-22 06:46:19,634 user_status.py:69  INFO Status rando_001 sucessfully deleted
2021-02-22 06:46:19,635 user_status.py:21  INFO New UserStatusCollection instance created
2021-02-22 06:46:19,635 user_status.py:66  ERROR Status rando_001 not found database
2021-02-22 06:46:19,636 user_status.py:21  INFO New UserStatusCollection instance created
2021-02-22 06:46:19,637 user_status.py:82  INFO Status rando_001 sucessfully found
2021-02-22 06:46:19,638 user_status.py:21  INFO New UserStatusCollection instance created
2021-02-22 06:46:19,638 user_status.py:80  ERROR Status rando_001 not found database
2021-02-22 06:46:19,640 user_status.py:21  INFO New UserStatusCollection instance created
2021-02-22 06:46:19,641 user_status.py:90  INFO Found statuses posted by rando
2021-02-22 06:46:19,642 user_status.py:21  INFO New UserStatusCollection instance created
2021-02-22 06:46:19,643 user_status.py:100 INFO Found statuses matching best
2021-02-22 06:46:19,645 users.py:20  INFO New UserCollection instance created
2021-02-22 06:46:19,646 users.py:20  INFO New UserCollection instance created
2021-02-22 06:46:19,647 users.py:38  INFO User rando sucessfully added
2021-02-22 06:46:19,648 users.py:20  INFO New UserCollection instance created
2021-02-22 06:46:19,649 users.py:36  ERROR User rando breaks database rule: 
2021-02-22 06:46:19,650 users.py:20  INFO New UserCollection instance created
2021-02-22 06:46:19,651 users.py:55  INFO User rando sucessfully modified
2021-02-22 06:46:19,652 users.py:20  INFO New UserCollection instance created
2021-02-22 06:46:19,652 users.py:48  ERROR User rando not found in database
2021-02-22 06:46:19,653 users.py:20  INFO New UserCollection instance created
2021-02-22 06:46:19,654 users.py:68  INFO User rando sucessfully deleted
2021-02-22 06:46:19,655 users.py:20  INFO New UserCollection instance created
2021-02-22 06:46:19,656 users.py:65  ERROR User rando not found in database
2021-02-22 06:46:19,657 users.py:20  INFO New UserCollection instance created
2021-02-22 06:46:19,657 users.py:80  INFO User <Mock name='sql.UserTable.get().user_id' id='1926888527880'> sucessfully found
2021-02-22 06:46:19,658 users.py:20  INFO New UserCollection instance created
2021-02-22 06:46:19,659 users.py:78  ERROR User rando not found in database
2021-02-22 06:49:43,614 main.py:28  INFO Creating a new UserCollection
2021-02-22 06:49:43,615 main.py:37  INFO Createing a new UserStatusCollection
2021-02-22 06:49:43,617 main.py:63  INFO Loading users from accounts.csv
2021-02-22 06:49:43,617 main.py:86  INFO Saving collection in database
2021-02-22 06:49:43,619 main.py:60  ERROR User files must be in csv format
2021-02-22 06:49:43,620 main.py:63  INFO Loading users from accounts.csv
2021-02-22 06:49:43,620 main.py:73  ERROR Users need four parameters
2021-02-22 06:49:43,620 main.py:63  INFO Loading users from accounts.csv
2021-02-22 06:49:43,620 main.py:73  ERROR Users need four parameters
2021-02-22 06:49:43,620 main.py:63  INFO Loading users from accounts.csv
2021-02-22 06:49:43,621 main.py:73  ERROR Users need four parameters
2021-02-22 06:49:43,621 main.py:63  INFO Loading users from accounts.csv
2021-02-22 06:49:43,621 main.py:73  ERROR Users need four parameters
2021-02-22 06:49:43,621 main.py:63  INFO Loading users from accounts.csv
2021-02-22 06:49:43,621 main.py:73  ERROR Users need four parameters
2021-02-22 06:49:43,622 main.py:63  INFO Loading users from accounts.csv
2021-02-22 06:49:43,622 main.py:78  ERROR Users can not have empty fields
2021-02-22 06:49:43,623 main.py:63  INFO Loading users from accounts.csv
2021-02-22 06:49:43,623 main.py:78  ERROR Users can not have empty fields
2021-02-22 06:49:43,623 main.py:63  INFO Loading users from accounts.csv
2021-02-22 06:49:43,623 main.py:78  ERROR Users can not have empty fields
2021-02-22 06:49:43,623 main.py:63  INFO Loading users from accounts.csv
2021-02-22 06:49:43,623 main.py:78  ERROR Users can not have empty fields
2021-02-22 06:49:43,625 main.py:117 INFO Saving statuses to status_updates.csv
2021-02-22 06:49:43,625 main.py:140 INFO Saving collection in database
2021-02-22 06:49:43,627 main.py:114 ERROR UserStatus files must be in csv format
2021-02-22 06:49:43,628 main.py:117 INFO Saving statuses to status_updates.csv
2021-02-22 06:49:43,628 main.py:127 ERROR UserStatus needs three parameters
2021-02-22 06:49:43,628 main.py:117 INFO Saving statuses to status_updates.csv
2021-02-22 06:49:43,628 main.py:127 ERROR UserStatus needs three parameters
2021-02-22 06:49:43,629 main.py:117 INFO Saving statuses to status_updates.csv
2021-02-22 06:49:43,629 main.py:127 ERROR UserStatus needs three parameters
2021-02-22 06:49:43,629 main.py:117 INFO Saving statuses to status_updates.csv
2021-02-22 06:49:43,629 main.py:127 ERROR UserStatus needs three parameters
2021-02-22 06:49:43,629 main.py:117 INFO Saving statuses to status_updates.csv
2021-02-22 06:49:43,629 main.py:127 ERROR UserStatus needs three parameters
2021-02-22 06:49:43,630 main.py:117 INFO Saving statuses to status_updates.csv
2021-02-22 06:49:43,631 main.py:132 ERROR UserStatus can not have empty fields
2021-02-22 06:49:43,631 main.py:117 INFO Saving statuses to status_updates.csv
2021-02-22 06:49:43,631 main.py:132 ERROR UserStatus can not have empty fields
2021-02-22 06:49:43,631 main.py:117 INFO Saving statuses to status_updates.csv
2021-02-22 06:49:43,631 main.py:132 ERROR UserStatus can not have empty fields
2021-02-22 06:49:43,632 main.py:159 INFO Adding a new User
2021-02-22 06:49:43,633 main.py:171 INFO Updating an User
2021-02-22 06:49:43,635 main.py:184 INFO Deleting an User
2021-02-22 06:49:43,636 main.py:198 INFO Searching for an User
2021-02-22 06:49:43,637 main.py:198 INFO Searching for an User
2021-02-22 06:49:43,638 main.py:216 INFO Adding an UserStatus
2021-02-22 06:49:43,640 main.py:228 INFO Updating an UserStatus
2021-02-22 06:49:43,641 main.py:240 INFO Deleting an UserStatus
2021-02-22 06:49:43,642 main.py:253 INFO Searching for an UserStatus
2021-02-22 06:49:43,644 main.py:253 INFO Searching for an UserStatus
2021-02-22 06:49:43,645 main.py:264 INFO Searching for matching UserStatuses
2021-02-22 06:49:43,646 main.py:273 INFO Searching for UserStatuses matching string
2021-02-22 06:49:43,647 main.py:28  INFO Creating a new UserCollection
2021-02-22 06:49:44,147 users.py:20  INFO New UserCollection instance created
2021-02-22 06:49:44,148 main.py:37  INFO Createing a new UserStatusCollection
2021-02-22 06:49:44,215 user_status.py:21  INFO New UserStatusCollection instance created
2021-02-22 06:49:44,215 main.py:63  INFO Loading users from accounts.csv
2021-02-22 06:49:44,215 main.py:68  ERROR accounts.csv does not contain data
2021-02-22 06:49:44,215 main.py:159 INFO Adding a new User
2021-02-22 06:49:44,248 users.py:38  INFO User dave03 sucessfully added
2021-02-22 06:49:44,249 main.py:159 INFO Adding a new User
2021-02-22 06:49:44,249 users.py:36  ERROR User dave03 breaks database rule: UNIQUE constraint failed: usertable.user_id
2021-02-22 06:49:44,249 main.py:171 INFO Updating an User
2021-02-22 06:49:44,282 users.py:55  INFO User dave03 sucessfully modified
2021-02-22 06:49:44,282 main.py:171 INFO Updating an User
2021-02-22 06:49:44,283 users.py:48  ERROR User dave02 not found in database
2021-02-22 06:49:44,283 main.py:198 INFO Searching for an User
2021-02-22 06:49:44,283 users.py:80  INFO User dave03 sucessfully found
2021-02-22 06:49:44,283 main.py:198 INFO Searching for an User
2021-02-22 06:49:44,284 users.py:78  ERROR User dave02 not found in database
2021-02-22 06:49:44,284 main.py:184 INFO Deleting an User
2021-02-22 06:49:44,316 users.py:68  INFO User dave03 sucessfully deleted
2021-02-22 06:49:44,316 main.py:184 INFO Deleting an User
2021-02-22 06:49:44,317 users.py:65  ERROR User dave03 not found in database
2021-02-22 06:49:44,317 main.py:159 INFO Adding a new User
2021-02-22 06:49:44,350 users.py:38  INFO User dave03 sucessfully added
2021-02-22 06:49:44,350 main.py:117 INFO Saving statuses to status_updates.csv
2021-02-22 06:49:44,350 main.py:122 ERROR status_updates.csv does not contain data
2021-02-22 06:49:44,350 main.py:216 INFO Adding an UserStatus
2021-02-22 06:49:44,383 user_status.py:38  INFO Status dave03_01 added to database
2021-02-22 06:49:44,383 main.py:216 INFO Adding an UserStatus
2021-02-22 06:49:44,383 user_status.py:36  ERROR Status dave03_01 breaks database rule: UNIQUE constraint failed: statustable.status_id
2021-02-22 06:49:44,384 main.py:228 INFO Updating an UserStatus
2021-02-22 06:49:44,417 user_status.py:55  INFO Status dave03_01 sucessfully modified
2021-02-22 06:49:44,417 main.py:228 INFO Updating an UserStatus
2021-02-22 06:49:44,417 user_status.py:49  ERROR Status dave03_02 not found database
2021-02-22 06:49:44,417 main.py:253 INFO Searching for an UserStatus
2021-02-22 06:49:44,417 user_status.py:82  INFO Status dave03_01 sucessfully found
2021-02-22 06:49:44,418 main.py:253 INFO Searching for an UserStatus
2021-02-22 06:49:44,418 user_status.py:80  ERROR Status dave03 not found database
2021-02-22 06:49:44,418 main.py:240 INFO Deleting an UserStatus
2021-02-22 06:49:44,450 user_status.py:69  INFO Status dave03_01 sucessfully deleted
2021-02-22 06:49:44,450 main.py:240 INFO Deleting an UserStatus
2021-02-22 06:49:44,450 user_status.py:66  ERROR Status dave03_01 not found database
2021-02-22 06:49:44,451 main.py:216 INFO Adding an UserStatus
2021-02-22 06:49:44,484 user_status.py:38  INFO Status dave03_01 added to database
2021-02-22 06:49:44,484 main.py:184 INFO Deleting an User
2021-02-22 06:49:44,518 users.py:68  INFO User dave03 sucessfully deleted
2021-02-22 06:49:44,518 main.py:253 INFO Searching for an UserStatus
2021-02-22 06:49:44,518 user_status.py:80  ERROR Status dave03_01 not found database
2021-02-22 06:49:44,518 main.py:159 INFO Adding a new User
2021-02-22 06:49:44,519 users.py:36  ERROR User ############################## breaks database rule: CHECK constraint failed: usertable
2021-02-22 06:49:44,519 main.py:159 INFO Adding a new User
2021-02-22 06:49:44,519 users.py:36  ERROR User name breaks database rule: CHECK constraint failed: usertable
2021-02-22 06:49:44,519 main.py:159 INFO Adding a new User
2021-02-22 06:49:44,520 users.py:36  ERROR User last_name breaks database rule: CHECK constraint failed: usertable
2021-02-22 06:49:44,522 user_status.py:21  INFO New UserStatusCollection instance created
2021-02-22 06:49:44,523 user_status.py:21  INFO New UserStatusCollection instance created
2021-02-22 06:49:44,525 user_status.py:38  INFO Status rando_001 added to database
2021-02-22 06:49:44,527 user_status.py:21  INFO New UserStatusCollection instance created
2021-02-22 06:49:44,533 user_status.py:36  ERROR Status rando_001 breaks database rule: 
2021-02-22 06:49:44,534 user_status.py:21  INFO New UserStatusCollection instance created
2021-02-22 06:49:44,535 user_status.py:55  INFO Status rando_001 sucessfully modified
2021-02-22 06:49:44,537 user_status.py:21  INFO New UserStatusCollection instance created
2021-02-22 06:49:44,537 user_status.py:49  ERROR Status rando_001 not found database
2021-02-22 06:49:44,538 user_status.py:21  INFO New UserStatusCollection instance created
2021-02-22 06:49:44,539 user_status.py:69  INFO Status rando_001 sucessfully deleted
2021-02-22 06:49:44,540 user_status.py:21  INFO New UserStatusCollection instance created
2021-02-22 06:49:44,541 user_status.py:66  ERROR Status rando_001 not found database
2021-02-22 06:49:44,542 user_status.py:21  INFO New UserStatusCollection instance created
2021-02-22 06:49:44,543 user_status.py:82  INFO Status rando_001 sucessfully found
2021-02-22 06:49:44,544 user_status.py:21  INFO New UserStatusCollection instance created
2021-02-22 06:49:44,544 user_status.py:80  ERROR Status rando_001 not found database
2021-02-22 06:49:44,546 user_status.py:21  INFO New UserStatusCollection instance created
2021-02-22 06:49:44,547 user_status.py:90  INFO Found statuses posted by rando
2021-02-22 06:49:44,548 user_status.py:21  INFO New UserStatusCollection instance created
2021-02-22 06:49:44,549 user_status.py:100 INFO Found statuses matching best
2021-02-22 06:49:44,550 users.py:20  INFO New UserCollection instance created
2021-02-22 06:49:44,552 users.py:20  INFO New UserCollection instance created
2021-02-22 06:49:44,553 users.py:38  INFO User rando sucessfully added
2021-02-22 06:49:44,554 users.py:20  INFO New UserCollection instance created
2021-02-22 06:49:44,555 users.py:36  ERROR User rando breaks database rule: 
2021-02-22 06:49:44,556 users.py:20  INFO New UserCollection instance created
2021-02-22 06:49:44,557 users.py:55  INFO User rando sucessfully modified
2021-02-22 06:49:44,558 users.py:20  INFO New UserCollection instance created
2021-02-22 06:49:44,559 users.py:48  ERROR User rando not found in database
2021-02-22 06:49:44,560 users.py:20  INFO New UserCollection instance created
2021-02-22 06:49:44,561 users.py:68  INFO User rando sucessfully deleted
2021-02-22 06:49:44,562 users.py:20  INFO New UserCollection instance created
2021-02-22 06:49:44,562 users.py:65  ERROR User rando not found in database
2021-02-22 06:49:44,563 users.py:20  INFO New UserCollection instance created
2021-02-22 06:49:44,564 users.py:80  INFO User <Mock name='sql.UserTable.get().user_id' id='2338463250376'> sucessfully found
2021-02-22 06:49:44,565 users.py:20  INFO New UserCollection instance created
2021-02-22 06:49:44,565 users.py:78  ERROR User rando not found in database
2021-02-22 06:50:00,916 main.py:28  INFO Creating a new UserCollection
2021-02-22 06:50:00,974 users.py:20  INFO New UserCollection instance created
2021-02-22 06:50:00,974 main.py:37  INFO Createing a new UserStatusCollection
2021-02-22 06:50:01,041 user_status.py:21  INFO New UserStatusCollection instance created
2021-02-22 06:50:12,476 main.py:159 INFO Adding a new User
2021-02-22 06:50:12,519 users.py:38  INFO User Dan sucessfully added
2021-02-22 06:50:28,692 main.py:216 INFO Adding an UserStatus
2021-02-22 06:50:28,693 user_status.py:36  ERROR Status can01 breaks database rule: FOREIGN KEY constraint failed
2021-02-22 06:50:41,814 main.py:216 INFO Adding an UserStatus
2021-02-22 06:50:41,864 user_status.py:38  INFO Status Dan01 added to database
2021-02-22 06:51:02,219 main.py:216 INFO Adding an UserStatus
2021-02-22 06:51:02,264 user_status.py:38  INFO Status Dan02 added to database
2021-02-22 06:51:27,398 main.py:216 INFO Adding an UserStatus
2021-02-22 06:51:27,879 user_status.py:38  INFO Status Dan03 added to database
2021-02-22 06:51:35,508 main.py:264 INFO Searching for matching UserStatuses
2021-02-22 06:51:35,508 user_status.py:90  INFO Found statuses posted by Dan
2021-02-22 06:51:48,157 main.py:264 INFO Searching for matching UserStatuses
2021-02-22 06:51:48,157 user_status.py:90  INFO Found statuses posted by Dan
2021-02-22 07:01:31,807 main.py:273 INFO Searching for UserStatuses matching string
2021-02-22 07:01:31,808 user_status.py:100 INFO Found statuses matching a
2021-02-22 07:01:40,122 main.py:273 INFO Searching for UserStatuses matching string
2021-02-22 07:01:40,123 user_status.py:100 INFO Found statuses matching f
2021-02-22 07:01:59,691 main.py:273 INFO Searching for UserStatuses matching string
2021-02-22 07:01:59,691 user_status.py:100 INFO Found statuses matching a
2021-02-22 07:02:14,022 main.py:273 INFO Searching for UserStatuses matching string
2021-02-22 07:02:14,023 user_status.py:100 INFO Found statuses matching a
2021-02-22 07:11:22,853 main.py:28  INFO Creating a new UserCollection
2021-02-22 07:11:22,854 main.py:37  INFO Createing a new UserStatusCollection
2021-02-22 07:11:22,856 main.py:63  INFO Loading users from accounts.csv
2021-02-22 07:11:22,856 main.py:86  INFO Saving collection in database
2021-02-22 07:11:22,858 main.py:60  ERROR User files must be in csv format
2021-02-22 07:11:22,859 main.py:63  INFO Loading users from accounts.csv
2021-02-22 07:11:22,859 main.py:73  ERROR Users need four parameters
2021-02-22 07:11:22,859 main.py:63  INFO Loading users from accounts.csv
2021-02-22 07:11:22,859 main.py:73  ERROR Users need four parameters
2021-02-22 07:11:22,859 main.py:63  INFO Loading users from accounts.csv
2021-02-22 07:11:22,860 main.py:73  ERROR Users need four parameters
2021-02-22 07:11:22,860 main.py:63  INFO Loading users from accounts.csv
2021-02-22 07:11:22,860 main.py:73  ERROR Users need four parameters
2021-02-22 07:11:22,860 main.py:63  INFO Loading users from accounts.csv
2021-02-22 07:11:22,860 main.py:73  ERROR Users need four parameters
2021-02-22 07:11:22,861 main.py:63  INFO Loading users from accounts.csv
2021-02-22 07:11:22,861 main.py:78  ERROR Users can not have empty fields
2021-02-22 07:11:22,862 main.py:63  INFO Loading users from accounts.csv
2021-02-22 07:11:22,862 main.py:78  ERROR Users can not have empty fields
2021-02-22 07:11:22,862 main.py:63  INFO Loading users from accounts.csv
2021-02-22 07:11:22,862 main.py:78  ERROR Users can not have empty fields
2021-02-22 07:11:22,862 main.py:63  INFO Loading users from accounts.csv
2021-02-22 07:11:22,862 main.py:78  ERROR Users can not have empty fields
2021-02-22 07:11:22,864 main.py:117 INFO Saving statuses to status_updates.csv
2021-02-22 07:11:22,864 main.py:140 INFO Saving collection in database
2021-02-22 07:11:22,866 main.py:114 ERROR UserStatus files must be in csv format
2021-02-22 07:11:22,868 main.py:117 INFO Saving statuses to status_updates.csv
2021-02-22 07:11:22,868 main.py:127 ERROR UserStatus needs three parameters
2021-02-22 07:11:22,868 main.py:117 INFO Saving statuses to status_updates.csv
2021-02-22 07:11:22,868 main.py:127 ERROR UserStatus needs three parameters
2021-02-22 07:11:22,868 main.py:117 INFO Saving statuses to status_updates.csv
2021-02-22 07:11:22,868 main.py:127 ERROR UserStatus needs three parameters
2021-02-22 07:11:22,868 main.py:117 INFO Saving statuses to status_updates.csv
2021-02-22 07:11:22,868 main.py:127 ERROR UserStatus needs three parameters
2021-02-22 07:11:22,869 main.py:117 INFO Saving statuses to status_updates.csv
2021-02-22 07:11:22,869 main.py:127 ERROR UserStatus needs three parameters
2021-02-22 07:11:22,870 main.py:117 INFO Saving statuses to status_updates.csv
2021-02-22 07:11:22,870 main.py:132 ERROR UserStatus can not have empty fields
2021-02-22 07:11:22,870 main.py:117 INFO Saving statuses to status_updates.csv
2021-02-22 07:11:22,870 main.py:132 ERROR UserStatus can not have empty fields
2021-02-22 07:11:22,871 main.py:117 INFO Saving statuses to status_updates.csv
2021-02-22 07:11:22,871 main.py:132 ERROR UserStatus can not have empty fields
2021-02-22 07:11:22,872 main.py:159 INFO Adding a new User
2021-02-22 07:11:22,873 main.py:171 INFO Updating an User
2021-02-22 07:11:22,874 main.py:184 INFO Deleting an User
2021-02-22 07:11:22,876 main.py:198 INFO Searching for an User
2021-02-22 07:11:22,877 main.py:198 INFO Searching for an User
2021-02-22 07:11:22,878 main.py:216 INFO Adding an UserStatus
2021-02-22 07:11:22,880 main.py:228 INFO Updating an UserStatus
2021-02-22 07:11:22,882 main.py:240 INFO Deleting an UserStatus
2021-02-22 07:11:22,885 main.py:253 INFO Searching for an UserStatus
2021-02-22 07:11:22,886 main.py:253 INFO Searching for an UserStatus
2021-02-22 07:11:22,887 main.py:264 INFO Searching for matching UserStatuses
2021-02-22 07:11:22,888 main.py:273 INFO Searching for UserStatuses matching string
2021-02-22 07:11:22,890 main.py:28  INFO Creating a new UserCollection
2021-02-22 07:11:22,953 users.py:20  INFO New UserCollection instance created
2021-02-22 07:11:22,953 main.py:37  INFO Createing a new UserStatusCollection
2021-02-22 07:11:23,020 user_status.py:21  INFO New UserStatusCollection instance created
2021-02-22 07:11:23,020 main.py:63  INFO Loading users from accounts.csv
2021-02-22 07:11:23,020 main.py:68  ERROR accounts.csv does not contain data
2021-02-22 07:11:23,020 main.py:159 INFO Adding a new User
2021-02-22 07:11:23,054 users.py:38  INFO User dave03 sucessfully added
2021-02-22 07:11:23,054 main.py:159 INFO Adding a new User
2021-02-22 07:11:23,055 users.py:36  ERROR User dave03 breaks database rule: UNIQUE constraint failed: usertable.user_id
2021-02-22 07:11:23,055 main.py:171 INFO Updating an User
2021-02-22 07:11:23,088 users.py:55  INFO User dave03 sucessfully modified
2021-02-22 07:11:23,088 main.py:171 INFO Updating an User
2021-02-22 07:11:23,088 users.py:48  ERROR User dave02 not found in database
2021-02-22 07:11:23,088 main.py:198 INFO Searching for an User
2021-02-22 07:11:23,089 users.py:80  INFO User dave03 sucessfully found
2021-02-22 07:11:23,089 main.py:198 INFO Searching for an User
2021-02-22 07:11:23,089 users.py:78  ERROR User dave02 not found in database
2021-02-22 07:11:23,089 main.py:184 INFO Deleting an User
2021-02-22 07:11:23,121 users.py:68  INFO User dave03 sucessfully deleted
2021-02-22 07:11:23,121 main.py:184 INFO Deleting an User
2021-02-22 07:11:23,122 users.py:65  ERROR User dave03 not found in database
2021-02-22 07:11:23,122 main.py:159 INFO Adding a new User
2021-02-22 07:11:23,155 users.py:38  INFO User dave03 sucessfully added
2021-02-22 07:11:23,155 main.py:117 INFO Saving statuses to status_updates.csv
2021-02-22 07:11:23,155 main.py:122 ERROR status_updates.csv does not contain data
2021-02-22 07:11:23,155 main.py:216 INFO Adding an UserStatus
2021-02-22 07:11:23,188 user_status.py:38  INFO Status dave03_01 added to database
2021-02-22 07:11:23,188 main.py:216 INFO Adding an UserStatus
2021-02-22 07:11:23,189 user_status.py:36  ERROR Status dave03_01 breaks database rule: UNIQUE constraint failed: statustable.status_id
2021-02-22 07:11:23,189 main.py:228 INFO Updating an UserStatus
2021-02-22 07:11:23,222 user_status.py:55  INFO Status dave03_01 sucessfully modified
2021-02-22 07:11:23,222 main.py:228 INFO Updating an UserStatus
2021-02-22 07:11:23,223 user_status.py:49  ERROR Status dave03_02 not found database
2021-02-22 07:11:23,223 main.py:253 INFO Searching for an UserStatus
2021-02-22 07:11:23,223 user_status.py:82  INFO Status dave03_01 sucessfully found
2021-02-22 07:11:23,224 main.py:253 INFO Searching for an UserStatus
2021-02-22 07:11:23,224 user_status.py:80  ERROR Status dave03 not found database
2021-02-22 07:11:23,225 main.py:240 INFO Deleting an UserStatus
2021-02-22 07:11:23,256 user_status.py:69  INFO Status dave03_01 sucessfully deleted
2021-02-22 07:11:23,256 main.py:240 INFO Deleting an UserStatus
2021-02-22 07:11:23,257 user_status.py:66  ERROR Status dave03_01 not found database
2021-02-22 07:11:23,257 main.py:216 INFO Adding an UserStatus
2021-02-22 07:11:23,289 user_status.py:38  INFO Status dave03_01 added to database
2021-02-22 07:11:23,289 main.py:184 INFO Deleting an User
2021-02-22 07:11:23,323 users.py:68  INFO User dave03 sucessfully deleted
2021-02-22 07:11:23,323 main.py:253 INFO Searching for an UserStatus
2021-02-22 07:11:23,324 user_status.py:80  ERROR Status dave03_01 not found database
2021-02-22 07:11:23,324 main.py:159 INFO Adding a new User
2021-02-22 07:11:23,324 users.py:36  ERROR User ############################## breaks database rule: CHECK constraint failed: usertable
2021-02-22 07:11:23,324 main.py:159 INFO Adding a new User
2021-02-22 07:11:23,325 users.py:36  ERROR User name breaks database rule: CHECK constraint failed: usertable
2021-02-22 07:11:23,325 main.py:159 INFO Adding a new User
2021-02-22 07:11:23,325 users.py:36  ERROR User last_name breaks database rule: CHECK constraint failed: usertable
2021-02-22 07:11:23,327 user_status.py:21  INFO New UserStatusCollection instance created
2021-02-22 07:11:23,328 user_status.py:21  INFO New UserStatusCollection instance created
2021-02-22 07:11:23,330 user_status.py:38  INFO Status rando_001 added to database
2021-02-22 07:11:23,332 user_status.py:21  INFO New UserStatusCollection instance created
2021-02-22 07:11:23,337 user_status.py:36  ERROR Status rando_001 breaks database rule: 
2021-02-22 07:11:23,339 user_status.py:21  INFO New UserStatusCollection instance created
2021-02-22 07:11:23,340 user_status.py:55  INFO Status rando_001 sucessfully modified
2021-02-22 07:11:23,341 user_status.py:21  INFO New UserStatusCollection instance created
2021-02-22 07:11:23,341 user_status.py:49  ERROR Status rando_001 not found database
2021-02-22 07:11:23,343 user_status.py:21  INFO New UserStatusCollection instance created
2021-02-22 07:11:23,343 user_status.py:69  INFO Status rando_001 sucessfully deleted
2021-02-22 07:11:23,344 user_status.py:21  INFO New UserStatusCollection instance created
2021-02-22 07:11:23,345 user_status.py:66  ERROR Status rando_001 not found database
2021-02-22 07:11:23,346 user_status.py:21  INFO New UserStatusCollection instance created
2021-02-22 07:11:23,347 user_status.py:82  INFO Status rando_001 sucessfully found
2021-02-22 07:11:23,348 user_status.py:21  INFO New UserStatusCollection instance created
2021-02-22 07:11:23,349 user_status.py:80  ERROR Status rando_001 not found database
2021-02-22 07:11:23,350 user_status.py:21  INFO New UserStatusCollection instance created
2021-02-22 07:11:23,351 user_status.py:90  INFO Found statuses posted by rando
2021-02-22 07:11:23,352 user_status.py:21  INFO New UserStatusCollection instance created
2021-02-22 07:11:23,353 user_status.py:100 INFO Found statuses matching best
2021-02-22 07:11:23,355 users.py:20  INFO New UserCollection instance created
2021-02-22 07:11:23,356 users.py:20  INFO New UserCollection instance created
2021-02-22 07:11:23,357 users.py:38  INFO User rando sucessfully added
2021-02-22 07:11:23,358 users.py:20  INFO New UserCollection instance created
2021-02-22 07:11:23,359 users.py:36  ERROR User rando breaks database rule: 
2021-02-22 07:11:23,360 users.py:20  INFO New UserCollection instance created
2021-02-22 07:11:23,361 users.py:55  INFO User rando sucessfully modified
2021-02-22 07:11:23,362 users.py:20  INFO New UserCollection instance created
2021-02-22 07:11:23,362 users.py:48  ERROR User rando not found in database
2021-02-22 07:11:23,364 users.py:20  INFO New UserCollection instance created
2021-02-22 07:11:23,365 users.py:68  INFO User rando sucessfully deleted
2021-02-22 07:11:23,366 users.py:20  INFO New UserCollection instance created
2021-02-22 07:11:23,366 users.py:65  ERROR User rando not found in database
2021-02-22 07:11:23,367 users.py:20  INFO New UserCollection instance created
2021-02-22 07:11:23,368 users.py:80  INFO User <Mock name='sql.UserTable.get().user_id' id='1971304740680'> sucessfully found
2021-02-22 07:11:23,369 users.py:20  INFO New UserCollection instance created
2021-02-22 07:11:23,369 users.py:78  ERROR User rando not found in database
2021-02-22 07:39:07,418 main.py:28  INFO Creating a new UserCollection
2021-02-22 07:39:07,420 main.py:37  INFO Createing a new UserStatusCollection
2021-02-22 07:39:07,421 main.py:63  INFO Loading users from accounts.csv
2021-02-22 07:39:07,421 main.py:86  INFO Saving collection in database
2021-02-22 07:39:07,423 main.py:60  ERROR User files must be in csv format
2021-02-22 07:39:07,425 main.py:63  INFO Loading users from accounts.csv
2021-02-22 07:39:07,425 main.py:73  ERROR Users need four parameters
2021-02-22 07:39:07,425 main.py:63  INFO Loading users from accounts.csv
2021-02-22 07:39:07,425 main.py:73  ERROR Users need four parameters
2021-02-22 07:39:07,425 main.py:63  INFO Loading users from accounts.csv
2021-02-22 07:39:07,425 main.py:73  ERROR Users need four parameters
2021-02-22 07:39:07,425 main.py:63  INFO Loading users from accounts.csv
2021-02-22 07:39:07,425 main.py:73  ERROR Users need four parameters
2021-02-22 07:39:07,426 main.py:63  INFO Loading users from accounts.csv
2021-02-22 07:39:07,426 main.py:73  ERROR Users need four parameters
2021-02-22 07:39:07,427 main.py:63  INFO Loading users from accounts.csv
2021-02-22 07:39:07,427 main.py:78  ERROR Users can not have empty fields
2021-02-22 07:39:07,427 main.py:63  INFO Loading users from accounts.csv
2021-02-22 07:39:07,427 main.py:78  ERROR Users can not have empty fields
2021-02-22 07:39:07,427 main.py:63  INFO Loading users from accounts.csv
2021-02-22 07:39:07,428 main.py:78  ERROR Users can not have empty fields
2021-02-22 07:39:07,428 main.py:63  INFO Loading users from accounts.csv
2021-02-22 07:39:07,428 main.py:78  ERROR Users can not have empty fields
2021-02-22 07:39:07,429 main.py:117 INFO Saving statuses to status_updates.csv
2021-02-22 07:39:07,429 main.py:140 INFO Saving collection in database
2021-02-22 07:39:07,431 main.py:114 ERROR UserStatus files must be in csv format
2021-02-22 07:39:07,433 main.py:117 INFO Saving statuses to status_updates.csv
2021-02-22 07:39:07,433 main.py:127 ERROR UserStatus needs three parameters
2021-02-22 07:39:07,433 main.py:117 INFO Saving statuses to status_updates.csv
2021-02-22 07:39:07,433 main.py:127 ERROR UserStatus needs three parameters
2021-02-22 07:39:07,433 main.py:117 INFO Saving statuses to status_updates.csv
2021-02-22 07:39:07,433 main.py:127 ERROR UserStatus needs three parameters
2021-02-22 07:39:07,434 main.py:117 INFO Saving statuses to status_updates.csv
2021-02-22 07:39:07,434 main.py:127 ERROR UserStatus needs three parameters
2021-02-22 07:39:07,434 main.py:117 INFO Saving statuses to status_updates.csv
2021-02-22 07:39:07,434 main.py:127 ERROR UserStatus needs three parameters
2021-02-22 07:39:07,435 main.py:117 INFO Saving statuses to status_updates.csv
2021-02-22 07:39:07,435 main.py:132 ERROR UserStatus can not have empty fields
2021-02-22 07:39:07,435 main.py:117 INFO Saving statuses to status_updates.csv
2021-02-22 07:39:07,435 main.py:132 ERROR UserStatus can not have empty fields
2021-02-22 07:39:07,436 main.py:117 INFO Saving statuses to status_updates.csv
2021-02-22 07:39:07,436 main.py:132 ERROR UserStatus can not have empty fields
2021-02-22 07:39:07,437 main.py:159 INFO Adding a new User
2021-02-22 07:39:07,438 main.py:171 INFO Updating an User
2021-02-22 07:39:07,439 main.py:184 INFO Deleting an User
2021-02-22 07:39:07,440 main.py:198 INFO Searching for an User
2021-02-22 07:39:07,442 main.py:198 INFO Searching for an User
2021-02-22 07:39:07,443 main.py:216 INFO Adding an UserStatus
2021-02-22 07:39:07,444 main.py:228 INFO Updating an UserStatus
2021-02-22 07:39:07,445 main.py:240 INFO Deleting an UserStatus
2021-02-22 07:39:07,447 main.py:253 INFO Searching for an UserStatus
2021-02-22 07:39:07,449 main.py:253 INFO Searching for an UserStatus
2021-02-22 07:39:07,450 main.py:264 INFO Searching for matching UserStatuses
2021-02-22 07:39:07,451 main.py:273 INFO Searching for UserStatuses matching string
2021-02-22 07:39:07,452 main.py:28  INFO Creating a new UserCollection
2021-02-22 07:39:08,123 users.py:20  INFO New UserCollection instance created
2021-02-22 07:39:08,123 main.py:37  INFO Createing a new UserStatusCollection
2021-02-22 07:39:08,190 user_status.py:21  INFO New UserStatusCollection instance created
2021-02-22 07:39:08,190 main.py:63  INFO Loading users from accounts.csv
2021-02-22 07:39:08,190 main.py:68  ERROR accounts.csv does not contain data
2021-02-22 07:39:08,191 main.py:159 INFO Adding a new User
2021-02-22 07:39:08,224 users.py:38  INFO User dave03 sucessfully added
2021-02-22 07:39:08,224 main.py:159 INFO Adding a new User
2021-02-22 07:39:08,224 users.py:36  ERROR User dave03 breaks database rule: UNIQUE constraint failed: usertable.user_id
2021-02-22 07:39:08,225 main.py:171 INFO Updating an User
2021-02-22 07:39:08,257 users.py:55  INFO User dave03 sucessfully modified
2021-02-22 07:39:08,257 main.py:171 INFO Updating an User
2021-02-22 07:39:08,258 users.py:48  ERROR User dave02 not found in database
2021-02-22 07:39:08,258 main.py:198 INFO Searching for an User
2021-02-22 07:39:08,258 users.py:80  INFO User dave03 sucessfully found
2021-02-22 07:39:08,258 main.py:198 INFO Searching for an User
2021-02-22 07:39:08,259 users.py:78  ERROR User dave02 not found in database
2021-02-22 07:39:08,259 main.py:184 INFO Deleting an User
2021-02-22 07:39:08,291 users.py:68  INFO User dave03 sucessfully deleted
2021-02-22 07:39:08,291 main.py:184 INFO Deleting an User
2021-02-22 07:39:08,292 users.py:65  ERROR User dave03 not found in database
2021-02-22 07:39:08,292 main.py:159 INFO Adding a new User
2021-02-22 07:39:08,326 users.py:38  INFO User dave03 sucessfully added
2021-02-22 07:39:08,326 main.py:117 INFO Saving statuses to status_updates.csv
2021-02-22 07:39:08,326 main.py:122 ERROR status_updates.csv does not contain data
2021-02-22 07:39:08,326 main.py:216 INFO Adding an UserStatus
2021-02-22 07:39:08,358 user_status.py:38  INFO Status dave03_01 added to database
2021-02-22 07:39:08,358 main.py:216 INFO Adding an UserStatus
2021-02-22 07:39:08,359 user_status.py:36  ERROR Status dave03_01 breaks database rule: UNIQUE constraint failed: statustable.status_id
2021-02-22 07:39:08,359 main.py:228 INFO Updating an UserStatus
2021-02-22 07:39:08,392 user_status.py:55  INFO Status dave03_01 sucessfully modified
2021-02-22 07:39:08,392 main.py:228 INFO Updating an UserStatus
2021-02-22 07:39:08,393 user_status.py:49  ERROR Status dave03_02 not found database
2021-02-22 07:39:08,393 main.py:253 INFO Searching for an UserStatus
2021-02-22 07:39:08,393 user_status.py:82  INFO Status dave03_01 sucessfully found
2021-02-22 07:39:08,394 main.py:253 INFO Searching for an UserStatus
2021-02-22 07:39:08,395 user_status.py:80  ERROR Status dave03 not found database
2021-02-22 07:39:08,395 main.py:240 INFO Deleting an UserStatus
2021-02-22 07:39:08,426 user_status.py:69  INFO Status dave03_01 sucessfully deleted
2021-02-22 07:39:08,426 main.py:240 INFO Deleting an UserStatus
2021-02-22 07:39:08,427 user_status.py:66  ERROR Status dave03_01 not found database
2021-02-22 07:39:08,427 main.py:216 INFO Adding an UserStatus
2021-02-22 07:39:08,459 user_status.py:38  INFO Status dave03_01 added to database
2021-02-22 07:39:08,461 main.py:184 INFO Deleting an User
2021-02-22 07:39:08,494 users.py:68  INFO User dave03 sucessfully deleted
2021-02-22 07:39:08,494 main.py:253 INFO Searching for an UserStatus
2021-02-22 07:39:08,495 user_status.py:80  ERROR Status dave03_01 not found database
2021-02-22 07:39:08,495 main.py:159 INFO Adding a new User
2021-02-22 07:39:08,495 users.py:36  ERROR User ############################## breaks database rule: CHECK constraint failed: usertable
2021-02-22 07:39:08,495 main.py:159 INFO Adding a new User
2021-02-22 07:39:08,496 users.py:36  ERROR User name breaks database rule: CHECK constraint failed: usertable
2021-02-22 07:39:08,496 main.py:159 INFO Adding a new User
2021-02-22 07:39:08,496 users.py:36  ERROR User last_name breaks database rule: CHECK constraint failed: usertable
2021-02-22 07:39:08,498 user_status.py:21  INFO New UserStatusCollection instance created
2021-02-22 07:39:08,500 user_status.py:21  INFO New UserStatusCollection instance created
2021-02-22 07:39:08,501 user_status.py:38  INFO Status rando_001 added to database
2021-02-22 07:39:08,504 user_status.py:21  INFO New UserStatusCollection instance created
2021-02-22 07:39:08,510 user_status.py:36  ERROR Status rando_001 breaks database rule: 
2021-02-22 07:39:08,511 user_status.py:21  INFO New UserStatusCollection instance created
2021-02-22 07:39:08,512 user_status.py:55  INFO Status rando_001 sucessfully modified
2021-02-22 07:39:08,514 user_status.py:21  INFO New UserStatusCollection instance created
2021-02-22 07:39:08,514 user_status.py:49  ERROR Status rando_001 not found database
2021-02-22 07:39:08,515 user_status.py:21  INFO New UserStatusCollection instance created
2021-02-22 07:39:08,516 user_status.py:69  INFO Status rando_001 sucessfully deleted
2021-02-22 07:39:08,517 user_status.py:21  INFO New UserStatusCollection instance created
2021-02-22 07:39:08,518 user_status.py:66  ERROR Status rando_001 not found database
2021-02-22 07:39:08,519 user_status.py:21  INFO New UserStatusCollection instance created
2021-02-22 07:39:08,520 user_status.py:82  INFO Status rando_001 sucessfully found
2021-02-22 07:39:08,521 user_status.py:21  INFO New UserStatusCollection instance created
2021-02-22 07:39:08,521 user_status.py:80  ERROR Status rando_001 not found database
2021-02-22 07:39:08,523 user_status.py:21  INFO New UserStatusCollection instance created
2021-02-22 07:39:08,524 user_status.py:90  INFO Found statuses posted by rando
2021-02-22 07:39:08,525 user_status.py:21  INFO New UserStatusCollection instance created
2021-02-22 07:39:08,526 user_status.py:100 INFO Found statuses matching best
2021-02-22 07:39:08,528 users.py:20  INFO New UserCollection instance created
2021-02-22 07:39:08,529 users.py:20  INFO New UserCollection instance created
2021-02-22 07:39:08,530 users.py:38  INFO User rando sucessfully added
2021-02-22 07:39:08,531 users.py:20  INFO New UserCollection instance created
2021-02-22 07:39:08,532 users.py:36  ERROR User rando breaks database rule: 
2021-02-22 07:39:08,533 users.py:20  INFO New UserCollection instance created
2021-02-22 07:39:08,534 users.py:55  INFO User rando sucessfully modified
2021-02-22 07:39:08,535 users.py:20  INFO New UserCollection instance created
2021-02-22 07:39:08,535 users.py:48  ERROR User rando not found in database
2021-02-22 07:39:08,537 users.py:20  INFO New UserCollection instance created
2021-02-22 07:39:08,537 users.py:68  INFO User rando sucessfully deleted
2021-02-22 07:39:08,538 users.py:20  INFO New UserCollection instance created
2021-02-22 07:39:08,539 users.py:65  ERROR User rando not found in database
2021-02-22 07:39:08,540 users.py:20  INFO New UserCollection instance created
2021-02-22 07:39:08,541 users.py:80  INFO User <Mock name='sql.UserTable.get().user_id' id='2707001422536'> sucessfully found
2021-02-22 07:39:08,542 users.py:20  INFO New UserCollection instance created
2021-02-22 07:39:08,542 users.py:78  ERROR User rando not found in database
2021-02-22 07:41:40,416 main.py:28  INFO Creating a new UserCollection
2021-02-22 07:41:40,479 users.py:20  INFO New UserCollection instance created
2021-02-22 07:41:40,479 main.py:37  INFO Createing a new UserStatusCollection
2021-02-22 07:41:40,546 user_status.py:21  INFO New UserStatusCollection instance created
2021-02-22 07:41:52,959 main.py:159 INFO Adding a new User
2021-02-22 07:41:53,002 users.py:38  INFO User Dan sucessfully added
2021-02-22 07:42:07,442 main.py:159 INFO Adding a new User
2021-02-22 07:42:07,443 users.py:36  ERROR User Dan breaks database rule: UNIQUE constraint failed: usertable.user_id
2021-02-22 07:42:13,732 main.py:198 INFO Searching for an User
2021-02-22 07:42:13,732 users.py:80  INFO User Dan sucessfully found
2021-02-22 07:42:21,058 main.py:198 INFO Searching for an User
2021-02-22 07:42:21,059 users.py:78  ERROR User dan not found in database
2021-02-22 07:42:25,416 main.py:198 INFO Searching for an User
2021-02-22 07:42:25,416 users.py:80  INFO User Dan sucessfully found
2021-02-22 07:42:47,530 main.py:63  INFO Loading users from accounts.csv
2021-02-22 07:42:47,532 main.py:86  INFO Saving collection in database
2021-02-22 07:43:03,186 main.py:117 INFO Saving statuses to status_updates.csv
2021-02-22 07:43:03,384 main.py:140 INFO Saving collection in database
2021-02-22 07:43:14,820 main.py:273 INFO Searching for UserStatuses matching string
2021-02-22 07:43:14,821 user_status.py:100 INFO Found statuses matching take
2021-02-22 07:43:29,731 main.py:273 INFO Searching for UserStatuses matching string
2021-02-22 07:43:29,743 user_status.py:100 INFO Found statuses matching massive trick
2021-02-22 07:43:48,659 main.py:273 INFO Searching for UserStatuses matching string
2021-02-22 07:43:48,660 user_status.py:100 INFO Found statuses matching mass
2021-02-22 07:44:08,444 main.py:273 INFO Searching for UserStatuses matching string
2021-02-22 07:44:08,462 user_status.py:100 INFO Found statuses matching coach teach
2021-02-22 07:44:32,741 main.py:273 INFO Searching for UserStatuses matching string
2021-02-22 07:44:32,741 user_status.py:100 INFO Found statuses matching h l
2021-02-22 07:44:57,297 main.py:273 INFO Searching for UserStatuses matching string
2021-02-22 07:44:57,298 user_status.py:100 INFO Found statuses matching h l
2021-02-22 07:45:08,364 main.py:273 INFO Searching for UserStatuses matching string
2021-02-22 07:45:08,365 user_status.py:100 INFO Found statuses matching h l
2021-02-22 07:49:31,971 main.py:28  INFO Creating a new UserCollection
2021-02-22 07:49:31,972 main.py:37  INFO Createing a new UserStatusCollection
2021-02-22 07:49:31,973 main.py:63  INFO Loading users from accounts.csv
2021-02-22 07:49:31,973 main.py:86  INFO Saving collection in database
2021-02-22 07:49:31,976 main.py:60  ERROR User files must be in csv format
2021-02-22 07:49:31,977 main.py:63  INFO Loading users from accounts.csv
2021-02-22 07:49:31,977 main.py:73  ERROR Users need four parameters
2021-02-22 07:49:31,977 main.py:63  INFO Loading users from accounts.csv
2021-02-22 07:49:31,977 main.py:73  ERROR Users need four parameters
2021-02-22 07:49:31,977 main.py:63  INFO Loading users from accounts.csv
2021-02-22 07:49:31,977 main.py:73  ERROR Users need four parameters
2021-02-22 07:49:31,978 main.py:63  INFO Loading users from accounts.csv
2021-02-22 07:49:31,978 main.py:73  ERROR Users need four parameters
2021-02-22 07:49:31,978 main.py:63  INFO Loading users from accounts.csv
2021-02-22 07:49:31,978 main.py:73  ERROR Users need four parameters
2021-02-22 07:49:31,979 main.py:63  INFO Loading users from accounts.csv
2021-02-22 07:49:31,979 main.py:78  ERROR Users can not have empty fields
2021-02-22 07:49:31,980 main.py:63  INFO Loading users from accounts.csv
2021-02-22 07:49:31,980 main.py:78  ERROR Users can not have empty fields
2021-02-22 07:49:31,980 main.py:63  INFO Loading users from accounts.csv
2021-02-22 07:49:31,980 main.py:78  ERROR Users can not have empty fields
2021-02-22 07:49:31,980 main.py:63  INFO Loading users from accounts.csv
2021-02-22 07:49:31,980 main.py:78  ERROR Users can not have empty fields
2021-02-22 07:49:31,981 main.py:117 INFO Saving statuses to status_updates.csv
2021-02-22 07:49:31,982 main.py:140 INFO Saving collection in database
2021-02-22 07:49:31,984 main.py:114 ERROR UserStatus files must be in csv format
2021-02-22 07:49:31,985 main.py:117 INFO Saving statuses to status_updates.csv
2021-02-22 07:49:31,985 main.py:127 ERROR UserStatus needs three parameters
2021-02-22 07:49:31,985 main.py:117 INFO Saving statuses to status_updates.csv
2021-02-22 07:49:31,985 main.py:127 ERROR UserStatus needs three parameters
2021-02-22 07:49:31,986 main.py:117 INFO Saving statuses to status_updates.csv
2021-02-22 07:49:31,986 main.py:127 ERROR UserStatus needs three parameters
2021-02-22 07:49:31,986 main.py:117 INFO Saving statuses to status_updates.csv
2021-02-22 07:49:31,986 main.py:127 ERROR UserStatus needs three parameters
2021-02-22 07:49:31,986 main.py:117 INFO Saving statuses to status_updates.csv
2021-02-22 07:49:31,986 main.py:127 ERROR UserStatus needs three parameters
2021-02-22 07:49:31,987 main.py:117 INFO Saving statuses to status_updates.csv
2021-02-22 07:49:31,988 main.py:132 ERROR UserStatus can not have empty fields
2021-02-22 07:49:31,988 main.py:117 INFO Saving statuses to status_updates.csv
2021-02-22 07:49:31,988 main.py:132 ERROR UserStatus can not have empty fields
2021-02-22 07:49:31,988 main.py:117 INFO Saving statuses to status_updates.csv
2021-02-22 07:49:31,988 main.py:132 ERROR UserStatus can not have empty fields
2021-02-22 07:49:31,989 main.py:159 INFO Adding a new User
2021-02-22 07:49:31,990 main.py:171 INFO Updating an User
2021-02-22 07:49:31,991 main.py:184 INFO Deleting an User
2021-02-22 07:49:31,993 main.py:198 INFO Searching for an User
2021-02-22 07:49:31,994 main.py:198 INFO Searching for an User
2021-02-22 07:49:31,995 main.py:216 INFO Adding an UserStatus
2021-02-22 07:49:31,996 main.py:228 INFO Updating an UserStatus
2021-02-22 07:49:31,997 main.py:240 INFO Deleting an UserStatus
2021-02-22 07:49:31,999 main.py:253 INFO Searching for an UserStatus
2021-02-22 07:49:32,000 main.py:253 INFO Searching for an UserStatus
2021-02-22 07:49:32,001 main.py:264 INFO Searching for matching UserStatuses
2021-02-22 07:49:32,003 main.py:273 INFO Searching for UserStatuses matching string
2021-02-22 07:49:32,004 main.py:28  INFO Creating a new UserCollection
2021-02-22 07:49:32,073 users.py:20  INFO New UserCollection instance created
2021-02-22 07:49:32,073 main.py:37  INFO Createing a new UserStatusCollection
2021-02-22 07:49:32,140 user_status.py:21  INFO New UserStatusCollection instance created
2021-02-22 07:49:32,140 main.py:63  INFO Loading users from accounts.csv
2021-02-22 07:49:32,140 main.py:68  ERROR accounts.csv does not contain data
2021-02-22 07:49:32,140 main.py:159 INFO Adding a new User
2021-02-22 07:49:32,173 users.py:38  INFO User dave03 sucessfully added
2021-02-22 07:49:32,174 main.py:159 INFO Adding a new User
2021-02-22 07:49:32,174 users.py:36  ERROR User dave03 breaks database rule: UNIQUE constraint failed: usertable.user_id
2021-02-22 07:49:32,174 main.py:171 INFO Updating an User
2021-02-22 07:49:32,207 users.py:55  INFO User dave03 sucessfully modified
2021-02-22 07:49:32,207 main.py:171 INFO Updating an User
2021-02-22 07:49:32,208 users.py:48  ERROR User dave02 not found in database
2021-02-22 07:49:32,208 main.py:198 INFO Searching for an User
2021-02-22 07:49:32,208 users.py:80  INFO User dave03 sucessfully found
2021-02-22 07:49:32,208 main.py:198 INFO Searching for an User
2021-02-22 07:49:32,209 users.py:78  ERROR User dave02 not found in database
2021-02-22 07:49:32,209 main.py:184 INFO Deleting an User
2021-02-22 07:49:32,241 users.py:68  INFO User dave03 sucessfully deleted
2021-02-22 07:49:32,241 main.py:184 INFO Deleting an User
2021-02-22 07:49:32,242 users.py:65  ERROR User dave03 not found in database
2021-02-22 07:49:32,242 main.py:159 INFO Adding a new User
2021-02-22 07:49:32,274 users.py:38  INFO User dave03 sucessfully added
2021-02-22 07:49:32,275 main.py:117 INFO Saving statuses to status_updates.csv
2021-02-22 07:49:32,275 main.py:122 ERROR status_updates.csv does not contain data
2021-02-22 07:49:32,275 main.py:216 INFO Adding an UserStatus
2021-02-22 07:49:32,308 user_status.py:38  INFO Status dave03_01 added to database
2021-02-22 07:49:32,308 main.py:216 INFO Adding an UserStatus
2021-02-22 07:49:32,309 user_status.py:36  ERROR Status dave03_01 breaks database rule: UNIQUE constraint failed: statustable.status_id
2021-02-22 07:49:32,309 main.py:228 INFO Updating an UserStatus
2021-02-22 07:49:32,342 user_status.py:55  INFO Status dave03_01 sucessfully modified
2021-02-22 07:49:32,342 main.py:228 INFO Updating an UserStatus
2021-02-22 07:49:32,342 user_status.py:49  ERROR Status dave03_02 not found database
2021-02-22 07:49:32,342 main.py:253 INFO Searching for an UserStatus
2021-02-22 07:49:32,343 user_status.py:82  INFO Status dave03_01 sucessfully found
2021-02-22 07:49:32,343 main.py:253 INFO Searching for an UserStatus
2021-02-22 07:49:32,344 user_status.py:80  ERROR Status dave03 not found database
2021-02-22 07:49:32,344 main.py:240 INFO Deleting an UserStatus
2021-02-22 07:49:32,375 user_status.py:69  INFO Status dave03_01 sucessfully deleted
2021-02-22 07:49:32,376 main.py:240 INFO Deleting an UserStatus
2021-02-22 07:49:32,376 user_status.py:66  ERROR Status dave03_01 not found database
2021-02-22 07:49:32,376 main.py:216 INFO Adding an UserStatus
2021-02-22 07:49:32,409 user_status.py:38  INFO Status dave03_01 added to database
2021-02-22 07:49:32,409 main.py:184 INFO Deleting an User
2021-02-22 07:49:32,443 users.py:68  INFO User dave03 sucessfully deleted
2021-02-22 07:49:32,443 main.py:253 INFO Searching for an UserStatus
2021-02-22 07:49:32,443 user_status.py:80  ERROR Status dave03_01 not found database
2021-02-22 07:49:32,444 main.py:159 INFO Adding a new User
2021-02-22 07:49:32,444 users.py:36  ERROR User ############################## breaks database rule: CHECK constraint failed: usertable
2021-02-22 07:49:32,444 main.py:159 INFO Adding a new User
2021-02-22 07:49:32,444 users.py:36  ERROR User name breaks database rule: CHECK constraint failed: usertable
2021-02-22 07:49:32,445 main.py:159 INFO Adding a new User
2021-02-22 07:49:32,445 users.py:36  ERROR User last_name breaks database rule: CHECK constraint failed: usertable
2021-02-22 07:49:32,447 user_status.py:21  INFO New UserStatusCollection instance created
2021-02-22 07:49:32,448 user_status.py:21  INFO New UserStatusCollection instance created
2021-02-22 07:49:32,449 user_status.py:38  INFO Status rando_001 added to database
2021-02-22 07:49:32,452 user_status.py:21  INFO New UserStatusCollection instance created
2021-02-22 07:49:32,457 user_status.py:36  ERROR Status rando_001 breaks database rule: 
2021-02-22 07:49:32,459 user_status.py:21  INFO New UserStatusCollection instance created
2021-02-22 07:49:32,460 user_status.py:55  INFO Status rando_001 sucessfully modified
2021-02-22 07:49:32,461 user_status.py:21  INFO New UserStatusCollection instance created
2021-02-22 07:49:32,461 user_status.py:49  ERROR Status rando_001 not found database
2021-02-22 07:49:32,463 user_status.py:21  INFO New UserStatusCollection instance created
2021-02-22 07:49:32,463 user_status.py:69  INFO Status rando_001 sucessfully deleted
2021-02-22 07:49:32,464 user_status.py:21  INFO New UserStatusCollection instance created
2021-02-22 07:49:32,465 user_status.py:66  ERROR Status rando_001 not found database
2021-02-22 07:49:32,467 user_status.py:21  INFO New UserStatusCollection instance created
2021-02-22 07:49:32,467 user_status.py:82  INFO Status rando_001 sucessfully found
2021-02-22 07:49:32,468 user_status.py:21  INFO New UserStatusCollection instance created
2021-02-22 07:49:32,469 user_status.py:80  ERROR Status rando_001 not found database
2021-02-22 07:49:32,470 user_status.py:21  INFO New UserStatusCollection instance created
2021-02-22 07:49:32,471 user_status.py:90  INFO Found statuses posted by rando
2021-02-22 07:49:32,472 user_status.py:21  INFO New UserStatusCollection instance created
2021-02-22 07:49:32,473 user_status.py:100 INFO Found statuses matching best
2021-02-22 07:49:32,475 users.py:20  INFO New UserCollection instance created
2021-02-22 07:49:32,476 users.py:20  INFO New UserCollection instance created
2021-02-22 07:49:32,477 users.py:38  INFO User rando sucessfully added
2021-02-22 07:49:32,478 users.py:20  INFO New UserCollection instance created
2021-02-22 07:49:32,479 users.py:36  ERROR User rando breaks database rule: 
2021-02-22 07:49:32,480 users.py:20  INFO New UserCollection instance created
2021-02-22 07:49:32,481 users.py:55  INFO User rando sucessfully modified
2021-02-22 07:49:32,482 users.py:20  INFO New UserCollection instance created
2021-02-22 07:49:32,483 users.py:48  ERROR User rando not found in database
2021-02-22 07:49:32,484 users.py:20  INFO New UserCollection instance created
2021-02-22 07:49:32,485 users.py:68  INFO User rando sucessfully deleted
2021-02-22 07:49:32,486 users.py:20  INFO New UserCollection instance created
2021-02-22 07:49:32,486 users.py:65  ERROR User rando not found in database
2021-02-22 07:49:32,488 users.py:20  INFO New UserCollection instance created
2021-02-22 07:49:32,488 users.py:80  INFO User <Mock name='sql.UserTable.get().user_id' id='1561337847304'> sucessfully found
2021-02-22 07:49:32,489 users.py:20  INFO New UserCollection instance created
2021-02-22 07:49:32,490 users.py:78  ERROR User rando not found in database
2021-02-22 07:49:50,871 main.py:28  INFO Creating a new UserCollection
2021-02-22 07:49:50,873 main.py:37  INFO Createing a new UserStatusCollection
2021-02-22 07:49:50,875 main.py:63  INFO Loading users from accounts.csv
2021-02-22 07:49:50,875 main.py:86  INFO Saving collection in database
2021-02-22 07:49:50,878 main.py:60  ERROR User files must be in csv format
2021-02-22 07:49:50,880 main.py:63  INFO Loading users from accounts.csv
2021-02-22 07:49:50,880 main.py:73  ERROR Users need four parameters
2021-02-22 07:49:50,880 main.py:63  INFO Loading users from accounts.csv
2021-02-22 07:49:50,880 main.py:73  ERROR Users need four parameters
2021-02-22 07:49:50,880 main.py:63  INFO Loading users from accounts.csv
2021-02-22 07:49:50,881 main.py:73  ERROR Users need four parameters
2021-02-22 07:49:50,881 main.py:63  INFO Loading users from accounts.csv
2021-02-22 07:49:50,881 main.py:73  ERROR Users need four parameters
2021-02-22 07:49:50,881 main.py:63  INFO Loading users from accounts.csv
2021-02-22 07:49:50,881 main.py:73  ERROR Users need four parameters
2021-02-22 07:49:50,883 main.py:63  INFO Loading users from accounts.csv
2021-02-22 07:49:50,883 main.py:78  ERROR Users can not have empty fields
2021-02-22 07:49:50,883 main.py:63  INFO Loading users from accounts.csv
2021-02-22 07:49:50,883 main.py:78  ERROR Users can not have empty fields
2021-02-22 07:49:50,884 main.py:63  INFO Loading users from accounts.csv
2021-02-22 07:49:50,884 main.py:78  ERROR Users can not have empty fields
2021-02-22 07:49:50,884 main.py:63  INFO Loading users from accounts.csv
2021-02-22 07:49:50,884 main.py:78  ERROR Users can not have empty fields
2021-02-22 07:49:50,886 main.py:117 INFO Saving statuses to status_updates.csv
2021-02-22 07:49:50,886 main.py:140 INFO Saving collection in database
2021-02-22 07:49:50,889 main.py:114 ERROR UserStatus files must be in csv format
2021-02-22 07:49:50,891 main.py:117 INFO Saving statuses to status_updates.csv
2021-02-22 07:49:50,891 main.py:127 ERROR UserStatus needs three parameters
2021-02-22 07:49:50,891 main.py:117 INFO Saving statuses to status_updates.csv
2021-02-22 07:49:50,891 main.py:127 ERROR UserStatus needs three parameters
2021-02-22 07:49:50,891 main.py:117 INFO Saving statuses to status_updates.csv
2021-02-22 07:49:50,892 main.py:127 ERROR UserStatus needs three parameters
2021-02-22 07:49:50,892 main.py:117 INFO Saving statuses to status_updates.csv
2021-02-22 07:49:50,892 main.py:127 ERROR UserStatus needs three parameters
2021-02-22 07:49:50,892 main.py:117 INFO Saving statuses to status_updates.csv
2021-02-22 07:49:50,892 main.py:127 ERROR UserStatus needs three parameters
2021-02-22 07:49:50,894 main.py:117 INFO Saving statuses to status_updates.csv
2021-02-22 07:49:50,894 main.py:132 ERROR UserStatus can not have empty fields
2021-02-22 07:49:50,894 main.py:117 INFO Saving statuses to status_updates.csv
2021-02-22 07:49:50,895 main.py:132 ERROR UserStatus can not have empty fields
2021-02-22 07:49:50,895 main.py:117 INFO Saving statuses to status_updates.csv
2021-02-22 07:49:50,895 main.py:132 ERROR UserStatus can not have empty fields
2021-02-22 07:49:50,896 main.py:159 INFO Adding a new User
2021-02-22 07:49:50,898 main.py:171 INFO Updating an User
2021-02-22 07:49:50,900 main.py:184 INFO Deleting an User
2021-02-22 07:49:50,901 main.py:198 INFO Searching for an User
2021-02-22 07:49:50,903 main.py:198 INFO Searching for an User
2021-02-22 07:49:50,905 main.py:216 INFO Adding an UserStatus
2021-02-22 07:49:50,906 main.py:228 INFO Updating an UserStatus
2021-02-22 07:49:50,908 main.py:240 INFO Deleting an UserStatus
2021-02-22 07:49:50,910 main.py:253 INFO Searching for an UserStatus
2021-02-22 07:49:50,917 main.py:253 INFO Searching for an UserStatus
2021-02-22 07:49:50,919 main.py:264 INFO Searching for matching UserStatuses
2021-02-22 07:49:50,921 main.py:273 INFO Searching for UserStatuses matching string
2021-02-22 07:49:50,923 main.py:28  INFO Creating a new UserCollection
2021-02-22 07:49:50,989 users.py:20  INFO New UserCollection instance created
2021-02-22 07:49:50,989 main.py:37  INFO Createing a new UserStatusCollection
2021-02-22 07:49:51,056 user_status.py:21  INFO New UserStatusCollection instance created
2021-02-22 07:49:51,056 main.py:63  INFO Loading users from accounts.csv
2021-02-22 07:49:51,056 main.py:68  ERROR accounts.csv does not contain data
2021-02-22 07:49:51,056 main.py:159 INFO Adding a new User
2021-02-22 07:49:51,089 users.py:38  INFO User dave03 sucessfully added
2021-02-22 07:49:51,090 main.py:159 INFO Adding a new User
2021-02-22 07:49:51,090 users.py:36  ERROR User dave03 breaks database rule: UNIQUE constraint failed: usertable.user_id
2021-02-22 07:49:51,090 main.py:171 INFO Updating an User
2021-02-22 07:49:51,123 users.py:55  INFO User dave03 sucessfully modified
2021-02-22 07:49:51,123 main.py:171 INFO Updating an User
2021-02-22 07:49:51,124 users.py:48  ERROR User dave02 not found in database
2021-02-22 07:49:51,124 main.py:198 INFO Searching for an User
2021-02-22 07:49:51,125 users.py:80  INFO User dave03 sucessfully found
2021-02-22 07:49:51,125 main.py:198 INFO Searching for an User
2021-02-22 07:49:51,126 users.py:78  ERROR User dave02 not found in database
2021-02-22 07:49:51,126 main.py:184 INFO Deleting an User
2021-02-22 07:49:51,156 users.py:68  INFO User dave03 sucessfully deleted
2021-02-22 07:49:51,157 main.py:184 INFO Deleting an User
2021-02-22 07:49:51,157 users.py:65  ERROR User dave03 not found in database
2021-02-22 07:49:51,158 main.py:159 INFO Adding a new User
2021-02-22 07:49:51,190 users.py:38  INFO User dave03 sucessfully added
2021-02-22 07:49:51,191 main.py:117 INFO Saving statuses to status_updates.csv
2021-02-22 07:49:51,191 main.py:122 ERROR status_updates.csv does not contain data
2021-02-22 07:49:51,191 main.py:216 INFO Adding an UserStatus
2021-02-22 07:49:51,224 user_status.py:38  INFO Status dave03_01 added to database
2021-02-22 07:49:51,224 main.py:216 INFO Adding an UserStatus
2021-02-22 07:49:51,225 user_status.py:36  ERROR Status dave03_01 breaks database rule: UNIQUE constraint failed: statustable.status_id
2021-02-22 07:49:51,225 main.py:228 INFO Updating an UserStatus
2021-02-22 07:49:51,258 user_status.py:55  INFO Status dave03_01 sucessfully modified
2021-02-22 07:49:51,258 main.py:228 INFO Updating an UserStatus
2021-02-22 07:49:51,259 user_status.py:49  ERROR Status dave03_02 not found database
2021-02-22 07:49:51,259 main.py:253 INFO Searching for an UserStatus
2021-02-22 07:49:51,259 user_status.py:82  INFO Status dave03_01 sucessfully found
2021-02-22 07:49:51,260 main.py:253 INFO Searching for an UserStatus
2021-02-22 07:49:51,261 user_status.py:80  ERROR Status dave03 not found database
2021-02-22 07:49:51,261 main.py:240 INFO Deleting an UserStatus
2021-02-22 07:49:51,291 user_status.py:69  INFO Status dave03_01 sucessfully deleted
2021-02-22 07:49:51,292 main.py:240 INFO Deleting an UserStatus
2021-02-22 07:49:51,292 user_status.py:66  ERROR Status dave03_01 not found database
2021-02-22 07:49:51,292 main.py:216 INFO Adding an UserStatus
2021-02-22 07:49:51,327 user_status.py:38  INFO Status dave03_01 added to database
2021-02-22 07:49:51,327 main.py:184 INFO Deleting an User
2021-02-22 07:49:51,361 users.py:68  INFO User dave03 sucessfully deleted
2021-02-22 07:49:51,361 main.py:253 INFO Searching for an UserStatus
2021-02-22 07:49:51,361 user_status.py:80  ERROR Status dave03_01 not found database
2021-02-22 07:49:51,362 main.py:159 INFO Adding a new User
2021-02-22 07:49:51,362 users.py:36  ERROR User ############################## breaks database rule: CHECK constraint failed: usertable
2021-02-22 07:49:51,362 main.py:159 INFO Adding a new User
2021-02-22 07:49:51,363 users.py:36  ERROR User name breaks database rule: CHECK constraint failed: usertable
2021-02-22 07:49:51,363 main.py:159 INFO Adding a new User
2021-02-22 07:49:51,363 users.py:36  ERROR User last_name breaks database rule: CHECK constraint failed: usertable
2021-02-22 07:49:51,366 user_status.py:21  INFO New UserStatusCollection instance created
2021-02-22 07:49:51,368 user_status.py:21  INFO New UserStatusCollection instance created
2021-02-22 07:49:51,369 user_status.py:38  INFO Status rando_001 added to database
2021-02-22 07:49:51,371 user_status.py:21  INFO New UserStatusCollection instance created
2021-02-22 07:49:51,373 user_status.py:36  ERROR Status rando_001 breaks database rule: 
2021-02-22 07:49:51,375 user_status.py:21  INFO New UserStatusCollection instance created
2021-02-22 07:49:51,376 user_status.py:55  INFO Status rando_001 sucessfully modified
2021-02-22 07:49:51,378 user_status.py:21  INFO New UserStatusCollection instance created
2021-02-22 07:49:51,378 user_status.py:49  ERROR Status rando_001 not found database
2021-02-22 07:49:51,380 user_status.py:21  INFO New UserStatusCollection instance created
2021-02-22 07:49:51,381 user_status.py:69  INFO Status rando_001 sucessfully deleted
2021-02-22 07:49:51,382 user_status.py:21  INFO New UserStatusCollection instance created
2021-02-22 07:49:51,383 user_status.py:66  ERROR Status rando_001 not found database
2021-02-22 07:49:51,385 user_status.py:21  INFO New UserStatusCollection instance created
2021-02-22 07:49:51,386 user_status.py:82  INFO Status rando_001 sucessfully found
2021-02-22 07:49:51,388 user_status.py:21  INFO New UserStatusCollection instance created
2021-02-22 07:49:51,388 user_status.py:80  ERROR Status rando_001 not found database
2021-02-22 07:49:51,390 user_status.py:21  INFO New UserStatusCollection instance created
2021-02-22 07:49:51,391 user_status.py:90  INFO Found statuses posted by rando
2021-02-22 07:49:51,393 user_status.py:21  INFO New UserStatusCollection instance created
2021-02-22 07:49:51,394 user_status.py:100 INFO Found statuses matching best
2021-02-22 07:49:51,396 users.py:20  INFO New UserCollection instance created
2021-02-22 07:49:51,398 users.py:20  INFO New UserCollection instance created
2021-02-22 07:49:51,400 users.py:38  INFO User rando sucessfully added
2021-02-22 07:49:51,401 users.py:20  INFO New UserCollection instance created
2021-02-22 07:49:51,403 users.py:36  ERROR User rando breaks database rule: 
2021-02-22 07:49:51,404 users.py:20  INFO New UserCollection instance created
2021-02-22 07:49:51,405 users.py:55  INFO User rando sucessfully modified
2021-02-22 07:49:51,407 users.py:20  INFO New UserCollection instance created
2021-02-22 07:49:51,408 users.py:48  ERROR User rando not found in database
2021-02-22 07:49:51,409 users.py:20  INFO New UserCollection instance created
2021-02-22 07:49:51,410 users.py:68  INFO User rando sucessfully deleted
2021-02-22 07:49:51,412 users.py:20  INFO New UserCollection instance created
2021-02-22 07:49:51,413 users.py:65  ERROR User rando not found in database
2021-02-22 07:49:51,414 users.py:20  INFO New UserCollection instance created
2021-02-22 07:49:51,415 users.py:80  INFO User <Mock name='sql.UserTable.get().user_id' id='1588081016904'> sucessfully found
2021-02-22 07:49:51,416 users.py:20  INFO New UserCollection instance created
2021-02-22 07:49:51,417 users.py:78  ERROR User rando not found in database
2021-02-22 07:50:15,284 main.py:28  INFO Creating a new UserCollection
2021-02-22 07:50:15,351 users.py:20  INFO New UserCollection instance created
2021-02-22 07:50:15,351 main.py:37  INFO Createing a new UserStatusCollection
2021-02-22 07:50:15,418 user_status.py:21  INFO New UserStatusCollection instance created
2021-02-22 07:50:15,418 main.py:63  INFO Loading users from accounts.csv
2021-02-22 07:50:15,422 main.py:86  INFO Saving collection in database
2021-02-22 07:50:15,485 main.py:159 INFO Adding a new User
2021-02-22 07:50:15,519 users.py:38  INFO User dave03 sucessfully added
2021-02-22 07:50:15,519 main.py:159 INFO Adding a new User
2021-02-22 07:50:15,520 users.py:36  ERROR User dave03 breaks database rule: UNIQUE constraint failed: usertable.user_id
2021-02-22 07:50:15,520 main.py:171 INFO Updating an User
2021-02-22 07:50:15,552 users.py:55  INFO User dave03 sucessfully modified
2021-02-22 07:50:15,552 main.py:171 INFO Updating an User
2021-02-22 07:50:15,553 users.py:48  ERROR User dave02 not found in database
2021-02-22 07:50:15,553 main.py:198 INFO Searching for an User
2021-02-22 07:50:15,554 users.py:80  INFO User dave03 sucessfully found
2021-02-22 07:50:15,554 main.py:198 INFO Searching for an User
2021-02-22 07:50:15,555 users.py:78  ERROR User dave02 not found in database
2021-02-22 07:50:15,555 main.py:184 INFO Deleting an User
2021-02-22 07:50:15,586 users.py:68  INFO User dave03 sucessfully deleted
2021-02-22 07:50:15,586 main.py:184 INFO Deleting an User
2021-02-22 07:50:15,587 users.py:65  ERROR User dave03 not found in database
2021-02-22 07:50:15,588 main.py:159 INFO Adding a new User
2021-02-22 07:50:15,620 users.py:38  INFO User dave03 sucessfully added
2021-02-22 07:50:15,620 main.py:117 INFO Saving statuses to status_updates.csv
2021-02-22 07:50:15,943 main.py:140 INFO Saving collection in database
2021-02-22 07:50:20,854 main.py:216 INFO Adding an UserStatus
2021-02-22 07:50:20,884 user_status.py:38  INFO Status dave03_01 added to database
2021-02-22 07:50:20,885 main.py:216 INFO Adding an UserStatus
2021-02-22 07:50:20,885 user_status.py:36  ERROR Status dave03_01 breaks database rule: UNIQUE constraint failed: statustable.status_id
2021-02-22 07:50:20,885 main.py:228 INFO Updating an UserStatus
2021-02-22 07:50:20,929 user_status.py:55  INFO Status dave03_01 sucessfully modified
2021-02-22 07:50:20,929 main.py:228 INFO Updating an UserStatus
2021-02-22 07:50:20,930 user_status.py:49  ERROR Status dave03_02 not found database
2021-02-22 07:50:20,930 main.py:253 INFO Searching for an UserStatus
2021-02-22 07:50:20,931 user_status.py:82  INFO Status dave03_01 sucessfully found
2021-02-22 07:50:20,932 main.py:253 INFO Searching for an UserStatus
2021-02-22 07:50:20,933 user_status.py:80  ERROR Status dave03 not found database
2021-02-22 07:50:20,933 main.py:240 INFO Deleting an UserStatus
2021-02-22 07:50:20,963 user_status.py:69  INFO Status dave03_01 sucessfully deleted
2021-02-22 07:50:20,963 main.py:240 INFO Deleting an UserStatus
2021-02-22 07:50:20,964 user_status.py:66  ERROR Status dave03_01 not found database
2021-02-22 07:50:20,964 main.py:216 INFO Adding an UserStatus
2021-02-22 07:50:20,997 user_status.py:38  INFO Status dave03_01 added to database
2021-02-22 07:50:20,997 main.py:184 INFO Deleting an User
2021-02-22 07:50:21,031 users.py:68  INFO User dave03 sucessfully deleted
2021-02-22 07:50:21,031 main.py:253 INFO Searching for an UserStatus
2021-02-22 07:50:21,032 user_status.py:80  ERROR Status dave03_01 not found database
2021-02-22 07:50:21,032 main.py:159 INFO Adding a new User
2021-02-22 07:50:21,033 users.py:36  ERROR User ############################## breaks database rule: CHECK constraint failed: usertable
2021-02-22 07:50:21,033 main.py:159 INFO Adding a new User
2021-02-22 07:50:21,033 users.py:36  ERROR User name breaks database rule: CHECK constraint failed: usertable
2021-02-22 07:50:21,033 main.py:159 INFO Adding a new User
2021-02-22 07:50:21,034 users.py:36  ERROR User last_name breaks database rule: CHECK constraint failed: usertable
