2021-03-31 17:04:53,277 main.py:30  INFO Creating a new UserCollection
2021-03-31 17:04:53,279 main.py:39  INFO Createing a new UserStatusCollection
2021-03-31 17:04:53,320 main.py:59  ERROR User files must be in csv format
2021-03-31 17:04:53,381 main.py:207 INFO Adding a new User
2021-03-31 17:04:53,383 main.py:219 INFO Updating an User
2021-03-31 17:04:53,384 main.py:232 INFO Deleting an User
2021-03-31 17:04:53,385 main.py:246 INFO Searching for an User
2021-03-31 17:04:53,386 main.py:246 INFO Searching for an User
2021-03-31 17:04:53,387 main.py:264 INFO Adding an UserStatus
2021-03-31 17:04:53,389 main.py:276 INFO Updating an UserStatus
2021-03-31 17:04:53,390 main.py:288 INFO Deleting an UserStatus
2021-03-31 17:04:53,392 main.py:301 INFO Searching for an UserStatus
2021-03-31 17:04:53,393 main.py:301 INFO Searching for an UserStatus
2021-03-31 17:04:53,394 main.py:312 INFO Searching for matching UserStatuses
2021-03-31 17:04:53,396 main.py:321 INFO Searching for UserStatuses matching string
2021-03-31 17:04:53,971 main.py:30  INFO Creating a new UserCollection
2021-03-31 17:04:54,061 users.py:27  INFO New UserCollection instance created
2021-03-31 17:04:54,061 main.py:39  INFO Createing a new UserStatusCollection
2021-03-31 17:04:54,161 user_status.py:23  INFO New UserStatusCollection instance created
2021-03-31 17:04:54,175 user_status.py:23  INFO New UserStatusCollection instance created
2021-03-31 17:04:54,177 user_status.py:23  INFO New UserStatusCollection instance created
2021-03-31 17:04:54,179 user_status.py:45  INFO Status rando_001 added to database
2021-03-31 17:04:54,180 user_status.py:23  INFO New UserStatusCollection instance created
2021-03-31 17:04:54,181 user_status.py:43  ERROR Status rando_001 already exists in database
2021-03-31 17:04:54,183 user_status.py:23  INFO New UserStatusCollection instance created
2021-03-31 17:04:54,184 user_status.py:39  ERROR User rando does not exist
2021-03-31 17:04:54,185 user_status.py:23  INFO New UserStatusCollection instance created
2021-03-31 17:04:54,187 user_status.py:62  INFO Status rando_001 sucessfully modified
2021-03-31 17:04:54,188 user_status.py:23  INFO New UserStatusCollection instance created
2021-03-31 17:04:54,189 user_status.py:57  ERROR Status rando_001 not found database
2021-03-31 17:04:54,190 user_status.py:23  INFO New UserStatusCollection instance created
2021-03-31 17:04:54,191 user_status.py:76  INFO Status rando_001 sucessfully deleted
2021-03-31 17:04:54,193 user_status.py:23  INFO New UserStatusCollection instance created
2021-03-31 17:04:54,193 user_status.py:74  ERROR Status rando_001 not found database
2021-03-31 17:04:54,196 user_status.py:23  INFO New UserStatusCollection instance created
2021-03-31 17:04:54,196 user_status.py:90  INFO Status rando_001 sucessfully found
2021-03-31 17:04:54,198 user_status.py:23  INFO New UserStatusCollection instance created
2021-03-31 17:04:54,198 user_status.py:88  ERROR Status rando_001 not found database
2021-03-31 17:04:54,200 user_status.py:23  INFO New UserStatusCollection instance created
2021-03-31 17:04:54,201 user_status.py:99  INFO Found statuses posted by rando
2021-03-31 17:04:54,203 user_status.py:23  INFO New UserStatusCollection instance created
2021-03-31 17:04:54,203 user_status.py:107 INFO Found statuses matching best
2021-03-31 17:04:54,205 users.py:27  INFO New UserCollection instance created
2021-03-31 17:04:54,208 users.py:27  INFO New UserCollection instance created
2021-03-31 17:04:54,208 users.py:45  INFO User rando sucessfully added
2021-03-31 17:04:54,210 users.py:27  INFO New UserCollection instance created
2021-03-31 17:04:54,211 users.py:43  ERROR User rando breaks database rule: ERR_MSG
2021-03-31 17:04:54,212 users.py:27  INFO New UserCollection instance created
2021-03-31 17:04:54,212 users.py:105 ERROR User id ############################## is longer than 30
2021-03-31 17:04:54,214 users.py:27  INFO New UserCollection instance created
2021-03-31 17:04:54,215 users.py:65  INFO User rando sucessfully modified
2021-03-31 17:04:54,217 users.py:27  INFO New UserCollection instance created
2021-03-31 17:04:54,217 users.py:61  ERROR User rando not found in database
2021-03-31 17:04:54,219 users.py:27  INFO New UserCollection instance created
2021-03-31 17:04:54,220 users.py:105 ERROR User id ############################## is longer than 30
2021-03-31 17:04:54,221 users.py:27  INFO New UserCollection instance created
2021-03-31 17:04:54,222 users.py:83  INFO User rando sucessfully deleted
2021-03-31 17:04:54,224 users.py:27  INFO New UserCollection instance created
2021-03-31 17:04:54,224 users.py:78  ERROR User rando not found in database
2021-03-31 17:04:54,226 users.py:27  INFO New UserCollection instance created
2021-03-31 17:04:54,227 users.py:96  INFO User rando sucessfully found
2021-03-31 17:04:54,228 users.py:27  INFO New UserCollection instance created
2021-03-31 17:04:54,229 users.py:94  ERROR User rando not found in database
2021-03-31 17:04:54,231 users.py:27  INFO New UserCollection instance created
2021-03-31 17:04:54,231 users.py:105 ERROR User id ############################## is longer than 30
2021-03-31 17:04:54,231 users.py:109 ERROR User name ############################## is longer than 30
2021-03-31 17:04:54,231 users.py:113 ERROR User last name #################################################################################################### is longer than 100
2021-03-31 17:12:11,869 main.py:30  INFO Creating a new UserCollection
2021-03-31 17:12:11,949 users.py:27  INFO New UserCollection instance created
2021-03-31 17:12:11,949 main.py:39  INFO Createing a new UserStatusCollection
2021-03-31 17:12:12,039 user_status.py:23  INFO New UserStatusCollection instance created
2021-03-31 17:12:12,050 main.py:64  INFO Loading users from accounts.csv
2021-03-31 17:18:24,210 main.py:30  INFO Creating a new UserCollection
2021-03-31 17:18:24,230 users.py:27  INFO New UserCollection instance created
2021-03-31 17:18:47,396 main.py:39  INFO Createing a new UserStatusCollection
2021-03-31 17:18:47,400 user_status.py:23  INFO New UserStatusCollection instance created
2021-03-31 17:19:03,208 main.py:64  INFO Loading users from accounts.csv
2021-03-31 17:19:54,192 main.py:30  INFO Creating a new UserCollection
2021-03-31 17:19:54,196 users.py:27  INFO New UserCollection instance created
2021-03-31 17:20:13,070 main.py:64  INFO Loading users from accounts.csv
2021-03-31 17:21:17,022 main.py:64  INFO Loading users from accounts.csv
2021-03-31 17:21:27,556 main.py:30  INFO Creating a new UserCollection
2021-03-31 17:21:27,560 users.py:27  INFO New UserCollection instance created
2021-03-31 17:21:31,884 main.py:64  INFO Loading users from accounts.csv
2021-03-31 17:22:13,771 main.py:64  INFO Loading users from accounts.csv
2021-03-31 17:22:20,902 main.py:30  INFO Creating a new UserCollection
2021-03-31 17:22:20,906 users.py:27  INFO New UserCollection instance created
2021-03-31 17:22:23,683 main.py:64  INFO Loading users from accounts.csv
2021-03-31 17:26:56,408 main.py:30  INFO Creating a new UserCollection
2021-03-31 17:26:56,413 users.py:27  INFO New UserCollection instance created
2021-03-31 17:26:59,665 main.py:64  INFO Loading users from accounts.csv
2021-03-31 17:37:11,213 main.py:30  INFO Creating a new UserCollection
2021-03-31 17:37:11,218 users.py:27  INFO New UserCollection instance created
2021-03-31 17:37:13,039 main.py:64  INFO Loading users from accounts.csv
2021-03-31 17:37:51,493 main.py:30  INFO Creating a new UserCollection
2021-03-31 17:37:51,498 users.py:27  INFO New UserCollection instance created
2021-03-31 17:37:53,226 main.py:64  INFO Loading users from accounts.csv
2021-03-31 17:38:19,708 main.py:30  INFO Creating a new UserCollection
2021-03-31 17:38:19,713 users.py:27  INFO New UserCollection instance created
2021-03-31 17:38:20,940 main.py:64  INFO Loading users from accounts.csv
2021-03-31 17:39:45,166 main.py:30  INFO Creating a new UserCollection
2021-03-31 17:39:45,170 users.py:27  INFO New UserCollection instance created
2021-03-31 17:39:46,493 main.py:64  INFO Loading users from accounts.csv
2021-03-31 17:47:23,938 main.py:30  INFO Creating a new UserCollection
2021-03-31 17:47:23,945 users.py:27  INFO New UserCollection instance created
2021-03-31 17:47:25,711 main.py:64  INFO Loading users from accounts.csv
2021-03-31 17:47:58,544 main.py:30  INFO Creating a new UserCollection
2021-03-31 17:47:58,548 users.py:27  INFO New UserCollection instance created
2021-03-31 17:47:59,554 main.py:64  INFO Loading users from accounts.csv
2021-03-31 17:48:20,020 main.py:64  INFO Loading users from accounts.csv
2021-03-31 17:48:34,710 main.py:64  INFO Loading users from accounts.csv
2021-03-31 17:48:38,888 main.py:30  INFO Creating a new UserCollection
2021-03-31 17:48:38,892 users.py:27  INFO New UserCollection instance created
2021-03-31 17:48:40,733 main.py:64  INFO Loading users from accounts.csv
2021-03-31 17:48:57,194 main.py:64  INFO Loading users from accounts.csv
2021-03-31 17:48:59,392 main.py:30  INFO Creating a new UserCollection
2021-03-31 17:48:59,396 users.py:27  INFO New UserCollection instance created
2021-03-31 17:49:00,217 main.py:64  INFO Loading users from accounts.csv
2021-03-31 17:49:24,115 main.py:30  INFO Creating a new UserCollection
2021-03-31 17:49:24,119 users.py:27  INFO New UserCollection instance created
2021-03-31 17:49:25,587 main.py:64  INFO Loading users from accounts.csv
2021-03-31 17:49:49,418 main.py:64  INFO Loading users from accounts.csv
2021-03-31 17:49:58,520 main.py:30  INFO Creating a new UserCollection
2021-03-31 17:49:58,524 users.py:27  INFO New UserCollection instance created
2021-03-31 17:50:01,081 main.py:64  INFO Loading users from accounts.csv
2021-03-31 17:50:20,696 main.py:30  INFO Creating a new UserCollection
2021-03-31 17:50:20,700 users.py:27  INFO New UserCollection instance created
2021-03-31 17:50:26,401 main.py:64  INFO Loading users from accounts.csv
2021-03-31 17:51:10,810 main.py:30  INFO Creating a new UserCollection
2021-03-31 17:51:10,814 users.py:27  INFO New UserCollection instance created
2021-03-31 17:51:11,475 main.py:64  INFO Loading users from accounts.csv
