2021-03-28 08:03:39,682 main.py:28  INFO Creating a new UserCollection
2021-03-28 08:03:39,685 main.py:37  INFO Createing a new UserStatusCollection
2021-03-28 08:03:39,686 main.py:63  INFO Loading users from accounts.csv
2021-03-28 08:03:39,686 main.py:87  INFO Saving collection in database
2021-03-28 08:03:39,688 main.py:60  ERROR User files must be in csv format
2021-03-28 08:03:39,690 main.py:63  INFO Loading users from accounts.csv
2021-03-28 08:03:39,690 main.py:73  ERROR Users need four parameters
2021-03-28 08:03:39,691 main.py:63  INFO Loading users from accounts.csv
2021-03-28 08:03:39,691 main.py:73  ERROR Users need four parameters
2021-03-28 08:03:39,691 main.py:63  INFO Loading users from accounts.csv
2021-03-28 08:03:39,691 main.py:73  ERROR Users need four parameters
2021-03-28 08:03:39,692 main.py:63  INFO Loading users from accounts.csv
2021-03-28 08:03:39,692 main.py:73  ERROR Users need four parameters
2021-03-28 08:03:39,692 main.py:63  INFO Loading users from accounts.csv
2021-03-28 08:03:39,692 main.py:73  ERROR Users need four parameters
2021-03-28 08:03:39,693 main.py:63  INFO Loading users from accounts.csv
2021-03-28 08:03:39,694 main.py:78  ERROR Users can not have empty fields
2021-03-28 08:03:39,694 main.py:63  INFO Loading users from accounts.csv
2021-03-28 08:03:39,694 main.py:78  ERROR Users can not have empty fields
2021-03-28 08:03:39,694 main.py:63  INFO Loading users from accounts.csv
2021-03-28 08:03:39,694 main.py:78  ERROR Users can not have empty fields
2021-03-28 08:03:39,694 main.py:63  INFO Loading users from accounts.csv
2021-03-28 08:03:39,694 main.py:78  ERROR Users can not have empty fields
2021-03-28 08:03:39,696 main.py:63  INFO Loading users from accounts.csv
2021-03-28 08:03:39,696 main.py:68  ERROR accounts.csv does not contain data
2021-03-28 08:03:39,697 main.py:120 INFO Saving statuses to status_updates.csv
2021-03-28 08:03:39,697 main.py:144 INFO Saving collection in database
2021-03-28 08:03:39,699 main.py:117 ERROR UserStatus files must be in csv format
2021-03-28 08:03:39,701 main.py:120 INFO Saving statuses to status_updates.csv
2021-03-28 08:03:39,701 main.py:130 ERROR UserStatus needs three parameters
2021-03-28 08:03:39,702 main.py:120 INFO Saving statuses to status_updates.csv
2021-03-28 08:03:39,702 main.py:130 ERROR UserStatus needs three parameters
2021-03-28 08:03:39,702 main.py:120 INFO Saving statuses to status_updates.csv
2021-03-28 08:03:39,702 main.py:130 ERROR UserStatus needs three parameters
2021-03-28 08:03:39,702 main.py:120 INFO Saving statuses to status_updates.csv
2021-03-28 08:03:39,702 main.py:130 ERROR UserStatus needs three parameters
2021-03-28 08:03:39,702 main.py:120 INFO Saving statuses to status_updates.csv
2021-03-28 08:03:39,702 main.py:130 ERROR UserStatus needs three parameters
2021-03-28 08:03:39,704 main.py:120 INFO Saving statuses to status_updates.csv
2021-03-28 08:03:39,704 main.py:135 ERROR UserStatus can not have empty fields
2021-03-28 08:03:39,704 main.py:120 INFO Saving statuses to status_updates.csv
2021-03-28 08:03:39,704 main.py:135 ERROR UserStatus can not have empty fields
2021-03-28 08:03:39,704 main.py:120 INFO Saving statuses to status_updates.csv
2021-03-28 08:03:39,704 main.py:135 ERROR UserStatus can not have empty fields
2021-03-28 08:03:39,706 main.py:120 INFO Saving statuses to status_updates.csv
2021-03-28 08:03:39,706 main.py:125 ERROR status_updates.csv does not contain data
2021-03-28 08:03:39,707 main.py:165 INFO Adding a new User
2021-03-28 08:03:39,708 main.py:177 INFO Updating an User
2021-03-28 08:03:39,709 main.py:190 INFO Deleting an User
2021-03-28 08:03:39,711 main.py:204 INFO Searching for an User
2021-03-28 08:03:39,712 main.py:204 INFO Searching for an User
2021-03-28 08:03:39,713 main.py:222 INFO Adding an UserStatus
2021-03-28 08:03:39,714 main.py:234 INFO Updating an UserStatus
2021-03-28 08:03:39,716 main.py:246 INFO Deleting an UserStatus
2021-03-28 08:03:39,717 main.py:259 INFO Searching for an UserStatus
2021-03-28 08:03:39,719 main.py:259 INFO Searching for an UserStatus
2021-03-28 08:03:39,728 main.py:270 INFO Searching for matching UserStatuses
2021-03-28 08:03:39,730 main.py:279 INFO Searching for UserStatuses matching string
2021-03-28 08:03:39,794 main.py:28  INFO Creating a new UserCollection
2021-03-28 08:03:39,881 users.py:27  INFO New UserCollection instance created
2021-03-28 08:03:39,881 main.py:37  INFO Createing a new UserStatusCollection
2021-03-28 08:03:39,980 user_status.py:23  INFO New UserStatusCollection instance created
2021-03-28 08:03:39,980 main.py:63  INFO Loading users from accounts.csv
2021-03-28 08:03:39,980 main.py:68  ERROR accounts.csv does not contain data
2021-03-28 08:03:39,981 main.py:165 INFO Adding a new User
2021-03-28 08:03:40,305 users.py:45  INFO User dave03 sucessfully added
2021-03-28 08:03:40,306 main.py:165 INFO Adding a new User
2021-03-28 08:03:40,310 users.py:43  ERROR User dave03 breaks database rule: E11000 duplicate key error collection: social.UserTable index: user_id_1 dup key: { user_id: "dave03" }, full error: {'index': 0, 'code': 11000, 'keyPattern': {'user_id': 1}, 'keyValue': {'user_id': 'dave03'}, 'errmsg': 'E11000 duplicate key error collection: social.UserTable index: user_id_1 dup key: { user_id: "dave03" }'}
2021-03-28 08:03:40,310 main.py:177 INFO Updating an User
2021-03-28 08:03:40,333 users.py:65  INFO User dave03 sucessfully modified
2021-03-28 08:03:40,333 main.py:177 INFO Updating an User
2021-03-28 08:03:40,336 users.py:61  ERROR User dave02 not found in database
2021-03-28 08:03:40,336 main.py:204 INFO Searching for an User
2021-03-28 08:03:40,338 users.py:96  INFO User dave03 sucessfully found
2021-03-28 08:03:40,338 main.py:204 INFO Searching for an User
2021-03-28 08:03:40,340 users.py:94  ERROR User dave02 not found in database
2021-03-28 08:03:40,340 main.py:190 INFO Deleting an User
2021-03-28 08:03:40,344 users.py:83  INFO User dave03 sucessfully deleted
2021-03-28 08:03:40,345 main.py:190 INFO Deleting an User
2021-03-28 08:03:40,347 users.py:78  ERROR User dave03 not found in database
2021-03-28 08:03:40,347 main.py:165 INFO Adding a new User
2021-03-28 08:03:40,349 users.py:45  INFO User dave03 sucessfully added
2021-03-28 08:03:40,349 main.py:120 INFO Saving statuses to status_updates.csv
2021-03-28 08:03:40,349 main.py:125 ERROR status_updates.csv does not contain data
2021-03-28 08:03:40,349 main.py:222 INFO Adding an UserStatus
2021-03-28 08:03:40,397 user_status.py:45  INFO Status dave03_01 added to database
2021-03-28 08:03:40,398 main.py:222 INFO Adding an UserStatus
2021-03-28 08:03:40,402 user_status.py:43  ERROR Status dave03_01 already exists in database
2021-03-28 08:03:40,402 main.py:234 INFO Updating an UserStatus
2021-03-28 08:03:40,405 user_status.py:62  INFO Status dave03_01 sucessfully modified
2021-03-28 08:03:40,405 main.py:234 INFO Updating an UserStatus
2021-03-28 08:03:40,407 user_status.py:57  ERROR Status dave03_02 not found database
2021-03-28 08:03:40,408 main.py:259 INFO Searching for an UserStatus
2021-03-28 08:03:40,410 user_status.py:90  INFO Status dave03_01 sucessfully found
2021-03-28 08:03:40,410 main.py:259 INFO Searching for an UserStatus
2021-03-28 08:03:40,412 user_status.py:88  ERROR Status dave03 not found database
2021-03-28 08:03:40,412 main.py:246 INFO Deleting an UserStatus
2021-03-28 08:03:40,414 user_status.py:76  INFO Status dave03_01 sucessfully deleted
2021-03-28 08:03:40,414 main.py:246 INFO Deleting an UserStatus
2021-03-28 08:03:40,416 user_status.py:74  ERROR Status dave03_01 not found database
2021-03-28 08:03:40,416 main.py:222 INFO Adding an UserStatus
2021-03-28 08:03:40,421 user_status.py:45  INFO Status dave03_01 added to database
2021-03-28 08:03:40,421 main.py:190 INFO Deleting an User
2021-03-28 08:03:40,427 users.py:83  INFO User dave03 sucessfully deleted
2021-03-28 08:03:40,427 main.py:259 INFO Searching for an UserStatus
2021-03-28 08:03:40,429 user_status.py:88  ERROR Status dave03_01 not found database
2021-03-28 08:03:40,429 main.py:165 INFO Adding a new User
2021-03-28 08:03:40,429 users.py:105 ERROR User id ############################## is longer than 30
2021-03-28 08:03:40,430 main.py:165 INFO Adding a new User
2021-03-28 08:03:40,430 users.py:109 ERROR User name ############################## is longer than 30
2021-03-28 08:03:40,430 main.py:165 INFO Adding a new User
2021-03-28 08:03:40,430 users.py:113 ERROR User last name #################################################################################################### is longer than 100
2021-03-28 08:03:40,432 user_status.py:23  INFO New UserStatusCollection instance created
2021-03-28 08:03:40,435 user_status.py:23  INFO New UserStatusCollection instance created
2021-03-28 08:03:40,437 user_status.py:45  INFO Status rando_001 added to database
2021-03-28 08:03:40,439 user_status.py:23  INFO New UserStatusCollection instance created
2021-03-28 08:03:40,440 user_status.py:43  ERROR Status rando_001 already exists in database
2021-03-28 08:03:40,442 user_status.py:23  INFO New UserStatusCollection instance created
2021-03-28 08:03:40,442 user_status.py:39  ERROR User rando does not exist
2021-03-28 08:03:40,444 user_status.py:23  INFO New UserStatusCollection instance created
2021-03-28 08:03:40,445 user_status.py:62  INFO Status rando_001 sucessfully modified
2021-03-28 08:03:40,446 user_status.py:23  INFO New UserStatusCollection instance created
2021-03-28 08:03:40,447 user_status.py:57  ERROR Status rando_001 not found database
2021-03-28 08:03:40,449 user_status.py:23  INFO New UserStatusCollection instance created
2021-03-28 08:03:40,450 user_status.py:76  INFO Status rando_001 sucessfully deleted
2021-03-28 08:03:40,451 user_status.py:23  INFO New UserStatusCollection instance created
2021-03-28 08:03:40,452 user_status.py:74  ERROR Status rando_001 not found database
2021-03-28 08:03:40,453 user_status.py:23  INFO New UserStatusCollection instance created
2021-03-28 08:03:40,454 user_status.py:90  INFO Status rando_001 sucessfully found
2021-03-28 08:03:40,456 user_status.py:23  INFO New UserStatusCollection instance created
2021-03-28 08:03:40,456 user_status.py:88  ERROR Status rando_001 not found database
2021-03-28 08:03:40,458 user_status.py:23  INFO New UserStatusCollection instance created
2021-03-28 08:03:40,459 user_status.py:99  INFO Found statuses posted by rando
2021-03-28 08:03:40,460 user_status.py:23  INFO New UserStatusCollection instance created
2021-03-28 08:03:40,461 user_status.py:107 INFO Found statuses matching best
2021-03-28 08:03:40,463 users.py:27  INFO New UserCollection instance created
2021-03-28 08:03:40,465 users.py:27  INFO New UserCollection instance created
2021-03-28 08:03:40,466 users.py:45  INFO User rando sucessfully added
2021-03-28 08:03:40,467 users.py:27  INFO New UserCollection instance created
2021-03-28 08:03:40,468 users.py:43  ERROR User rando breaks database rule: ERR_MSG
2021-03-28 08:03:40,469 users.py:27  INFO New UserCollection instance created
2021-03-28 08:03:40,470 users.py:105 ERROR User id ############################## is longer than 30
2021-03-28 08:03:40,471 users.py:27  INFO New UserCollection instance created
2021-03-28 08:03:40,472 users.py:65  INFO User rando sucessfully modified
2021-03-28 08:03:40,474 users.py:27  INFO New UserCollection instance created
2021-03-28 08:03:40,474 users.py:61  ERROR User rando not found in database
2021-03-28 08:03:40,476 users.py:27  INFO New UserCollection instance created
2021-03-28 08:03:40,476 users.py:105 ERROR User id ############################## is longer than 30
2021-03-28 08:03:40,478 users.py:27  INFO New UserCollection instance created
2021-03-28 08:03:40,479 users.py:83  INFO User rando sucessfully deleted
2021-03-28 08:03:40,481 users.py:27  INFO New UserCollection instance created
2021-03-28 08:03:40,481 users.py:78  ERROR User rando not found in database
2021-03-28 08:03:40,483 users.py:27  INFO New UserCollection instance created
2021-03-28 08:03:40,483 users.py:96  INFO User rando sucessfully found
2021-03-28 08:03:40,485 users.py:27  INFO New UserCollection instance created
2021-03-28 08:03:40,486 users.py:94  ERROR User rando not found in database
2021-03-28 08:03:40,488 users.py:27  INFO New UserCollection instance created
2021-03-28 08:03:40,488 users.py:105 ERROR User id ############################## is longer than 30
2021-03-28 08:03:40,488 users.py:109 ERROR User name ############################## is longer than 30
2021-03-28 08:03:40,488 users.py:113 ERROR User last name #################################################################################################### is longer than 100
2021-03-28 08:57:54,715 main.py:29  INFO Creating a new UserCollection
2021-03-28 08:57:54,720 users.py:27  INFO New UserCollection instance created
2021-03-28 08:57:54,720 main.py:38  INFO Createing a new UserStatusCollection
2021-03-28 08:57:54,723 user_status.py:23  INFO New UserStatusCollection instance created
2021-03-28 08:57:55,308 main.py:64  INFO Loading users from accounts.csv
2021-03-28 08:57:55,312 main.py:88  INFO Saving collection in database
2021-03-28 08:57:55,386 main.py:121 INFO Saving statuses to status_updates.csv
2021-03-28 08:57:55,807 main.py:145 INFO Saving collection in database
2021-03-28 08:57:58,193 main.py:29  INFO Creating a new UserCollection
2021-03-28 08:57:58,260 users.py:27  INFO New UserCollection instance created
2021-03-28 08:57:58,261 main.py:38  INFO Createing a new UserStatusCollection
2021-03-28 08:57:58,361 user_status.py:23  INFO New UserStatusCollection instance created
2021-03-28 08:57:58,361 main.py:64  INFO Loading users from accounts.csv
2021-03-28 08:57:58,367 main.py:88  INFO Saving collection in database
2021-03-28 08:57:58,741 main.py:121 INFO Saving statuses to status_updates.csv
2021-03-28 08:57:59,283 main.py:145 INFO Saving collection in database
2021-03-28 08:58:07,221 main.py:29  INFO Creating a new UserCollection
2021-03-28 08:58:07,296 users.py:27  INFO New UserCollection instance created
2021-03-28 08:58:07,297 main.py:38  INFO Createing a new UserStatusCollection
2021-03-28 08:58:07,409 user_status.py:23  INFO New UserStatusCollection instance created
2021-03-28 08:58:07,409 main.py:64  INFO Loading users from accounts.csv
2021-03-28 08:58:07,444 main.py:88  INFO Saving collection in database
2021-03-28 08:58:07,778 main.py:121 INFO Saving statuses to status_updates.csv
2021-03-28 08:58:11,013 main.py:145 INFO Saving collection in database
2021-03-28 09:05:02,748 main.py:29  INFO Creating a new UserCollection
2021-03-28 09:05:02,827 users.py:27  INFO New UserCollection instance created
2021-03-28 09:05:02,827 main.py:38  INFO Createing a new UserStatusCollection
2021-03-28 09:05:02,928 user_status.py:23  INFO New UserStatusCollection instance created
2021-03-28 09:05:03,417 main.py:64  INFO Loading users from accounts.csv
2021-03-28 09:05:03,422 main.py:88  INFO Saving collection in database
2021-03-28 09:05:03,495 main.py:121 INFO Saving statuses to status_updates.csv
2021-03-28 09:05:03,916 main.py:145 INFO Saving collection in database
