2021-03-23 17:04:45,462 main.py:28  INFO Creating a new UserCollection
2021-03-23 17:04:45,527 users.py:20  INFO New UserCollection instance created
2021-03-23 17:04:45,527 main.py:37  INFO Createing a new UserStatusCollection
2021-03-23 17:04:45,594 user_status.py:21  INFO New UserStatusCollection instance created
2021-03-23 17:04:45,595 main.py:63  INFO Loading users from accounts.csv
2021-03-23 17:04:45,599 main.py:86  INFO Saving collection in database
2021-03-23 17:04:45,664 main.py:117 INFO Saving statuses to status_updates.csv
2021-03-23 17:04:46,012 main.py:140 INFO Saving collection in database
2021-03-23 17:04:54,519 main.py:159 INFO Adding a new User
2021-03-23 17:04:54,547 users.py:38  INFO User dave03 sucessfully added
2021-03-23 17:04:54,548 main.py:216 INFO Adding an UserStatus
2021-03-23 17:04:54,581 user_status.py:38  INFO Status dave03_01 added to database
2021-03-23 17:04:54,581 main.py:171 INFO Updating an User
2021-03-23 17:04:54,615 users.py:55  INFO User dave03 sucessfully modified
2021-03-23 17:04:54,615 main.py:228 INFO Updating an UserStatus
2021-03-23 17:04:54,616 user_status.py:49  ERROR Status dave03 not found database
2021-03-23 17:04:54,616 main.py:198 INFO Searching for an User
2021-03-23 17:04:54,616 users.py:80  INFO User dave03 sucessfully found
2021-03-23 17:04:54,616 main.py:253 INFO Searching for an UserStatus
2021-03-23 17:04:54,617 user_status.py:82  INFO Status dave03_01 sucessfully found
2021-03-23 17:04:54,617 main.py:240 INFO Deleting an UserStatus
2021-03-23 17:04:54,648 user_status.py:69  INFO Status dave03_01 sucessfully deleted
2021-03-23 17:04:54,649 main.py:184 INFO Deleting an User
2021-03-23 17:04:54,682 users.py:68  INFO User dave03 sucessfully deleted
2021-03-23 17:04:54,783 main.py:28  INFO Creating a new UserCollection
2021-03-23 17:04:54,817 users.py:20  INFO New UserCollection instance created
2021-03-23 17:04:54,817 main.py:37  INFO Createing a new UserStatusCollection
2021-03-23 17:04:54,895 user_status.py:21  INFO New UserStatusCollection instance created
2021-03-23 17:04:54,895 main.py:63  INFO Loading users from accounts.csv
2021-03-23 17:04:54,900 main.py:86  INFO Saving collection in database
2021-03-23 17:04:55,096 main.py:28  INFO Creating a new UserCollection
2021-03-23 17:04:55,132 users.py:20  INFO New UserCollection instance created
2021-03-23 17:04:55,133 main.py:37  INFO Createing a new UserStatusCollection
2021-03-23 17:04:55,210 user_status.py:21  INFO New UserStatusCollection instance created
2021-03-23 17:04:55,211 main.py:63  INFO Loading users from accounts.csv
2021-03-23 17:04:55,244 main.py:86  INFO Saving collection in database
2021-03-23 17:04:55,646 main.py:117 INFO Saving statuses to status_updates.csv
2021-03-23 17:04:58,711 main.py:140 INFO Saving collection in database
2021-03-23 17:05:35,087 main.py:159 INFO Adding a new User
2021-03-23 17:05:35,126 users.py:38  INFO User dave03 sucessfully added
2021-03-23 17:05:35,127 main.py:216 INFO Adding an UserStatus
2021-03-23 17:05:35,160 user_status.py:38  INFO Status dave03_01 added to database
2021-03-23 17:05:35,160 main.py:171 INFO Updating an User
2021-03-23 17:05:35,193 users.py:55  INFO User dave03 sucessfully modified
2021-03-23 17:05:35,193 main.py:228 INFO Updating an UserStatus
2021-03-23 17:05:35,196 user_status.py:49  ERROR Status dave03 not found database
2021-03-23 17:05:35,196 main.py:198 INFO Searching for an User
2021-03-23 17:05:35,198 users.py:80  INFO User dave03 sucessfully found
2021-03-23 17:05:35,198 main.py:253 INFO Searching for an UserStatus
2021-03-23 17:05:35,200 user_status.py:82  INFO Status dave03_01 sucessfully found
2021-03-23 17:05:35,200 main.py:240 INFO Deleting an UserStatus
2021-03-23 17:05:35,238 user_status.py:69  INFO Status dave03_01 sucessfully deleted
2021-03-23 17:05:35,238 main.py:184 INFO Deleting an User
2021-03-23 17:05:35,272 users.py:68  INFO User dave03 sucessfully deleted
