2021-03-17 15:47:43,982 main.py:28  INFO Creating a new UserCollection
2021-03-17 15:47:44,047 users.py:20  INFO New UserCollection instance created
2021-03-17 15:47:44,047 main.py:37  INFO Createing a new UserStatusCollection
2021-03-17 15:47:44,114 user_status.py:21  INFO New UserStatusCollection instance created
2021-03-17 15:47:44,114 main.py:63  INFO Loading users from accounts.csv
2021-03-17 15:47:44,119 main.py:86  INFO Saving collection in database
2021-03-17 15:47:44,183 main.py:117 INFO Saving statuses to status_updates.csv
2021-03-17 15:47:44,522 main.py:140 INFO Saving collection in database
2021-03-17 15:47:53,103 main.py:159 INFO Adding a new User
2021-03-17 15:47:53,141 users.py:38  INFO User dave03 sucessfully added
2021-03-17 15:47:53,142 main.py:216 INFO Adding an UserStatus
2021-03-17 15:47:53,175 user_status.py:38  INFO Status dave03_01 added to database
2021-03-17 15:47:53,175 main.py:171 INFO Updating an User
2021-03-17 15:47:53,210 users.py:55  INFO User dave03 sucessfully modified
2021-03-17 15:47:53,210 main.py:228 INFO Updating an UserStatus
2021-03-17 15:47:53,211 user_status.py:49  ERROR Status dave03 not found database
2021-03-17 15:47:53,211 main.py:198 INFO Searching for an User
2021-03-17 15:47:53,211 users.py:80  INFO User dave03 sucessfully found
2021-03-17 15:47:53,211 main.py:253 INFO Searching for an UserStatus
2021-03-17 15:47:53,212 user_status.py:82  INFO Status dave03_01 sucessfully found
2021-03-17 15:47:53,212 main.py:240 INFO Deleting an UserStatus
2021-03-17 15:47:53,243 user_status.py:69  INFO Status dave03_01 sucessfully deleted
2021-03-17 15:47:53,244 main.py:184 INFO Deleting an User
2021-03-17 15:47:53,289 users.py:68  INFO User dave03 sucessfully deleted
2021-03-17 15:47:53,410 main.py:28  INFO Creating a new UserCollection
2021-03-17 15:47:53,445 users.py:20  INFO New UserCollection instance created
2021-03-17 15:47:53,445 main.py:37  INFO Createing a new UserStatusCollection
2021-03-17 15:47:53,524 user_status.py:21  INFO New UserStatusCollection instance created
2021-03-17 15:47:53,524 main.py:63  INFO Loading users from accounts.csv
2021-03-17 15:47:53,560 main.py:86  INFO Saving collection in database
2021-03-17 15:47:53,959 main.py:117 INFO Saving statuses to status_updates.csv
2021-03-17 15:47:57,015 main.py:140 INFO Saving collection in database
2021-03-17 15:48:33,983 main.py:159 INFO Adding a new User
2021-03-17 15:48:34,022 users.py:38  INFO User dave03 sucessfully added
2021-03-17 15:48:34,022 main.py:216 INFO Adding an UserStatus
2021-03-17 15:48:34,055 user_status.py:38  INFO Status dave03_01 added to database
2021-03-17 15:48:34,056 main.py:171 INFO Updating an User
2021-03-17 15:48:34,089 users.py:55  INFO User dave03 sucessfully modified
2021-03-17 15:48:34,089 main.py:228 INFO Updating an UserStatus
2021-03-17 15:48:34,092 user_status.py:49  ERROR Status dave03 not found database
2021-03-17 15:48:34,092 main.py:198 INFO Searching for an User
2021-03-17 15:48:34,094 users.py:80  INFO User dave03 sucessfully found
2021-03-17 15:48:34,095 main.py:253 INFO Searching for an UserStatus
2021-03-17 15:48:34,096 user_status.py:82  INFO Status dave03_01 sucessfully found
2021-03-17 15:48:34,097 main.py:240 INFO Deleting an UserStatus
2021-03-17 15:48:34,134 user_status.py:69  INFO Status dave03_01 sucessfully deleted
2021-03-17 15:48:34,134 main.py:184 INFO Deleting an User
2021-03-17 15:48:34,167 users.py:68  INFO User dave03 sucessfully deleted
2021-03-17 15:50:02,994 main.py:28  INFO Creating a new UserCollection
2021-03-17 15:50:03,050 users.py:20  INFO New UserCollection instance created
2021-03-17 15:50:03,050 main.py:37  INFO Createing a new UserStatusCollection
2021-03-17 15:50:03,117 user_status.py:21  INFO New UserStatusCollection instance created
2021-03-17 15:50:03,118 main.py:63  INFO Loading users from accounts.csv
2021-03-17 15:50:03,121 main.py:86  INFO Saving collection in database
2021-03-17 15:50:03,186 main.py:117 INFO Saving statuses to status_updates.csv
2021-03-17 15:50:03,522 main.py:140 INFO Saving collection in database
2021-03-17 15:50:12,053 main.py:159 INFO Adding a new User
2021-03-17 15:50:12,091 users.py:38  INFO User dave03 sucessfully added
2021-03-17 15:50:12,092 main.py:216 INFO Adding an UserStatus
2021-03-17 15:50:12,126 user_status.py:38  INFO Status dave03_01 added to database
2021-03-17 15:50:12,126 main.py:171 INFO Updating an User
2021-03-17 15:50:12,159 users.py:55  INFO User dave03 sucessfully modified
2021-03-17 15:50:12,159 main.py:228 INFO Updating an UserStatus
2021-03-17 15:50:12,160 user_status.py:49  ERROR Status dave03 not found database
2021-03-17 15:50:12,160 main.py:198 INFO Searching for an User
2021-03-17 15:50:12,160 users.py:80  INFO User dave03 sucessfully found
2021-03-17 15:50:12,160 main.py:253 INFO Searching for an UserStatus
2021-03-17 15:50:12,161 user_status.py:82  INFO Status dave03_01 sucessfully found
2021-03-17 15:50:12,161 main.py:240 INFO Deleting an UserStatus
2021-03-17 15:50:12,193 user_status.py:69  INFO Status dave03_01 sucessfully deleted
2021-03-17 15:50:12,193 main.py:184 INFO Deleting an User
2021-03-17 15:50:12,226 users.py:68  INFO User dave03 sucessfully deleted
2021-03-17 15:50:12,346 main.py:28  INFO Creating a new UserCollection
2021-03-17 15:50:12,383 users.py:20  INFO New UserCollection instance created
2021-03-17 15:50:12,383 main.py:37  INFO Createing a new UserStatusCollection
2021-03-17 15:50:12,451 user_status.py:21  INFO New UserStatusCollection instance created
2021-03-17 15:50:12,451 main.py:63  INFO Loading users from accounts.csv
2021-03-17 15:50:12,485 main.py:86  INFO Saving collection in database
2021-03-17 15:50:12,886 main.py:117 INFO Saving statuses to status_updates.csv
2021-03-17 15:50:16,016 main.py:140 INFO Saving collection in database
2021-03-17 15:50:52,935 main.py:159 INFO Adding a new User
2021-03-17 15:50:52,973 users.py:38  INFO User dave03 sucessfully added
2021-03-17 15:50:52,974 main.py:216 INFO Adding an UserStatus
2021-03-17 15:50:53,007 user_status.py:38  INFO Status dave03_01 added to database
2021-03-17 15:50:53,007 main.py:171 INFO Updating an User
2021-03-17 15:50:53,041 users.py:55  INFO User dave03 sucessfully modified
2021-03-17 15:50:53,041 main.py:228 INFO Updating an UserStatus
2021-03-17 15:50:53,044 user_status.py:49  ERROR Status dave03 not found database
2021-03-17 15:50:53,044 main.py:198 INFO Searching for an User
2021-03-17 15:50:53,046 users.py:80  INFO User dave03 sucessfully found
2021-03-17 15:50:53,046 main.py:253 INFO Searching for an UserStatus
2021-03-17 15:50:53,048 user_status.py:82  INFO Status dave03_01 sucessfully found
2021-03-17 15:50:53,048 main.py:240 INFO Deleting an UserStatus
2021-03-17 15:50:53,085 user_status.py:69  INFO Status dave03_01 sucessfully deleted
2021-03-17 15:50:53,085 main.py:184 INFO Deleting an User
2021-03-17 15:50:53,119 users.py:68  INFO User dave03 sucessfully deleted
2021-03-17 16:12:27,076 main.py:28  INFO Creating a new UserCollection
2021-03-17 16:12:27,129 users.py:20  INFO New UserCollection instance created
2021-03-17 16:12:27,129 main.py:37  INFO Createing a new UserStatusCollection
2021-03-17 16:12:27,197 user_status.py:21  INFO New UserStatusCollection instance created
2021-03-17 16:12:27,197 main.py:63  INFO Loading users from accounts.csv
2021-03-17 16:12:27,200 main.py:86  INFO Saving collection in database
2021-03-17 16:12:27,265 main.py:117 INFO Saving statuses to status_updates.csv
2021-03-17 16:12:27,598 main.py:140 INFO Saving collection in database
2021-03-17 16:12:35,875 main.py:159 INFO Adding a new User
2021-03-17 16:12:35,913 users.py:38  INFO User dave03 sucessfully added
2021-03-17 16:12:35,913 main.py:216 INFO Adding an UserStatus
2021-03-17 16:12:35,946 user_status.py:38  INFO Status dave03_01 added to database
2021-03-17 16:12:35,946 main.py:171 INFO Updating an User
2021-03-17 16:12:35,980 users.py:55  INFO User dave03 sucessfully modified
2021-03-17 16:12:35,980 main.py:228 INFO Updating an UserStatus
2021-03-17 16:12:35,981 user_status.py:49  ERROR Status dave03 not found database
2021-03-17 16:12:35,981 main.py:198 INFO Searching for an User
2021-03-17 16:12:35,981 users.py:80  INFO User dave03 sucessfully found
2021-03-17 16:12:35,981 main.py:253 INFO Searching for an UserStatus
2021-03-17 16:12:35,982 user_status.py:82  INFO Status dave03_01 sucessfully found
2021-03-17 16:12:35,982 main.py:240 INFO Deleting an UserStatus
2021-03-17 16:12:36,014 user_status.py:69  INFO Status dave03_01 sucessfully deleted
2021-03-17 16:12:36,014 main.py:184 INFO Deleting an User
2021-03-17 16:12:36,047 users.py:68  INFO User dave03 sucessfully deleted
2021-03-17 16:12:36,137 main.py:28  INFO Creating a new UserCollection
2021-03-17 16:12:36,171 users.py:20  INFO New UserCollection instance created
2021-03-17 16:12:36,171 main.py:37  INFO Createing a new UserStatusCollection
2021-03-17 16:12:36,238 user_status.py:21  INFO New UserStatusCollection instance created
2021-03-17 16:12:36,239 main.py:63  INFO Loading users from accounts.csv
2021-03-17 16:12:36,243 main.py:86  INFO Saving collection in database
2021-03-17 16:12:36,342 main.py:117 INFO Saving statuses to status_updates.csv
2021-03-17 16:12:36,853 main.py:140 INFO Saving collection in database
2021-03-17 16:12:48,355 main.py:159 INFO Adding a new User
2021-03-17 16:12:48,393 users.py:38  INFO User dave03 sucessfully added
2021-03-17 16:12:48,393 main.py:216 INFO Adding an UserStatus
2021-03-17 16:12:48,427 user_status.py:38  INFO Status dave03_01 added to database
2021-03-17 16:12:48,427 main.py:171 INFO Updating an User
2021-03-17 16:12:48,460 users.py:55  INFO User dave03 sucessfully modified
2021-03-17 16:12:48,461 main.py:228 INFO Updating an UserStatus
2021-03-17 16:12:48,462 user_status.py:49  ERROR Status dave03 not found database
2021-03-17 16:12:48,462 main.py:198 INFO Searching for an User
2021-03-17 16:12:48,462 users.py:80  INFO User dave03 sucessfully found
2021-03-17 16:12:48,462 main.py:253 INFO Searching for an UserStatus
2021-03-17 16:12:48,463 user_status.py:82  INFO Status dave03_01 sucessfully found
2021-03-17 16:12:48,463 main.py:240 INFO Deleting an UserStatus
2021-03-17 16:12:48,494 user_status.py:69  INFO Status dave03_01 sucessfully deleted
2021-03-17 16:12:48,494 main.py:184 INFO Deleting an User
2021-03-17 16:12:48,528 users.py:68  INFO User dave03 sucessfully deleted
2021-03-17 16:13:26,492 main.py:28  INFO Creating a new UserCollection
2021-03-17 16:13:26,633 users.py:20  INFO New UserCollection instance created
2021-03-17 16:13:26,644 main.py:37  INFO Createing a new UserStatusCollection
2021-03-17 16:13:26,723 user_status.py:21  INFO New UserStatusCollection instance created
2021-03-17 16:13:26,723 main.py:63  INFO Loading users from accounts.csv
2021-03-17 16:13:26,727 main.py:86  INFO Saving collection in database
2021-03-17 16:13:26,792 main.py:117 INFO Saving statuses to status_updates.csv
2021-03-17 16:13:27,124 main.py:140 INFO Saving collection in database
2021-03-17 16:13:35,643 main.py:159 INFO Adding a new User
2021-03-17 16:13:35,681 users.py:38  INFO User dave03 sucessfully added
2021-03-17 16:13:35,681 main.py:216 INFO Adding an UserStatus
2021-03-17 16:13:35,715 user_status.py:38  INFO Status dave03_01 added to database
2021-03-17 16:13:35,715 main.py:171 INFO Updating an User
2021-03-17 16:13:35,748 users.py:55  INFO User dave03 sucessfully modified
2021-03-17 16:13:35,748 main.py:228 INFO Updating an UserStatus
2021-03-17 16:13:35,749 user_status.py:49  ERROR Status dave03 not found database
2021-03-17 16:13:35,749 main.py:198 INFO Searching for an User
2021-03-17 16:13:35,749 users.py:80  INFO User dave03 sucessfully found
2021-03-17 16:13:35,749 main.py:253 INFO Searching for an UserStatus
2021-03-17 16:13:35,750 user_status.py:82  INFO Status dave03_01 sucessfully found
2021-03-17 16:13:35,750 main.py:240 INFO Deleting an UserStatus
2021-03-17 16:13:35,782 user_status.py:69  INFO Status dave03_01 sucessfully deleted
2021-03-17 16:13:35,782 main.py:184 INFO Deleting an User
2021-03-17 16:13:35,816 users.py:68  INFO User dave03 sucessfully deleted
2021-03-17 16:13:35,905 main.py:28  INFO Creating a new UserCollection
2021-03-17 16:13:35,939 users.py:20  INFO New UserCollection instance created
2021-03-17 16:13:35,939 main.py:37  INFO Createing a new UserStatusCollection
2021-03-17 16:13:36,006 user_status.py:21  INFO New UserStatusCollection instance created
2021-03-17 16:13:36,006 main.py:63  INFO Loading users from accounts.csv
2021-03-17 16:13:36,012 main.py:86  INFO Saving collection in database
2021-03-17 16:13:36,110 main.py:117 INFO Saving statuses to status_updates.csv
2021-03-17 16:13:36,635 main.py:140 INFO Saving collection in database
2021-03-17 16:13:48,404 main.py:159 INFO Adding a new User
2021-03-17 16:13:48,437 users.py:38  INFO User dave03 sucessfully added
2021-03-17 16:13:48,437 main.py:216 INFO Adding an UserStatus
2021-03-17 16:13:48,471 user_status.py:38  INFO Status dave03_01 added to database
2021-03-17 16:13:48,471 main.py:171 INFO Updating an User
2021-03-17 16:13:48,504 users.py:55  INFO User dave03 sucessfully modified
2021-03-17 16:13:48,504 main.py:228 INFO Updating an UserStatus
2021-03-17 16:13:48,505 user_status.py:49  ERROR Status dave03 not found database
2021-03-17 16:13:48,505 main.py:198 INFO Searching for an User
2021-03-17 16:13:48,506 users.py:80  INFO User dave03 sucessfully found
2021-03-17 16:13:48,506 main.py:253 INFO Searching for an UserStatus
2021-03-17 16:13:48,506 user_status.py:82  INFO Status dave03_01 sucessfully found
2021-03-17 16:13:48,506 main.py:240 INFO Deleting an UserStatus
2021-03-17 16:13:48,538 user_status.py:69  INFO Status dave03_01 sucessfully deleted
2021-03-17 16:13:48,538 main.py:184 INFO Deleting an User
2021-03-17 16:13:48,572 users.py:68  INFO User dave03 sucessfully deleted
2021-03-17 16:13:48,747 main.py:28  INFO Creating a new UserCollection
2021-03-17 16:13:48,784 users.py:20  INFO New UserCollection instance created
2021-03-17 16:13:48,785 main.py:37  INFO Createing a new UserStatusCollection
2021-03-17 16:13:48,852 user_status.py:21  INFO New UserStatusCollection instance created
2021-03-17 16:13:48,852 main.py:63  INFO Loading users from accounts.csv
2021-03-17 16:13:48,886 main.py:86  INFO Saving collection in database
2021-03-17 16:13:49,288 main.py:117 INFO Saving statuses to status_updates.csv
2021-03-17 16:13:52,347 main.py:140 INFO Saving collection in database
2021-03-17 16:14:28,550 main.py:159 INFO Adding a new User
2021-03-17 16:14:28,588 users.py:38  INFO User dave03 sucessfully added
2021-03-17 16:14:28,588 main.py:216 INFO Adding an UserStatus
2021-03-17 16:14:28,621 user_status.py:38  INFO Status dave03_01 added to database
2021-03-17 16:14:28,622 main.py:171 INFO Updating an User
2021-03-17 16:14:28,655 users.py:55  INFO User dave03 sucessfully modified
2021-03-17 16:14:28,655 main.py:228 INFO Updating an UserStatus
2021-03-17 16:14:28,658 user_status.py:49  ERROR Status dave03 not found database
2021-03-17 16:14:28,658 main.py:198 INFO Searching for an User
2021-03-17 16:14:28,660 users.py:80  INFO User dave03 sucessfully found
2021-03-17 16:14:28,660 main.py:253 INFO Searching for an UserStatus
2021-03-17 16:14:28,662 user_status.py:82  INFO Status dave03_01 sucessfully found
2021-03-17 16:14:28,662 main.py:240 INFO Deleting an UserStatus
2021-03-17 16:14:28,700 user_status.py:69  INFO Status dave03_01 sucessfully deleted
2021-03-17 16:14:28,700 main.py:184 INFO Deleting an User
2021-03-17 16:14:28,734 users.py:68  INFO User dave03 sucessfully deleted
2021-03-17 16:16:12,056 main.py:28  INFO Creating a new UserCollection
2021-03-17 16:16:12,126 users.py:20  INFO New UserCollection instance created
2021-03-17 16:16:12,126 main.py:37  INFO Createing a new UserStatusCollection
2021-03-17 16:16:12,193 user_status.py:21  INFO New UserStatusCollection instance created
2021-03-17 16:16:12,193 main.py:63  INFO Loading users from accounts.csv
2021-03-17 16:16:12,197 main.py:86  INFO Saving collection in database
2021-03-17 16:16:12,262 main.py:117 INFO Saving statuses to status_updates.csv
2021-03-17 16:16:12,597 main.py:140 INFO Saving collection in database
2021-03-17 16:16:21,235 main.py:159 INFO Adding a new User
2021-03-17 16:16:21,273 users.py:38  INFO User dave03 sucessfully added
2021-03-17 16:16:21,273 main.py:216 INFO Adding an UserStatus
2021-03-17 16:16:21,307 user_status.py:38  INFO Status dave03_01 added to database
2021-03-17 16:16:21,307 main.py:171 INFO Updating an User
2021-03-17 16:16:21,340 users.py:55  INFO User dave03 sucessfully modified
2021-03-17 16:16:21,341 main.py:228 INFO Updating an UserStatus
2021-03-17 16:16:21,341 user_status.py:49  ERROR Status dave03 not found database
2021-03-17 16:16:21,342 main.py:198 INFO Searching for an User
2021-03-17 16:16:21,342 users.py:80  INFO User dave03 sucessfully found
2021-03-17 16:16:21,342 main.py:253 INFO Searching for an UserStatus
2021-03-17 16:16:21,342 user_status.py:82  INFO Status dave03_01 sucessfully found
2021-03-17 16:16:21,343 main.py:240 INFO Deleting an UserStatus
2021-03-17 16:16:21,375 user_status.py:69  INFO Status dave03_01 sucessfully deleted
2021-03-17 16:16:21,375 main.py:184 INFO Deleting an User
2021-03-17 16:16:21,409 users.py:68  INFO User dave03 sucessfully deleted
2021-03-17 16:16:21,499 main.py:28  INFO Creating a new UserCollection
2021-03-17 16:16:21,532 users.py:20  INFO New UserCollection instance created
2021-03-17 16:16:21,532 main.py:37  INFO Createing a new UserStatusCollection
2021-03-17 16:16:21,600 user_status.py:21  INFO New UserStatusCollection instance created
2021-03-17 16:16:21,600 main.py:63  INFO Loading users from accounts.csv
2021-03-17 16:16:21,605 main.py:86  INFO Saving collection in database
2021-03-17 16:16:21,702 main.py:117 INFO Saving statuses to status_updates.csv
2021-03-17 16:16:22,218 main.py:140 INFO Saving collection in database
2021-03-17 16:16:34,213 main.py:159 INFO Adding a new User
2021-03-17 16:16:34,251 users.py:38  INFO User dave03 sucessfully added
2021-03-17 16:16:34,251 main.py:216 INFO Adding an UserStatus
2021-03-17 16:16:34,284 user_status.py:38  INFO Status dave03_01 added to database
2021-03-17 16:16:34,284 main.py:171 INFO Updating an User
2021-03-17 16:16:34,318 users.py:55  INFO User dave03 sucessfully modified
2021-03-17 16:16:34,318 main.py:228 INFO Updating an UserStatus
2021-03-17 16:16:34,319 user_status.py:49  ERROR Status dave03 not found database
2021-03-17 16:16:34,319 main.py:198 INFO Searching for an User
2021-03-17 16:16:34,320 users.py:80  INFO User dave03 sucessfully found
2021-03-17 16:16:34,320 main.py:253 INFO Searching for an UserStatus
2021-03-17 16:16:34,320 user_status.py:82  INFO Status dave03_01 sucessfully found
2021-03-17 16:16:34,320 main.py:240 INFO Deleting an UserStatus
2021-03-17 16:16:34,352 user_status.py:69  INFO Status dave03_01 sucessfully deleted
2021-03-17 16:16:34,352 main.py:184 INFO Deleting an User
2021-03-17 16:16:34,386 users.py:68  INFO User dave03 sucessfully deleted
2021-03-17 16:17:28,334 main.py:28  INFO Creating a new UserCollection
2021-03-17 16:17:28,401 users.py:20  INFO New UserCollection instance created
2021-03-17 16:17:28,401 main.py:37  INFO Createing a new UserStatusCollection
2021-03-17 16:17:28,468 user_status.py:21  INFO New UserStatusCollection instance created
2021-03-17 16:17:28,468 main.py:63  INFO Loading users from accounts.csv
2021-03-17 16:17:28,472 main.py:86  INFO Saving collection in database
2021-03-17 16:17:28,537 main.py:117 INFO Saving statuses to status_updates.csv
2021-03-17 16:17:28,871 main.py:140 INFO Saving collection in database
2021-03-17 16:17:37,501 main.py:159 INFO Adding a new User
2021-03-17 16:17:37,539 users.py:38  INFO User dave03 sucessfully added
2021-03-17 16:17:37,539 main.py:216 INFO Adding an UserStatus
2021-03-17 16:17:37,573 user_status.py:38  INFO Status dave03_01 added to database
2021-03-17 16:17:37,573 main.py:171 INFO Updating an User
2021-03-17 16:17:37,607 users.py:55  INFO User dave03 sucessfully modified
2021-03-17 16:17:37,607 main.py:228 INFO Updating an UserStatus
2021-03-17 16:17:37,607 user_status.py:49  ERROR Status dave03 not found database
2021-03-17 16:17:37,608 main.py:198 INFO Searching for an User
2021-03-17 16:17:37,608 users.py:80  INFO User dave03 sucessfully found
2021-03-17 16:17:37,608 main.py:253 INFO Searching for an UserStatus
2021-03-17 16:17:37,609 user_status.py:82  INFO Status dave03_01 sucessfully found
2021-03-17 16:17:37,609 main.py:240 INFO Deleting an UserStatus
2021-03-17 16:17:37,641 user_status.py:69  INFO Status dave03_01 sucessfully deleted
2021-03-17 16:17:37,641 main.py:184 INFO Deleting an User
2021-03-17 16:17:37,674 users.py:68  INFO User dave03 sucessfully deleted
2021-03-17 16:17:37,764 main.py:28  INFO Creating a new UserCollection
2021-03-17 16:17:37,797 users.py:20  INFO New UserCollection instance created
2021-03-17 16:17:37,797 main.py:37  INFO Createing a new UserStatusCollection
2021-03-17 16:17:37,866 user_status.py:21  INFO New UserStatusCollection instance created
2021-03-17 16:17:37,866 main.py:63  INFO Loading users from accounts.csv
2021-03-17 16:17:37,871 main.py:86  INFO Saving collection in database
2021-03-17 16:17:37,968 main.py:117 INFO Saving statuses to status_updates.csv
2021-03-17 16:17:38,482 main.py:140 INFO Saving collection in database
2021-03-17 16:17:50,154 main.py:159 INFO Adding a new User
2021-03-17 16:17:50,191 users.py:38  INFO User dave03 sucessfully added
2021-03-17 16:17:50,191 main.py:216 INFO Adding an UserStatus
2021-03-17 16:17:50,224 user_status.py:38  INFO Status dave03_01 added to database
2021-03-17 16:17:50,224 main.py:171 INFO Updating an User
2021-03-17 16:17:50,258 users.py:55  INFO User dave03 sucessfully modified
2021-03-17 16:17:50,258 main.py:228 INFO Updating an UserStatus
2021-03-17 16:17:50,259 user_status.py:49  ERROR Status dave03 not found database
2021-03-17 16:17:50,259 main.py:198 INFO Searching for an User
2021-03-17 16:17:50,259 users.py:80  INFO User dave03 sucessfully found
2021-03-17 16:17:50,259 main.py:253 INFO Searching for an UserStatus
2021-03-17 16:17:50,260 user_status.py:82  INFO Status dave03_01 sucessfully found
2021-03-17 16:17:50,260 main.py:240 INFO Deleting an UserStatus
2021-03-17 16:17:50,291 user_status.py:69  INFO Status dave03_01 sucessfully deleted
2021-03-17 16:17:50,291 main.py:184 INFO Deleting an User
2021-03-17 16:17:50,325 users.py:68  INFO User dave03 sucessfully deleted
2021-03-17 16:17:50,457 main.py:28  INFO Creating a new UserCollection
2021-03-17 16:17:50,493 users.py:20  INFO New UserCollection instance created
2021-03-17 16:17:50,494 main.py:37  INFO Createing a new UserStatusCollection
2021-03-17 16:17:50,560 user_status.py:21  INFO New UserStatusCollection instance created
2021-03-17 16:17:50,561 main.py:63  INFO Loading users from accounts.csv
2021-03-17 16:17:50,594 main.py:86  INFO Saving collection in database
2021-03-17 16:17:50,996 main.py:117 INFO Saving statuses to status_updates.csv
2021-03-17 16:17:54,075 main.py:140 INFO Saving collection in database
2021-03-17 16:18:30,857 main.py:159 INFO Adding a new User
2021-03-17 16:18:30,894 users.py:38  INFO User dave03 sucessfully added
2021-03-17 16:18:30,895 main.py:216 INFO Adding an UserStatus
2021-03-17 16:18:30,928 user_status.py:38  INFO Status dave03_01 added to database
2021-03-17 16:18:30,928 main.py:171 INFO Updating an User
2021-03-17 16:18:30,962 users.py:55  INFO User dave03 sucessfully modified
2021-03-17 16:18:30,962 main.py:228 INFO Updating an UserStatus
2021-03-17 16:18:30,964 user_status.py:49  ERROR Status dave03 not found database
2021-03-17 16:18:30,964 main.py:198 INFO Searching for an User
2021-03-17 16:18:30,966 users.py:80  INFO User dave03 sucessfully found
2021-03-17 16:18:30,966 main.py:253 INFO Searching for an UserStatus
2021-03-17 16:18:30,968 user_status.py:82  INFO Status dave03_01 sucessfully found
2021-03-17 16:18:30,968 main.py:240 INFO Deleting an UserStatus
2021-03-17 16:18:31,006 user_status.py:69  INFO Status dave03_01 sucessfully deleted
2021-03-17 16:18:31,006 main.py:184 INFO Deleting an User
2021-03-17 16:18:31,040 users.py:68  INFO User dave03 sucessfully deleted
