2021-03-17 16:45:29,335 main.py:28  INFO Creating a new UserCollection
2021-03-17 16:45:29,388 users.py:27  INFO New UserCollection instance created
2021-03-17 16:45:29,388 main.py:37  INFO Createing a new UserStatusCollection
2021-03-17 16:45:29,394 user_status.py:23  INFO New UserStatusCollection instance created
2021-03-17 16:45:29,405 main.py:63  INFO Loading users from accounts.csv
2021-03-17 16:45:29,410 main.py:87  INFO Saving collection in database
2021-03-17 16:45:29,941 main.py:120 INFO Saving statuses to status_updates.csv
2021-03-17 16:45:30,367 main.py:144 INFO Saving collection in database
2021-03-17 16:45:36,648 main.py:165 INFO Adding a new User
2021-03-17 16:45:36,651 users.py:45  INFO User dave03 sucessfully added
2021-03-17 16:45:36,651 main.py:222 INFO Adding an UserStatus
2021-03-17 16:45:36,668 user_status.py:45  INFO Status dave03_01 added to database
2021-03-17 16:45:36,669 main.py:177 INFO Updating an User
2021-03-17 16:45:36,678 users.py:65  INFO User dave03 sucessfully modified
2021-03-17 16:45:36,678 main.py:234 INFO Updating an UserStatus
2021-03-17 16:45:36,680 user_status.py:57  ERROR Status dave03 not found database
2021-03-17 16:45:36,681 main.py:204 INFO Searching for an User
2021-03-17 16:45:36,683 users.py:96  INFO User dave03 sucessfully found
2021-03-17 16:45:36,683 main.py:259 INFO Searching for an UserStatus
2021-03-17 16:45:36,684 user_status.py:90  INFO Status dave03_01 sucessfully found
2021-03-17 16:45:36,685 main.py:246 INFO Deleting an UserStatus
2021-03-17 16:45:36,687 user_status.py:76  INFO Status dave03_01 sucessfully deleted
2021-03-17 16:45:36,688 main.py:190 INFO Deleting an User
2021-03-17 16:45:36,782 users.py:83  INFO User dave03 sucessfully deleted
2021-03-17 16:45:37,393 main.py:28  INFO Creating a new UserCollection
2021-03-17 16:45:37,478 users.py:27  INFO New UserCollection instance created
2021-03-17 16:45:37,478 main.py:37  INFO Createing a new UserStatusCollection
2021-03-17 16:45:37,567 user_status.py:23  INFO New UserStatusCollection instance created
2021-03-17 16:45:37,567 main.py:63  INFO Loading users from accounts.csv
2021-03-17 16:45:37,572 main.py:87  INFO Saving collection in database
2021-03-17 16:45:37,937 main.py:120 INFO Saving statuses to status_updates.csv
2021-03-17 16:45:38,486 main.py:144 INFO Saving collection in database
2021-03-17 16:45:46,137 main.py:165 INFO Adding a new User
2021-03-17 16:45:46,140 users.py:45  INFO User dave03 sucessfully added
2021-03-17 16:45:46,140 main.py:222 INFO Adding an UserStatus
2021-03-17 16:45:46,144 user_status.py:45  INFO Status dave03_01 added to database
2021-03-17 16:45:46,144 main.py:177 INFO Updating an User
2021-03-17 16:45:46,147 users.py:65  INFO User dave03 sucessfully modified
2021-03-17 16:45:46,147 main.py:234 INFO Updating an UserStatus
2021-03-17 16:45:46,149 user_status.py:57  ERROR Status dave03 not found database
2021-03-17 16:45:46,149 main.py:204 INFO Searching for an User
2021-03-17 16:45:46,151 users.py:96  INFO User dave03 sucessfully found
2021-03-17 16:45:46,151 main.py:259 INFO Searching for an UserStatus
2021-03-17 16:45:46,153 user_status.py:90  INFO Status dave03_01 sucessfully found
2021-03-17 16:45:46,153 main.py:246 INFO Deleting an UserStatus
2021-03-17 16:45:46,155 user_status.py:76  INFO Status dave03_01 sucessfully deleted
2021-03-17 16:45:46,155 main.py:190 INFO Deleting an User
2021-03-17 16:45:46,247 users.py:83  INFO User dave03 sucessfully deleted
2021-03-17 16:45:46,364 main.py:28  INFO Creating a new UserCollection
2021-03-17 16:45:46,444 users.py:27  INFO New UserCollection instance created
2021-03-17 16:45:46,445 main.py:37  INFO Createing a new UserStatusCollection
2021-03-17 16:45:46,545 user_status.py:23  INFO New UserStatusCollection instance created
2021-03-17 16:45:46,545 main.py:63  INFO Loading users from accounts.csv
2021-03-17 16:45:46,580 main.py:87  INFO Saving collection in database
2021-03-17 16:45:46,923 main.py:120 INFO Saving statuses to status_updates.csv
2021-03-17 16:45:50,054 main.py:144 INFO Saving collection in database
2021-03-17 16:46:01,647 main.py:165 INFO Adding a new User
2021-03-17 16:46:01,653 users.py:45  INFO User dave03 sucessfully added
2021-03-17 16:46:01,653 main.py:222 INFO Adding an UserStatus
2021-03-17 16:46:01,662 user_status.py:45  INFO Status dave03_01 added to database
2021-03-17 16:46:01,663 main.py:177 INFO Updating an User
2021-03-17 16:46:01,669 users.py:65  INFO User dave03 sucessfully modified
2021-03-17 16:46:01,669 main.py:234 INFO Updating an UserStatus
2021-03-17 16:46:01,674 user_status.py:57  ERROR Status dave03 not found database
2021-03-17 16:46:01,675 main.py:204 INFO Searching for an User
2021-03-17 16:46:01,680 users.py:96  INFO User dave03 sucessfully found
2021-03-17 16:46:01,681 main.py:259 INFO Searching for an UserStatus
2021-03-17 16:46:01,686 user_status.py:90  INFO Status dave03_01 sucessfully found
2021-03-17 16:46:01,686 main.py:246 INFO Deleting an UserStatus
2021-03-17 16:46:01,691 user_status.py:76  INFO Status dave03_01 sucessfully deleted
2021-03-17 16:46:01,692 main.py:190 INFO Deleting an User
2021-03-17 16:46:01,794 users.py:83  INFO User dave03 sucessfully deleted
