2021-03-21 10:32:19,830 main.py:28  INFO Creating a new UserCollection
2021-03-21 10:32:19,848 users.py:27  INFO New UserCollection instance created
2021-03-21 10:32:19,848 main.py:37  INFO Createing a new UserStatusCollection
2021-03-21 10:32:19,852 user_status.py:23  INFO New UserStatusCollection instance created
2021-03-21 10:32:20,458 main.py:63  INFO Loading users from accounts.csv
2021-03-21 10:32:20,462 main.py:87  INFO Saving collection in database
2021-03-21 10:32:20,571 main.py:120 INFO Saving statuses to status_updates.csv
2021-03-21 10:32:21,009 main.py:144 INFO Saving collection in database
2021-03-21 10:32:23,112 main.py:165 INFO Adding a new User
2021-03-21 10:32:23,115 users.py:45  INFO User dave03 sucessfully added
2021-03-21 10:32:23,115 main.py:222 INFO Adding an UserStatus
2021-03-21 10:32:23,127 user_status.py:45  INFO Status dave03_01 added to database
2021-03-21 10:32:23,127 main.py:177 INFO Updating an User
2021-03-21 10:32:23,137 users.py:65  INFO User dave03 sucessfully modified
2021-03-21 10:32:23,137 main.py:234 INFO Updating an UserStatus
2021-03-21 10:32:23,231 user_status.py:57  ERROR Status dave03 not found database
2021-03-21 10:32:23,231 main.py:204 INFO Searching for an User
2021-03-21 10:32:23,234 users.py:96  INFO User dave03 sucessfully found
2021-03-21 10:32:23,234 main.py:259 INFO Searching for an UserStatus
2021-03-21 10:32:23,328 user_status.py:90  INFO Status dave03_01 sucessfully found
2021-03-21 10:32:23,329 main.py:246 INFO Deleting an UserStatus
2021-03-21 10:32:23,426 user_status.py:76  INFO Status dave03_01 sucessfully deleted
2021-03-21 10:32:23,426 main.py:190 INFO Deleting an User
2021-03-21 10:32:23,736 users.py:83  INFO User dave03 sucessfully deleted
2021-03-21 10:32:23,774 main.py:28  INFO Creating a new UserCollection
2021-03-21 10:32:23,842 users.py:27  INFO New UserCollection instance created
2021-03-21 10:32:23,842 main.py:37  INFO Createing a new UserStatusCollection
2021-03-21 10:32:23,943 user_status.py:23  INFO New UserStatusCollection instance created
2021-03-21 10:32:23,944 main.py:63  INFO Loading users from accounts.csv
2021-03-21 10:32:23,949 main.py:87  INFO Saving collection in database
2021-03-21 10:32:24,315 main.py:120 INFO Saving statuses to status_updates.csv
2021-03-21 10:32:24,874 main.py:144 INFO Saving collection in database
2021-03-21 10:32:32,320 main.py:165 INFO Adding a new User
2021-03-21 10:32:32,323 users.py:45  INFO User dave03 sucessfully added
2021-03-21 10:32:32,323 main.py:222 INFO Adding an UserStatus
2021-03-21 10:32:32,334 user_status.py:45  INFO Status dave03_01 added to database
2021-03-21 10:32:32,334 main.py:177 INFO Updating an User
2021-03-21 10:32:32,337 users.py:65  INFO User dave03 sucessfully modified
2021-03-21 10:32:32,337 main.py:234 INFO Updating an UserStatus
2021-03-21 10:32:32,338 user_status.py:57  ERROR Status dave03 not found database
2021-03-21 10:32:32,338 main.py:204 INFO Searching for an User
2021-03-21 10:32:32,340 users.py:96  INFO User dave03 sucessfully found
2021-03-21 10:32:32,341 main.py:259 INFO Searching for an UserStatus
2021-03-21 10:32:32,342 user_status.py:90  INFO Status dave03_01 sucessfully found
2021-03-21 10:32:32,343 main.py:246 INFO Deleting an UserStatus
2021-03-21 10:32:32,344 user_status.py:76  INFO Status dave03_01 sucessfully deleted
2021-03-21 10:32:32,344 main.py:190 INFO Deleting an User
2021-03-21 10:32:32,442 users.py:83  INFO User dave03 sucessfully deleted
2021-03-21 10:32:32,567 main.py:28  INFO Creating a new UserCollection
2021-03-21 10:32:32,635 users.py:27  INFO New UserCollection instance created
2021-03-21 10:32:32,635 main.py:37  INFO Createing a new UserStatusCollection
2021-03-21 10:32:32,746 user_status.py:23  INFO New UserStatusCollection instance created
2021-03-21 10:32:32,747 main.py:63  INFO Loading users from accounts.csv
2021-03-21 10:32:32,781 main.py:87  INFO Saving collection in database
2021-03-21 10:32:33,127 main.py:120 INFO Saving statuses to status_updates.csv
2021-03-21 10:32:36,330 main.py:144 INFO Saving collection in database
2021-03-21 10:32:48,035 main.py:165 INFO Adding a new User
2021-03-21 10:32:48,041 users.py:45  INFO User dave03 sucessfully added
2021-03-21 10:32:48,041 main.py:222 INFO Adding an UserStatus
2021-03-21 10:32:48,050 user_status.py:45  INFO Status dave03_01 added to database
2021-03-21 10:32:48,050 main.py:177 INFO Updating an User
2021-03-21 10:32:48,056 users.py:65  INFO User dave03 sucessfully modified
2021-03-21 10:32:48,057 main.py:234 INFO Updating an UserStatus
2021-03-21 10:32:48,062 user_status.py:57  ERROR Status dave03 not found database
2021-03-21 10:32:48,062 main.py:204 INFO Searching for an User
2021-03-21 10:32:48,067 users.py:96  INFO User dave03 sucessfully found
2021-03-21 10:32:48,067 main.py:259 INFO Searching for an UserStatus
2021-03-21 10:32:48,072 user_status.py:90  INFO Status dave03_01 sucessfully found
2021-03-21 10:32:48,072 main.py:246 INFO Deleting an UserStatus
2021-03-21 10:32:48,077 user_status.py:76  INFO Status dave03_01 sucessfully deleted
2021-03-21 10:32:48,078 main.py:190 INFO Deleting an User
2021-03-21 10:32:48,182 users.py:83  INFO User dave03 sucessfully deleted
