2021-03-21 10:03:18,649 main.py:28  INFO Creating a new UserCollection
2021-03-21 10:03:18,719 users.py:20  INFO New UserCollection instance created
2021-03-21 10:03:18,719 main.py:37  INFO Createing a new UserStatusCollection
2021-03-21 10:03:18,786 user_status.py:21  INFO New UserStatusCollection instance created
2021-03-21 10:03:18,853 main.py:63  INFO Loading users from accounts.csv
2021-03-21 10:03:18,857 main.py:86  INFO Saving collection in database
2021-03-21 10:03:54,107 main.py:28  INFO Creating a new UserCollection
2021-03-21 10:03:54,167 users.py:20  INFO New UserCollection instance created
2021-03-21 10:03:54,167 main.py:37  INFO Createing a new UserStatusCollection
2021-03-21 10:03:54,233 user_status.py:21  INFO New UserStatusCollection instance created
2021-03-21 10:03:54,234 main.py:63  INFO Loading users from accounts.csv
2021-03-21 10:03:54,238 main.py:86  INFO Saving collection in database
2021-03-21 10:03:54,302 main.py:117 INFO Saving statuses to status_updates.csv
2021-03-21 10:03:54,647 main.py:140 INFO Saving collection in database
2021-03-21 10:04:03,097 main.py:159 INFO Adding a new User
2021-03-21 10:04:03,125 users.py:38  INFO User dave03 sucessfully added
2021-03-21 10:04:03,125 main.py:216 INFO Adding an UserStatus
2021-03-21 10:04:03,158 user_status.py:38  INFO Status dave03_01 added to database
2021-03-21 10:04:03,158 main.py:171 INFO Updating an User
2021-03-21 10:04:03,192 users.py:55  INFO User dave03 sucessfully modified
2021-03-21 10:04:03,192 main.py:228 INFO Updating an UserStatus
2021-03-21 10:04:03,193 user_status.py:49  ERROR Status dave03 not found database
2021-03-21 10:04:03,193 main.py:198 INFO Searching for an User
2021-03-21 10:04:03,193 users.py:80  INFO User dave03 sucessfully found
2021-03-21 10:04:03,193 main.py:253 INFO Searching for an UserStatus
2021-03-21 10:04:03,194 user_status.py:82  INFO Status dave03_01 sucessfully found
2021-03-21 10:04:03,194 main.py:240 INFO Deleting an UserStatus
2021-03-21 10:04:03,226 user_status.py:69  INFO Status dave03_01 sucessfully deleted
2021-03-21 10:04:03,226 main.py:184 INFO Deleting an User
2021-03-21 10:04:03,270 users.py:68  INFO User dave03 sucessfully deleted
2021-03-21 10:04:03,372 main.py:28  INFO Creating a new UserCollection
2021-03-21 10:04:03,405 users.py:20  INFO New UserCollection instance created
2021-03-21 10:04:03,405 main.py:37  INFO Createing a new UserStatusCollection
2021-03-21 10:04:03,473 user_status.py:21  INFO New UserStatusCollection instance created
2021-03-21 10:04:03,473 main.py:63  INFO Loading users from accounts.csv
2021-03-21 10:04:03,478 main.py:86  INFO Saving collection in database
2021-03-21 10:04:03,586 main.py:117 INFO Saving statuses to status_updates.csv
2021-03-21 10:04:04,094 main.py:140 INFO Saving collection in database
2021-03-21 10:04:15,749 main.py:159 INFO Adding a new User
2021-03-21 10:04:15,776 users.py:38  INFO User dave03 sucessfully added
2021-03-21 10:04:15,776 main.py:216 INFO Adding an UserStatus
2021-03-21 10:04:15,810 user_status.py:38  INFO Status dave03_01 added to database
2021-03-21 10:04:15,810 main.py:171 INFO Updating an User
2021-03-21 10:04:15,844 users.py:55  INFO User dave03 sucessfully modified
2021-03-21 10:04:15,844 main.py:228 INFO Updating an UserStatus
2021-03-21 10:04:15,844 user_status.py:49  ERROR Status dave03 not found database
2021-03-21 10:04:15,845 main.py:198 INFO Searching for an User
2021-03-21 10:04:15,845 users.py:80  INFO User dave03 sucessfully found
2021-03-21 10:04:15,845 main.py:253 INFO Searching for an UserStatus
2021-03-21 10:04:15,846 user_status.py:82  INFO Status dave03_01 sucessfully found
2021-03-21 10:04:15,846 main.py:240 INFO Deleting an UserStatus
2021-03-21 10:04:15,877 user_status.py:69  INFO Status dave03_01 sucessfully deleted
2021-03-21 10:04:15,877 main.py:184 INFO Deleting an User
2021-03-21 10:04:15,913 users.py:68  INFO User dave03 sucessfully deleted
2021-03-21 10:04:16,044 main.py:28  INFO Creating a new UserCollection
2021-03-21 10:04:16,081 users.py:20  INFO New UserCollection instance created
2021-03-21 10:04:16,081 main.py:37  INFO Createing a new UserStatusCollection
2021-03-21 10:04:16,148 user_status.py:21  INFO New UserStatusCollection instance created
2021-03-21 10:04:16,149 main.py:63  INFO Loading users from accounts.csv
2021-03-21 10:04:16,183 main.py:86  INFO Saving collection in database
2021-03-21 10:04:16,584 main.py:117 INFO Saving statuses to status_updates.csv
2021-03-21 10:04:19,655 main.py:140 INFO Saving collection in database
2021-03-21 10:04:56,307 main.py:159 INFO Adding a new User
2021-03-21 10:04:56,345 users.py:38  INFO User dave03 sucessfully added
2021-03-21 10:04:56,345 main.py:216 INFO Adding an UserStatus
2021-03-21 10:04:56,379 user_status.py:38  INFO Status dave03_01 added to database
2021-03-21 10:04:56,379 main.py:171 INFO Updating an User
2021-03-21 10:04:56,412 users.py:55  INFO User dave03 sucessfully modified
2021-03-21 10:04:56,412 main.py:228 INFO Updating an UserStatus
2021-03-21 10:04:56,415 user_status.py:49  ERROR Status dave03 not found database
2021-03-21 10:04:56,415 main.py:198 INFO Searching for an User
2021-03-21 10:04:56,417 users.py:80  INFO User dave03 sucessfully found
2021-03-21 10:04:56,418 main.py:253 INFO Searching for an UserStatus
2021-03-21 10:04:56,420 user_status.py:82  INFO Status dave03_01 sucessfully found
2021-03-21 10:04:56,420 main.py:240 INFO Deleting an UserStatus
2021-03-21 10:04:56,457 user_status.py:69  INFO Status dave03_01 sucessfully deleted
2021-03-21 10:04:56,457 main.py:184 INFO Deleting an User
2021-03-21 10:04:56,491 users.py:68  INFO User dave03 sucessfully deleted
2021-03-21 10:24:34,275 main.py:28  INFO Creating a new UserCollection
2021-03-21 10:24:34,346 users.py:20  INFO New UserCollection instance created
2021-03-21 10:24:34,347 main.py:37  INFO Createing a new UserStatusCollection
2021-03-21 10:24:34,414 user_status.py:21  INFO New UserStatusCollection instance created
2021-03-21 10:24:34,414 main.py:63  INFO Loading users from accounts.csv
2021-03-21 10:24:34,417 main.py:86  INFO Saving collection in database
2021-03-21 10:24:34,482 main.py:117 INFO Saving statuses to status_updates.csv
2021-03-21 10:24:34,822 main.py:140 INFO Saving collection in database
2021-03-21 10:24:43,299 main.py:159 INFO Adding a new User
2021-03-21 10:24:43,327 users.py:38  INFO User dave03 sucessfully added
2021-03-21 10:24:43,327 main.py:216 INFO Adding an UserStatus
2021-03-21 10:24:43,360 user_status.py:38  INFO Status dave03_01 added to database
2021-03-21 10:24:43,361 main.py:171 INFO Updating an User
2021-03-21 10:24:43,394 users.py:55  INFO User dave03 sucessfully modified
2021-03-21 10:24:43,394 main.py:228 INFO Updating an UserStatus
2021-03-21 10:24:43,395 user_status.py:49  ERROR Status dave03 not found database
2021-03-21 10:24:43,395 main.py:198 INFO Searching for an User
2021-03-21 10:24:43,395 users.py:80  INFO User dave03 sucessfully found
2021-03-21 10:24:43,396 main.py:253 INFO Searching for an UserStatus
2021-03-21 10:24:43,396 user_status.py:82  INFO Status dave03_01 sucessfully found
2021-03-21 10:24:43,396 main.py:240 INFO Deleting an UserStatus
2021-03-21 10:24:43,428 user_status.py:69  INFO Status dave03_01 sucessfully deleted
2021-03-21 10:24:43,428 main.py:184 INFO Deleting an User
2021-03-21 10:24:43,462 users.py:68  INFO User dave03 sucessfully deleted
2021-03-21 10:24:43,551 main.py:28  INFO Creating a new UserCollection
2021-03-21 10:24:43,585 users.py:20  INFO New UserCollection instance created
2021-03-21 10:24:43,585 main.py:37  INFO Createing a new UserStatusCollection
2021-03-21 10:24:43,652 user_status.py:21  INFO New UserStatusCollection instance created
2021-03-21 10:24:43,653 main.py:63  INFO Loading users from accounts.csv
2021-03-21 10:24:43,658 main.py:86  INFO Saving collection in database
2021-03-21 10:24:43,754 main.py:117 INFO Saving statuses to status_updates.csv
2021-03-21 10:24:44,263 main.py:140 INFO Saving collection in database
2021-03-21 10:24:55,949 main.py:159 INFO Adding a new User
2021-03-21 10:24:55,977 users.py:38  INFO User dave03 sucessfully added
2021-03-21 10:24:55,977 main.py:216 INFO Adding an UserStatus
2021-03-21 10:24:56,010 user_status.py:38  INFO Status dave03_01 added to database
2021-03-21 10:24:56,011 main.py:171 INFO Updating an User
2021-03-21 10:24:56,044 users.py:55  INFO User dave03 sucessfully modified
2021-03-21 10:24:56,044 main.py:228 INFO Updating an UserStatus
2021-03-21 10:24:56,045 user_status.py:49  ERROR Status dave03 not found database
2021-03-21 10:24:56,045 main.py:198 INFO Searching for an User
2021-03-21 10:24:56,046 users.py:80  INFO User dave03 sucessfully found
2021-03-21 10:24:56,046 main.py:253 INFO Searching for an UserStatus
2021-03-21 10:24:56,046 user_status.py:82  INFO Status dave03_01 sucessfully found
2021-03-21 10:24:56,046 main.py:240 INFO Deleting an UserStatus
2021-03-21 10:24:56,078 user_status.py:69  INFO Status dave03_01 sucessfully deleted
2021-03-21 10:24:56,078 main.py:184 INFO Deleting an User
2021-03-21 10:24:56,111 users.py:68  INFO User dave03 sucessfully deleted
2021-03-21 10:24:56,242 main.py:28  INFO Creating a new UserCollection
2021-03-21 10:24:56,279 users.py:20  INFO New UserCollection instance created
2021-03-21 10:24:56,280 main.py:37  INFO Createing a new UserStatusCollection
2021-03-21 10:24:56,346 user_status.py:21  INFO New UserStatusCollection instance created
2021-03-21 10:24:56,347 main.py:63  INFO Loading users from accounts.csv
2021-03-21 10:24:56,380 main.py:86  INFO Saving collection in database
2021-03-21 10:24:56,783 main.py:117 INFO Saving statuses to status_updates.csv
2021-03-21 10:24:59,896 main.py:140 INFO Saving collection in database
2021-03-21 10:25:36,542 main.py:159 INFO Adding a new User
2021-03-21 10:25:36,579 users.py:38  INFO User dave03 sucessfully added
2021-03-21 10:25:36,579 main.py:216 INFO Adding an UserStatus
2021-03-21 10:25:36,613 user_status.py:38  INFO Status dave03_01 added to database
2021-03-21 10:25:36,613 main.py:171 INFO Updating an User
2021-03-21 10:25:36,646 users.py:55  INFO User dave03 sucessfully modified
2021-03-21 10:25:36,646 main.py:228 INFO Updating an UserStatus
2021-03-21 10:25:36,649 user_status.py:49  ERROR Status dave03 not found database
2021-03-21 10:25:36,649 main.py:198 INFO Searching for an User
2021-03-21 10:25:36,651 users.py:80  INFO User dave03 sucessfully found
2021-03-21 10:25:36,651 main.py:253 INFO Searching for an UserStatus
2021-03-21 10:25:36,653 user_status.py:82  INFO Status dave03_01 sucessfully found
2021-03-21 10:25:36,653 main.py:240 INFO Deleting an UserStatus
2021-03-21 10:25:36,691 user_status.py:69  INFO Status dave03_01 sucessfully deleted
2021-03-21 10:25:36,691 main.py:184 INFO Deleting an User
2021-03-21 10:25:36,725 users.py:68  INFO User dave03 sucessfully deleted
2021-03-21 10:25:41,883 main.py:28  INFO Creating a new UserCollection
2021-03-21 10:25:41,947 users.py:20  INFO New UserCollection instance created
2021-03-21 10:25:41,948 main.py:37  INFO Createing a new UserStatusCollection
2021-03-21 10:25:42,014 user_status.py:21  INFO New UserStatusCollection instance created
2021-03-21 10:25:42,014 main.py:63  INFO Loading users from accounts.csv
2021-03-21 10:25:42,018 main.py:86  INFO Saving collection in database
2021-03-21 10:25:42,083 main.py:117 INFO Saving statuses to status_updates.csv
2021-03-21 10:25:42,415 main.py:140 INFO Saving collection in database
2021-03-21 10:26:02,929 main.py:28  INFO Creating a new UserCollection
2021-03-21 10:26:03,000 users.py:20  INFO New UserCollection instance created
2021-03-21 10:26:03,000 main.py:37  INFO Createing a new UserStatusCollection
2021-03-21 10:26:03,066 user_status.py:21  INFO New UserStatusCollection instance created
2021-03-21 10:26:03,067 main.py:63  INFO Loading users from accounts.csv
2021-03-21 10:26:03,070 main.py:86  INFO Saving collection in database
2021-03-21 10:26:03,136 main.py:117 INFO Saving statuses to status_updates.csv
2021-03-21 10:26:03,475 main.py:140 INFO Saving collection in database
2021-03-21 10:26:11,974 main.py:159 INFO Adding a new User
2021-03-21 10:26:12,002 users.py:38  INFO User dave03 sucessfully added
2021-03-21 10:26:12,002 main.py:216 INFO Adding an UserStatus
2021-03-21 10:26:12,035 user_status.py:38  INFO Status dave03_01 added to database
2021-03-21 10:26:12,035 main.py:171 INFO Updating an User
2021-03-21 10:26:12,069 users.py:55  INFO User dave03 sucessfully modified
2021-03-21 10:26:12,070 main.py:228 INFO Updating an UserStatus
2021-03-21 10:26:12,070 user_status.py:49  ERROR Status dave03 not found database
2021-03-21 10:26:12,070 main.py:198 INFO Searching for an User
2021-03-21 10:26:12,071 users.py:80  INFO User dave03 sucessfully found
2021-03-21 10:26:12,071 main.py:253 INFO Searching for an UserStatus
2021-03-21 10:26:12,071 user_status.py:82  INFO Status dave03_01 sucessfully found
2021-03-21 10:26:12,072 main.py:240 INFO Deleting an UserStatus
2021-03-21 10:26:12,103 user_status.py:69  INFO Status dave03_01 sucessfully deleted
2021-03-21 10:26:12,103 main.py:184 INFO Deleting an User
2021-03-21 10:26:12,137 users.py:68  INFO User dave03 sucessfully deleted
2021-03-21 10:26:12,226 main.py:28  INFO Creating a new UserCollection
2021-03-21 10:26:12,260 users.py:20  INFO New UserCollection instance created
2021-03-21 10:26:12,260 main.py:37  INFO Createing a new UserStatusCollection
2021-03-21 10:26:12,327 user_status.py:21  INFO New UserStatusCollection instance created
2021-03-21 10:26:12,328 main.py:63  INFO Loading users from accounts.csv
2021-03-21 10:26:12,332 main.py:86  INFO Saving collection in database
2021-03-21 10:26:12,429 main.py:117 INFO Saving statuses to status_updates.csv
2021-03-21 10:26:12,945 main.py:140 INFO Saving collection in database
2021-03-21 10:26:24,726 main.py:159 INFO Adding a new User
2021-03-21 10:26:24,756 users.py:38  INFO User dave03 sucessfully added
2021-03-21 10:26:24,756 main.py:216 INFO Adding an UserStatus
2021-03-21 10:26:24,790 user_status.py:38  INFO Status dave03_01 added to database
2021-03-21 10:26:24,790 main.py:171 INFO Updating an User
2021-03-21 10:26:24,823 users.py:55  INFO User dave03 sucessfully modified
2021-03-21 10:26:24,823 main.py:228 INFO Updating an UserStatus
2021-03-21 10:26:24,824 user_status.py:49  ERROR Status dave03 not found database
2021-03-21 10:26:24,824 main.py:198 INFO Searching for an User
2021-03-21 10:26:24,825 users.py:80  INFO User dave03 sucessfully found
2021-03-21 10:26:24,825 main.py:253 INFO Searching for an UserStatus
2021-03-21 10:26:24,825 user_status.py:82  INFO Status dave03_01 sucessfully found
2021-03-21 10:26:24,825 main.py:240 INFO Deleting an UserStatus
2021-03-21 10:26:24,857 user_status.py:69  INFO Status dave03_01 sucessfully deleted
2021-03-21 10:26:24,857 main.py:184 INFO Deleting an User
2021-03-21 10:26:24,892 users.py:68  INFO User dave03 sucessfully deleted
2021-03-21 10:26:25,022 main.py:28  INFO Creating a new UserCollection
2021-03-21 10:26:25,059 users.py:20  INFO New UserCollection instance created
2021-03-21 10:26:25,059 main.py:37  INFO Createing a new UserStatusCollection
2021-03-21 10:26:25,127 user_status.py:21  INFO New UserStatusCollection instance created
2021-03-21 10:26:25,127 main.py:63  INFO Loading users from accounts.csv
2021-03-21 10:26:25,161 main.py:86  INFO Saving collection in database
2021-03-21 10:26:25,574 main.py:117 INFO Saving statuses to status_updates.csv
2021-03-21 10:26:28,689 main.py:140 INFO Saving collection in database
2021-03-21 10:27:05,803 main.py:159 INFO Adding a new User
2021-03-21 10:27:05,842 users.py:38  INFO User dave03 sucessfully added
2021-03-21 10:27:05,843 main.py:216 INFO Adding an UserStatus
2021-03-21 10:27:05,876 user_status.py:38  INFO Status dave03_01 added to database
2021-03-21 10:27:05,876 main.py:171 INFO Updating an User
2021-03-21 10:27:05,909 users.py:55  INFO User dave03 sucessfully modified
2021-03-21 10:27:05,909 main.py:228 INFO Updating an UserStatus
2021-03-21 10:27:05,912 user_status.py:49  ERROR Status dave03 not found database
2021-03-21 10:27:05,912 main.py:198 INFO Searching for an User
2021-03-21 10:27:05,914 users.py:80  INFO User dave03 sucessfully found
2021-03-21 10:27:05,914 main.py:253 INFO Searching for an UserStatus
2021-03-21 10:27:05,916 user_status.py:82  INFO Status dave03_01 sucessfully found
2021-03-21 10:27:05,916 main.py:240 INFO Deleting an UserStatus
2021-03-21 10:27:05,955 user_status.py:69  INFO Status dave03_01 sucessfully deleted
2021-03-21 10:27:05,955 main.py:184 INFO Deleting an User
2021-03-21 10:27:05,988 users.py:68  INFO User dave03 sucessfully deleted
2021-03-21 13:11:47,033 main.py:28  INFO Creating a new UserCollection
2021-03-21 13:11:47,099 users.py:20  INFO New UserCollection instance created
2021-03-21 13:11:47,100 main.py:37  INFO Createing a new UserStatusCollection
2021-03-21 13:11:47,167 user_status.py:21  INFO New UserStatusCollection instance created
2021-03-21 13:11:47,167 main.py:63  INFO Loading users from accounts.csv
2021-03-21 13:11:47,171 main.py:86  INFO Saving collection in database
2021-03-21 13:11:47,236 main.py:117 INFO Saving statuses to status_updates.csv
2021-03-21 13:11:47,575 main.py:140 INFO Saving collection in database
2021-03-21 13:11:56,179 main.py:159 INFO Adding a new User
2021-03-21 13:11:56,217 users.py:38  INFO User dave03 sucessfully added
2021-03-21 13:11:56,217 main.py:216 INFO Adding an UserStatus
2021-03-21 13:11:56,251 user_status.py:38  INFO Status dave03_01 added to database
2021-03-21 13:11:56,251 main.py:171 INFO Updating an User
2021-03-21 13:11:56,286 users.py:55  INFO User dave03 sucessfully modified
2021-03-21 13:11:56,286 main.py:228 INFO Updating an UserStatus
2021-03-21 13:11:56,287 user_status.py:49  ERROR Status dave03 not found database
2021-03-21 13:11:56,287 main.py:198 INFO Searching for an User
2021-03-21 13:11:56,288 users.py:80  INFO User dave03 sucessfully found
2021-03-21 13:11:56,288 main.py:253 INFO Searching for an UserStatus
2021-03-21 13:11:56,288 user_status.py:82  INFO Status dave03_01 sucessfully found
2021-03-21 13:11:56,289 main.py:240 INFO Deleting an UserStatus
2021-03-21 13:11:56,320 user_status.py:69  INFO Status dave03_01 sucessfully deleted
2021-03-21 13:11:56,320 main.py:184 INFO Deleting an User
2021-03-21 13:11:56,354 users.py:68  INFO User dave03 sucessfully deleted
2021-03-21 13:11:56,443 main.py:28  INFO Creating a new UserCollection
2021-03-21 13:11:56,477 users.py:20  INFO New UserCollection instance created
2021-03-21 13:11:56,477 main.py:37  INFO Createing a new UserStatusCollection
2021-03-21 13:11:56,544 user_status.py:21  INFO New UserStatusCollection instance created
2021-03-21 13:11:56,545 main.py:63  INFO Loading users from accounts.csv
2021-03-21 13:11:56,548 main.py:86  INFO Saving collection in database
2021-03-21 13:11:56,613 main.py:117 INFO Saving statuses to status_updates.csv
2021-03-21 13:11:57,130 main.py:140 INFO Saving collection in database
2021-03-21 13:12:08,854 main.py:28  INFO Creating a new UserCollection
2021-03-21 13:12:08,891 users.py:20  INFO New UserCollection instance created
2021-03-21 13:12:08,892 main.py:37  INFO Createing a new UserStatusCollection
2021-03-21 13:12:08,959 user_status.py:21  INFO New UserStatusCollection instance created
2021-03-21 13:12:08,960 main.py:63  INFO Loading users from accounts.csv
2021-03-21 13:12:08,994 main.py:86  INFO Saving collection in database
2021-03-21 13:12:09,406 main.py:117 INFO Saving statuses to status_updates.csv
2021-03-21 13:12:12,530 main.py:140 INFO Saving collection in database
2021-03-21 13:12:49,790 main.py:159 INFO Adding a new User
2021-03-21 13:12:49,951 users.py:38  INFO User dave03 sucessfully added
2021-03-21 13:12:49,951 main.py:216 INFO Adding an UserStatus
2021-03-21 13:12:49,984 user_status.py:38  INFO Status dave03_01 added to database
2021-03-21 13:12:49,985 main.py:171 INFO Updating an User
2021-03-21 13:12:50,018 users.py:55  INFO User dave03 sucessfully modified
2021-03-21 13:12:50,018 main.py:228 INFO Updating an UserStatus
2021-03-21 13:12:50,021 user_status.py:49  ERROR Status dave03 not found database
2021-03-21 13:12:50,021 main.py:198 INFO Searching for an User
2021-03-21 13:12:50,023 users.py:80  INFO User dave03 sucessfully found
2021-03-21 13:12:50,023 main.py:253 INFO Searching for an UserStatus
2021-03-21 13:12:50,025 user_status.py:82  INFO Status dave03_01 sucessfully found
2021-03-21 13:12:50,025 main.py:240 INFO Deleting an UserStatus
2021-03-21 13:12:50,063 user_status.py:69  INFO Status dave03_01 sucessfully deleted
2021-03-21 13:12:50,063 main.py:184 INFO Deleting an User
2021-03-21 13:12:50,208 users.py:68  INFO User dave03 sucessfully deleted
