2021-03-22 16:30:48,925 main.py:28  INFO Creating a new UserCollection
2021-03-22 16:30:48,994 users.py:20  INFO New UserCollection instance created
2021-03-22 16:30:48,994 main.py:37  INFO Createing a new UserStatusCollection
2021-03-22 16:30:49,061 user_status.py:21  INFO New UserStatusCollection instance created
2021-03-22 16:30:49,061 main.py:63  INFO Loading users from accounts.csv
2021-03-22 16:30:49,065 main.py:86  INFO Saving collection in database
2021-03-22 16:30:49,152 main.py:117 INFO Saving statuses to status_updates.csv
2021-03-22 16:30:49,494 main.py:140 INFO Saving collection in database
2021-03-22 16:30:57,984 main.py:159 INFO Adding a new User
2021-03-22 16:30:58,012 users.py:38  INFO User dave03 sucessfully added
2021-03-22 16:30:58,013 main.py:216 INFO Adding an UserStatus
2021-03-22 16:30:58,057 user_status.py:38  INFO Status dave03_01 added to database
2021-03-22 16:30:58,057 main.py:171 INFO Updating an User
2021-03-22 16:30:58,113 users.py:55  INFO User dave03 sucessfully modified
2021-03-22 16:30:58,113 main.py:228 INFO Updating an UserStatus
2021-03-22 16:30:58,114 user_status.py:49  ERROR Status dave03 not found database
2021-03-22 16:30:58,114 main.py:198 INFO Searching for an User
2021-03-22 16:30:58,115 users.py:80  INFO User dave03 sucessfully found
2021-03-22 16:30:58,115 main.py:253 INFO Searching for an UserStatus
2021-03-22 16:30:58,115 user_status.py:82  INFO Status dave03_01 sucessfully found
2021-03-22 16:30:58,115 main.py:240 INFO Deleting an UserStatus
2021-03-22 16:30:58,169 user_status.py:69  INFO Status dave03_01 sucessfully deleted
2021-03-22 16:30:58,169 main.py:184 INFO Deleting an User
2021-03-22 16:30:58,225 users.py:68  INFO User dave03 sucessfully deleted
2021-03-22 16:30:58,337 main.py:28  INFO Creating a new UserCollection
2021-03-22 16:30:58,370 users.py:20  INFO New UserCollection instance created
2021-03-22 16:30:58,371 main.py:37  INFO Createing a new UserStatusCollection
2021-03-22 16:30:58,437 user_status.py:21  INFO New UserStatusCollection instance created
2021-03-22 16:30:58,438 main.py:63  INFO Loading users from accounts.csv
2021-03-22 16:30:58,442 main.py:86  INFO Saving collection in database
2021-03-22 16:30:58,636 main.py:28  INFO Creating a new UserCollection
2021-03-22 16:30:58,674 users.py:20  INFO New UserCollection instance created
2021-03-22 16:30:58,674 main.py:37  INFO Createing a new UserStatusCollection
2021-03-22 16:30:58,763 user_status.py:21  INFO New UserStatusCollection instance created
2021-03-22 16:30:58,764 main.py:63  INFO Loading users from accounts.csv
2021-03-22 16:30:58,797 main.py:86  INFO Saving collection in database
2021-03-22 16:30:59,243 main.py:117 INFO Saving statuses to status_updates.csv
2021-03-22 16:31:02,310 main.py:140 INFO Saving collection in database
2021-03-22 16:31:38,630 main.py:159 INFO Adding a new User
2021-03-22 16:31:38,669 users.py:38  INFO User dave03 sucessfully added
2021-03-22 16:31:38,670 main.py:216 INFO Adding an UserStatus
2021-03-22 16:31:38,703 user_status.py:38  INFO Status dave03_01 added to database
2021-03-22 16:31:38,703 main.py:171 INFO Updating an User
2021-03-22 16:31:38,736 users.py:55  INFO User dave03 sucessfully modified
2021-03-22 16:31:38,737 main.py:228 INFO Updating an UserStatus
2021-03-22 16:31:38,739 user_status.py:49  ERROR Status dave03 not found database
2021-03-22 16:31:38,740 main.py:198 INFO Searching for an User
2021-03-22 16:31:38,741 users.py:80  INFO User dave03 sucessfully found
2021-03-22 16:31:38,741 main.py:253 INFO Searching for an UserStatus
2021-03-22 16:31:38,743 user_status.py:82  INFO Status dave03_01 sucessfully found
2021-03-22 16:31:38,744 main.py:240 INFO Deleting an UserStatus
2021-03-22 16:31:38,782 user_status.py:69  INFO Status dave03_01 sucessfully deleted
2021-03-22 16:31:38,782 main.py:184 INFO Deleting an User
2021-03-22 16:31:38,815 users.py:68  INFO User dave03 sucessfully deleted
2021-03-22 17:09:36,962 main.py:28  INFO Creating a new UserCollection
2021-03-22 17:09:37,029 users.py:20  INFO New UserCollection instance created
2021-03-22 17:09:37,029 main.py:37  INFO Createing a new UserStatusCollection
2021-03-22 17:09:37,096 user_status.py:21  INFO New UserStatusCollection instance created
2021-03-22 17:09:37,096 main.py:63  INFO Loading users from accounts.csv
2021-03-22 17:09:37,100 main.py:86  INFO Saving collection in database
2021-03-22 17:09:37,164 main.py:117 INFO Saving statuses to status_updates.csv
2021-03-22 17:09:37,500 main.py:140 INFO Saving collection in database
2021-03-22 17:09:45,957 main.py:159 INFO Adding a new User
2021-03-22 17:09:45,984 users.py:38  INFO User dave03 sucessfully added
2021-03-22 17:09:45,985 main.py:216 INFO Adding an UserStatus
2021-03-22 17:09:46,018 user_status.py:38  INFO Status dave03_01 added to database
2021-03-22 17:09:46,019 main.py:171 INFO Updating an User
2021-03-22 17:09:46,052 users.py:55  INFO User dave03 sucessfully modified
2021-03-22 17:09:46,052 main.py:228 INFO Updating an UserStatus
2021-03-22 17:09:46,053 user_status.py:49  ERROR Status dave03 not found database
2021-03-22 17:09:46,053 main.py:198 INFO Searching for an User
2021-03-22 17:09:46,053 users.py:80  INFO User dave03 sucessfully found
2021-03-22 17:09:46,054 main.py:253 INFO Searching for an UserStatus
2021-03-22 17:09:46,054 user_status.py:82  INFO Status dave03_01 sucessfully found
2021-03-22 17:09:46,054 main.py:240 INFO Deleting an UserStatus
2021-03-22 17:09:46,086 user_status.py:69  INFO Status dave03_01 sucessfully deleted
2021-03-22 17:09:46,086 main.py:184 INFO Deleting an User
2021-03-22 17:09:46,119 users.py:68  INFO User dave03 sucessfully deleted
2021-03-22 17:09:46,209 main.py:28  INFO Creating a new UserCollection
2021-03-22 17:09:46,243 users.py:20  INFO New UserCollection instance created
2021-03-22 17:09:46,243 main.py:37  INFO Createing a new UserStatusCollection
2021-03-22 17:09:46,322 user_status.py:21  INFO New UserStatusCollection instance created
2021-03-22 17:09:46,322 main.py:63  INFO Loading users from accounts.csv
2021-03-22 17:09:46,327 main.py:86  INFO Saving collection in database
2021-03-22 17:09:46,612 main.py:28  INFO Creating a new UserCollection
2021-03-22 17:09:46,660 users.py:20  INFO New UserCollection instance created
2021-03-22 17:09:46,660 main.py:37  INFO Createing a new UserStatusCollection
2021-03-22 17:09:46,727 user_status.py:21  INFO New UserStatusCollection instance created
2021-03-22 17:09:46,727 main.py:63  INFO Loading users from accounts.csv
2021-03-22 17:09:46,760 main.py:86  INFO Saving collection in database
2021-03-22 17:09:47,164 main.py:117 INFO Saving statuses to status_updates.csv
2021-03-22 17:09:50,297 main.py:140 INFO Saving collection in database
2021-03-22 17:10:26,675 main.py:159 INFO Adding a new User
2021-03-22 17:10:26,720 users.py:38  INFO User dave03 sucessfully added
2021-03-22 17:10:26,720 main.py:216 INFO Adding an UserStatus
2021-03-22 17:10:26,753 user_status.py:38  INFO Status dave03_01 added to database
2021-03-22 17:10:26,753 main.py:171 INFO Updating an User
2021-03-22 17:10:26,787 users.py:55  INFO User dave03 sucessfully modified
2021-03-22 17:10:26,787 main.py:228 INFO Updating an UserStatus
2021-03-22 17:10:26,790 user_status.py:49  ERROR Status dave03 not found database
2021-03-22 17:10:26,790 main.py:198 INFO Searching for an User
2021-03-22 17:10:26,792 users.py:80  INFO User dave03 sucessfully found
2021-03-22 17:10:26,792 main.py:253 INFO Searching for an UserStatus
2021-03-22 17:10:26,794 user_status.py:82  INFO Status dave03_01 sucessfully found
2021-03-22 17:10:26,794 main.py:240 INFO Deleting an UserStatus
2021-03-22 17:10:26,833 user_status.py:69  INFO Status dave03_01 sucessfully deleted
2021-03-22 17:10:26,833 main.py:184 INFO Deleting an User
2021-03-22 17:10:26,866 users.py:68  INFO User dave03 sucessfully deleted
